Log file open, 05/26/17 17:18:58
LogInit:Display: Running engine for game: MyProject
LogPlatformFile: Not using cached read wrapper
LogInit:Display: RandInit(1097789091) SRandInit(1097789091).
LogTaskGraph: Started task graph with 5 named threads and 8 total threads with 1 sets of task threads.
LogStats: Stats thread started at 0.080807
LogInit: Using libcurl 7.47.1
LogInit:  - built for x86_64-pc-win32
LogInit:  - supports SSL with OpenSSL/1.0.2g
LogInit:  - supports HTTP deflate (compression) using libz 1.2.8
LogInit:  - other features:
LogInit:      CURL_VERSION_SSL
LogInit:      CURL_VERSION_LIBZ
LogInit:      CURL_VERSION_IPV6
LogInit:      CURL_VERSION_ASYNCHDNS
LogInit:      CURL_VERSION_LARGEFILE
LogInit:      CURL_VERSION_IDN
LogInit:  CurlRequestOptions (configurable via config and command line):
LogInit:  - bVerifyPeer = false  - Libcurl will NOT verify peer certificate
LogInit:  - bUseHttpProxy = false  - Libcurl will NOT use HTTP proxy
LogInit:  - bDontReuseConnections = false  - Libcurl will reuse connections
LogInit:  - CertBundlePath = nullptr  - Libcurl will use whatever was configured at build time.
LogInit: Build: ++UE4+Release-4.15-CL-3348071
LogInit: Engine Version: 4.15.1-3348071+++UE4+Release-4.15
LogInit: Compatible Engine Version: 4.15.0-3299760+++UE4+Release-4.15
LogInit: Net CL: 3299760
LogDevObjectVersion: Number of dev versions registered: 14
LogDevObjectVersion:   Dev-Blueprints (B0D832E4-1F89-4F0D-ACCF-7EB736FD4AA2): 8
LogDevObjectVersion:   Dev-Build (E1C64328-A22C-4D53-A36C-8E866417BD8C): 0
LogDevObjectVersion:   Dev-Core (375EC13C-06E4-48FB-B500-84F0262A717E): 2
LogDevObjectVersion:   Dev-Editor (E4B068ED-F494-42E9-A231-DA0B2E46BB41): 14
LogDevObjectVersion:   Dev-Framework (CFFC743F-43B0-4480-9391-14DF171D2073): 22
LogDevObjectVersion:   Dev-Mobile (B02B49B5-BB20-44E9-A304-32B752E40360): 0
LogDevObjectVersion:   Dev-Networking (A4E4105C-59A1-49B5-A7C5-40C4547EDFEE): 0
LogDevObjectVersion:   Dev-Online (39C831C9-5AE6-47DC-9A44-9C173E1C8E7C): 0
LogDevObjectVersion:   Dev-Physics (78F01B33-EBEA-4F98-B9B4-84EACCB95AA2): 0
LogDevObjectVersion:   Dev-Platform (6631380F-2D4D-43E0-8009-CF276956A95A): 0
LogDevObjectVersion:   Dev-Rendering (12F88B9F-8875-4AFC-A67C-D90C383ABD29): 12
LogDevObjectVersion:   Dev-Sequencer (7B5AE74C-D270-4C10-A958-57980B212A5A): 3
LogDevObjectVersion:   Dev-VR (D7296918-1DD6-4BDD-9DE2-64A83CC13884): 0
LogDevObjectVersion:   Dev-LoadTimes (C2A15278-BFE7-4AFE-6C17-90FF531DF755): 1
LogInit: Compiled (64-bit): Mar 15 2017 16:52:47
LogInit: Compiled with Visual C++: 19.00.23026.00
LogInit: Build Configuration: Development
LogInit: Branch Name: ++UE4+Release-4.15
LogInit: Command line:  
LogInit: Base directory: C:/Program Files/Epic Games/UE_4.15/Engine/Binaries/Win64/
LogInit: Installed Engine Build: 1
LogInit: Presizing for max 8388607 objects, including 0 objects not considered by GC, pre-allocating 0 bytes for permanent pool.
LogInit: Object subsystem initialized
[2017.05.26-15.18.59:395][  0]LogInit: Selected Device Profile: [Windows]
[2017.05.26-15.18.59:395][  0]LogInit: Applying CVar settings loaded from the selected device profile: [Windows]
[2017.05.26-15.18.59:405][  0]LogInit: Computer: 2014-GA-28
[2017.05.26-15.18.59:405][  0]LogInit: User: BerndGaykowski
[2017.05.26-15.18.59:405][  0]LogInit: CPU Page size=65536, Cores=4
[2017.05.26-15.18.59:405][  0]LogInit: High frequency timer resolution =3.117782 MHz
[2017.05.26-15.18.59:405][  0]LogMemory: Memory total: Physical=7.9GB (8GB approx)
[2017.05.26-15.18.59:405][  0]LogMemory: Platform Memory Stats for Windows
[2017.05.26-15.18.59:405][  0]LogMemory: Process Physical Memory: 262.89 MB used, 262.89 MB peak
[2017.05.26-15.18.59:405][  0]LogMemory: Process Virtual Memory: 262.20 MB used, 262.20 MB peak
[2017.05.26-15.18.59:405][  0]LogMemory: Physical Memory: 4461.30 MB used,  3615.98 MB free, 8077.28 MB total
[2017.05.26-15.18.59:405][  0]LogMemory: Virtual Memory: 644.27 MB used,  3615.98 MB free, 134217728.00 MB total
[2017.05.26-15.18.59:489][  0]LogTextLocalizationManager: No translations for ('de-DE') exist, falling back to 'en' for localization and internationalization data.
[2017.05.26-15.19.00:164][  0]LogD3D11RHI: D3D11 adapters:
[2017.05.26-15.19.00:779][  0]LogD3D11RHI:    0. 'NVIDIA GeForce GTX 760' (Feature Level 11_0)
[2017.05.26-15.19.00:779][  0]LogD3D11RHI:       2017/0/4038 MB DedicatedVideo/DedicatedSystem/SharedSystem, Outputs:2, VendorId:0x10de
[2017.05.26-15.19.00:784][  0]LogD3D11RHI:    1. 'Intel(R) HD Graphics 4600' (Feature Level 11_0)
[2017.05.26-15.19.00:784][  0]LogD3D11RHI:       112/0/2048 MB DedicatedVideo/DedicatedSystem/SharedSystem, Outputs:1, VendorId:0x8086
[2017.05.26-15.19.00:785][  0]LogD3D11RHI:    2. 'Microsoft Basic Render Driver' (Feature Level 11_0)
[2017.05.26-15.19.00:785][  0]LogD3D11RHI:       0/0/4038 MB DedicatedVideo/DedicatedSystem/SharedSystem, Outputs:0, VendorId:0x1414
[2017.05.26-15.19.00:785][  0]LogD3D11RHI: Chosen D3D11 Adapter: 0
[2017.05.26-15.19.00:791][  0]LogD3D11RHI: Creating new Direct3DDevice
[2017.05.26-15.19.00:791][  0]LogD3D11RHI:     GPU DeviceId: 0x1187 (for the marketing name, search the web for "GPU Device Id")
[2017.05.26-15.19.00:791][  0]LogWindows: EnumDisplayDevices:
[2017.05.26-15.19.00:791][  0]LogWindows:    0. 'NVIDIA GeForce GTX 760' (P:0 D:1)
[2017.05.26-15.19.00:791][  0]LogWindows:    1. 'NVIDIA GeForce GTX 760' (P:1 D:1)
[2017.05.26-15.19.00:791][  0]LogWindows:    2. 'NVIDIA GeForce GTX 760' (P:0 D:0)
[2017.05.26-15.19.00:791][  0]LogWindows:    3. 'NVIDIA GeForce GTX 760' (P:0 D:0)
[2017.05.26-15.19.00:791][  0]LogWindows:    4. 'Intel(R) HD Graphics 4600' (P:0 D:1)
[2017.05.26-15.19.00:791][  0]LogWindows:    5. 'Intel(R) HD Graphics 4600' (P:0 D:0)
[2017.05.26-15.19.00:791][  0]LogWindows:    6. 'Intel(R) HD Graphics 4600' (P:0 D:0)
[2017.05.26-15.19.00:791][  0]LogWindows: DebugString: PrimaryIsNotTheChoosenAdapter PrimaryIsNotTheChoosenAdapter PrimaryIsNotTheChoosenAdapter FoundDriverCount:4 
[2017.05.26-15.19.00:791][  0]LogD3D11RHI:     Adapter Name: NVIDIA GeForce GTX 760
[2017.05.26-15.19.00:792][  0]LogD3D11RHI:   Driver Version: 382.33 (internal:22.21.13.8233, unified:382.33)
[2017.05.26-15.19.00:792][  0]LogD3D11RHI:      Driver Date: 5-17-2017
[2017.05.26-15.19.00:792][  0]LogRHI: Texture pool is 1361 MB (70% of 1945 MB)
[2017.05.26-15.19.01:392][  0]LogD3D11RHI:Warning: Timestamp queries are currently disabled on this hardware due to instability. Realtime GPU stats will not be available. You can override this behaviour by setting r.NVIDIATimestampWorkaround to 0
[2017.05.26-15.19.01:393][  0]LogD3D11RHI: Async texture creation enabled
[2017.05.26-15.19.01:436][  0]LogD3D11RHI: GPU Timing Frequency: 1000.000000 (Debug: 2 1)
[2017.05.26-15.19.01:438][  0]LogShaderCompilers: Guid format shader working directory is 37 characters bigger than the processId version (D:/Restless/Restless/Intermediate/Shaders/WorkingDirectory/400/).
[2017.05.26-15.19.01:438][  0]LogShaderCompilers: Cleaned the shader compiler working directory 'C:/Users/bernd.gaykowski/AppData/Local/Temp/UnrealShaderWorkingDir/711AF7054392261F9167FCB8823E9EE6/'.
[2017.05.26-15.19.01:438][  0]LogShaderCompilers:Display: Using Local Shader Compiler.
[2017.05.26-15.19.02:511][  0]LogTemp:Display: Loaded TP AllDesktopTargetPlatform
[2017.05.26-15.19.02:568][  0]LogTemp:Display: Loaded TP MacClientTargetPlatform
[2017.05.26-15.19.02:625][  0]LogTemp:Display: Loaded TP MacNoEditorTargetPlatform
[2017.05.26-15.19.02:681][  0]LogTemp:Display: Loaded TP MacServerTargetPlatform
[2017.05.26-15.19.02:737][  0]LogTemp:Display: Loaded TP MacTargetPlatform
[2017.05.26-15.19.02:791][  0]LogTemp:Display: Loaded TP WindowsClientTargetPlatform
[2017.05.26-15.19.02:845][  0]LogTemp:Display: Loaded TP WindowsNoEditorTargetPlatform
[2017.05.26-15.19.02:902][  0]LogTemp:Display: Loaded TP WindowsServerTargetPlatform
[2017.05.26-15.19.02:948][  0]LogTemp:Display: Loaded TP WindowsTargetPlatform
[2017.05.26-15.19.03:003][  0]LogTemp:Display: Loaded TP AndroidTargetPlatform
[2017.05.26-15.19.03:054][  0]LogTemp:Display: Loaded TP Android_ASTCTargetPlatform
[2017.05.26-15.19.03:108][  0]LogTemp:Display: Loaded TP Android_ATCTargetPlatform
[2017.05.26-15.19.03:162][  0]LogTemp:Display: Loaded TP Android_DXTTargetPlatform
[2017.05.26-15.19.03:216][  0]LogTemp:Display: Loaded TP Android_ETC1TargetPlatform
[2017.05.26-15.19.03:270][  0]LogTemp:Display: Loaded TP Android_ETC2TargetPlatform
[2017.05.26-15.19.03:375][  0]LogTemp:Display: Loaded TP Android_MultiTargetPlatform
[2017.05.26-15.19.03:375][  0]LogTemp:Display: Loaded TP Android_PVRTCTargetPlatform
[2017.05.26-15.19.03:414][  0]LogTemp:Display: Loaded TP HTML5TargetPlatform
[2017.05.26-15.19.03:509][  0]LogTemp:Display: Loaded TP IOSTargetPlatform
[2017.05.26-15.19.03:546][  0]LogTemp:Display: Loaded TP TVOSTargetPlatform
[2017.05.26-15.19.03:597][  0]LogTemp:Display: Loaded TP LinuxClientTargetPlatform
[2017.05.26-15.19.03:653][  0]LogTemp:Display: Loaded TP LinuxNoEditorTargetPlatform
[2017.05.26-15.19.03:707][  0]LogTemp:Display: Loaded TP LinuxServerTargetPlatform
[2017.05.26-15.19.03:762][  0]LogTemp:Display: Loaded TP LinuxTargetPlatform
[2017.05.26-15.19.03:762][  0]LogTargetPlatformManager:Display: Building Assets For Windows
[2017.05.26-15.19.04:196][  0]LogDerivedDataCache:Display: Max Cache Size: 512 MB
[2017.05.26-15.19.04:256][  0]LogDerivedDataCache: Loaded boot cache 0.06s 50MB C:/Users/bernd.gaykowski/AppData/Local/UnrealEngine/4.15/DerivedDataCache/Boot.ddc.
[2017.05.26-15.19.04:256][  0]LogDerivedDataCache:Display: Loaded Boot cache: C:/Users/bernd.gaykowski/AppData/Local/UnrealEngine/4.15/DerivedDataCache/Boot.ddc
[2017.05.26-15.19.04:256][  0]LogDerivedDataCache: FDerivedDataBackendGraph:  Pak pak cache file D:/Restless/Restless/DerivedDataCache/DDC.ddp not found, will not use a pak cache.
[2017.05.26-15.19.04:256][  0]LogDerivedDataCache: Unable to find inner node Pak for hierarchical cache Hierarchy.
[2017.05.26-15.19.04:256][  0]LogDerivedDataCache: FDerivedDataBackendGraph:  CompressedPak pak cache file D:/Restless/Restless/DerivedDataCache/Compressed.ddp not found, will not use a pak cache.
[2017.05.26-15.19.04:256][  0]LogDerivedDataCache: Unable to find inner node CompressedPak for hierarchical cache Hierarchy.
[2017.05.26-15.19.04:273][  0]LogDerivedDataCache:Display: Pak cache opened for reading ../../../Engine/DerivedDataCache/Compressed.ddp.
[2017.05.26-15.19.04:286][  0]LogDerivedDataCache: Using Local data cache path C:/Users/bernd.gaykowski/AppData/Local/UnrealEngine/Common/DerivedDataCache: Writable
[2017.05.26-15.19.04:295][  0]LogSlate: Using Freetype 2.6.0
[2017.05.26-15.19.04:296][  0]LogSlate: SlateFontCache - WITH_FREETYPE: 1, WITH_HARFBUZZ: 1
[2017.05.26-15.19.04:296][  0]LogSlate: SlateFontCache - WITH_FREETYPE: 1, WITH_HARFBUZZ: 1
[2017.05.26-15.19.04:553][  0]LogInit: Selected Device Profile: [Windows]
[2017.05.26-15.19.04:555][  0]LogContentStreaming: Texture pool size is 0.00 MB
[2017.05.26-15.19.04:765][  0]LogMeshUtilities: Using QuadricMeshReduction for automatic static mesh reduction
[2017.05.26-15.19.04:809][  0]LogSimplygon: Simplygon DLL not present - disabling.
[2017.05.26-15.19.04:858][  0]LogMeshUtilities: Using SimplygonSwarm for distributed automatic mesh merging
[2017.05.26-15.19.04:858][  0]LogMeshUtilities: No automatic skeletal mesh reduction module available
[2017.05.26-15.19.04:858][  0]LogMeshUtilities: No automatic mesh merging module available
[2017.05.26-15.19.05:416][  0]LogNetVersion: GetLocalNetworkVersion: CL: 3299760, ProjectName: myproject, ProjectVersion: , EngineNetworkVersion: 2, GameNetworkVersion: 0, NetworkChecksum: 4136520461
[2017.05.26-15.19.05:464][  0]LogAssetRegistry: FAssetRegistry took 0.0214 seconds to start up
[2017.05.26-15.19.05:496][  0]LogPackageLocalizationCache: Processed 3 localized package path(s) for 1 prioritized culture(s) in 0.010770 seconds
[2017.05.26-15.19.05:504][  0]LogUObjectArray: 32493 objects as part of root set at end of initial load.
[2017.05.26-15.19.05:504][  0]LogUObjectAllocator: 7077032 out of 0 bytes used by permanent object pool.
[2017.05.26-15.19.05:504][  0]LogUObjectArray: CloseDisregardForGC: 0/0 objects in disregard for GC pool
[2017.05.26-15.19.05:565][  0]LogInit: WinSock: version 1.1 (2.2), MaxSocks=32767, MaxUdp=65467
[2017.05.26-15.19.07:143][  0]LogTcpMessaging: Initializing TcpMessaging bridge
[2017.05.26-15.19.07:183][  0]LogUdpMessaging: Initializing bridge on interface 0.0.0.0:0 to multicast group 230.0.0.1:6666.
[2017.05.26-15.19.07:627][  0]LogMaterial: Uniform references updated for custom material expression Custom.
[2017.05.26-15.19.08:000][  0]SourceControl: Info Source control is disabled
[2017.05.26-15.19.08:170][  0]SourceControl: Info Source control is disabled
[2017.05.26-15.19.08:216][  0]SourceControl: Info Source control is disabled
[2017.05.26-15.19.08:258][  0]SourceControl: Info Source control is disabled
[2017.05.26-15.19.09:461][  0]LogEngine: Initializing Engine...
[2017.05.26-15.19.09:461][  0]LogHMD: Failed to initialize OpenVR with code 110
[2017.05.26-15.19.09:700][  0]LogAIModule: Creating AISystem for world Untitled
[2017.05.26-15.19.09:709][  0]LogInit: XAudio2 using 'Kopfhörer (High Definition Audio-Gerät)' : 2 channels at 48 kHz using 16 bits per sample (channel mask 0x3)
[2017.05.26-15.19.09:722][  0]LogInit: FAudioDevice initialized.
[2017.05.26-15.19.09:758][  0]LogDerivedDataCache: Saved boot cache 0.04s 50MB C:/Users/bernd.gaykowski/AppData/Local/UnrealEngine/4.15/DerivedDataCache/Boot.ddc.
[2017.05.26-15.19.09:767][  0]LogInit: Texture streaming: Enabled
[2017.05.26-15.19.09:858][  0]LogEngineSessionManager: EngineSessionManager initialized
[2017.05.26-15.19.09:953][  0]LogInit: Transaction tracking system initialized
[2017.05.26-15.19.10:294][  0]BlueprintLog: New page: Editor Load
[2017.05.26-15.19.11:163][  0]LocalizationService: Info Localization service is disabled
[2017.05.26-15.19.11:814][  0]LogConsoleResponse:Display: 
[2017.05.26-15.19.11:948][  0]LogCook:Display: Max memory allowance for cook 16384mb min free memory 0mb
[2017.05.26-15.19.11:948][  0]LogCook:Display: Mobile HDR setting 1
[2017.05.26-15.19.12:156][  0]LogFileCache: Scanning file cache for directory 'D:/Restless/Restless/Content/' took 0.01s
[2017.05.26-15.19.12:953][  0]SourceControl: Info Source control is disabled
[2017.05.26-15.19.12:953][  0]Cmd: MAP LOAD FILE="D:/Restless/Restless/Content/Levels/Blockout_beat2.umap" TEMPLATE=0 SHOWPROGRESS=1 FEATURELEVEL=3
[2017.05.26-15.19.12:953][  0]LightingResults: New page: Lighting Build
[2017.05.26-15.19.12:994][  0]MapCheck: New page: Map Check
[2017.05.26-15.19.12:994][  0]LightingResults: New page: Lighting Build
[2017.05.26-15.19.13:070][  0]LogLinker:Warning: Can't find file '/Game/Levels/Blockout_beat2_BuiltData'
[2017.05.26-15.19.13:070][  0]LogLinker:Warning: Can't find file for asset '/Game/Levels/Blockout_beat2_BuiltData' while loading D:/Restless/Restless/Content/Levels/Blockout_beat2.umap.
[2017.05.26-15.19.13:070][  0]LoadErrors:Error: Error /Game/Levels/Blockout_beat2 : Can't find file for asset. /Game/Levels/Blockout_beat2_BuiltData
[2017.05.26-15.19.13:082][  0]LogLinker:Warning: Can't find file '/Game/Levels/Blockout_beat2_BuiltData'
[2017.05.26-15.19.13:082][  0]LogLinker:Warning: Can't find file for asset '/Game/Levels/Blockout_beat2_BuiltData' while loading D:/Restless/Restless/Content/Levels/Blockout_beat2.umap.
[2017.05.26-15.19.13:082][  0]LoadErrors:Error: Error /Game/Levels/Blockout_beat2 : Can't find file for asset. /Game/Levels/Blockout_beat2_BuiltData
[2017.05.26-15.19.13:110][  0]LogLinker:Warning: Can't find file '/Game/Levels/Blockout_beat2_BuiltData'
[2017.05.26-15.19.13:110][  0]LogLinker:Warning: Can't find file for asset '/Game/Levels/Blockout_beat2_BuiltData' while loading NULL.
[2017.05.26-15.19.13:110][  0]LogLinker:Warning: Can't find file '/Game/Levels/Blockout_beat2_BuiltData'
[2017.05.26-15.19.13:110][  0]LogLinker:Warning: Can't find file for asset '/Game/Levels/Blockout_beat2_BuiltData' while loading NULL.
[2017.05.26-15.19.13:165][  0]LogLinker:Warning: Can't find file '/Game/Levels/Blockout_beat2_BuiltData'
[2017.05.26-15.19.13:165][  0]LoadErrors: Info Failed to load /Game/Levels/Blockout_beat2_BuiltData.Blockout_beat2_BuiltData Referenced by PersistentLevel
[2017.05.26-15.19.13:165][  0]LogLinker:Warning: Can't find file for asset '/Game/Levels/Blockout_beat2_BuiltData' while loading NULL.
[2017.05.26-15.19.13:165][  0]LoadErrors: Info Failed to load /Game/Levels/Blockout_beat2_BuiltData.Blockout_beat2_BuiltData Referenced by PersistentLevel
[2017.05.26-15.19.13:228][  0]LogMaterial: Missing cached shader map for material FuseBox_LP_FuseBox_OcclusionRoughnessMetallic_Mat, compiling. 
[2017.05.26-15.19.13:229][  0]LogMaterial:Warning: Failed to compile Material /Game/Probs/FuseBox/FuseBox_LP_FuseBox_OcclusionRoughnessMetallic_Mat.FuseBox_LP_FuseBox_OcclusionRoughnessMetallic_Mat for platform PCD3D_SM5, Default Material will be used in game.
[2017.05.26-15.19.13:229][  0]LogMaterial:Warning: 	(Node TextureSample) TextureSample> Sampler type is Color, should be Linear Color for /Game/Probs/FuseBox/FuseBox_LP_FuseBox_OcclusionRoughnessMetallic.FuseBox_LP_FuseBox_OcclusionRoughnessMetallic
[2017.05.26-15.19.13:325][  0]LogAIModule: Creating AISystem for world Blockout_beat2
[2017.05.26-15.19.13:358][  0]LogEditorServer: Finished looking for orphan Actors (0.000 secs)
[2017.05.26-15.19.13:359][  0]Cmd: MAP CHECKDEP NOCLEARLOG
[2017.05.26-15.19.13:402][  0]MapCheck: Info Map check complete: 0 Error(s), 0 Warning(s), took 43.299ms to complete.
[2017.05.26-15.19.13:403][  0]LogFileHelpers: Loading map 'Blockout_beat2' took 0.450
[2017.05.26-15.19.13:481][  0]LogWindowsTextInputMethodSystem:Display: IME system now deactivated.
[2017.05.26-15.19.13:661][  0]LogCollectionManager: Loaded 0 collections in 0.001489 seconds
[2017.05.26-15.19.13:772][  0]LogFileCache: Scanning file cache for directory 'D:/Restless/Restless/Saved/Collections/' took 0.01s
[2017.05.26-15.19.13:772][  0]LogFileCache: Scanning file cache for directory 'D:/Restless/Restless/Content/Developers/BerndGaykowski/Collections/' took 0.01s
[2017.05.26-15.19.13:772][  0]LogFileCache: Scanning file cache for directory 'D:/Restless/Restless/Content/Collections/' took 0.01s
[2017.05.26-15.19.13:772][  0]LogCollectionManager: Rebuilt the GUID cache for 0 collections in 0.000002 seconds
[2017.05.26-15.19.13:782][  0]LogContentBrowser: Native class hierarchy populated in 0.0095 seconds. Added 2246 classes and 455 folders.
[2017.05.26-15.19.13:785][  0]LogStats: UGameplayTagsManager::ConstructGameplayTagTree: Construct from data asset -  0.000 s
[2017.05.26-15.19.13:785][  0]LogStats: UGameplayTagsManager::ConstructGameplayTagTree: GameplayTagTreeChangedEvent.Broadcast -  0.000 s
[2017.05.26-15.19.13:847][  0]LogContentBrowser: Native class hierarchy updated for 'WidgetCarousel' in 0.0006 seconds. Added 0 classes and 0 folders.
[2017.05.26-15.19.13:882][  0]LogContentBrowser: Native class hierarchy updated for 'AddContentDialog' in 0.0005 seconds. Added 0 classes and 0 folders.
[2017.05.26-15.19.14:002][  0]LogContentBrowser: Native class hierarchy updated for 'WorldBrowser' in 0.0005 seconds. Added 1 classes and 3 folders.
[2017.05.26-15.19.14:036][  0]LogCrashTracker: Crashtracker disabled due to settings.
[2017.05.26-15.19.14:050][  0]LogUObjectGlobals:Warning: Failed to find object 'Class None.'
[2017.05.26-15.19.14:120][  0]LogContentBrowser: Native class hierarchy updated for 'HierarchicalLODOutliner' in 0.0005 seconds. Added 1 classes and 2 folders.
[2017.05.26-15.19.14:120][  0]LogLoad: (Engine Initialization) Total time: 16.55 seconds
[2017.05.26-15.19.14:120][  0]LogLoad: (Engine Initialization) Total Blueprint compile time: 0.09 seconds
[2017.05.26-15.19.14:120][  0]LogExternalProfiler: Found external profiler: VSPerf
[2017.05.26-15.19.14:120][  0]LogExternalProfiler: Using external profiler: VSPerf
[2017.05.26-15.19.14:131][  0]LogOcInput: OculusInput pre-init called
[2017.05.26-15.19.14:166][  0]LogContentStreaming: Texture pool size now 1000 MB
[2017.05.26-15.19.14:183][  0]LogSlate: Took 0.000384 seconds to synchronously load lazily loaded font '../../../Engine/Content/Slate/Fonts/Roboto-Regular.ttf' (155K)
[2017.05.26-15.19.14:187][  0]LogSlate: Took 0.000269 seconds to synchronously load lazily loaded font '../../../Engine/Content/Slate/Fonts/Roboto-Bold.ttf' (160K)
[2017.05.26-15.19.14:192][  0]LogSlate: Took 0.000248 seconds to synchronously load lazily loaded font '../../../Engine/Content/Editor/Slate/Fonts/FontAwesome.ttf' (139K)
[2017.05.26-15.19.14:323][  0]LogSlate: Took 0.000233 seconds to synchronously load lazily loaded font '../../../Engine/Content/Slate/Fonts/Roboto-Light.ttf' (159K)
[2017.05.26-15.19.14:398][  0]LogRenderer: Reallocating scene render targets to support 1208x576 NumSamples 1 (Frame:2).
[2017.05.26-15.19.14:438][  1]LogFileCache: Retrieving MD5 hashes for directory 'D:/Restless/Restless/Content/' took 0.29s
[2017.05.26-15.19.14:456][  1]LogAssetRegistry: Asset discovery search completed in 9.0129 seconds
[2017.05.26-15.19.14:456][  1]LogCollectionManager: Rebuilt the object cache for 0 collections in 0.000004 seconds (found 0 objects)
[2017.05.26-15.19.14:456][  1]LogCollectionManager: Fixed up redirectors for 0 collections in 0.000025 seconds (updated 0 objects)
[2017.05.26-15.20.17:882][609]LogSlate: Took 0.000178 seconds to synchronously load lazily loaded font '../../../Engine/Content/Slate/Fonts/Roboto-Light.ttf' (159K)
[2017.05.26-15.20.18:096][609]Cmd: OBJ SAVEPACKAGE PACKAGE="/Game/Levels/Architecture" FILE="D:/Restless/Restless/Content/Levels/Architecture.umap" SILENT=true AUTOSAVING=false KEEPDIRTY=false
[2017.05.26-15.20.18:129][609]LogSavePackage: Save=14.56ms
[2017.05.26-15.20.18:129][609]LogSavePackage: Moving 'D:/Restless/Restless/Saved/Architecture9B1A53A244C5B6943CC8E5BC4F68DA06.tmp' to 'D:/Restless/Restless/Content/Levels/Architecture.umap'
[2017.05.26-15.20.18:130][609]LogSavePackage:Display: Finished SavePackage D:/Restless/Restless/Content/Levels/Architecture.umap
[2017.05.26-15.20.18:140][609]LogFileHelpers: Saving map 'Architecture' took 0.309
[2017.05.26-15.20.39:098][593]Cmd: OBJ SAVEPACKAGE PACKAGE="/Game/Levels/Gameplay" FILE="D:/Restless/Restless/Content/Levels/Gameplay.umap" SILENT=true AUTOSAVING=false KEEPDIRTY=false
[2017.05.26-15.20.39:121][593]LogSavePackage: Save=9.32ms
[2017.05.26-15.20.39:121][593]LogSavePackage: Moving 'D:/Restless/Restless/Saved/Gameplay92D13F7B49E32B484DC0FA8A6AC0DB30.tmp' to 'D:/Restless/Restless/Content/Levels/Gameplay.umap'
[2017.05.26-15.20.39:122][593]LogSavePackage:Display: Finished SavePackage D:/Restless/Restless/Content/Levels/Gameplay.umap
[2017.05.26-15.20.39:125][593]LogFileHelpers: Saving map 'Gameplay' took 0.097
[2017.05.26-15.20.45:732][855]Cmd: OBJ SAVEPACKAGE PACKAGE="/Game/Levels/FX" FILE="D:/Restless/Restless/Content/Levels/FX.umap" SILENT=true AUTOSAVING=false KEEPDIRTY=false
[2017.05.26-15.20.45:750][855]LogSavePackage: Save=9.42ms
[2017.05.26-15.20.45:751][855]LogSavePackage: Moving 'D:/Restless/Restless/Saved/FXF72B16A74B54C556236AFFA5E5D1C760.tmp' to 'D:/Restless/Restless/Content/Levels/FX.umap'
[2017.05.26-15.20.45:751][855]LogSavePackage:Display: Finished SavePackage D:/Restless/Restless/Content/Levels/FX.umap
[2017.05.26-15.20.45:758][855]LogFileHelpers: Saving map 'FX' took 0.089
[2017.05.26-15.21.00:245][155]Cmd: OBJ SAVEPACKAGE PACKAGE="/Game/Levels/Bernd" FILE="D:/Restless/Restless/Content/Levels/Bernd.umap" SILENT=true AUTOSAVING=false KEEPDIRTY=false
[2017.05.26-15.21.00:263][155]LogSavePackage: Save=8.48ms
[2017.05.26-15.21.00:263][155]LogSavePackage: Moving 'D:/Restless/Restless/Saved/Bernd1A45A7A143725033A658B5A1D027DABB.tmp' to 'D:/Restless/Restless/Content/Levels/Bernd.umap'
[2017.05.26-15.21.00:264][155]LogSavePackage:Display: Finished SavePackage D:/Restless/Restless/Content/Levels/Bernd.umap
[2017.05.26-15.21.00:271][155]LogFileHelpers: Saving map 'Bernd' took 0.116
[2017.05.26-15.21.08:603][373]Cmd: OBJ SAVEPACKAGE PACKAGE="/Game/Levels/Chris" FILE="D:/Restless/Restless/Content/Levels/Chris.umap" SILENT=true AUTOSAVING=false KEEPDIRTY=false
[2017.05.26-15.21.08:621][373]LogSavePackage: Save=8.68ms
[2017.05.26-15.21.08:621][373]LogSavePackage: Moving 'D:/Restless/Restless/Saved/Chris815C927E4B59CC9EDF897ABF8A1891C9.tmp' to 'D:/Restless/Restless/Content/Levels/Chris.umap'
[2017.05.26-15.21.08:621][373]LogSavePackage:Display: Finished SavePackage D:/Restless/Restless/Content/Levels/Chris.umap
[2017.05.26-15.21.08:624][373]LogFileHelpers: Saving map 'Chris' took 0.098
[2017.05.26-15.21.15:451][590]Cmd: OBJ SAVEPACKAGE PACKAGE="/Game/Levels/Daniel" FILE="D:/Restless/Restless/Content/Levels/Daniel.umap" SILENT=true AUTOSAVING=false KEEPDIRTY=false
[2017.05.26-15.21.15:472][590]LogSavePackage: Save=10.55ms
[2017.05.26-15.21.15:472][590]LogSavePackage: Moving 'D:/Restless/Restless/Saved/Daniel013C096944A80A2AECAA3DB155352CE4.tmp' to 'D:/Restless/Restless/Content/Levels/Daniel.umap'
[2017.05.26-15.21.15:472][590]LogSavePackage:Display: Finished SavePackage D:/Restless/Restless/Content/Levels/Daniel.umap
[2017.05.26-15.21.15:479][590]LogFileHelpers: Saving map 'Daniel' took 0.094
[2017.05.26-15.21.27:195][853]Cmd: OBJ SAVEPACKAGE PACKAGE="/Game/Levels/Fabi" FILE="D:/Restless/Restless/Content/Levels/Fabi.umap" SILENT=true AUTOSAVING=false KEEPDIRTY=false
[2017.05.26-15.21.27:218][853]LogSavePackage: Save=12.33ms
[2017.05.26-15.21.27:218][853]LogSavePackage: Moving 'D:/Restless/Restless/Saved/Fabi3857500C4C301C5CA966258E297B11AE.tmp' to 'D:/Restless/Restless/Content/Levels/Fabi.umap'
[2017.05.26-15.21.27:218][853]LogSavePackage:Display: Finished SavePackage D:/Restless/Restless/Content/Levels/Fabi.umap
[2017.05.26-15.21.27:222][853]LogFileHelpers: Saving map 'Fabi' took 0.095
[2017.05.26-15.21.36:292][397]Cmd: OBJ SAVEPACKAGE PACKAGE="/Game/Levels/Art" FILE="D:/Restless/Restless/Content/Levels/Art.umap" SILENT=true AUTOSAVING=false KEEPDIRTY=false
[2017.05.26-15.21.36:315][397]LogSavePackage: Save=13.36ms
[2017.05.26-15.21.36:315][397]LogSavePackage: Moving 'D:/Restless/Restless/Saved/ArtC563AEFF4736A41C7AF7DEAEE1AD3D7D.tmp' to 'D:/Restless/Restless/Content/Levels/Art.umap'
[2017.05.26-15.21.36:316][397]LogSavePackage:Display: Finished SavePackage D:/Restless/Restless/Content/Levels/Art.umap
[2017.05.26-15.21.36:321][397]LogFileHelpers: Saving map 'Art' took 0.092
[2017.05.26-15.22.02:185][286]Cmd: OBJ SAVEPACKAGE PACKAGE="/Game/Levels/Blockout_beat2" FILE="D:/Restless/Restless/Content/Levels/Blockout_beat2.umap" SILENT=true AUTOSAVING=false KEEPDIRTY=false
[2017.05.26-15.22.02:529][286]LogSavePackage: Save=326.06ms
[2017.05.26-15.22.02:529][286]LogSavePackage: Moving 'D:/Restless/Restless/Saved/Blockout_beat2173749714944A8F4E8E511A0AC094AD9.tmp' to 'D:/Restless/Restless/Content/Levels/Blockout_beat2.umap'
[2017.05.26-15.22.02:532][286]LogSavePackage:Display: Finished SavePackage D:/Restless/Restless/Content/Levels/Blockout_beat2.umap
[2017.05.26-15.22.07:640][845]Cmd: OBJ SAVEPACKAGE PACKAGE="/Game/Levels/Gameplay" FILE="D:/Restless/Restless/Content/Levels/Gameplay.umap" SILENT=true AUTOSAVING=false KEEPDIRTY=false
[2017.05.26-15.22.07:680][845]LogSavePackage: Save=9.52ms
[2017.05.26-15.22.07:680][845]LogSavePackage: Moving 'D:/Restless/Restless/Saved/Gameplay28806BDB42C522F3963115956D86F70B.tmp' to 'D:/Restless/Restless/Content/Levels/Gameplay.umap'
[2017.05.26-15.22.07:681][845]LogSavePackage:Display: Finished SavePackage D:/Restless/Restless/Content/Levels/Gameplay.umap
[2017.05.26-15.22.07:681][845]LogFileHelpers: Saving map 'Gameplay' took 0.086
[2017.05.26-15.22.07:726][845]Cmd: OBJ SAVEPACKAGE PACKAGE="/Game/Levels/Architecture" FILE="D:/Restless/Restless/Content/Levels/Architecture.umap" SILENT=true AUTOSAVING=false KEEPDIRTY=false
[2017.05.26-15.22.07:751][845]LogSavePackage: Save=9.09ms
[2017.05.26-15.22.07:751][845]LogSavePackage: Moving 'D:/Restless/Restless/Saved/ArchitectureB4411B70499B921F673754BF3376788E.tmp' to 'D:/Restless/Restless/Content/Levels/Architecture.umap'
[2017.05.26-15.22.07:752][845]LogSavePackage:Display: Finished SavePackage D:/Restless/Restless/Content/Levels/Architecture.umap
[2017.05.26-15.22.07:753][845]LogFileHelpers: Saving map 'Architecture' took 0.070
[2017.05.26-15.22.07:797][845]Cmd: OBJ SAVEPACKAGE PACKAGE="/Game/Levels/Art" FILE="D:/Restless/Restless/Content/Levels/Art.umap" SILENT=true AUTOSAVING=false KEEPDIRTY=false
[2017.05.26-15.22.07:820][845]LogSavePackage: Save=9.69ms
[2017.05.26-15.22.07:820][845]LogSavePackage: Moving 'D:/Restless/Restless/Saved/ArtEAFDE44F475FCCFEA6743EB8815B2E61.tmp' to 'D:/Restless/Restless/Content/Levels/Art.umap'
[2017.05.26-15.22.07:821][845]LogSavePackage:Display: Finished SavePackage D:/Restless/Restless/Content/Levels/Art.umap
[2017.05.26-15.22.07:823][845]LogFileHelpers: Saving map 'Art' took 0.068
[2017.05.26-15.22.07:869][845]Cmd: OBJ SAVEPACKAGE PACKAGE="/Game/Levels/Bernd" FILE="D:/Restless/Restless/Content/Levels/Bernd.umap" SILENT=true AUTOSAVING=false KEEPDIRTY=false
[2017.05.26-15.22.07:894][845]LogSavePackage: Save=8.63ms
[2017.05.26-15.22.07:894][845]LogSavePackage: Moving 'D:/Restless/Restless/Saved/Bernd4D5098A9404615689E0BC7B749F0AFFA.tmp' to 'D:/Restless/Restless/Content/Levels/Bernd.umap'
[2017.05.26-15.22.07:895][845]LogSavePackage:Display: Finished SavePackage D:/Restless/Restless/Content/Levels/Bernd.umap
[2017.05.26-15.22.07:895][845]LogFileHelpers: Saving map 'Bernd' took 0.069
[2017.05.26-15.22.07:939][845]Cmd: OBJ SAVEPACKAGE PACKAGE="/Game/Levels/Chris" FILE="D:/Restless/Restless/Content/Levels/Chris.umap" SILENT=true AUTOSAVING=false KEEPDIRTY=false
[2017.05.26-15.22.07:960][845]LogSavePackage: Save=8.96ms
[2017.05.26-15.22.07:961][845]LogSavePackage: Moving 'D:/Restless/Restless/Saved/Chris0D457B9742B190ECD8022C837F3C41F9.tmp' to 'D:/Restless/Restless/Content/Levels/Chris.umap'
[2017.05.26-15.22.07:962][845]LogSavePackage:Display: Finished SavePackage D:/Restless/Restless/Content/Levels/Chris.umap
[2017.05.26-15.22.07:962][845]LogFileHelpers: Saving map 'Chris' took 0.065
[2017.05.26-15.22.08:005][845]Cmd: OBJ SAVEPACKAGE PACKAGE="/Game/Levels/Daniel" FILE="D:/Restless/Restless/Content/Levels/Daniel.umap" SILENT=true AUTOSAVING=false KEEPDIRTY=false
[2017.05.26-15.22.08:029][845]LogSavePackage: Save=9.02ms
[2017.05.26-15.22.08:029][845]LogSavePackage: Moving 'D:/Restless/Restless/Saved/Daniel67A54959492A0583EAAC8AA2A7284933.tmp' to 'D:/Restless/Restless/Content/Levels/Daniel.umap'
[2017.05.26-15.22.08:030][845]LogSavePackage:Display: Finished SavePackage D:/Restless/Restless/Content/Levels/Daniel.umap
[2017.05.26-15.22.08:031][845]LogFileHelpers: Saving map 'Daniel' took 0.067
[2017.05.26-15.22.08:075][845]Cmd: OBJ SAVEPACKAGE PACKAGE="/Game/Levels/Fabi" FILE="D:/Restless/Restless/Content/Levels/Fabi.umap" SILENT=true AUTOSAVING=false KEEPDIRTY=false
[2017.05.26-15.22.08:097][845]LogSavePackage: Save=9.07ms
[2017.05.26-15.22.08:097][845]LogSavePackage: Moving 'D:/Restless/Restless/Saved/Fabi601B1598404B18B18306F0A0C4F411BF.tmp' to 'D:/Restless/Restless/Content/Levels/Fabi.umap'
[2017.05.26-15.22.08:098][845]LogSavePackage:Display: Finished SavePackage D:/Restless/Restless/Content/Levels/Fabi.umap
[2017.05.26-15.22.08:099][845]LogFileHelpers: Saving map 'Fabi' took 0.066
[2017.05.26-15.22.08:143][845]Cmd: OBJ SAVEPACKAGE PACKAGE="/Game/Levels/FX" FILE="D:/Restless/Restless/Content/Levels/FX.umap" SILENT=true AUTOSAVING=false KEEPDIRTY=false
[2017.05.26-15.22.08:168][845]LogSavePackage: Save=9.65ms
[2017.05.26-15.22.08:168][845]LogSavePackage: Moving 'D:/Restless/Restless/Saved/FXF4BFEC104EA84A887E9DBE862E481A66.tmp' to 'D:/Restless/Restless/Content/Levels/FX.umap'
[2017.05.26-15.22.08:169][845]LogSavePackage:Display: Finished SavePackage D:/Restless/Restless/Content/Levels/FX.umap
[2017.05.26-15.22.08:170][845]LogFileHelpers: Saving map 'FX' took 0.068
[2017.05.26-15.22.10:467][ 90]LogWindowsTextInputMethodSystem:Display: IME system now deactivated.
[2017.05.26-15.22.10:663][ 91]Cmd: QUIT_EDITOR
[2017.05.26-15.22.10:722][ 91]LogExit: Preparing to exit.
[2017.05.26-15.22.11:403][ 91]LogExit: Editor shut down
[2017.05.26-15.22.11:403][ 91]LogExit: Transaction tracking system shut down
[2017.05.26-15.22.11:478][ 91]LogObj: Freed 0b from 0 cluster array pools.
[2017.05.26-15.22.11:478][ 91]LogExit: Object subsystem successfully closed.
[2017.05.26-15.22.11:494][ 91]LogD3D11RHI: Shutdown
[2017.05.26-15.22.11:494][ 91]LogD3D11RHI: CleanupD3DDevice
[2017.05.26-15.22.11:546][ 91]LogD3D11RHI: ~FD3D11DynamicRHI
[2017.05.26-15.22.11:561][ 91]LogModuleManager: Shutting down and abandoning module HierarchicalLODOutliner (500)
[2017.05.26-15.22.11:561][ 91]LogModuleManager: Shutting down and abandoning module CrashTracker (498)
[2017.05.26-15.22.11:561][ 91]LogModuleManager: Shutting down and abandoning module WorldBrowser (496)
[2017.05.26-15.22.11:561][ 91]LogModuleManager: Shutting down and abandoning module AddContentDialog (494)
[2017.05.26-15.22.11:561][ 91]LogDirectoryWatcher: A directory notification for 'C:/Program Files/Epic Games/UE_4.15/FeaturePacks/' was aborted.
[2017.05.26-15.22.11:562][ 91]LogModuleManager: Shutting down and abandoning module WidgetCarousel (493)
[2017.05.26-15.22.11:562][ 91]LogModuleManager: Shutting down and abandoning module EditorWidgets (490)
[2017.05.26-15.22.11:562][ 91]LogModuleManager: Shutting down and abandoning module CollectionManager (488)
[2017.05.26-15.22.11:562][ 91]LogDirectoryWatcher: A directory notification for 'D:/Restless/Restless/Content/Collections/' was aborted.
[2017.05.26-15.22.11:563][ 91]LogDirectoryWatcher: A directory notification for 'D:/Restless/Restless/Content/Developers/BerndGaykowski/Collections/' was aborted.
[2017.05.26-15.22.11:563][ 91]LogDirectoryWatcher: A directory notification for 'D:/Restless/Restless/Saved/Collections/' was aborted.
[2017.05.26-15.22.11:563][ 91]LogModuleManager: Shutting down and abandoning module SceneOutliner (486)
[2017.05.26-15.22.11:563][ 91]LogModuleManager: Shutting down and abandoning module StatsViewer (484)
[2017.05.26-15.22.11:563][ 91]LogModuleManager: Shutting down and abandoning module FoliageEdit (482)
[2017.05.26-15.22.11:563][ 91]LogModuleManager: Shutting down and abandoning module LandscapeEditor (480)
[2017.05.26-15.22.11:563][ 91]LogModuleManager: Shutting down and abandoning module SceneDepthPickerMode (478)
[2017.05.26-15.22.11:563][ 91]LogModuleManager: Shutting down and abandoning module ActorPickerMode (476)
[2017.05.26-15.22.11:563][ 91]LogModuleManager: Shutting down and abandoning module GeometryMode (474)
[2017.05.26-15.22.11:563][ 91]LogModuleManager: Shutting down and abandoning module TextureAlignMode (472)
[2017.05.26-15.22.11:563][ 91]LogModuleManager: Shutting down and abandoning module BspMode (470)
[2017.05.26-15.22.11:563][ 91]LogModuleManager: Shutting down and abandoning module HardwareSurvey (468)
[2017.05.26-15.22.11:563][ 91]LogModuleManager: Shutting down and abandoning module SequenceRecorderSections (466)
[2017.05.26-15.22.11:563][ 91]LogModuleManager: Shutting down and abandoning module AutomationWorker (464)
[2017.05.26-15.22.11:563][ 91]LogModuleManager: Shutting down and abandoning module MatineeToLevelSequence (462)
[2017.05.26-15.22.11:563][ 91]LogModuleManager: Shutting down and abandoning module LevelSequenceEditor (460)
[2017.05.26-15.22.11:563][ 91]LogModuleManager: Shutting down and abandoning module PlacementMode (459)
[2017.05.26-15.22.11:563][ 91]LogModuleManager: Shutting down and abandoning module WmfMediaFactory (456)
[2017.05.26-15.22.11:563][ 91]LogModuleManager: Shutting down and abandoning module WmfMediaEditor (454)
[2017.05.26-15.22.11:563][ 91]LogModuleManager: Shutting down and abandoning module MfMediaFactory (452)
[2017.05.26-15.22.11:563][ 91]LogModuleManager: Shutting down and abandoning module MfMediaEditor (450)
[2017.05.26-15.22.11:563][ 91]LogModuleManager: Shutting down and abandoning module AvfMediaFactory (448)
[2017.05.26-15.22.11:563][ 91]LogModuleManager: Shutting down and abandoning module AvfMediaEditor (446)
[2017.05.26-15.22.11:563][ 91]LogModuleManager: Shutting down and abandoning module AndroidMediaFactory (444)
[2017.05.26-15.22.11:563][ 91]LogModuleManager: Shutting down and abandoning module Media (443)
[2017.05.26-15.22.11:563][ 91]LogModuleManager: Shutting down and abandoning module AndroidMediaEditor (440)
[2017.05.26-15.22.11:563][ 91]LogModuleManager: Shutting down and abandoning module CharacterAI (438)
[2017.05.26-15.22.11:563][ 91]LogModuleManager: Shutting down and abandoning module AudioCapture (436)
[2017.05.26-15.22.11:563][ 91]LogModuleManager: Shutting down and abandoning module SequenceRecorder (435)
[2017.05.26-15.22.11:563][ 91]LogModuleManager: Shutting down and abandoning module SmartSnapping (432)
[2017.05.26-15.22.11:563][ 91]LogModuleManager: Shutting down and abandoning module SessionServices (430)
[2017.05.26-15.22.11:563][ 91]LogModuleManager: Shutting down and abandoning module ViewportSnapping (428)
[2017.05.26-15.22.11:563][ 91]LogModuleManager: Shutting down and abandoning module ViewportInteraction (426)
[2017.05.26-15.22.11:563][ 91]LogModuleManager: Shutting down and abandoning module LogVisualizer (424)
[2017.05.26-15.22.11:563][ 91]LogModuleManager: Shutting down and abandoning module IntroTutorials (422)
[2017.05.26-15.22.11:563][ 91]LogModuleManager: Shutting down and abandoning module GameProjectGeneration (421)
[2017.05.26-15.22.11:563][ 91]LogModuleManager: Shutting down and abandoning module EditorLiveStreaming (418)
[2017.05.26-15.22.11:563][ 91]LogModuleManager: Shutting down and abandoning module IOSPlatformEditor (416)
[2017.05.26-15.22.11:563][ 91]LogModuleManager: Shutting down and abandoning module HTML5PlatformEditor (414)
[2017.05.26-15.22.11:563][ 91]LogModuleManager: Shutting down and abandoning module AndroidPlatformEditor (412)
[2017.05.26-15.22.11:564][ 91]LogModuleManager: Shutting down and abandoning module AndroidDeviceDetection (411)
[2017.05.26-15.22.11:585][ 91]LogModuleManager: Shutting down and abandoning module IOSRuntimeSettings (408)
[2017.05.26-15.22.11:585][ 91]LogModuleManager: Shutting down and abandoning module AndroidRuntimeSettings (406)
[2017.05.26-15.22.11:585][ 91]LogModuleManager: Shutting down and abandoning module InputBindingEditor (404)
[2017.05.26-15.22.11:585][ 91]LogModuleManager: Shutting down and abandoning module NiagaraEditor (402)
[2017.05.26-15.22.11:585][ 91]LogModuleManager: Shutting down and abandoning module MergeActors (400)
[2017.05.26-15.22.11:585][ 91]LogModuleManager: Shutting down and abandoning module SizeMap (398)
[2017.05.26-15.22.11:585][ 91]LogModuleManager: Shutting down and abandoning module TreeMap (396)
[2017.05.26-15.22.11:585][ 91]LogModuleManager: Shutting down and abandoning module ReferenceViewer (394)
[2017.05.26-15.22.11:585][ 91]LogModuleManager: Shutting down and abandoning module LocalizationDashboard (392)
[2017.05.26-15.22.11:585][ 91]LogModuleManager: Shutting down and abandoning module LocalizationService (391)
[2017.05.26-15.22.11:585][ 91]LogModuleManager: Shutting down and abandoning module HardwareTargeting (388)
[2017.05.26-15.22.11:585][ 91]LogModuleManager: Shutting down and abandoning module DeviceProfileEditor (386)
[2017.05.26-15.22.11:585][ 91]LogModuleManager: Shutting down and abandoning module UndoHistory (384)
[2017.05.26-15.22.11:585][ 91]LogModuleManager: Shutting down and abandoning module UserFeedback (382)
[2017.05.26-15.22.11:585][ 91]LogModuleManager: Shutting down and abandoning module XmlParser (380)
[2017.05.26-15.22.11:585][ 91]LogModuleManager: Shutting down and abandoning module Blutility (378)
[2017.05.26-15.22.11:585][ 91]LogModuleManager: Shutting down and abandoning module ProjectSettingsViewer (376)
[2017.05.26-15.22.11:585][ 91]LogModuleManager: Shutting down and abandoning module ProjectTargetPlatformEditor (375)
[2017.05.26-15.22.11:585][ 91]LogModuleManager: Shutting down and abandoning module EditorSettingsViewer (372)
[2017.05.26-15.22.11:585][ 91]LogModuleManager: Shutting down and abandoning module SettingsEditor (370)
[2017.05.26-15.22.11:585][ 91]LogModuleManager: Shutting down and abandoning module ProjectLauncher (368)
[2017.05.26-15.22.11:585][ 91]LogModuleManager: Shutting down and abandoning module SessionFrontend (366)
[2017.05.26-15.22.11:585][ 91]LogModuleManager: Shutting down and abandoning module ProfilerClient (364)
[2017.05.26-15.22.11:585][ 91]LogModuleManager: Shutting down and abandoning module DeviceManager (362)
[2017.05.26-15.22.11:585][ 91]LogModuleManager: Shutting down and abandoning module TargetDeviceServices (361)
[2017.05.26-15.22.11:638][ 91]LogModuleManager: Shutting down and abandoning module AutomationController (358)
[2017.05.26-15.22.11:638][ 91]LogModuleManager: Shutting down and abandoning module AutomationWindow (356)
[2017.05.26-15.22.11:638][ 91]LogModuleManager: Shutting down and abandoning module Layers (354)
[2017.05.26-15.22.11:638][ 91]LogModuleManager: Shutting down and abandoning module ComponentVisualizers (352)
[2017.05.26-15.22.11:638][ 91]LogModuleManager: Shutting down and abandoning module DetailCustomizations (350)
[2017.05.26-15.22.11:638][ 91]LogModuleManager: Shutting down and abandoning module PackagesDialog (348)
[2017.05.26-15.22.11:638][ 91]LogModuleManager: Shutting down and abandoning module Persona (346)
[2017.05.26-15.22.11:638][ 91]LogModuleManager: Shutting down and abandoning module AnimGraph (345)
[2017.05.26-15.22.11:638][ 91]LogModuleManager: Shutting down and abandoning module Kismet (342)
[2017.05.26-15.22.11:639][ 91]LogModuleManager: Shutting down and abandoning module GraphEditor (340)
[2017.05.26-15.22.11:639][ 91]LogModuleManager: Shutting down and abandoning module ClassViewer (338)
[2017.05.26-15.22.11:639][ 91]LogModuleManager: Shutting down and abandoning module Toolbox (336)
[2017.05.26-15.22.11:639][ 91]LogModuleManager: Shutting down and abandoning module ModuleUI (334)
[2017.05.26-15.22.11:639][ 91]LogModuleManager: Shutting down and abandoning module MovieSceneTools (332)
[2017.05.26-15.22.11:639][ 91]LogModuleManager: Shutting down and abandoning module OutputLog (330)
[2017.05.26-15.22.11:639][ 91]LogModuleManager: Shutting down and abandoning module GammaUI (328)
[2017.05.26-15.22.11:639][ 91]LogModuleManager: Shutting down and abandoning module Documentation (326)
[2017.05.26-15.22.11:639][ 91]LogModuleManager: Shutting down and abandoning module Niagara (324)
[2017.05.26-15.22.11:639][ 91]LogModuleManager: Shutting down and abandoning module StreamingPauseRendering (322)
[2017.05.26-15.22.11:639][ 91]LogModuleManager: Shutting down and abandoning module AnalyticsET (320)
[2017.05.26-15.22.11:639][ 91]LogModuleManager: Shutting down and abandoning module PortalServices (318)
[2017.05.26-15.22.11:639][ 91]LogModuleManager: Shutting down and abandoning module PortalRpc (316)
[2017.05.26-15.22.11:639][ 91]LogModuleManager: Shutting down and abandoning module MessagingRpc (314)
[2017.05.26-15.22.11:639][ 91]LogModuleManager: Shutting down and abandoning module AIModule (312)
[2017.05.26-15.22.11:639][ 91]LogModuleManager: Shutting down and abandoning module GameplayDebugger (311)
[2017.05.26-15.22.11:639][ 91]LogModuleManager: Shutting down and abandoning module AITestSuite (309)
[2017.05.26-15.22.11:639][ 91]LogModuleManager: Shutting down and abandoning module ProfilerService (306)
[2017.05.26-15.22.11:880][ 91]LogModuleManager: Shutting down and abandoning module TaskGraph (304)
[2017.05.26-15.22.11:881][ 91]LogModuleManager: Shutting down and abandoning module SteamVRController (302)
[2017.05.26-15.22.11:881][ 91]LogModuleManager: Shutting down and abandoning module SteamVR (300)
[2017.05.26-15.22.11:881][ 91]LogModuleManager: Shutting down and abandoning module ProceduralMeshComponentEditor (298)
[2017.05.26-15.22.11:881][ 91]LogModuleManager: Shutting down and abandoning module ProceduralMeshComponent (296)
[2017.05.26-15.22.11:881][ 91]LogModuleManager: Shutting down and abandoning module OculusLibrary (294)
[2017.05.26-15.22.11:881][ 91]LogModuleManager: Shutting down and abandoning module OculusInput (292)
[2017.05.26-15.22.11:881][ 91]LogModuleManager: Shutting down and abandoning module MobilePatchingUtils (290)
[2017.05.26-15.22.11:881][ 91]LogModuleManager: Shutting down and abandoning module CustomMeshComponent (288)
[2017.05.26-15.22.11:881][ 91]LogModuleManager: Shutting down and abandoning module CableComponent (286)
[2017.05.26-15.22.11:881][ 91]LogModuleManager: Shutting down and abandoning module ArchVisCharacter (284)
[2017.05.26-15.22.11:881][ 91]LogModuleManager: Shutting down and abandoning module MediaPlayerEditor (280)
[2017.05.26-15.22.11:881][ 91]LogModuleManager: Shutting down and abandoning module HTML5Networking (278)
[2017.05.26-15.22.11:881][ 91]LogModuleManager: Shutting down and abandoning module AlembicImporter (276)
[2017.05.26-15.22.11:881][ 91]LogModuleManager: Shutting down and abandoning module AlembicLibrary (275)
[2017.05.26-15.22.11:881][ 91]LogModuleManager: Shutting down and abandoning module GeometryCache (274)
[2017.05.26-15.22.11:881][ 91]LogModuleManager: Shutting down and abandoning module GeometryCacheEd (273)
[2017.05.26-15.22.11:881][ 91]LogModuleManager: Shutting down and abandoning module SuperSearchEditor (268)
[2017.05.26-15.22.11:881][ 91]LogModuleManager: Shutting down and abandoning module SuperSearch (267)
[2017.05.26-15.22.11:881][ 91]LogModuleManager: Shutting down and abandoning module SpeedTreeImporter (264)
[2017.05.26-15.22.11:881][ 91]LogModuleManager: Shutting down and abandoning module PluginBrowser (262)
[2017.05.26-15.22.11:882][ 91]LogModuleManager: Shutting down and abandoning module MobileLauncherProfileWizard (260)
[2017.05.26-15.22.11:882][ 91]LogModuleManager: Shutting down and abandoning module EpicSurvey (258)
[2017.05.26-15.22.11:882][ 91]LogModuleManager: Shutting down and abandoning module VisualStudioSourceCodeAccess (256)
[2017.05.26-15.22.11:882][ 91]LogModuleManager: Shutting down and abandoning module DesktopPlatform (255)
[2017.05.26-15.22.11:882][ 91]LogModuleManager: Shutting down and abandoning module UObjectPlugin (252)
[2017.05.26-15.22.11:882][ 91]LogModuleManager: Shutting down and abandoning module SubversionSourceControl (250)
[2017.05.26-15.22.11:882][ 91]LogModuleManager: Shutting down and abandoning module PerforceSourceControl (248)
[2017.05.26-15.22.11:882][ 91]LogModuleManager: Shutting down and abandoning module GitSourceControl (246)
[2017.05.26-15.22.11:882][ 91]LogModuleManager: Shutting down and abandoning module SourceControl (245)
[2017.05.26-15.22.11:882][ 91]LogModuleManager: Shutting down and abandoning module LightPropagationVolumeEditor (242)
[2017.05.26-15.22.11:882][ 91]LogModuleManager: Shutting down and abandoning module PaperTiledImporter (240)
[2017.05.26-15.22.11:882][ 91]LogModuleManager: Shutting down and abandoning module PaperSpriteSheetImporter (238)
[2017.05.26-15.22.11:882][ 91]LogModuleManager: Shutting down and abandoning module Paper2DEditor (236)
[2017.05.26-15.22.11:882][ 91]LogModuleManager: Shutting down and abandoning module MeshPaint (235)
[2017.05.26-15.22.11:883][ 91]LogModuleManager: Shutting down and abandoning module LevelEditor (233)
[2017.05.26-15.22.11:885][ 91]LogModuleManager: Shutting down and abandoning module PixelInspectorModule (232)
[2017.05.26-15.22.11:885][ 91]LogModuleManager: Shutting down and abandoning module MainFrame (230)
[2017.05.26-15.22.11:885][ 91]LogModuleManager: Shutting down and abandoning module HotReload (229)
[2017.05.26-15.22.11:887][ 91]LogModuleManager: Shutting down and abandoning module ContentBrowser (225)
[2017.05.26-15.22.11:890][ 91]LogModuleManager: Shutting down and abandoning module PhysXVehiclesEditor (222)
[2017.05.26-15.22.11:890][ 91]LogModuleManager: Shutting down and abandoning module PhysXVehicles (220)
[2017.05.26-15.22.11:890][ 91]LogModuleManager: Shutting down and abandoning module LocationServicesBPLibrary (218)
[2017.05.26-15.22.11:890][ 91]LogModuleManager: Shutting down and abandoning module UdpMessaging (216)
[2017.05.26-15.22.11:991][ 91]LogModuleManager: Shutting down and abandoning module TcpMessaging (214)
[2017.05.26-15.22.12:209][ 91]LogModuleManager: Shutting down and abandoning module GameplayTagsEditor (212)
[2017.05.26-15.22.12:209][ 91]LogModuleManager: Shutting down and abandoning module FacialAnimationEditor (210)
[2017.05.26-15.22.12:209][ 91]LogModuleManager: Shutting down and abandoning module FacialAnimation (208)
[2017.05.26-15.22.12:209][ 91]LogModuleManager: Shutting down and abandoning module LightPropagationVolumeRuntime (206)
[2017.05.26-15.22.12:209][ 91]LogModuleManager: Shutting down and abandoning module Paper2D (204)
[2017.05.26-15.22.12:209][ 91]LogModuleManager: Shutting down and abandoning module WindowsMoviePlayer (202)
[2017.05.26-15.22.12:209][ 91]LogModuleManager: Shutting down and abandoning module WmfMedia (200)
[2017.05.26-15.22.12:210][ 91]LogModuleManager: Shutting down and abandoning module MfMedia (198)
[2017.05.26-15.22.12:210][ 91]LogModuleManager: Shutting down and abandoning module MediaAssets (196)
[2017.05.26-15.22.12:210][ 91]LogModuleManager: Shutting down and abandoning module GameLiveStreaming (194)
[2017.05.26-15.22.12:210][ 91]LogModuleManager: Shutting down and abandoning module VREditor (192)
[2017.05.26-15.22.12:210][ 91]LogModuleManager: Shutting down and abandoning module GameplayTasksEditor (190)
[2017.05.26-15.22.12:210][ 91]LogModuleManager: Shutting down and abandoning module BehaviorTreeEditor (188)
[2017.05.26-15.22.12:210][ 91]LogModuleManager: Shutting down and abandoning module FunctionalTesting (186)
[2017.05.26-15.22.12:210][ 91]LogModuleManager: Shutting down and abandoning module CollisionAnalyzer (184)
[2017.05.26-15.22.12:210][ 91]LogModuleManager: Shutting down and abandoning module UMG (182)
[2017.05.26-15.22.12:210][ 91]LogModuleManager: Shutting down and abandoning module UMGEditor (181)
[2017.05.26-15.22.12:210][ 91]LogModuleManager: Shutting down and abandoning module Sequencer (180)
[2017.05.26-15.22.12:210][ 91]LogModuleManager: Shutting down and abandoning module AssetTools (178)
[2017.05.26-15.22.12:211][ 91]LogModuleManager: Shutting down and abandoning module MessageLog (177)
[2017.05.26-15.22.12:211][ 91]LogModuleManager: Shutting down and abandoning module WorkspaceMenuStructure (176)
[2017.05.26-15.22.12:211][ 91]LogModuleManager: Shutting down and abandoning module SlateReflector (170)
[2017.05.26-15.22.12:211][ 91]LogModuleManager: Shutting down and abandoning module Slate (168)
[2017.05.26-15.22.12:211][ 91]LogModuleManager: Shutting down and abandoning module EditorStyle (166)
[2017.05.26-15.22.12:219][ 91]LogModuleManager: Shutting down and abandoning module SourceCodeAccess (164)
[2017.05.26-15.22.12:219][ 91]LogModuleManager: Shutting down and abandoning module HeadMountedDisplay (162)
[2017.05.26-15.22.12:219][ 91]LogModuleManager: Shutting down and abandoning module XAudio2 (160)
[2017.05.26-15.22.12:219][ 91]LogModuleManager: Shutting down and abandoning module Networking (158)
[2017.05.26-15.22.12:219][ 91]LogModuleManager: Shutting down and abandoning module Core (154)
[2017.05.26-15.22.12:219][ 91]LogModuleManager: Shutting down and abandoning module AssetRegistry (152)
[2017.05.26-15.22.12:438][ 91]LogDirectoryWatcher: A directory notification for '../../../Engine/Content/' was aborted.
[2017.05.26-15.22.12:439][ 91]LogDirectoryWatcher: A directory notification for 'D:/Restless/Restless/Content/' was aborted.
[2017.05.26-15.22.12:439][ 91]LogDirectoryWatcher: A directory notification for '../../../Engine/Plugins/2D/Paper2D/Content/' was aborted.
[2017.05.26-15.22.12:439][ 91]LogModuleManager: Shutting down and abandoning module DirectoryWatcher (151)
[2017.05.26-15.22.12:439][ 91]LogModuleManager: Shutting down and abandoning module KismetCompiler (148)
[2017.05.26-15.22.12:439][ 91]LogModuleManager: Shutting down and abandoning module PhysXFormats (146)
[2017.05.26-15.22.12:439][ 91]LogModuleManager: Shutting down and abandoning module MeshUtilities (144)
[2017.05.26-15.22.12:439][ 91]LogModuleManager: Shutting down and abandoning module SimplygonSwarm (143)
[2017.05.26-15.22.12:439][ 91]LogModuleManager: Shutting down and abandoning module SimplygonMeshReduction (141)
[2017.05.26-15.22.12:439][ 91]LogModuleManager: Shutting down and abandoning module QuadricMeshReduction (139)
[2017.05.26-15.22.12:439][ 91]LogModuleManager: Shutting down and abandoning module PropertyEditor (137)
[2017.05.26-15.22.12:439][ 91]LogModuleManager: Shutting down and abandoning module DerivedDataCache (134)
[2017.05.26-15.22.12:489][ 91]LogDerivedDataCache: Shutdown
[2017.05.26-15.22.12:489][ 91]LogModuleManager: Shutting down and abandoning module TargetPlatform (132)
[2017.05.26-15.22.12:489][ 91]LogModuleManager: Shutting down and abandoning module VulkanShaderFormat (131)
[2017.05.26-15.22.12:489][ 91]LogModuleManager: Shutting down and abandoning module ShaderFormatOpenGL (129)
[2017.05.26-15.22.12:489][ 91]LogModuleManager: Shutting down and abandoning module ShaderFormatD3D (127)
[2017.05.26-15.22.12:489][ 91]LogModuleManager: Shutting down and abandoning module MetalShaderFormat (125)
[2017.05.26-15.22.12:489][ 91]LogModuleManager: Shutting down and abandoning module TextureFormatUncompressed (123)
[2017.05.26-15.22.12:489][ 91]LogModuleManager: Shutting down and abandoning module TextureFormatPVR (121)
[2017.05.26-15.22.12:489][ 91]LogModuleManager: Shutting down and abandoning module TextureFormatDXT (119)
[2017.05.26-15.22.12:489][ 91]LogModuleManager: Shutting down and abandoning module TextureFormatIntelISPCTexComp (117)
[2017.05.26-15.22.12:489][ 91]LogModuleManager: Shutting down and abandoning module TextureFormatASTC (115)
[2017.05.26-15.22.12:489][ 91]LogModuleManager: Shutting down and abandoning module ImageWrapper (114)
[2017.05.26-15.22.12:489][ 91]LogModuleManager: Shutting down and abandoning module TextureFormatAndroid (111)
[2017.05.26-15.22.12:489][ 91]LogModuleManager: Shutting down and abandoning module AudioFormatOpus (109)
[2017.05.26-15.22.12:489][ 91]LogModuleManager: Shutting down and abandoning module AudioFormatOgg (107)
[2017.05.26-15.22.12:489][ 91]LogModuleManager: Shutting down and abandoning module AudioFormatADPCM (105)
[2017.05.26-15.22.12:489][ 91]LogModuleManager: Shutting down and abandoning module LinuxTargetPlatform (103)
[2017.05.26-15.22.12:489][ 91]LogModuleManager: Shutting down and abandoning module LinuxServerTargetPlatform (101)
[2017.05.26-15.22.12:489][ 91]LogModuleManager: Shutting down and abandoning module LinuxNoEditorTargetPlatform (99)
[2017.05.26-15.22.12:489][ 91]LogModuleManager: Shutting down and abandoning module LinuxClientTargetPlatform (97)
[2017.05.26-15.22.12:489][ 91]LogModuleManager: Shutting down and abandoning module TVOSTargetPlatform (95)
[2017.05.26-15.22.12:489][ 91]LogModuleManager: Shutting down and abandoning module Messaging (93)
[2017.05.26-15.22.12:489][ 91]LogModuleManager: Shutting down and abandoning module IOSTargetPlatform (91)
[2017.05.26-15.22.12:489][ 91]LogModuleManager: Shutting down and abandoning module HTML5TargetPlatform (89)
[2017.05.26-15.22.12:489][ 91]LogModuleManager: Shutting down and abandoning module Android_PVRTCTargetPlatform (87)
[2017.05.26-15.22.12:489][ 91]LogModuleManager: Shutting down and abandoning module Android_MultiTargetPlatform (85)
[2017.05.26-15.22.12:489][ 91]LogModuleManager: Shutting down and abandoning module Android_ETC2TargetPlatform (83)
[2017.05.26-15.22.12:489][ 91]LogModuleManager: Shutting down and abandoning module Android_ETC1TargetPlatform (81)
[2017.05.26-15.22.12:489][ 91]LogModuleManager: Shutting down and abandoning module Android_DXTTargetPlatform (79)
[2017.05.26-15.22.12:490][ 91]LogModuleManager: Shutting down and abandoning module Android_ATCTargetPlatform (77)
[2017.05.26-15.22.12:490][ 91]LogModuleManager: Shutting down and abandoning module Android_ASTCTargetPlatform (75)
[2017.05.26-15.22.12:490][ 91]LogModuleManager: Shutting down and abandoning module AndroidTargetPlatform (73)
[2017.05.26-15.22.12:490][ 91]LogModuleManager: Shutting down and abandoning module WindowsTargetPlatform (71)
[2017.05.26-15.22.12:490][ 91]LogModuleManager: Shutting down and abandoning module WindowsServerTargetPlatform (69)
[2017.05.26-15.22.12:490][ 91]LogModuleManager: Shutting down and abandoning module WindowsNoEditorTargetPlatform (67)
[2017.05.26-15.22.12:490][ 91]LogModuleManager: Shutting down and abandoning module WindowsClientTargetPlatform (65)
[2017.05.26-15.22.12:490][ 91]LogModuleManager: Shutting down and abandoning module MacTargetPlatform (63)
[2017.05.26-15.22.12:490][ 91]LogModuleManager: Shutting down and abandoning module MacServerTargetPlatform (61)
[2017.05.26-15.22.12:490][ 91]LogModuleManager: Shutting down and abandoning module MacNoEditorTargetPlatform (59)
[2017.05.26-15.22.12:490][ 91]LogModuleManager: Shutting down and abandoning module MacClientTargetPlatform (57)
[2017.05.26-15.22.12:490][ 91]LogModuleManager: Shutting down and abandoning module AllDesktopTargetPlatform (55)
[2017.05.26-15.22.12:490][ 91]LogModuleManager: Shutting down and abandoning module InputCore (52)
[2017.05.26-15.22.12:490][ 91]LogModuleManager: Shutting down and abandoning module Settings (50)
[2017.05.26-15.22.12:490][ 91]LogModuleManager: Shutting down and abandoning module OculusRift (48)
[2017.05.26-15.22.12:490][ 91]LogModuleManager: Shutting down and abandoning module GearVR (46)
[2017.05.26-15.22.12:490][ 91]LogModuleManager: Shutting down and abandoning module ExampleDeviceProfileSelector (44)
[2017.05.26-15.22.12:490][ 91]LogModuleManager: Shutting down and abandoning module OnlineBlueprintSupport (42)
[2017.05.26-15.22.12:490][ 91]LogModuleManager: Shutting down and abandoning module OnlineSubsystem (38)
[2017.05.26-15.22.12:490][ 91]LogOnline:Display: Unloading online subsystem: NULL
[2017.05.26-15.22.12:490][ 91]LogModuleManager: Shutting down and abandoning module XMPP (37)
[2017.05.26-15.22.12:490][ 91]LogModuleManager: Shutting down and abandoning module HTTP (35)
[2017.05.26-15.22.12:490][ 91]LogHttp:Display: Http module shutting down, but needs to wait on 1 outstanding Http requests:
[2017.05.26-15.22.12:490][ 91]LogHttp:Display: 	verb=[POST] url=[https://datarouter.ol.epicgames.com/datarouter/api/v1/public/data?SessionID=%7BA3AB1C6A-491E-CCD5-5B9F-C88A050E9259%7D&AppID=UEEditor.Rocket.Release&AppVersion=4.15.1-3348071%2B%2B%2BUE4%2BRelease-4.15&UserID=8363d79849ecf5ea1696738a452eb131%7C6fc7ed514cf84702a70558cf329aac50%7C827e0421-0152-46d9-82bc-c506fa749be3&AppEnvironment=datacollector-binary&UploadType=eteventstream] status=Processing
[2017.05.26-15.22.12:514][ 91]LogModuleManager: Shutting down and abandoning module SSL (34)
[2017.05.26-15.22.12:515][ 91]LogModuleManager: Shutting down and abandoning module AudioEditor (30)
[2017.05.26-15.22.12:515][ 91]LogModuleManager: Shutting down and abandoning module TextureCompressor (28)
[2017.05.26-15.22.12:515][ 91]LogModuleManager: Shutting down and abandoning module ShaderCore (26)
[2017.05.26-15.22.12:515][ 91]LogModuleManager: Shutting down and abandoning module Landscape (24)
[2017.05.26-15.22.12:515][ 91]LogModuleManager: Shutting down and abandoning module SlateRHIRenderer (22)
[2017.05.26-15.22.12:516][ 91]LogModuleManager: Shutting down and abandoning module OpenGLDrv (20)
[2017.05.26-15.22.12:516][ 91]LogModuleManager: Shutting down and abandoning module D3D11RHI (18)
[2017.05.26-15.22.12:516][ 91]LogModuleManager: Shutting down and abandoning module AnimGraphRuntime (16)
[2017.05.26-15.22.12:516][ 91]LogModuleManager: Shutting down and abandoning module Renderer (14)
[2017.05.26-15.22.12:516][ 91]LogModuleManager: Shutting down and abandoning module Engine (12)
[2017.05.26-15.22.12:516][ 91]LogModuleManager: Shutting down and abandoning module CoreUObject (10)
[2017.05.26-15.22.12:516][ 91]LogModuleManager: Shutting down and abandoning module NetworkFile (8)
[2017.05.26-15.22.12:516][ 91]LogModuleManager: Shutting down and abandoning module StreamingFile (6)
[2017.05.26-15.22.12:516][ 91]LogModuleManager: Shutting down and abandoning module SandboxFile (4)
[2017.05.26-15.22.12:516][ 91]LogModuleManager: Shutting down and abandoning module PakFile (2)
[2017.05.26-15.22.12:518][ 91]LogExit: Exiting.
[2017.05.26-15.22.12:531][ 91]Log file closed, 05/26/17 17:22:12
