Log file open, 05/24/17 15:44:17
LogInit:Display: Running engine for game: MyProject
LogPlatformFile: Not using cached read wrapper
LogInit:Display: RandInit(-478137408) SRandInit(-478137408).
LogTaskGraph: Started task graph with 5 named threads and 8 total threads with 1 sets of task threads.
LogStats: Stats thread started at 0.075912
LogInit: Using libcurl 7.47.1
LogInit:  - built for x86_64-pc-win32
LogInit:  - supports SSL with OpenSSL/1.0.2g
LogInit:  - supports HTTP deflate (compression) using libz 1.2.8
LogInit:  - other features:
LogInit:      CURL_VERSION_SSL
LogInit:      CURL_VERSION_LIBZ
LogInit:      CURL_VERSION_IPV6
LogInit:      CURL_VERSION_ASYNCHDNS
LogInit:      CURL_VERSION_LARGEFILE
LogInit:      CURL_VERSION_IDN
LogInit:  CurlRequestOptions (configurable via config and command line):
LogInit:  - bVerifyPeer = false  - Libcurl will NOT verify peer certificate
LogInit:  - bUseHttpProxy = false  - Libcurl will NOT use HTTP proxy
LogInit:  - bDontReuseConnections = false  - Libcurl will reuse connections
LogInit:  - CertBundlePath = nullptr  - Libcurl will use whatever was configured at build time.
LogInit: Build: ++UE4+Release-4.15-CL-3348071
LogInit: Engine Version: 4.15.1-3348071+++UE4+Release-4.15
LogInit: Compatible Engine Version: 4.15.0-3299760+++UE4+Release-4.15
LogInit: Net CL: 3299760
LogDevObjectVersion: Number of dev versions registered: 14
LogDevObjectVersion:   Dev-Blueprints (B0D832E4-1F89-4F0D-ACCF-7EB736FD4AA2): 8
LogDevObjectVersion:   Dev-Build (E1C64328-A22C-4D53-A36C-8E866417BD8C): 0
LogDevObjectVersion:   Dev-Core (375EC13C-06E4-48FB-B500-84F0262A717E): 2
LogDevObjectVersion:   Dev-Editor (E4B068ED-F494-42E9-A231-DA0B2E46BB41): 14
LogDevObjectVersion:   Dev-Framework (CFFC743F-43B0-4480-9391-14DF171D2073): 22
LogDevObjectVersion:   Dev-Mobile (B02B49B5-BB20-44E9-A304-32B752E40360): 0
LogDevObjectVersion:   Dev-Networking (A4E4105C-59A1-49B5-A7C5-40C4547EDFEE): 0
LogDevObjectVersion:   Dev-Online (39C831C9-5AE6-47DC-9A44-9C173E1C8E7C): 0
LogDevObjectVersion:   Dev-Physics (78F01B33-EBEA-4F98-B9B4-84EACCB95AA2): 0
LogDevObjectVersion:   Dev-Platform (6631380F-2D4D-43E0-8009-CF276956A95A): 0
LogDevObjectVersion:   Dev-Rendering (12F88B9F-8875-4AFC-A67C-D90C383ABD29): 12
LogDevObjectVersion:   Dev-Sequencer (7B5AE74C-D270-4C10-A958-57980B212A5A): 3
LogDevObjectVersion:   Dev-VR (D7296918-1DD6-4BDD-9DE2-64A83CC13884): 0
LogDevObjectVersion:   Dev-LoadTimes (C2A15278-BFE7-4AFE-6C17-90FF531DF755): 1
LogInit: Compiled (64-bit): Mar 15 2017 16:52:47
LogInit: Compiled with Visual C++: 19.00.23026.00
LogInit: Build Configuration: Development
LogInit: Branch Name: ++UE4+Release-4.15
LogInit: Command line:  
LogInit: Base directory: C:/Program Files/Epic Games/UE_4.15/Engine/Binaries/Win64/
LogInit: Installed Engine Build: 1
LogInit: Presizing for max 8388607 objects, including 0 objects not considered by GC, pre-allocating 0 bytes for permanent pool.
LogInit: Object subsystem initialized
[2017.05.24-13.44.18:653][  0]LogInit: Selected Device Profile: [Windows]
[2017.05.24-13.44.18:653][  0]LogInit: Applying CVar settings loaded from the selected device profile: [Windows]
[2017.05.24-13.44.18:666][  0]LogInit: Computer: 2014-GA-70
[2017.05.24-13.44.18:666][  0]LogInit: User: CanPohl
[2017.05.24-13.44.18:666][  0]LogInit: CPU Page size=65536, Cores=4
[2017.05.24-13.44.18:666][  0]LogInit: High frequency timer resolution =3.117784 MHz
[2017.05.24-13.44.18:666][  0]LogMemory: Memory total: Physical=8.0GB (8GB approx)
[2017.05.24-13.44.18:666][  0]LogMemory: Platform Memory Stats for Windows
[2017.05.24-13.44.18:666][  0]LogMemory: Process Physical Memory: 263.46 MB used, 263.46 MB peak
[2017.05.24-13.44.18:666][  0]LogMemory: Process Virtual Memory: 262.20 MB used, 262.20 MB peak
[2017.05.24-13.44.18:666][  0]LogMemory: Physical Memory: 4199.44 MB used,  3943.85 MB free, 8143.29 MB total
[2017.05.24-13.44.18:666][  0]LogMemory: Virtual Memory: 644.28 MB used,  3943.85 MB free, 134217728.00 MB total
[2017.05.24-13.44.18:747][  0]LogTextLocalizationManager: No translations for ('de-DE') exist, falling back to 'en' for localization and internationalization data.
[2017.05.24-13.44.19:382][  0]LogD3D11RHI: D3D11 adapters:
[2017.05.24-13.44.19:400][  0]LogD3D11RHI:    0. 'NVIDIA GeForce GTX 760' (Feature Level 11_0)
[2017.05.24-13.44.19:400][  0]LogD3D11RHI:       2017/0/4071 MB DedicatedVideo/DedicatedSystem/SharedSystem, Outputs:2, VendorId:0x10de
[2017.05.24-13.44.19:401][  0]LogD3D11RHI:    1. 'Microsoft Basic Render Driver' (Feature Level 11_0)
[2017.05.24-13.44.19:401][  0]LogD3D11RHI:       0/0/4071 MB DedicatedVideo/DedicatedSystem/SharedSystem, Outputs:0, VendorId:0x1414
[2017.05.24-13.44.19:401][  0]LogD3D11RHI: Chosen D3D11 Adapter: 0
[2017.05.24-13.44.19:406][  0]LogD3D11RHI: Creating new Direct3DDevice
[2017.05.24-13.44.19:406][  0]LogD3D11RHI:     GPU DeviceId: 0x1187 (for the marketing name, search the web for "GPU Device Id")
[2017.05.24-13.44.19:406][  0]LogWindows: EnumDisplayDevices:
[2017.05.24-13.44.19:406][  0]LogWindows:    0. 'NVIDIA GeForce GTX 760' (P:1 D:1)
[2017.05.24-13.44.19:406][  0]LogWindows:    1. 'NVIDIA GeForce GTX 760' (P:0 D:1)
[2017.05.24-13.44.19:407][  0]LogWindows:    2. 'NVIDIA GeForce GTX 760' (P:0 D:0)
[2017.05.24-13.44.19:407][  0]LogWindows:    3. 'NVIDIA GeForce GTX 760' (P:0 D:0)
[2017.05.24-13.44.19:407][  0]LogWindows: DebugString: FoundDriverCount:4 
[2017.05.24-13.44.19:407][  0]LogD3D11RHI:     Adapter Name: NVIDIA GeForce GTX 760
[2017.05.24-13.44.19:407][  0]LogD3D11RHI:   Driver Version: 376.53 (internal:21.21.13.7653, unified:376.53)
[2017.05.24-13.44.19:407][  0]LogD3D11RHI:      Driver Date: 12-29-2016
[2017.05.24-13.44.19:407][  0]LogRHI: Texture pool is 1361 MB (70% of 1945 MB)
[2017.05.24-13.44.19:418][  0]LogD3D11RHI:Warning: Timestamp queries are currently disabled on this hardware due to instability. Realtime GPU stats will not be available. You can override this behaviour by setting r.NVIDIATimestampWorkaround to 0
[2017.05.24-13.44.19:419][  0]LogD3D11RHI: Async texture creation enabled
[2017.05.24-13.44.19:429][  0]LogD3D11RHI: GPU Timing Frequency: 1000.000000 (Debug: 2 1)
[2017.05.24-13.44.19:525][  0]LogShaderCompilers: Guid format shader working directory is 20 characters bigger than the processId version (F:/Restless/Restless/Restless/Intermediate/Shaders/WorkingDirectory/8764/).
[2017.05.24-13.44.19:525][  0]LogShaderCompilers: Cleaned the shader compiler working directory 'C:/Users/Can.pohl/AppData/Local/Temp/UnrealShaderWorkingDir/9124A1174C88740914F8E58B15DE7BA1/'.
[2017.05.24-13.44.19:525][  0]LogShaderCompilers:Display: Using Local Shader Compiler.
[2017.05.24-13.44.20:605][  0]LogTemp:Display: Loaded TP AllDesktopTargetPlatform
[2017.05.24-13.44.20:660][  0]LogTemp:Display: Loaded TP MacClientTargetPlatform
[2017.05.24-13.44.20:718][  0]LogTemp:Display: Loaded TP MacNoEditorTargetPlatform
[2017.05.24-13.44.20:771][  0]LogTemp:Display: Loaded TP MacServerTargetPlatform
[2017.05.24-13.44.20:828][  0]LogTemp:Display: Loaded TP MacTargetPlatform
[2017.05.24-13.44.20:883][  0]LogTemp:Display: Loaded TP WindowsClientTargetPlatform
[2017.05.24-13.44.20:938][  0]LogTemp:Display: Loaded TP WindowsNoEditorTargetPlatform
[2017.05.24-13.44.20:992][  0]LogTemp:Display: Loaded TP WindowsServerTargetPlatform
[2017.05.24-13.44.21:038][  0]LogTemp:Display: Loaded TP WindowsTargetPlatform
[2017.05.24-13.44.21:091][  0]LogTemp:Display: Loaded TP AndroidTargetPlatform
[2017.05.24-13.44.21:143][  0]LogTemp:Display: Loaded TP Android_ASTCTargetPlatform
[2017.05.24-13.44.21:199][  0]LogTemp:Display: Loaded TP Android_ATCTargetPlatform
[2017.05.24-13.44.21:252][  0]LogTemp:Display: Loaded TP Android_DXTTargetPlatform
[2017.05.24-13.44.21:308][  0]LogTemp:Display: Loaded TP Android_ETC1TargetPlatform
[2017.05.24-13.44.21:361][  0]LogTemp:Display: Loaded TP Android_ETC2TargetPlatform
[2017.05.24-13.44.21:469][  0]LogTemp:Display: Loaded TP Android_MultiTargetPlatform
[2017.05.24-13.44.21:469][  0]LogTemp:Display: Loaded TP Android_PVRTCTargetPlatform
[2017.05.24-13.44.21:507][  0]LogTemp:Display: Loaded TP HTML5TargetPlatform
[2017.05.24-13.44.21:605][  0]LogTemp:Display: Loaded TP IOSTargetPlatform
[2017.05.24-13.44.21:639][  0]LogTemp:Display: Loaded TP TVOSTargetPlatform
[2017.05.24-13.44.21:693][  0]LogTemp:Display: Loaded TP LinuxClientTargetPlatform
[2017.05.24-13.44.21:746][  0]LogTemp:Display: Loaded TP LinuxNoEditorTargetPlatform
[2017.05.24-13.44.21:802][  0]LogTemp:Display: Loaded TP LinuxServerTargetPlatform
[2017.05.24-13.44.21:856][  0]LogTemp:Display: Loaded TP LinuxTargetPlatform
[2017.05.24-13.44.21:856][  0]LogTargetPlatformManager:Display: Building Assets For Windows
[2017.05.24-13.44.22:299][  0]LogDerivedDataCache:Display: Max Cache Size: 512 MB
[2017.05.24-13.44.22:351][  0]LogDerivedDataCache: Loaded boot cache 0.05s 50MB C:/Users/Can.pohl/AppData/Local/UnrealEngine/4.15/DerivedDataCache/Boot.ddc.
[2017.05.24-13.44.22:351][  0]LogDerivedDataCache:Display: Loaded Boot cache: C:/Users/Can.pohl/AppData/Local/UnrealEngine/4.15/DerivedDataCache/Boot.ddc
[2017.05.24-13.44.22:351][  0]LogDerivedDataCache: FDerivedDataBackendGraph:  Pak pak cache file F:/Restless/Restless/Restless/DerivedDataCache/DDC.ddp not found, will not use a pak cache.
[2017.05.24-13.44.22:351][  0]LogDerivedDataCache: Unable to find inner node Pak for hierarchical cache Hierarchy.
[2017.05.24-13.44.22:351][  0]LogDerivedDataCache: FDerivedDataBackendGraph:  CompressedPak pak cache file F:/Restless/Restless/Restless/DerivedDataCache/Compressed.ddp not found, will not use a pak cache.
[2017.05.24-13.44.22:351][  0]LogDerivedDataCache: Unable to find inner node CompressedPak for hierarchical cache Hierarchy.
[2017.05.24-13.44.22:369][  0]LogDerivedDataCache:Display: Pak cache opened for reading ../../../Engine/DerivedDataCache/Compressed.ddp.
[2017.05.24-13.44.22:381][  0]LogDerivedDataCache: Using Local data cache path C:/Users/Can.pohl/AppData/Local/UnrealEngine/Common/DerivedDataCache: Writable
[2017.05.24-13.44.22:390][  0]LogSlate: Using Freetype 2.6.0
[2017.05.24-13.44.22:390][  0]LogSlate: SlateFontCache - WITH_FREETYPE: 1, WITH_HARFBUZZ: 1
[2017.05.24-13.44.22:390][  0]LogSlate: SlateFontCache - WITH_FREETYPE: 1, WITH_HARFBUZZ: 1
[2017.05.24-13.44.22:620][  0]LogInit: Selected Device Profile: [Windows]
[2017.05.24-13.44.22:623][  0]LogContentStreaming: Texture pool size is 0.00 MB
[2017.05.24-13.44.22:832][  0]LogMeshUtilities: Using QuadricMeshReduction for automatic static mesh reduction
[2017.05.24-13.44.22:874][  0]LogSimplygon: Simplygon DLL not present - disabling.
[2017.05.24-13.44.22:921][  0]LogMeshUtilities: Using SimplygonSwarm for distributed automatic mesh merging
[2017.05.24-13.44.22:921][  0]LogMeshUtilities: No automatic skeletal mesh reduction module available
[2017.05.24-13.44.22:921][  0]LogMeshUtilities: No automatic mesh merging module available
[2017.05.24-13.44.23:448][  0]LogNetVersion: GetLocalNetworkVersion: CL: 3299760, ProjectName: myproject, ProjectVersion: , EngineNetworkVersion: 2, GameNetworkVersion: 0, NetworkChecksum: 4136520461
[2017.05.24-13.44.23:496][  0]LogAssetRegistry: FAssetRegistry took 0.0219 seconds to start up
[2017.05.24-13.44.23:533][  0]LogPackageLocalizationCache: Processed 3 localized package path(s) for 1 prioritized culture(s) in 0.015703 seconds
[2017.05.24-13.44.23:538][  0]LogUObjectArray: 32493 objects as part of root set at end of initial load.
[2017.05.24-13.44.23:538][  0]LogUObjectAllocator: 7077032 out of 0 bytes used by permanent object pool.
[2017.05.24-13.44.23:538][  0]LogUObjectArray: CloseDisregardForGC: 0/0 objects in disregard for GC pool
[2017.05.24-13.44.23:598][  0]LogInit: WinSock: version 1.1 (2.2), MaxSocks=32767, MaxUdp=65467
[2017.05.24-13.44.25:155][  0]LogTcpMessaging: Initializing TcpMessaging bridge
[2017.05.24-13.44.25:193][  0]LogUdpMessaging: Initializing bridge on interface 0.0.0.0:0 to multicast group 230.0.0.1:6666.
[2017.05.24-13.44.25:663][  0]LogMaterial: Uniform references updated for custom material expression Custom.
[2017.05.24-13.44.26:059][  0]SourceControl: Info Source control is disabled
[2017.05.24-13.44.26:060][  0]SourceControl: Info Source control is disabled
[2017.05.24-13.44.26:105][  0]SourceControl: Info Source control is disabled
[2017.05.24-13.44.26:148][  0]SourceControl: Info Source control is disabled
[2017.05.24-13.44.27:358][  0]LogEngine: Initializing Engine...
[2017.05.24-13.44.27:359][  0]LogHMD: Failed to initialize OpenVR with code 110
[2017.05.24-13.44.27:589][  0]LogAIModule: Creating AISystem for world Untitled
[2017.05.24-13.44.27:596][  0]LogInit: XAudio2 using 'Kopfhörer (High Definition Audio-Gerät)' : 2 channels at 44.1 kHz using 16 bits per sample (channel mask 0x3)
[2017.05.24-13.44.27:613][  0]LogInit: FAudioDevice initialized.
[2017.05.24-13.44.27:641][  0]LogDerivedDataCache: Saved boot cache 0.03s 50MB C:/Users/Can.pohl/AppData/Local/UnrealEngine/4.15/DerivedDataCache/Boot.ddc.
[2017.05.24-13.44.27:659][  0]LogInit: Texture streaming: Enabled
[2017.05.24-13.44.27:757][  0]LogEngineSessionManager: EngineSessionManager initialized
[2017.05.24-13.44.27:844][  0]LogInit: Transaction tracking system initialized
[2017.05.24-13.44.28:188][  0]BlueprintLog: New page: Editor Load
[2017.05.24-13.44.29:093][  0]LocalizationService: Info Localization service is disabled
[2017.05.24-13.44.29:805][  0]LogConsoleResponse:Display: 
[2017.05.24-13.44.29:924][  0]LogCook:Display: Max memory allowance for cook 16384mb min free memory 0mb
[2017.05.24-13.44.29:924][  0]LogCook:Display: Mobile HDR setting 1
[2017.05.24-13.44.30:906][  0]LogFileCache: Scanning file cache for directory 'F:/Restless/Restless/Restless/Content/' took 0.01s
[2017.05.24-13.44.30:949][  0]SourceControl: Info Source control is disabled
[2017.05.24-13.44.30:950][  0]Cmd: MAP LOAD FILE="F:/Restless/Restless/Restless/Content/StarterContent/Maps/Minimal_Default.umap" TEMPLATE=0 SHOWPROGRESS=1 FEATURELEVEL=3
[2017.05.24-13.44.30:950][  0]LightingResults: New page: Lighting Build
[2017.05.24-13.44.30:991][  0]MapCheck: New page: Map Check
[2017.05.24-13.44.30:991][  0]LightingResults: New page: Lighting Build
[2017.05.24-13.44.31:112][  0]LogLinker:Warning: Can't find file '/Game/StarterContent/Maps/Minimal_Default_BuiltData'
[2017.05.24-13.44.31:112][  0]LogLinker:Warning: Can't find file for asset '/Game/StarterContent/Maps/Minimal_Default_BuiltData' while loading F:/Restless/Restless/Restless/Content/StarterContent/Maps/Minimal_Default.umap.
[2017.05.24-13.44.31:112][  0]LoadErrors:Error: Error /Game/StarterContent/Maps/Minimal_Default : Can't find file for asset. /Game/StarterContent/Maps/Minimal_Default_BuiltData
[2017.05.24-13.44.31:115][  0]LogLinker:Warning: Can't find file '/Game/StarterContent/Maps/Minimal_Default_BuiltData'
[2017.05.24-13.44.31:115][  0]LogLinker:Warning: Can't find file for asset '/Game/StarterContent/Maps/Minimal_Default_BuiltData' while loading F:/Restless/Restless/Restless/Content/StarterContent/Maps/Minimal_Default.umap.
[2017.05.24-13.44.31:115][  0]LoadErrors:Error: Error /Game/StarterContent/Maps/Minimal_Default : Can't find file for asset. /Game/StarterContent/Maps/Minimal_Default_BuiltData
[2017.05.24-13.44.31:116][  0]LogLinker:Warning: Can't find file '/Game/StarterContent/Maps/Minimal_Default_BuiltData'
[2017.05.24-13.44.31:116][  0]LogLinker:Warning: Can't find file for asset '/Game/StarterContent/Maps/Minimal_Default_BuiltData' while loading NULL.
[2017.05.24-13.44.31:116][  0]LogLinker:Warning: Can't find file '/Game/StarterContent/Maps/Minimal_Default_BuiltData'
[2017.05.24-13.44.31:116][  0]LogLinker:Warning: Can't find file for asset '/Game/StarterContent/Maps/Minimal_Default_BuiltData' while loading NULL.
[2017.05.24-13.44.31:131][  0]LogLinker:Warning: Can't find file '/Game/StarterContent/Maps/Minimal_Default_BuiltData'
[2017.05.24-13.44.31:131][  0]LoadErrors: Info Failed to load /Game/StarterContent/Maps/Minimal_Default_BuiltData.Minimal_Default_BuiltData Referenced by PersistentLevel
[2017.05.24-13.44.31:131][  0]LogLinker:Warning: Can't find file for asset '/Game/StarterContent/Maps/Minimal_Default_BuiltData' while loading NULL.
[2017.05.24-13.44.31:131][  0]LoadErrors: Info Failed to load /Game/StarterContent/Maps/Minimal_Default_BuiltData.Minimal_Default_BuiltData Referenced by PersistentLevel
[2017.05.24-13.44.31:216][  0]LogAIModule: Creating AISystem for world Minimal_Default
[2017.05.24-13.44.31:243][  0]LogEditorServer: Finished looking for orphan Actors (0.000 secs)
[2017.05.24-13.44.31:244][  0]Cmd: MAP CHECKDEP NOCLEARLOG
[2017.05.24-13.44.31:284][  0]MapCheck: Info Map check complete: 0 Error(s), 0 Warning(s), took 40.052ms to complete.
[2017.05.24-13.44.31:284][  0]LogFileHelpers: Loading map 'Minimal_Default' took 0.335
[2017.05.24-13.44.31:342][  0]LogWindowsTextInputMethodSystem:Display: IME system now deactivated.
[2017.05.24-13.44.31:342][  0]LogWindowsTextInputMethodSystem:Display: IME system now deactivated.
[2017.05.24-13.44.31:458][  0]LogCollectionManager: Loaded 0 collections in 0.001286 seconds
[2017.05.24-13.44.31:539][  0]LogFileCache: Scanning file cache for directory 'F:/Restless/Restless/Restless/Saved/Collections/' took 0.01s
[2017.05.24-13.44.31:539][  0]LogFileCache: Scanning file cache for directory 'F:/Restless/Restless/Restless/Content/Developers/CanPohl/Collections/' took 0.01s
[2017.05.24-13.44.31:539][  0]LogFileCache: Scanning file cache for directory 'F:/Restless/Restless/Restless/Content/Collections/' took 0.01s
[2017.05.24-13.44.31:539][  0]LogCollectionManager: Rebuilt the GUID cache for 0 collections in 0.000001 seconds
[2017.05.24-13.44.31:549][  0]LogContentBrowser: Native class hierarchy populated in 0.0091 seconds. Added 2245 classes and 453 folders.
[2017.05.24-13.44.31:552][  0]LogStats: UGameplayTagsManager::ConstructGameplayTagTree: Construct from data asset -  0.000 s
[2017.05.24-13.44.31:552][  0]LogStats: UGameplayTagsManager::ConstructGameplayTagTree: GameplayTagTreeChangedEvent.Broadcast -  0.000 s
[2017.05.24-13.44.31:618][  0]LogContentBrowser: Native class hierarchy updated for 'WidgetCarousel' in 0.0006 seconds. Added 0 classes and 0 folders.
[2017.05.24-13.44.31:655][  0]LogContentBrowser: Native class hierarchy updated for 'AddContentDialog' in 0.0006 seconds. Added 0 classes and 0 folders.
[2017.05.24-13.44.31:701][  0]LogContentBrowser: Native class hierarchy updated for 'SceneOutliner' in 0.0005 seconds. Added 1 classes and 2 folders.
[2017.05.24-13.44.31:750][  0]LogCrashTracker: Crashtracker disabled due to settings.
[2017.05.24-13.44.31:757][  0]LogUObjectGlobals:Warning: Failed to find object 'Class None.'
[2017.05.24-13.44.31:835][  0]LogContentBrowser: Native class hierarchy updated for 'HierarchicalLODOutliner' in 0.0005 seconds. Added 1 classes and 2 folders.
[2017.05.24-13.44.31:836][  0]LogLoad: (Engine Initialization) Total time: 15.05 seconds
[2017.05.24-13.44.31:836][  0]LogLoad: (Engine Initialization) Total Blueprint compile time: 0.09 seconds
[2017.05.24-13.44.31:836][  0]LogExternalProfiler: Found external profiler: VSPerf
[2017.05.24-13.44.31:836][  0]LogExternalProfiler: Using external profiler: VSPerf
[2017.05.24-13.44.31:846][  0]LogOcInput: OculusInput pre-init called
[2017.05.24-13.44.31:876][  0]LogContentStreaming: Texture pool size now 1000 MB
[2017.05.24-13.44.31:890][  0]LogSlate: Took 0.000201 seconds to synchronously load lazily loaded font '../../../Engine/Content/Slate/Fonts/Roboto-Regular.ttf' (155K)
[2017.05.24-13.44.31:894][  0]LogSlate: Took 0.000216 seconds to synchronously load lazily loaded font '../../../Engine/Content/Slate/Fonts/Roboto-Bold.ttf' (160K)
[2017.05.24-13.44.31:899][  0]LogSlate: Took 0.000239 seconds to synchronously load lazily loaded font '../../../Engine/Content/Editor/Slate/Fonts/FontAwesome.ttf' (139K)
[2017.05.24-13.44.32:009][  0]LogSlate: Took 0.000165 seconds to synchronously load lazily loaded font '../../../Engine/Content/Slate/Fonts/Roboto-Light.ttf' (159K)
[2017.05.24-13.44.32:082][  0]LogRenderer: Reallocating scene render targets to support 1208x576 NumSamples 1 (Frame:2).
[2017.05.24-13.44.32:133][  1]LogFileCache: Retrieving MD5 hashes for directory 'F:/Restless/Restless/Restless/Content/' took 0.27s
[2017.05.24-13.44.32:144][  1]LogAssetRegistry: Asset discovery search completed in 8.6702 seconds
[2017.05.24-13.44.32:144][  1]LogCollectionManager: Rebuilt the object cache for 0 collections in 0.000005 seconds (found 0 objects)
[2017.05.24-13.44.32:144][  1]LogCollectionManager: Fixed up redirectors for 0 collections in 0.000018 seconds (updated 0 objects)
[2017.05.24-13.47.34:386][833]LogSlate: Took 0.000137 seconds to synchronously load lazily loaded font '../../../Engine/Content/Slate/Fonts/Roboto-Light.ttf' (159K)
[2017.05.24-13.47.34:433][833]LogBlueprint:Warning: [Compiler PersistentLevel.Blockout_beat2] Warning Node  Unknown  is not referencing a valid level actor
[2017.05.24-13.47.34:433][833]LogBlueprint:Warning: [Compiler PersistentLevel.Blockout_beat2] Warning Node  Unknown  is not referencing a valid level actor
[2017.05.24-13.47.34:433][833]LogBlueprint:Error: [Compiler PersistentLevel.Blockout_beat2] Error Couldn't find object for bound event node  OnActorBeginOverlap (None)
[2017.05.24-13.47.34:433][833]LogBlueprint:Error: [Compiler PersistentLevel.Blockout_beat2] Error Couldn't find object for bound event node  OnActorEndOverlap (None)
[2017.05.24-13.47.34:434][833]LogBlueprint:Warning: [Compiler PersistentLevel.Blockout_beat2] Warning [0197.66] Compile of PersistentLevel.Blockout_beat2 failed. 2 Fatal Issue(s) 2 Warning(s) [in 2 ms] (/Game/Levels/Blockout_beat2.Blockout_beat2:PersistentLevel.Blockout_beat2)
[2017.05.24-13.47.34:434][833]LogBlueprint:Warning: [Compiler PersistentLevel.Blockout_beat2] Warning [0197.66] Compile of PersistentLevel.Blockout_beat2 failed. 2 Fatal Issue(s) 3 Warning(s) [in 0 ms] (/Game/Levels/Blockout_beat2.Blockout_beat2:PersistentLevel.Blockout_beat2)
[2017.05.24-13.47.34:434][833]LogBlueprint:Warning: [Compiler PersistentLevel.Blockout_beat2] Warning [0197.66] Compile of PersistentLevel.Blockout_beat2 failed. 2 Fatal Issue(s) 4 Warning(s) [in 0 ms] (/Game/Levels/Blockout_beat2.Blockout_beat2:PersistentLevel.Blockout_beat2)
[2017.05.24-13.47.34:570][833]LogAIModule: Creating AISystem for world Blockout_beat2
[2017.05.24-13.47.34:601][833]Cmd: MAP LOAD FILE="F:/Restless/Restless/Restless/Content/Levels/Blockout_beat2.umap" TEMPLATE=0 SHOWPROGRESS=1 FEATURELEVEL=3
[2017.05.24-13.47.34:602][833]LightingResults: New page: Lighting Build
[2017.05.24-13.47.34:603][833]LoadErrors: New page: Loading map: Blockout_beat2.umap
[2017.05.24-13.47.34:604][833]MapCheck: New page: Map Check
[2017.05.24-13.47.34:604][833]LightingResults: New page: Lighting Build
[2017.05.24-13.47.34:629][833]LogEditorServer: Finished looking for orphan Actors (0.000 secs)
[2017.05.24-13.47.34:656][833]Cmd: MAP CHECKDEP NOCLEARLOG
[2017.05.24-13.47.34:700][833]MapCheck: Info Map check complete: 0 Error(s), 0 Warning(s), took 44.252ms to complete.
[2017.05.24-13.47.34:700][833]LogFileHelpers: Loading map 'Blockout_beat2' took 0.100
[2017.05.24-13.47.46:845][275]LogEditorViewport: Clicking on Actor (LMB): StaticMeshActor (Common_Wall4)
[2017.05.24-13.47.49:328][547]LogEditorViewport: Clicking on Actor (LMB): StaticMeshActor (DoorRight2)
[2017.05.24-13.47.50:306][643]LogEditorViewport: Clicking on Actor (LMB): StaticMeshActor (DoorLeft2)
[2017.05.24-13.47.51:063][726]LogEditorViewport: Clicking on Actor (LMB): StaticMeshActor (DoorRight2)
[2017.05.24-13.47.52:985][949]LogEditorViewport: Clicking on Actor (CTRL LMB): StaticMeshActor (DoorLeft2)
[2017.05.24-13.47.53:623][ 17]LogEditorViewport: Clicking on Actor (LMB): StaticMeshActor (DoorUP2)
[2017.05.24-13.47.54:899][162]LogEditorViewport: Clicking on Actor (LMB): StaticMeshActor (DoorLeft2)
[2017.05.24-13.47.58:014][527]LogEditorViewport: Clicking on Actor (LMB): StaticMeshActor (DoorRight2)
[2017.05.24-13.48.01:624][942]LogSlate: Took 0.000292 seconds to synchronously load lazily loaded font '../../../Engine/Content/Editor/Slate/Fonts/Roboto-Italic.ttf' (157K)
[2017.05.24-13.48.29:660][203]LogEditorViewport: Clicking on Actor (LMB): StaticMeshActor (Common_Floor)
[2017.05.24-13.48.31:448][393]LogEditorViewport: Clicking on Actor (LMB): StaticMeshActor (Ladder_Room_Floor)
[2017.05.24-13.48.31:897][428]LogEditorViewport: Clicking on Actor (LMB): StaticMeshActor (Wall_Test7)
[2017.05.24-13.49.01:700][950]LogEditorViewport: Clicking on Actor (LMB): PointLight (PointLight2)
[2017.05.24-13.49.14:743][422]LogTemp: Repeting last play command: Selected Viewport
[2017.05.24-13.49.14:758][422]LogBlueprintUserMessages: Early PlayInEditor Detection: Level '/Game/Levels/Blockout_beat2.Blockout_beat2:PersistentLevel' has LevelScriptBlueprint '/Game/Levels/Blockout_beat2.Blockout_beat2:PersistentLevel.Blockout_beat2' with GeneratedClass '/Game/Levels/Blockout_beat2.Blockout_beat2_C' with ClassGeneratedBy '/Game/Levels/Blockout_beat2.Blockout_beat2:PersistentLevel.Blockout_beat2'
[2017.05.24-13.49.14:758][422]BlueprintLog: New page: Pre-Play auto-recompile
[2017.05.24-13.49.14:758][422]LogPlayLevel: [PlayLevel] Compiling Blockout_beat2 before play...
[2017.05.24-13.49.14:764][422]LogBlueprint:Warning: [Compiler PersistentLevel.Blockout_beat2] Warning Node  Unknown  is not referencing a valid level actor
[2017.05.24-13.49.14:764][422]LogBlueprint:Warning: [Compiler PersistentLevel.Blockout_beat2] Warning Node  Unknown  is not referencing a valid level actor
[2017.05.24-13.49.14:764][422]LogBlueprint:Error: [Compiler PersistentLevel.Blockout_beat2] Error Couldn't find object for bound event node  OnActorBeginOverlap (None)
[2017.05.24-13.49.14:764][422]LogBlueprint:Error: [Compiler PersistentLevel.Blockout_beat2] Error Couldn't find object for bound event node  OnActorEndOverlap (None)
[2017.05.24-13.49.14:916][422]LogBlueprint:Warning: [Compiler PersistentLevel.Blockout_beat2] Warning [0298.14] Compile of PersistentLevel.Blockout_beat2 failed. 2 Fatal Issue(s) 2 Warning(s) [in 155 ms] (/Game/Levels/Blockout_beat2.Blockout_beat2:PersistentLevel.Blockout_beat2)
[2017.05.24-13.49.14:916][422]LogBlueprint:Warning: [Compiler PersistentLevel.Blockout_beat2] Warning [0298.14] Compile of PersistentLevel.Blockout_beat2 failed. 2 Fatal Issue(s) 3 Warning(s) [in 0 ms] (/Game/Levels/Blockout_beat2.Blockout_beat2:PersistentLevel.Blockout_beat2)
[2017.05.24-13.49.14:916][422]LogBlueprint:Warning: [Compiler PersistentLevel.Blockout_beat2] Warning [0298.14] Compile of PersistentLevel.Blockout_beat2 failed. 2 Fatal Issue(s) 4 Warning(s) [in 0 ms] (/Game/Levels/Blockout_beat2.Blockout_beat2:PersistentLevel.Blockout_beat2)
[2017.05.24-13.49.14:916][422]LogBlueprint:Warning: [Compiler PersistentLevel.Blockout_beat2] Warning [0298.14] Compile of PersistentLevel.Blockout_beat2 failed. 2 Fatal Issue(s) 5 Warning(s) [in 0 ms] (/Game/Levels/Blockout_beat2.Blockout_beat2:PersistentLevel.Blockout_beat2)
[2017.05.24-13.49.14:916][422]LogBlueprint:Warning: [Compiler PersistentLevel.Blockout_beat2] Warning [0298.14] Compile of PersistentLevel.Blockout_beat2 failed. 2 Fatal Issue(s) 6 Warning(s) [in 0 ms] (/Game/Levels/Blockout_beat2.Blockout_beat2:PersistentLevel.Blockout_beat2)
[2017.05.24-13.49.14:916][422]LogBlueprint:Warning: [Compiler PersistentLevel.Blockout_beat2] Warning [0298.14] Compile of PersistentLevel.Blockout_beat2 failed. 2 Fatal Issue(s) 7 Warning(s) [in 0 ms] (/Game/Levels/Blockout_beat2.Blockout_beat2:PersistentLevel.Blockout_beat2)
[2017.05.24-13.49.14:924][422]LogPlayLevel: PlayLevel: Blueprint regeneration took 165 ms (1 blueprints)
[2017.05.24-13.49.14:924][422]BlueprintLog: Info Blueprint Blockout_beat2 failed to compile
[2017.05.24-13.49.15:940][422]PIE: New page: PIE session: Blockout_beat2 (May 24, 2017, 5:49:15 PM)
[2017.05.24-13.49.15:940][422]LogPlayLevel: Creating play world package: /Game/Levels/UEDPIE_0_Blockout_beat2
[2017.05.24-13.49.15:965][422]LogPlayLevel: PIE: StaticDuplicateObject took: (0.024938s)
[2017.05.24-13.49.15:966][422]LogAIModule: Creating AISystem for world Blockout_beat2
[2017.05.24-13.49.15:966][422]LogPlayLevel: PIE: World Init took: (0.000847s)
[2017.05.24-13.49.15:967][422]LogPlayLevel: PIE: Created PIE world by copying editor world from /Game/Levels/Blockout_beat2.Blockout_beat2 to /Game/Levels/UEDPIE_0_Blockout_beat2.Blockout_beat2 (0.026160s)
[2017.05.24-13.49.15:981][422]LogInit: XAudio2 using 'Kopfhörer (High Definition Audio-Gerät)' : 2 channels at 44.1 kHz using 16 bits per sample (channel mask 0x3)
[2017.05.24-13.49.15:988][422]LogInit: FAudioDevice initialized.
[2017.05.24-13.49.16:058][422]LogLoad: Game class is 'GameMode_Fabi_C'
[2017.05.24-13.49.16:066][422]LogWorld: Bringing World /Game/Levels/UEDPIE_0_Blockout_beat2.Blockout_beat2 up for play (max tick rate 0) at 2017.05.24-15.49.16
[2017.05.24-13.49.16:067][422]LogWorld: Bringing up level for play took: 0.007855
[2017.05.24-13.49.16:111][422]LogContentBrowser: Native class hierarchy updated for 'MovieSceneCapture' in 0.0006 seconds. Added 11 classes and 0 folders.
[2017.05.24-13.49.16:112][422]LogGameMode:Display: Match State Changed from EnteringMap to WaitingToStart
[2017.05.24-13.49.16:112][422]LogGameState: Match State Changed from EnteringMap to WaitingToStart
[2017.05.24-13.49.16:112][422]LogGameMode:Display: Match State Changed from WaitingToStart to InProgress
[2017.05.24-13.49.16:113][422]LogGameState: Match State Changed from WaitingToStart to InProgress
[2017.05.24-13.49.16:113][422]PIE: Info Play in editor start time for /Game/Levels/UEDPIE_0_Blockout_beat2 0.528
[2017.05.24-13.49.16:114][422]LogBlueprintUserMessages: Late PlayInEditor Detection: Level '/Game/Levels/Blockout_beat2.Blockout_beat2:PersistentLevel' has LevelScriptBlueprint '/Game/Levels/Blockout_beat2.Blockout_beat2:PersistentLevel.Blockout_beat2' with GeneratedClass '/Game/Levels/Blockout_beat2.Blockout_beat2_C' with ClassGeneratedBy '/Game/Levels/Blockout_beat2.Blockout_beat2:PersistentLevel.Blockout_beat2'
[2017.05.24-13.49.29:941][ 76]LogBlueprintUserMessages: Early EndPlayMap Detection: Level '/Game/Levels/Blockout_beat2.Blockout_beat2:PersistentLevel' has LevelScriptBlueprint '/Game/Levels/Blockout_beat2.Blockout_beat2:PersistentLevel.Blockout_beat2' with GeneratedClass '/Game/Levels/Blockout_beat2.Blockout_beat2_C' with ClassGeneratedBy '/Game/Levels/Blockout_beat2.Blockout_beat2:PersistentLevel.Blockout_beat2'
[2017.05.24-13.49.29:989][ 76]LogBlueprintUserMessages: Late EndPlayMap Detection: Level '/Game/Levels/Blockout_beat2.Blockout_beat2:PersistentLevel' has LevelScriptBlueprint '/Game/Levels/Blockout_beat2.Blockout_beat2:PersistentLevel.Blockout_beat2' with GeneratedClass '/Game/Levels/Blockout_beat2.Blockout_beat2_C' with ClassGeneratedBy '/Game/Levels/Blockout_beat2.Blockout_beat2:PersistentLevel.Blockout_beat2'
[2017.05.24-13.49.31:719][277]LogEditorViewport: Clicking on Actor (LMB): StaticMeshActor (Common_FrameWall_Object11)
[2017.05.24-13.49.32:723][388]LogEditorViewport: Clicking on Actor (LMB): StaticMeshActor (Common_FrameWall_Object11)
[2017.05.24-13.49.33:279][453]LogEditorViewport: Clicking on Actor (LMB): PointLight (PointLight8)
[2017.05.24-13.49.43:278][569]LogEditorViewport: Clicking on Actor (LMB): StaticMeshActor (FuseBox)
[2017.05.24-13.49.43:678][607]LogEditorViewport: Clicking on Actor (LMB): StaticMeshActor (Common_Wall4)
[2017.05.24-13.50.16:261][999]LogEditorViewport: Clicking on Actor (LMB): StaticMeshActor (Common_FrameWall_Object13)
[2017.05.24-13.52.41:301][315]LogRenderer: Reallocating scene render targets to support 1432x924 NumSamples 1 (Frame:44302).
[2017.05.24-13.54.07:626][932]LogEditorViewport: Clicking on Actor (LMB): StaticMeshActor (Door_Frame6)
[2017.05.24-13.54.32:180][796]Cmd: DELETE
[2017.05.24-13.54.32:180][796]Cmd: ACTOR DELETE
[2017.05.24-13.54.32:182][796]LogEditorActor: Deleted Actor: SkeletalMeshActor
[2017.05.24-13.54.32:182][796]LogEditorActor: Deleted Actor: SkeletalMeshActor
[2017.05.24-13.54.32:182][796]LogEditorActor: Deleted Actor: SkeletalMeshActor
[2017.05.24-13.54.32:182][796]LogEditorActor: Deleted Actor: SkeletalMeshActor
[2017.05.24-13.54.32:182][796]LogEditorActor: Deleted Actor: SkeletalMeshActor
[2017.05.24-13.54.32:182][796]LogEditorActor: Deleted Actor: SkeletalMeshActor
[2017.05.24-13.54.32:182][796]LogEditorActor: Deleted Actor: SkeletalMeshActor
[2017.05.24-13.54.32:182][796]LogEditorActor: Deleted Actor: SkeletalMeshActor
[2017.05.24-13.54.32:191][796]LogEditorActor: Deleted 8 Actors (0.010 secs)
[2017.05.24-13.55.48:589][870]LogEditorViewport: Clicking Background
[2017.05.24-13.55.49:077][925]LogEditorViewport: Clicking on Actor (LMB): StaticMeshActor (Cube36)
[2017.05.24-13.55.53:907][493]Cmd: DELETE
[2017.05.24-13.55.53:907][493]Cmd: ACTOR DELETE
[2017.05.24-13.55.53:908][493]LogEditorActor: Deleted Actor: StaticMeshActor
[2017.05.24-13.55.53:916][493]LogEditorActor: Deleted 1 Actors (0.009 secs)
[2017.05.24-13.57.04:462][802]LogEditorViewport: Clicking on Actor (LMB): StaticMeshActor (Cube119)
[2017.05.24-13.57.05:080][866]LogEditorViewport: Clicking on Actor (LMB): StaticMeshActor (Common_Floor)
[2017.05.24-13.58.21:327][281]Cmd: OBJ SAVEPACKAGE PACKAGE="/Game/Levels/Blockout_beat2" FILE="F:/Restless/Restless/Restless/Content/Levels/Blockout_beat2.umap" SILENT=true AUTOSAVING=false KEEPDIRTY=false
[2017.05.24-13.58.21:360][281]LogBlueprint:Warning: [Compiler PersistentLevel.Blockout_beat2] Warning Node  Unknown  is not referencing a valid level actor
[2017.05.24-13.58.21:360][281]LogBlueprint:Warning: [Compiler PersistentLevel.Blockout_beat2] Warning Node  Unknown  is not referencing a valid level actor
[2017.05.24-13.58.21:361][281]LogBlueprint:Error: [Compiler PersistentLevel.Blockout_beat2] Error Couldn't find object for bound event node  OnActorBeginOverlap (None)
[2017.05.24-13.58.21:361][281]LogBlueprint:Error: [Compiler PersistentLevel.Blockout_beat2] Error Couldn't find object for bound event node  OnActorEndOverlap (None)
[2017.05.24-13.58.21:508][281]LogBlueprint:Warning: [Compiler PersistentLevel.Blockout_beat2] Warning [0844.73] Compile of PersistentLevel.Blockout_beat2 failed. 2 Fatal Issue(s) 2 Warning(s) [in 150 ms] (/Game/Levels/Blockout_beat2.Blockout_beat2:PersistentLevel.Blockout_beat2)
[2017.05.24-13.58.21:508][281]LogBlueprint:Warning: [Compiler PersistentLevel.Blockout_beat2] Warning [0844.73] Compile of PersistentLevel.Blockout_beat2 failed. 2 Fatal Issue(s) 3 Warning(s) [in 0 ms] (/Game/Levels/Blockout_beat2.Blockout_beat2:PersistentLevel.Blockout_beat2)
[2017.05.24-13.58.21:508][281]LogBlueprint:Warning: [Compiler PersistentLevel.Blockout_beat2] Warning [0844.73] Compile of PersistentLevel.Blockout_beat2 failed. 2 Fatal Issue(s) 4 Warning(s) [in 0 ms] (/Game/Levels/Blockout_beat2.Blockout_beat2:PersistentLevel.Blockout_beat2)
[2017.05.24-13.58.21:508][281]LogBlueprint:Warning: [Compiler PersistentLevel.Blockout_beat2] Warning [0844.73] Compile of PersistentLevel.Blockout_beat2 failed. 2 Fatal Issue(s) 5 Warning(s) [in 0 ms] (/Game/Levels/Blockout_beat2.Blockout_beat2:PersistentLevel.Blockout_beat2)
[2017.05.24-13.58.21:508][281]LogBlueprint:Warning: [Compiler PersistentLevel.Blockout_beat2] Warning [0844.73] Compile of PersistentLevel.Blockout_beat2 failed. 2 Fatal Issue(s) 6 Warning(s) [in 0 ms] (/Game/Levels/Blockout_beat2.Blockout_beat2:PersistentLevel.Blockout_beat2)
[2017.05.24-13.58.21:508][281]LogBlueprint:Warning: [Compiler PersistentLevel.Blockout_beat2] Warning [0844.73] Compile of PersistentLevel.Blockout_beat2 failed. 2 Fatal Issue(s) 7 Warning(s) [in 0 ms] (/Game/Levels/Blockout_beat2.Blockout_beat2:PersistentLevel.Blockout_beat2)
[2017.05.24-13.58.21:788][281]LogSavePackage: Save=431.78ms
[2017.05.24-13.58.21:788][281]LogSavePackage: Moving 'F:/Restless/Restless/Restless/Saved/Blockout_beat215DC4A484D95A8EB558D37A459E41FF4.tmp' to 'F:/Restless/Restless/Restless/Content/Levels/Blockout_beat2.umap'
[2017.05.24-13.58.21:791][281]LogSavePackage:Display: Finished SavePackage F:/Restless/Restless/Restless/Content/Levels/Blockout_beat2.umap
[2017.05.24-13.58.21:817][281]LogFileHelpers: Saving map 'Blockout_beat2' took 0.543
[2017.05.24-13.58.33:170][610]Cmd: QUIT_EDITOR
[2017.05.24-13.58.33:284][610]LogWindowsTextInputMethodSystem:Display: IME system now deactivated.
[2017.05.24-13.58.33:284][610]LogWindowsTextInputMethodSystem:Display: IME system now deactivated.
[2017.05.24-13.58.33:330][610]LogExit: Preparing to exit.
[2017.05.24-13.58.33:641][610]LogExit: Editor shut down
[2017.05.24-13.58.33:641][610]LogExit: Transaction tracking system shut down
[2017.05.24-13.58.33:708][610]LogObj: Freed 0b from 0 cluster array pools.
[2017.05.24-13.58.33:708][610]LogExit: Object subsystem successfully closed.
[2017.05.24-13.58.33:720][610]LogD3D11RHI: Shutdown
[2017.05.24-13.58.33:721][610]LogD3D11RHI: CleanupD3DDevice
[2017.05.24-13.58.33:791][610]LogD3D11RHI: ~FD3D11DynamicRHI
[2017.05.24-13.58.33:804][610]LogModuleManager: Shutting down and abandoning module StaticMeshEditor (502)
[2017.05.24-13.58.33:804][610]LogModuleManager: Shutting down and abandoning module MovieSceneCapture (500)
[2017.05.24-13.58.33:804][610]LogModuleManager: Shutting down and abandoning module HierarchicalLODOutliner (498)
[2017.05.24-13.58.33:804][610]LogModuleManager: Shutting down and abandoning module CrashTracker (496)
[2017.05.24-13.58.33:804][610]LogModuleManager: Shutting down and abandoning module SceneOutliner (494)
[2017.05.24-13.58.33:804][610]LogModuleManager: Shutting down and abandoning module AddContentDialog (492)
[2017.05.24-13.58.33:804][610]LogDirectoryWatcher: A directory notification for 'C:/Program Files/Epic Games/UE_4.15/FeaturePacks/' was aborted.
[2017.05.24-13.58.33:805][610]LogModuleManager: Shutting down and abandoning module WidgetCarousel (491)
[2017.05.24-13.58.33:805][610]LogModuleManager: Shutting down and abandoning module EditorWidgets (488)
[2017.05.24-13.58.33:805][610]LogModuleManager: Shutting down and abandoning module CollectionManager (486)
[2017.05.24-13.58.33:805][610]LogDirectoryWatcher: A directory notification for 'F:/Restless/Restless/Restless/Content/Collections/' was aborted.
[2017.05.24-13.58.33:805][610]LogDirectoryWatcher: A directory notification for 'F:/Restless/Restless/Restless/Content/Developers/CanPohl/Collections/' was aborted.
[2017.05.24-13.58.33:805][610]LogDirectoryWatcher: A directory notification for 'F:/Restless/Restless/Restless/Saved/Collections/' was aborted.
[2017.05.24-13.58.33:805][610]LogModuleManager: Shutting down and abandoning module StatsViewer (484)
[2017.05.24-13.58.33:805][610]LogModuleManager: Shutting down and abandoning module FoliageEdit (482)
[2017.05.24-13.58.33:805][610]LogModuleManager: Shutting down and abandoning module LandscapeEditor (480)
[2017.05.24-13.58.33:805][610]LogModuleManager: Shutting down and abandoning module SceneDepthPickerMode (478)
[2017.05.24-13.58.33:805][610]LogModuleManager: Shutting down and abandoning module ActorPickerMode (476)
[2017.05.24-13.58.33:805][610]LogModuleManager: Shutting down and abandoning module GeometryMode (474)
[2017.05.24-13.58.33:805][610]LogModuleManager: Shutting down and abandoning module TextureAlignMode (472)
[2017.05.24-13.58.33:805][610]LogModuleManager: Shutting down and abandoning module BspMode (470)
[2017.05.24-13.58.33:805][610]LogModuleManager: Shutting down and abandoning module HardwareSurvey (468)
[2017.05.24-13.58.33:805][610]LogModuleManager: Shutting down and abandoning module SequenceRecorderSections (466)
[2017.05.24-13.58.33:805][610]LogModuleManager: Shutting down and abandoning module AutomationWorker (464)
[2017.05.24-13.58.33:805][610]LogModuleManager: Shutting down and abandoning module MatineeToLevelSequence (462)
[2017.05.24-13.58.33:805][610]LogModuleManager: Shutting down and abandoning module LevelSequenceEditor (460)
[2017.05.24-13.58.33:805][610]LogModuleManager: Shutting down and abandoning module PlacementMode (459)
[2017.05.24-13.58.33:805][610]LogModuleManager: Shutting down and abandoning module WmfMediaFactory (456)
[2017.05.24-13.58.33:805][610]LogModuleManager: Shutting down and abandoning module WmfMediaEditor (454)
[2017.05.24-13.58.33:805][610]LogModuleManager: Shutting down and abandoning module MfMediaFactory (452)
[2017.05.24-13.58.33:805][610]LogModuleManager: Shutting down and abandoning module MfMediaEditor (450)
[2017.05.24-13.58.33:805][610]LogModuleManager: Shutting down and abandoning module AvfMediaFactory (448)
[2017.05.24-13.58.33:805][610]LogModuleManager: Shutting down and abandoning module AvfMediaEditor (446)
[2017.05.24-13.58.33:805][610]LogModuleManager: Shutting down and abandoning module AndroidMediaFactory (444)
[2017.05.24-13.58.33:805][610]LogModuleManager: Shutting down and abandoning module Media (443)
[2017.05.24-13.58.33:805][610]LogModuleManager: Shutting down and abandoning module AndroidMediaEditor (440)
[2017.05.24-13.58.33:805][610]LogModuleManager: Shutting down and abandoning module CharacterAI (438)
[2017.05.24-13.58.33:805][610]LogModuleManager: Shutting down and abandoning module AudioCapture (436)
[2017.05.24-13.58.33:805][610]LogModuleManager: Shutting down and abandoning module SequenceRecorder (435)
[2017.05.24-13.58.33:805][610]LogModuleManager: Shutting down and abandoning module SmartSnapping (432)
[2017.05.24-13.58.33:805][610]LogModuleManager: Shutting down and abandoning module SessionServices (430)
[2017.05.24-13.58.33:805][610]LogModuleManager: Shutting down and abandoning module ViewportSnapping (428)
[2017.05.24-13.58.33:805][610]LogModuleManager: Shutting down and abandoning module ViewportInteraction (426)
[2017.05.24-13.58.33:805][610]LogModuleManager: Shutting down and abandoning module LogVisualizer (424)
[2017.05.24-13.58.33:805][610]LogModuleManager: Shutting down and abandoning module IntroTutorials (422)
[2017.05.24-13.58.33:806][610]LogModuleManager: Shutting down and abandoning module GameProjectGeneration (421)
[2017.05.24-13.58.33:806][610]LogModuleManager: Shutting down and abandoning module EditorLiveStreaming (418)
[2017.05.24-13.58.33:806][610]LogModuleManager: Shutting down and abandoning module IOSPlatformEditor (416)
[2017.05.24-13.58.33:806][610]LogModuleManager: Shutting down and abandoning module HTML5PlatformEditor (414)
[2017.05.24-13.58.33:806][610]LogModuleManager: Shutting down and abandoning module AndroidPlatformEditor (412)
[2017.05.24-13.58.33:806][610]LogModuleManager: Shutting down and abandoning module AndroidDeviceDetection (411)
[2017.05.24-13.58.34:744][610]LogModuleManager: Shutting down and abandoning module IOSRuntimeSettings (408)
[2017.05.24-13.58.34:744][610]LogModuleManager: Shutting down and abandoning module AndroidRuntimeSettings (406)
[2017.05.24-13.58.34:744][610]LogModuleManager: Shutting down and abandoning module InputBindingEditor (404)
[2017.05.24-13.58.34:744][610]LogModuleManager: Shutting down and abandoning module NiagaraEditor (402)
[2017.05.24-13.58.34:744][610]LogModuleManager: Shutting down and abandoning module MergeActors (400)
[2017.05.24-13.58.34:744][610]LogModuleManager: Shutting down and abandoning module SizeMap (398)
[2017.05.24-13.58.34:744][610]LogModuleManager: Shutting down and abandoning module TreeMap (396)
[2017.05.24-13.58.34:744][610]LogModuleManager: Shutting down and abandoning module ReferenceViewer (394)
[2017.05.24-13.58.34:744][610]LogModuleManager: Shutting down and abandoning module LocalizationDashboard (392)
[2017.05.24-13.58.34:744][610]LogModuleManager: Shutting down and abandoning module LocalizationService (391)
[2017.05.24-13.58.34:744][610]LogModuleManager: Shutting down and abandoning module HardwareTargeting (388)
[2017.05.24-13.58.34:744][610]LogModuleManager: Shutting down and abandoning module DeviceProfileEditor (386)
[2017.05.24-13.58.34:744][610]LogModuleManager: Shutting down and abandoning module UndoHistory (384)
[2017.05.24-13.58.34:744][610]LogModuleManager: Shutting down and abandoning module UserFeedback (382)
[2017.05.24-13.58.34:744][610]LogModuleManager: Shutting down and abandoning module XmlParser (380)
[2017.05.24-13.58.34:744][610]LogModuleManager: Shutting down and abandoning module Blutility (378)
[2017.05.24-13.58.34:744][610]LogModuleManager: Shutting down and abandoning module ProjectSettingsViewer (376)
[2017.05.24-13.58.34:744][610]LogModuleManager: Shutting down and abandoning module ProjectTargetPlatformEditor (375)
[2017.05.24-13.58.34:745][610]LogModuleManager: Shutting down and abandoning module EditorSettingsViewer (372)
[2017.05.24-13.58.34:745][610]LogModuleManager: Shutting down and abandoning module SettingsEditor (370)
[2017.05.24-13.58.34:745][610]LogModuleManager: Shutting down and abandoning module ProjectLauncher (368)
[2017.05.24-13.58.34:745][610]LogModuleManager: Shutting down and abandoning module SessionFrontend (366)
[2017.05.24-13.58.34:745][610]LogModuleManager: Shutting down and abandoning module ProfilerClient (364)
[2017.05.24-13.58.34:745][610]LogModuleManager: Shutting down and abandoning module DeviceManager (362)
[2017.05.24-13.58.34:745][610]LogModuleManager: Shutting down and abandoning module TargetDeviceServices (361)
[2017.05.24-13.58.34:800][610]LogModuleManager: Shutting down and abandoning module AutomationController (358)
[2017.05.24-13.58.34:800][610]LogModuleManager: Shutting down and abandoning module AutomationWindow (356)
[2017.05.24-13.58.34:800][610]LogModuleManager: Shutting down and abandoning module Layers (354)
[2017.05.24-13.58.34:800][610]LogModuleManager: Shutting down and abandoning module ComponentVisualizers (352)
[2017.05.24-13.58.34:800][610]LogModuleManager: Shutting down and abandoning module DetailCustomizations (350)
[2017.05.24-13.58.34:800][610]LogModuleManager: Shutting down and abandoning module PackagesDialog (348)
[2017.05.24-13.58.34:800][610]LogModuleManager: Shutting down and abandoning module Persona (346)
[2017.05.24-13.58.34:800][610]LogModuleManager: Shutting down and abandoning module AnimGraph (345)
[2017.05.24-13.58.34:800][610]LogModuleManager: Shutting down and abandoning module Kismet (342)
[2017.05.24-13.58.34:801][610]LogModuleManager: Shutting down and abandoning module GraphEditor (340)
[2017.05.24-13.58.34:801][610]LogModuleManager: Shutting down and abandoning module ClassViewer (338)
[2017.05.24-13.58.34:801][610]LogModuleManager: Shutting down and abandoning module Toolbox (336)
[2017.05.24-13.58.34:801][610]LogModuleManager: Shutting down and abandoning module ModuleUI (334)
[2017.05.24-13.58.34:801][610]LogModuleManager: Shutting down and abandoning module MovieSceneTools (332)
[2017.05.24-13.58.34:801][610]LogModuleManager: Shutting down and abandoning module OutputLog (330)
[2017.05.24-13.58.34:801][610]LogModuleManager: Shutting down and abandoning module GammaUI (328)
[2017.05.24-13.58.34:801][610]LogModuleManager: Shutting down and abandoning module Documentation (326)
[2017.05.24-13.58.34:801][610]LogModuleManager: Shutting down and abandoning module Niagara (324)
[2017.05.24-13.58.34:801][610]LogModuleManager: Shutting down and abandoning module StreamingPauseRendering (322)
[2017.05.24-13.58.34:801][610]LogModuleManager: Shutting down and abandoning module AnalyticsET (320)
[2017.05.24-13.58.34:801][610]LogModuleManager: Shutting down and abandoning module PortalServices (318)
[2017.05.24-13.58.34:801][610]LogModuleManager: Shutting down and abandoning module PortalRpc (316)
[2017.05.24-13.58.34:801][610]LogModuleManager: Shutting down and abandoning module MessagingRpc (314)
[2017.05.24-13.58.34:801][610]LogModuleManager: Shutting down and abandoning module AIModule (312)
[2017.05.24-13.58.34:801][610]LogModuleManager: Shutting down and abandoning module GameplayDebugger (311)
[2017.05.24-13.58.34:801][610]LogModuleManager: Shutting down and abandoning module AITestSuite (309)
[2017.05.24-13.58.34:801][610]LogModuleManager: Shutting down and abandoning module ProfilerService (306)
[2017.05.24-13.58.35:044][610]LogModuleManager: Shutting down and abandoning module TaskGraph (304)
[2017.05.24-13.58.35:044][610]LogModuleManager: Shutting down and abandoning module SteamVRController (302)
[2017.05.24-13.58.35:044][610]LogModuleManager: Shutting down and abandoning module SteamVR (300)
[2017.05.24-13.58.35:044][610]LogModuleManager: Shutting down and abandoning module ProceduralMeshComponentEditor (298)
[2017.05.24-13.58.35:044][610]LogModuleManager: Shutting down and abandoning module ProceduralMeshComponent (296)
[2017.05.24-13.58.35:044][610]LogModuleManager: Shutting down and abandoning module OculusLibrary (294)
[2017.05.24-13.58.35:044][610]LogModuleManager: Shutting down and abandoning module OculusInput (292)
[2017.05.24-13.58.35:044][610]LogModuleManager: Shutting down and abandoning module MobilePatchingUtils (290)
[2017.05.24-13.58.35:044][610]LogModuleManager: Shutting down and abandoning module CustomMeshComponent (288)
[2017.05.24-13.58.35:045][610]LogModuleManager: Shutting down and abandoning module CableComponent (286)
[2017.05.24-13.58.35:045][610]LogModuleManager: Shutting down and abandoning module ArchVisCharacter (284)
[2017.05.24-13.58.35:045][610]LogModuleManager: Shutting down and abandoning module MediaPlayerEditor (280)
[2017.05.24-13.58.35:045][610]LogModuleManager: Shutting down and abandoning module HTML5Networking (278)
[2017.05.24-13.58.35:045][610]LogModuleManager: Shutting down and abandoning module AlembicImporter (276)
[2017.05.24-13.58.35:045][610]LogModuleManager: Shutting down and abandoning module AlembicLibrary (275)
[2017.05.24-13.58.35:045][610]LogModuleManager: Shutting down and abandoning module GeometryCache (274)
[2017.05.24-13.58.35:045][610]LogModuleManager: Shutting down and abandoning module GeometryCacheEd (273)
[2017.05.24-13.58.35:045][610]LogModuleManager: Shutting down and abandoning module SuperSearchEditor (268)
[2017.05.24-13.58.35:045][610]LogModuleManager: Shutting down and abandoning module SuperSearch (267)
[2017.05.24-13.58.35:045][610]LogModuleManager: Shutting down and abandoning module SpeedTreeImporter (264)
[2017.05.24-13.58.35:045][610]LogModuleManager: Shutting down and abandoning module PluginBrowser (262)
[2017.05.24-13.58.35:045][610]LogModuleManager: Shutting down and abandoning module MobileLauncherProfileWizard (260)
[2017.05.24-13.58.35:045][610]LogModuleManager: Shutting down and abandoning module EpicSurvey (258)
[2017.05.24-13.58.35:045][610]LogModuleManager: Shutting down and abandoning module VisualStudioSourceCodeAccess (256)
[2017.05.24-13.58.35:045][610]LogModuleManager: Shutting down and abandoning module DesktopPlatform (255)
[2017.05.24-13.58.35:045][610]LogModuleManager: Shutting down and abandoning module UObjectPlugin (252)
[2017.05.24-13.58.35:045][610]LogModuleManager: Shutting down and abandoning module SubversionSourceControl (250)
[2017.05.24-13.58.35:045][610]LogModuleManager: Shutting down and abandoning module PerforceSourceControl (248)
[2017.05.24-13.58.35:045][610]LogModuleManager: Shutting down and abandoning module GitSourceControl (246)
[2017.05.24-13.58.35:045][610]LogModuleManager: Shutting down and abandoning module SourceControl (245)
[2017.05.24-13.58.35:045][610]LogModuleManager: Shutting down and abandoning module LightPropagationVolumeEditor (242)
[2017.05.24-13.58.35:045][610]LogModuleManager: Shutting down and abandoning module PaperTiledImporter (240)
[2017.05.24-13.58.35:045][610]LogModuleManager: Shutting down and abandoning module PaperSpriteSheetImporter (238)
[2017.05.24-13.58.35:045][610]LogModuleManager: Shutting down and abandoning module Paper2DEditor (236)
[2017.05.24-13.58.35:045][610]LogModuleManager: Shutting down and abandoning module MeshPaint (235)
[2017.05.24-13.58.35:045][610]LogModuleManager: Shutting down and abandoning module LevelEditor (233)
[2017.05.24-13.58.35:045][610]LogModuleManager: Shutting down and abandoning module PixelInspectorModule (232)
[2017.05.24-13.58.35:046][610]LogModuleManager: Shutting down and abandoning module MainFrame (230)
[2017.05.24-13.58.35:046][610]LogModuleManager: Shutting down and abandoning module HotReload (229)
[2017.05.24-13.58.35:046][610]LogModuleManager: Shutting down and abandoning module ContentBrowser (225)
[2017.05.24-13.58.35:047][610]LogModuleManager: Shutting down and abandoning module PhysXVehiclesEditor (222)
[2017.05.24-13.58.35:047][610]LogModuleManager: Shutting down and abandoning module PhysXVehicles (220)
[2017.05.24-13.58.35:047][610]LogModuleManager: Shutting down and abandoning module LocationServicesBPLibrary (218)
[2017.05.24-13.58.35:047][610]LogModuleManager: Shutting down and abandoning module UdpMessaging (216)
[2017.05.24-13.58.35:148][610]LogModuleManager: Shutting down and abandoning module TcpMessaging (214)
[2017.05.24-13.58.35:248][610]LogModuleManager: Shutting down and abandoning module GameplayTagsEditor (212)
[2017.05.24-13.58.35:248][610]LogModuleManager: Shutting down and abandoning module FacialAnimationEditor (210)
[2017.05.24-13.58.35:248][610]LogModuleManager: Shutting down and abandoning module FacialAnimation (208)
[2017.05.24-13.58.35:248][610]LogModuleManager: Shutting down and abandoning module LightPropagationVolumeRuntime (206)
[2017.05.24-13.58.35:248][610]LogModuleManager: Shutting down and abandoning module Paper2D (204)
[2017.05.24-13.58.35:248][610]LogModuleManager: Shutting down and abandoning module WindowsMoviePlayer (202)
[2017.05.24-13.58.35:248][610]LogModuleManager: Shutting down and abandoning module WmfMedia (200)
[2017.05.24-13.58.35:248][610]LogModuleManager: Shutting down and abandoning module MfMedia (198)
[2017.05.24-13.58.35:248][610]LogModuleManager: Shutting down and abandoning module MediaAssets (196)
[2017.05.24-13.58.35:248][610]LogModuleManager: Shutting down and abandoning module GameLiveStreaming (194)
[2017.05.24-13.58.35:248][610]LogModuleManager: Shutting down and abandoning module VREditor (192)
[2017.05.24-13.58.35:248][610]LogModuleManager: Shutting down and abandoning module GameplayTasksEditor (190)
[2017.05.24-13.58.35:248][610]LogModuleManager: Shutting down and abandoning module BehaviorTreeEditor (188)
[2017.05.24-13.58.35:248][610]LogModuleManager: Shutting down and abandoning module FunctionalTesting (186)
[2017.05.24-13.58.35:248][610]LogModuleManager: Shutting down and abandoning module CollisionAnalyzer (184)
[2017.05.24-13.58.35:248][610]LogModuleManager: Shutting down and abandoning module UMG (182)
[2017.05.24-13.58.35:248][610]LogModuleManager: Shutting down and abandoning module UMGEditor (181)
[2017.05.24-13.58.35:248][610]LogModuleManager: Shutting down and abandoning module Sequencer (180)
[2017.05.24-13.58.35:248][610]LogModuleManager: Shutting down and abandoning module AssetTools (178)
[2017.05.24-13.58.35:248][610]LogModuleManager: Shutting down and abandoning module MessageLog (177)
[2017.05.24-13.58.35:248][610]LogModuleManager: Shutting down and abandoning module WorkspaceMenuStructure (176)
[2017.05.24-13.58.35:248][610]LogModuleManager: Shutting down and abandoning module SlateReflector (170)
[2017.05.24-13.58.35:248][610]LogModuleManager: Shutting down and abandoning module Slate (168)
[2017.05.24-13.58.35:248][610]LogModuleManager: Shutting down and abandoning module EditorStyle (166)
[2017.05.24-13.58.35:250][610]LogModuleManager: Shutting down and abandoning module SourceCodeAccess (164)
[2017.05.24-13.58.35:250][610]LogModuleManager: Shutting down and abandoning module HeadMountedDisplay (162)
[2017.05.24-13.58.35:250][610]LogModuleManager: Shutting down and abandoning module XAudio2 (160)
[2017.05.24-13.58.35:250][610]LogModuleManager: Shutting down and abandoning module Networking (158)
[2017.05.24-13.58.35:250][610]LogModuleManager: Shutting down and abandoning module Core (154)
[2017.05.24-13.58.35:250][610]LogModuleManager: Shutting down and abandoning module AssetRegistry (152)
[2017.05.24-13.58.35:499][610]LogDirectoryWatcher: A directory notification for '../../../Engine/Content/' was aborted.
[2017.05.24-13.58.35:499][610]LogDirectoryWatcher: A directory notification for 'F:/Restless/Restless/Restless/Content/' was aborted.
[2017.05.24-13.58.35:499][610]LogDirectoryWatcher: A directory notification for '../../../Engine/Plugins/2D/Paper2D/Content/' was aborted.
[2017.05.24-13.58.35:500][610]LogModuleManager: Shutting down and abandoning module DirectoryWatcher (151)
[2017.05.24-13.58.35:500][610]LogModuleManager: Shutting down and abandoning module KismetCompiler (148)
[2017.05.24-13.58.35:500][610]LogModuleManager: Shutting down and abandoning module PhysXFormats (146)
[2017.05.24-13.58.35:500][610]LogModuleManager: Shutting down and abandoning module MeshUtilities (144)
[2017.05.24-13.58.35:500][610]LogModuleManager: Shutting down and abandoning module SimplygonSwarm (143)
[2017.05.24-13.58.35:500][610]LogModuleManager: Shutting down and abandoning module SimplygonMeshReduction (141)
[2017.05.24-13.58.35:500][610]LogModuleManager: Shutting down and abandoning module QuadricMeshReduction (139)
[2017.05.24-13.58.35:500][610]LogModuleManager: Shutting down and abandoning module PropertyEditor (137)
[2017.05.24-13.58.35:500][610]LogModuleManager: Shutting down and abandoning module DerivedDataCache (134)
[2017.05.24-13.58.35:587][610]LogDerivedDataCache: Shutdown
[2017.05.24-13.58.35:588][610]LogModuleManager: Shutting down and abandoning module TargetPlatform (132)
[2017.05.24-13.58.35:588][610]LogModuleManager: Shutting down and abandoning module VulkanShaderFormat (131)
[2017.05.24-13.58.35:588][610]LogModuleManager: Shutting down and abandoning module ShaderFormatOpenGL (129)
[2017.05.24-13.58.35:588][610]LogModuleManager: Shutting down and abandoning module ShaderFormatD3D (127)
[2017.05.24-13.58.35:588][610]LogModuleManager: Shutting down and abandoning module MetalShaderFormat (125)
[2017.05.24-13.58.35:588][610]LogModuleManager: Shutting down and abandoning module TextureFormatUncompressed (123)
[2017.05.24-13.58.35:588][610]LogModuleManager: Shutting down and abandoning module TextureFormatPVR (121)
[2017.05.24-13.58.35:588][610]LogModuleManager: Shutting down and abandoning module TextureFormatDXT (119)
[2017.05.24-13.58.35:588][610]LogModuleManager: Shutting down and abandoning module TextureFormatIntelISPCTexComp (117)
[2017.05.24-13.58.35:588][610]LogModuleManager: Shutting down and abandoning module TextureFormatASTC (115)
[2017.05.24-13.58.35:588][610]LogModuleManager: Shutting down and abandoning module ImageWrapper (114)
[2017.05.24-13.58.35:588][610]LogModuleManager: Shutting down and abandoning module TextureFormatAndroid (111)
[2017.05.24-13.58.35:588][610]LogModuleManager: Shutting down and abandoning module AudioFormatOpus (109)
[2017.05.24-13.58.35:588][610]LogModuleManager: Shutting down and abandoning module AudioFormatOgg (107)
[2017.05.24-13.58.35:588][610]LogModuleManager: Shutting down and abandoning module AudioFormatADPCM (105)
[2017.05.24-13.58.35:588][610]LogModuleManager: Shutting down and abandoning module LinuxTargetPlatform (103)
[2017.05.24-13.58.35:588][610]LogModuleManager: Shutting down and abandoning module LinuxServerTargetPlatform (101)
[2017.05.24-13.58.35:588][610]LogModuleManager: Shutting down and abandoning module LinuxNoEditorTargetPlatform (99)
[2017.05.24-13.58.35:588][610]LogModuleManager: Shutting down and abandoning module LinuxClientTargetPlatform (97)
[2017.05.24-13.58.35:588][610]LogModuleManager: Shutting down and abandoning module TVOSTargetPlatform (95)
[2017.05.24-13.58.35:588][610]LogModuleManager: Shutting down and abandoning module Messaging (93)
[2017.05.24-13.58.35:588][610]LogModuleManager: Shutting down and abandoning module IOSTargetPlatform (91)
[2017.05.24-13.58.35:589][610]LogModuleManager: Shutting down and abandoning module HTML5TargetPlatform (89)
[2017.05.24-13.58.35:589][610]LogModuleManager: Shutting down and abandoning module Android_PVRTCTargetPlatform (87)
[2017.05.24-13.58.35:589][610]LogModuleManager: Shutting down and abandoning module Android_MultiTargetPlatform (85)
[2017.05.24-13.58.35:589][610]LogModuleManager: Shutting down and abandoning module Android_ETC2TargetPlatform (83)
[2017.05.24-13.58.35:589][610]LogModuleManager: Shutting down and abandoning module Android_ETC1TargetPlatform (81)
[2017.05.24-13.58.35:589][610]LogModuleManager: Shutting down and abandoning module Android_DXTTargetPlatform (79)
[2017.05.24-13.58.35:589][610]LogModuleManager: Shutting down and abandoning module Android_ATCTargetPlatform (77)
[2017.05.24-13.58.35:589][610]LogModuleManager: Shutting down and abandoning module Android_ASTCTargetPlatform (75)
[2017.05.24-13.58.35:589][610]LogModuleManager: Shutting down and abandoning module AndroidTargetPlatform (73)
[2017.05.24-13.58.35:589][610]LogModuleManager: Shutting down and abandoning module WindowsTargetPlatform (71)
[2017.05.24-13.58.35:589][610]LogModuleManager: Shutting down and abandoning module WindowsServerTargetPlatform (69)
[2017.05.24-13.58.35:589][610]LogModuleManager: Shutting down and abandoning module WindowsNoEditorTargetPlatform (67)
[2017.05.24-13.58.35:589][610]LogModuleManager: Shutting down and abandoning module WindowsClientTargetPlatform (65)
[2017.05.24-13.58.35:589][610]LogModuleManager: Shutting down and abandoning module MacTargetPlatform (63)
[2017.05.24-13.58.35:589][610]LogModuleManager: Shutting down and abandoning module MacServerTargetPlatform (61)
[2017.05.24-13.58.35:589][610]LogModuleManager: Shutting down and abandoning module MacNoEditorTargetPlatform (59)
[2017.05.24-13.58.35:589][610]LogModuleManager: Shutting down and abandoning module MacClientTargetPlatform (57)
[2017.05.24-13.58.35:589][610]LogModuleManager: Shutting down and abandoning module AllDesktopTargetPlatform (55)
[2017.05.24-13.58.35:589][610]LogModuleManager: Shutting down and abandoning module InputCore (52)
[2017.05.24-13.58.35:589][610]LogModuleManager: Shutting down and abandoning module Settings (50)
[2017.05.24-13.58.35:589][610]LogModuleManager: Shutting down and abandoning module OculusRift (48)
[2017.05.24-13.58.35:589][610]LogModuleManager: Shutting down and abandoning module GearVR (46)
[2017.05.24-13.58.35:589][610]LogModuleManager: Shutting down and abandoning module ExampleDeviceProfileSelector (44)
[2017.05.24-13.58.35:589][610]LogModuleManager: Shutting down and abandoning module OnlineBlueprintSupport (42)
[2017.05.24-13.58.35:589][610]LogModuleManager: Shutting down and abandoning module OnlineSubsystem (38)
[2017.05.24-13.58.35:589][610]LogOnline:Display: Unloading online subsystem: NULL
[2017.05.24-13.58.35:589][610]LogModuleManager: Shutting down and abandoning module XMPP (37)
[2017.05.24-13.58.35:589][610]LogModuleManager: Shutting down and abandoning module HTTP (35)
[2017.05.24-13.58.35:589][610]LogHttp:Display: Http module shutting down, but needs to wait on 1 outstanding Http requests:
[2017.05.24-13.58.35:589][610]LogHttp:Display: 	verb=[POST] url=[https://datarouter.ol.epicgames.com/datarouter/api/v1/public/data?SessionID=%7B67E88D55-4B0E-4071-4F80-05B34B87A0A2%7D&AppID=UEEditor.Rocket.Release&AppVersion=4.15.1-3348071%2B%2B%2BUE4%2BRelease-4.15&UserID=d98e7a7e42a85fc9b5a024be5452bf8f%7C3dd4f50abdb240548bec2df4bc335d86%7C827e0421-0152-46d9-82bc-c506fa749be3&AppEnvironment=datacollector-binary&UploadType=eteventstream] status=Processing
[2017.05.24-13.58.35:624][610]LogModuleManager: Shutting down and abandoning module SSL (34)
[2017.05.24-13.58.35:626][610]LogModuleManager: Shutting down and abandoning module AudioEditor (30)
[2017.05.24-13.58.35:626][610]LogModuleManager: Shutting down and abandoning module TextureCompressor (28)
[2017.05.24-13.58.35:626][610]LogModuleManager: Shutting down and abandoning module ShaderCore (26)
[2017.05.24-13.58.35:626][610]LogModuleManager: Shutting down and abandoning module Landscape (24)
[2017.05.24-13.58.35:626][610]LogModuleManager: Shutting down and abandoning module SlateRHIRenderer (22)
[2017.05.24-13.58.35:629][610]LogModuleManager: Shutting down and abandoning module OpenGLDrv (20)
[2017.05.24-13.58.35:629][610]LogModuleManager: Shutting down and abandoning module D3D11RHI (18)
[2017.05.24-13.58.35:629][610]LogModuleManager: Shutting down and abandoning module AnimGraphRuntime (16)
[2017.05.24-13.58.35:629][610]LogModuleManager: Shutting down and abandoning module Renderer (14)
[2017.05.24-13.58.35:629][610]LogModuleManager: Shutting down and abandoning module Engine (12)
[2017.05.24-13.58.35:629][610]LogModuleManager: Shutting down and abandoning module CoreUObject (10)
[2017.05.24-13.58.35:629][610]LogModuleManager: Shutting down and abandoning module NetworkFile (8)
[2017.05.24-13.58.35:629][610]LogModuleManager: Shutting down and abandoning module StreamingFile (6)
[2017.05.24-13.58.35:629][610]LogModuleManager: Shutting down and abandoning module SandboxFile (4)
[2017.05.24-13.58.35:629][610]LogModuleManager: Shutting down and abandoning module PakFile (2)
[2017.05.24-13.58.35:632][610]LogExit: Exiting.
[2017.05.24-13.58.35:634][610]Log file closed, 05/24/17 15:58:35
