Log file open, 06/06/17 14:45:46
LogInit:Display: Running engine for game: MyProject
LogPlatformFile: Not using cached read wrapper
LogInit:Display: RandInit(1354253675) SRandInit(1354253675).
LogTaskGraph: Started task graph with 5 named threads and 8 total threads with 1 sets of task threads.
LogStats: Stats thread started at 0.072406
LogInit: Using libcurl 7.47.1
LogInit:  - built for x86_64-pc-win32
LogInit:  - supports SSL with OpenSSL/1.0.2g
LogInit:  - supports HTTP deflate (compression) using libz 1.2.8
LogInit:  - other features:
LogInit:      CURL_VERSION_SSL
LogInit:      CURL_VERSION_LIBZ
LogInit:      CURL_VERSION_IPV6
LogInit:      CURL_VERSION_ASYNCHDNS
LogInit:      CURL_VERSION_LARGEFILE
LogInit:      CURL_VERSION_IDN
LogInit:  CurlRequestOptions (configurable via config and command line):
LogInit:  - bVerifyPeer = false  - Libcurl will NOT verify peer certificate
LogInit:  - bUseHttpProxy = false  - Libcurl will NOT use HTTP proxy
LogInit:  - bDontReuseConnections = false  - Libcurl will reuse connections
LogInit:  - CertBundlePath = nullptr  - Libcurl will use whatever was configured at build time.
LogInit: Build: ++UE4+Release-4.15-CL-3416026
LogInit: Engine Version: 4.15.2-3416026+++UE4+Release-4.15
LogInit: Compatible Engine Version: 4.15.0-3299760+++UE4+Release-4.15
LogInit: Net CL: 3299760
LogDevObjectVersion: Number of dev versions registered: 14
LogDevObjectVersion:   Dev-Blueprints (B0D832E4-1F89-4F0D-ACCF-7EB736FD4AA2): 8
LogDevObjectVersion:   Dev-Build (E1C64328-A22C-4D53-A36C-8E866417BD8C): 0
LogDevObjectVersion:   Dev-Core (375EC13C-06E4-48FB-B500-84F0262A717E): 2
LogDevObjectVersion:   Dev-Editor (E4B068ED-F494-42E9-A231-DA0B2E46BB41): 14
LogDevObjectVersion:   Dev-Framework (CFFC743F-43B0-4480-9391-14DF171D2073): 22
LogDevObjectVersion:   Dev-Mobile (B02B49B5-BB20-44E9-A304-32B752E40360): 0
LogDevObjectVersion:   Dev-Networking (A4E4105C-59A1-49B5-A7C5-40C4547EDFEE): 0
LogDevObjectVersion:   Dev-Online (39C831C9-5AE6-47DC-9A44-9C173E1C8E7C): 0
LogDevObjectVersion:   Dev-Physics (78F01B33-EBEA-4F98-B9B4-84EACCB95AA2): 0
LogDevObjectVersion:   Dev-Platform (6631380F-2D4D-43E0-8009-CF276956A95A): 0
LogDevObjectVersion:   Dev-Rendering (12F88B9F-8875-4AFC-A67C-D90C383ABD29): 12
LogDevObjectVersion:   Dev-Sequencer (7B5AE74C-D270-4C10-A958-57980B212A5A): 3
LogDevObjectVersion:   Dev-VR (D7296918-1DD6-4BDD-9DE2-64A83CC13884): 0
LogDevObjectVersion:   Dev-LoadTimes (C2A15278-BFE7-4AFE-6C17-90FF531DF755): 1
LogInit: Compiled (64-bit): May  1 2017 13:11:28
LogInit: Compiled with Visual C++: 19.00.23026.00
LogInit: Build Configuration: Development
LogInit: Branch Name: ++UE4+Release-4.15
LogInit: Command line:  
LogInit: Base directory: C:/Program Files/Epic Games/UE_4.15/Engine/Binaries/Win64/
LogInit: Installed Engine Build: 1
LogInit: Presizing for max 8388607 objects, including 0 objects not considered by GC, pre-allocating 0 bytes for permanent pool.
LogInit: Object subsystem initialized
[2017.06.06-12.45.47:274][  0]LogInit: Selected Device Profile: [Windows]
[2017.06.06-12.45.47:274][  0]LogInit: Applying CVar settings loaded from the selected device profile: [Windows]
[2017.06.06-12.45.47:284][  0]LogInit: Computer: 2014-GA-36
[2017.06.06-12.45.47:284][  0]LogInit: User: FabianHerzog
[2017.06.06-12.45.47:284][  0]LogInit: CPU Page size=65536, Cores=4
[2017.06.06-12.45.47:284][  0]LogInit: High frequency timer resolution =3.117780 MHz
[2017.06.06-12.45.47:284][  0]LogMemory: Memory total: Physical=16.0GB (16GB approx)
[2017.06.06-12.45.47:284][  0]LogMemory: Platform Memory Stats for Windows
[2017.06.06-12.45.47:284][  0]LogMemory: Process Physical Memory: 262.82 MB used, 262.82 MB peak
[2017.06.06-12.45.47:284][  0]LogMemory: Process Virtual Memory: 262.17 MB used, 262.17 MB peak
[2017.06.06-12.45.47:284][  0]LogMemory: Physical Memory: 6054.04 MB used,  10281.25 MB free, 16335.29 MB total
[2017.06.06-12.45.47:284][  0]LogMemory: Virtual Memory: 644.40 MB used,  10281.25 MB free, 134217728.00 MB total
[2017.06.06-12.45.47:351][  0]LogTextLocalizationManager: No translations for ('de-DE') exist, falling back to 'en' for localization and internationalization data.
[2017.06.06-12.45.47:910][  0]LogD3D11RHI: D3D11 adapters:
[2017.06.06-12.45.47:949][  0]LogD3D11RHI:    0. 'NVIDIA GeForce GTX 760' (Feature Level 11_0)
[2017.06.06-12.45.47:949][  0]LogD3D11RHI:       2017/0/8167 MB DedicatedVideo/DedicatedSystem/SharedSystem, Outputs:2, VendorId:0x10de
[2017.06.06-12.45.47:950][  0]LogD3D11RHI:    1. 'Microsoft Basic Render Driver' (Feature Level 11_0)
[2017.06.06-12.45.47:950][  0]LogD3D11RHI:       0/0/8167 MB DedicatedVideo/DedicatedSystem/SharedSystem, Outputs:0, VendorId:0x1414
[2017.06.06-12.45.47:950][  0]LogD3D11RHI: Chosen D3D11 Adapter: 0
[2017.06.06-12.45.47:956][  0]LogD3D11RHI: Creating new Direct3DDevice
[2017.06.06-12.45.47:956][  0]LogD3D11RHI:     GPU DeviceId: 0x1187 (for the marketing name, search the web for "GPU Device Id")
[2017.06.06-12.45.47:956][  0]LogWindows: EnumDisplayDevices:
[2017.06.06-12.45.47:956][  0]LogWindows:    0. 'NVIDIA GeForce GTX 760' (P:0 D:1)
[2017.06.06-12.45.47:956][  0]LogWindows:    1. 'NVIDIA GeForce GTX 760' (P:1 D:1)
[2017.06.06-12.45.47:956][  0]LogWindows:    2. 'NVIDIA GeForce GTX 760' (P:0 D:0)
[2017.06.06-12.45.47:956][  0]LogWindows:    3. 'NVIDIA GeForce GTX 760' (P:0 D:0)
[2017.06.06-12.45.47:956][  0]LogWindows: DebugString: FoundDriverCount:4 
[2017.06.06-12.45.47:956][  0]LogD3D11RHI:     Adapter Name: NVIDIA GeForce GTX 760
[2017.06.06-12.45.47:956][  0]LogD3D11RHI:   Driver Version: 382.05 (internal:22.21.13.8205, unified:382.05)
[2017.06.06-12.45.47:956][  0]LogD3D11RHI:      Driver Date: 5-1-2017
[2017.06.06-12.45.47:956][  0]LogRHI: Texture pool is 1361 MB (70% of 1945 MB)
[2017.06.06-12.45.47:984][  0]LogD3D11RHI:Warning: Timestamp queries are currently disabled on this hardware due to instability. Realtime GPU stats will not be available. You can override this behaviour by setting r.NVIDIATimestampWorkaround to 0
[2017.06.06-12.45.47:986][  0]LogD3D11RHI: [Aftermath] Aftermath enabled and primed
[2017.06.06-12.45.47:986][  0]LogD3D11RHI: Async texture creation enabled
[2017.06.06-12.45.47:996][  0]LogD3D11RHI: GPU Timing Frequency: 1000.000000 (Debug: 2 1)
[2017.06.06-12.45.47:998][  0]LogD3D11RHI: HDR output is supported on display 1 (NvId: 0x80061087).
[2017.06.06-12.45.47:998][  0]LogShaderCompilers: Guid format shader working directory is 24 characters bigger than the processId version (D:/Restless/Restless/Restless/Intermediate/Shaders/WorkingDirectory/13176/).
[2017.06.06-12.45.47:998][  0]LogShaderCompilers: Cleaned the shader compiler working directory 'C:/Users/fabian.herzog/AppData/Local/Temp/UnrealShaderWorkingDir/BD7925A848CCB64E85F397932C2EAD28/'.
[2017.06.06-12.45.47:998][  0]LogShaderCompilers:Display: Using Local Shader Compiler.
[2017.06.06-12.45.48:948][  0]LogTemp:Display: Loaded TP AllDesktopTargetPlatform
[2017.06.06-12.45.48:997][  0]LogTemp:Display: Loaded TP MacClientTargetPlatform
[2017.06.06-12.45.49:044][  0]LogTemp:Display: Loaded TP MacNoEditorTargetPlatform
[2017.06.06-12.45.49:093][  0]LogTemp:Display: Loaded TP MacServerTargetPlatform
[2017.06.06-12.45.49:141][  0]LogTemp:Display: Loaded TP MacTargetPlatform
[2017.06.06-12.45.49:188][  0]LogTemp:Display: Loaded TP WindowsClientTargetPlatform
[2017.06.06-12.45.49:238][  0]LogTemp:Display: Loaded TP WindowsNoEditorTargetPlatform
[2017.06.06-12.45.49:285][  0]LogTemp:Display: Loaded TP WindowsServerTargetPlatform
[2017.06.06-12.45.49:324][  0]LogTemp:Display: Loaded TP WindowsTargetPlatform
[2017.06.06-12.45.49:370][  0]LogTemp:Display: Loaded TP AndroidTargetPlatform
[2017.06.06-12.45.49:416][  0]LogTemp:Display: Loaded TP Android_ASTCTargetPlatform
[2017.06.06-12.45.49:462][  0]LogTemp:Display: Loaded TP Android_ATCTargetPlatform
[2017.06.06-12.45.49:509][  0]LogTemp:Display: Loaded TP Android_DXTTargetPlatform
[2017.06.06-12.45.49:555][  0]LogTemp:Display: Loaded TP Android_ETC1TargetPlatform
[2017.06.06-12.45.49:602][  0]LogTemp:Display: Loaded TP Android_ETC2TargetPlatform
[2017.06.06-12.45.49:696][  0]LogTemp:Display: Loaded TP Android_MultiTargetPlatform
[2017.06.06-12.45.49:696][  0]LogTemp:Display: Loaded TP Android_PVRTCTargetPlatform
[2017.06.06-12.45.49:729][  0]LogTemp:Display: Loaded TP HTML5TargetPlatform
[2017.06.06-12.45.49:814][  0]LogTemp:Display: Loaded TP IOSTargetPlatform
[2017.06.06-12.45.49:859][  0]LogTemp:Display: Loaded TP TVOSTargetPlatform
[2017.06.06-12.45.49:906][  0]LogTemp:Display: Loaded TP LinuxClientTargetPlatform
[2017.06.06-12.45.49:953][  0]LogTemp:Display: Loaded TP LinuxNoEditorTargetPlatform
[2017.06.06-12.45.50:000][  0]LogTemp:Display: Loaded TP LinuxServerTargetPlatform
[2017.06.06-12.45.50:047][  0]LogTemp:Display: Loaded TP LinuxTargetPlatform
[2017.06.06-12.45.50:047][  0]LogTargetPlatformManager:Display: Building Assets For Windows
[2017.06.06-12.45.50:417][  0]LogDerivedDataCache:Display: Max Cache Size: 512 MB
[2017.06.06-12.45.50:461][  0]LogDerivedDataCache: Loaded boot cache 0.04s 50MB C:/Users/fabian.herzog/AppData/Local/UnrealEngine/4.15/DerivedDataCache/Boot.ddc.
[2017.06.06-12.45.50:461][  0]LogDerivedDataCache:Display: Loaded Boot cache: C:/Users/fabian.herzog/AppData/Local/UnrealEngine/4.15/DerivedDataCache/Boot.ddc
[2017.06.06-12.45.50:461][  0]LogDerivedDataCache: FDerivedDataBackendGraph:  Pak pak cache file D:/Restless/Restless/Restless/DerivedDataCache/DDC.ddp not found, will not use a pak cache.
[2017.06.06-12.45.50:461][  0]LogDerivedDataCache: Unable to find inner node Pak for hierarchical cache Hierarchy.
[2017.06.06-12.45.50:461][  0]LogDerivedDataCache: FDerivedDataBackendGraph:  CompressedPak pak cache file D:/Restless/Restless/Restless/DerivedDataCache/Compressed.ddp not found, will not use a pak cache.
[2017.06.06-12.45.50:461][  0]LogDerivedDataCache: Unable to find inner node CompressedPak for hierarchical cache Hierarchy.
[2017.06.06-12.45.50:478][  0]LogDerivedDataCache:Display: Pak cache opened for reading ../../../Engine/DerivedDataCache/Compressed.ddp.
[2017.06.06-12.45.50:490][  0]LogDerivedDataCache: Using Local data cache path C:/Users/fabian.herzog/AppData/Local/UnrealEngine/Common/DerivedDataCache: Writable
[2017.06.06-12.45.50:498][  0]LogSlate: Using Freetype 2.6.0
[2017.06.06-12.45.50:499][  0]LogSlate: SlateFontCache - WITH_FREETYPE: 1, WITH_HARFBUZZ: 1
[2017.06.06-12.45.50:499][  0]LogSlate: SlateFontCache - WITH_FREETYPE: 1, WITH_HARFBUZZ: 1
[2017.06.06-12.45.50:725][  0]LogInit: Selected Device Profile: [Windows]
[2017.06.06-12.45.50:727][  0]LogContentStreaming: Texture pool size is 0.00 MB
[2017.06.06-12.45.50:907][  0]LogMeshUtilities: Using QuadricMeshReduction for automatic static mesh reduction
[2017.06.06-12.45.50:943][  0]LogSimplygon: Simplygon DLL not present - disabling.
[2017.06.06-12.45.50:982][  0]LogMeshUtilities: Using SimplygonSwarm for distributed automatic mesh merging
[2017.06.06-12.45.50:982][  0]LogMeshUtilities: No automatic skeletal mesh reduction module available
[2017.06.06-12.45.50:982][  0]LogMeshUtilities: No automatic mesh merging module available
[2017.06.06-12.45.51:445][  0]LogNetVersion: GetLocalNetworkVersion: CL: 3299760, ProjectName: myproject, ProjectVersion: , EngineNetworkVersion: 2, GameNetworkVersion: 0, NetworkChecksum: 4136520461
[2017.06.06-12.45.51:488][  0]LogAssetRegistry: FAssetRegistry took 0.0220 seconds to start up
[2017.06.06-12.45.51:515][  0]LogPackageLocalizationCache: Processed 3 localized package path(s) for 1 prioritized culture(s) in 0.009127 seconds
[2017.06.06-12.45.51:520][  0]LogUObjectArray: 32493 objects as part of root set at end of initial load.
[2017.06.06-12.45.51:520][  0]LogUObjectAllocator: 7077032 out of 0 bytes used by permanent object pool.
[2017.06.06-12.45.51:520][  0]LogUObjectArray: CloseDisregardForGC: 0/0 objects in disregard for GC pool
[2017.06.06-12.45.51:574][  0]LogInit: WinSock: version 1.1 (2.2), MaxSocks=32767, MaxUdp=65467
[2017.06.06-12.45.52:921][  0]LogTcpMessaging: Initializing TcpMessaging bridge
[2017.06.06-12.45.52:956][  0]LogUdpMessaging: Initializing bridge on interface 0.0.0.0:0 to multicast group 230.0.0.1:6666.
[2017.06.06-12.45.53:407][  0]LogMaterial: Uniform references updated for custom material expression Custom.
[2017.06.06-12.45.53:726][  0]SourceControl: Info Source control is disabled
[2017.06.06-12.45.53:726][  0]SourceControl: Info Source control is disabled
[2017.06.06-12.45.53:766][  0]SourceControl: Info Source control is disabled
[2017.06.06-12.45.53:806][  0]SourceControl: Info Source control is disabled
[2017.06.06-12.45.54:858][  0]LogEngine: Initializing Engine...
[2017.06.06-12.45.54:858][  0]LogHMD: Failed to initialize OpenVR with code 110
[2017.06.06-12.45.54:954][  0]LogStats: UGameplayTagsManager::ConstructGameplayTagTree: Construct from data asset -  0.000 s
[2017.06.06-12.45.54:954][  0]LogStats: UGameplayTagsManager::ConstructGameplayTagTree: GameplayTagTreeChangedEvent.Broadcast -  0.000 s
[2017.06.06-12.45.55:056][  0]LogAIModule: Creating AISystem for world Untitled
[2017.06.06-12.45.55:062][  0]LogInit: XAudio2 using 'Kopfhörer (High Definition Audio-Gerät)' : 2 channels at 44.1 kHz using 16 bits per sample (channel mask 0x3)
[2017.06.06-12.45.55:092][  0]LogInit: FAudioDevice initialized.
[2017.06.06-12.45.55:117][  0]LogDerivedDataCache: Saved boot cache 0.02s 50MB C:/Users/fabian.herzog/AppData/Local/UnrealEngine/4.15/DerivedDataCache/Boot.ddc.
[2017.06.06-12.45.55:126][  0]LogInit: Texture streaming: Enabled
[2017.06.06-12.45.55:205][  0]LogEngineSessionManager: EngineSessionManager initialized
[2017.06.06-12.45.55:279][  0]LogInit: Transaction tracking system initialized
[2017.06.06-12.45.55:564][  0]BlueprintLog: New page: Editor Load
[2017.06.06-12.45.56:296][  0]LocalizationService: Info Localization service is disabled
[2017.06.06-12.45.56:847][  0]LogConsoleResponse:Display: 
[2017.06.06-12.45.56:955][  0]LogCook:Display: Max memory allowance for cook 16384mb min free memory 0mb
[2017.06.06-12.45.56:955][  0]LogCook:Display: Mobile HDR setting 1
[2017.06.06-12.45.57:809][  0]LogFileCache: Scanning file cache for directory 'D:/Restless/Restless/Restless/Content/' took 0.01s
[2017.06.06-12.45.57:809][  0]SourceControl: Info Source control is disabled
[2017.06.06-12.45.57:809][  0]Cmd: MAP LOAD FILE="D:/Restless/Restless/Restless/Content/Levels/Blockout_beat2.umap" TEMPLATE=0 SHOWPROGRESS=1 FEATURELEVEL=3
[2017.06.06-12.45.57:810][  0]LightingResults: New page: Lighting Build
[2017.06.06-12.45.57:844][  0]MapCheck: New page: Map Check
[2017.06.06-12.45.57:844][  0]LightingResults: New page: Lighting Build
[2017.06.06-12.45.57:944][  0]LogLinker:Warning: Can't find file '/Game/Levels/Blockout_beat2_BuiltData'
[2017.06.06-12.45.57:944][  0]LogLinker:Warning: Can't find file for asset '/Game/Levels/Blockout_beat2_BuiltData' while loading D:/Restless/Restless/Restless/Content/Levels/Blockout_beat2.umap.
[2017.06.06-12.45.57:944][  0]LoadErrors:Error: Error /Game/Levels/Blockout_beat2 : Can't find file for asset. /Game/Levels/Blockout_beat2_BuiltData
[2017.06.06-12.45.57:944][  0]LogLinker:Warning: Can't find file '/Game/Levels/Blockout_beat2_BuiltData'
[2017.06.06-12.45.57:945][  0]LogLinker:Warning: Can't find file for asset '/Game/Levels/Blockout_beat2_BuiltData' while loading D:/Restless/Restless/Restless/Content/Levels/Blockout_beat2.umap.
[2017.06.06-12.45.57:945][  0]LoadErrors:Error: Error /Game/Levels/Blockout_beat2 : Can't find file for asset. /Game/Levels/Blockout_beat2_BuiltData
[2017.06.06-12.45.57:945][  0]LogLinker:Warning: Can't find file '/Game/Levels/Blockout_beat2_BuiltData'
[2017.06.06-12.45.57:945][  0]LogLinker:Warning: Can't find file for asset '/Game/Levels/Blockout_beat2_BuiltData' while loading NULL.
[2017.06.06-12.45.57:945][  0]LogLinker:Warning: Can't find file '/Game/Levels/Blockout_beat2_BuiltData'
[2017.06.06-12.45.57:945][  0]LogLinker:Warning: Can't find file for asset '/Game/Levels/Blockout_beat2_BuiltData' while loading NULL.
[2017.06.06-12.45.57:949][  0]LogLinker:Warning: Can't find file '/Game/Levels/Blockout_beat2_BuiltData'
[2017.06.06-12.45.57:949][  0]LoadErrors: Info Failed to load /Game/Levels/Blockout_beat2_BuiltData.Blockout_beat2_BuiltData Referenced by PersistentLevel
[2017.06.06-12.45.57:949][  0]LogLinker:Warning: Can't find file for asset '/Game/Levels/Blockout_beat2_BuiltData' while loading NULL.
[2017.06.06-12.45.57:950][  0]LoadErrors: Info Failed to load /Game/Levels/Blockout_beat2_BuiltData.Blockout_beat2_BuiltData Referenced by PersistentLevel
[2017.06.06-12.45.58:003][  0]LogAIModule: Creating AISystem for world Blockout_beat2
[2017.06.06-12.45.58:022][  0]LogEditorServer: Finished looking for orphan Actors (0.000 secs)
[2017.06.06-12.45.58:022][  0]Cmd: MAP CHECKDEP NOCLEARLOG
[2017.06.06-12.45.58:057][  0]MapCheck: Info Map check complete: 0 Error(s), 0 Warning(s), took 34.574ms to complete.
[2017.06.06-12.45.58:057][  0]LogFileHelpers: Loading map 'Blockout_beat2' took 0.248
[2017.06.06-12.45.58:146][  0]LogWindowsTextInputMethodSystem:Display: IME system now deactivated.
[2017.06.06-12.45.58:262][  0]LogCollectionManager: Loaded 0 collections in 0.001247 seconds
[2017.06.06-12.45.58:357][  0]LogFileCache: Scanning file cache for directory 'D:/Restless/Restless/Restless/Saved/Collections/' took 0.01s
[2017.06.06-12.45.58:357][  0]LogFileCache: Scanning file cache for directory 'D:/Restless/Restless/Restless/Content/Developers/FabianHerzog/Collections/' took 0.01s
[2017.06.06-12.45.58:357][  0]LogFileCache: Scanning file cache for directory 'D:/Restless/Restless/Restless/Content/Collections/' took 0.01s
[2017.06.06-12.45.58:357][  0]LogCollectionManager: Rebuilt the GUID cache for 0 collections in 0.000002 seconds
[2017.06.06-12.45.58:365][  0]LogContentBrowser: Native class hierarchy populated in 0.0081 seconds. Added 2245 classes and 453 folders.
[2017.06.06-12.45.58:422][  0]LogContentBrowser: Native class hierarchy updated for 'WidgetCarousel' in 0.0005 seconds. Added 0 classes and 0 folders.
[2017.06.06-12.45.58:454][  0]LogContentBrowser: Native class hierarchy updated for 'AddContentDialog' in 0.0005 seconds. Added 0 classes and 0 folders.
[2017.06.06-12.45.58:492][  0]LogContentBrowser: Native class hierarchy updated for 'SceneOutliner' in 0.0007 seconds. Added 1 classes and 2 folders.
[2017.06.06-12.45.58:537][  0]LogContentBrowser: Native class hierarchy updated for 'WorldBrowser' in 0.0004 seconds. Added 1 classes and 3 folders.
[2017.06.06-12.45.58:621][  0]LogCrashTracker: Crashtracker disabled due to settings.
[2017.06.06-12.45.58:627][  0]LogUObjectGlobals:Warning: Failed to find object 'Class None.'
[2017.06.06-12.45.58:687][  0]LogContentBrowser: Native class hierarchy updated for 'HierarchicalLODOutliner' in 0.0004 seconds. Added 1 classes and 2 folders.
[2017.06.06-12.45.58:687][  0]LogLoad: (Engine Initialization) Total time: 13.04 seconds
[2017.06.06-12.45.58:687][  0]LogLoad: (Engine Initialization) Total Blueprint compile time: 0.09 seconds
[2017.06.06-12.45.58:687][  0]LogExternalProfiler: Found external profiler: VSPerf
[2017.06.06-12.45.58:687][  0]LogExternalProfiler: Using external profiler: VSPerf
[2017.06.06-12.45.58:697][  0]LogOcInput: OculusInput pre-init called
[2017.06.06-12.45.58:730][  0]LogContentStreaming: Texture pool size now 1000 MB
[2017.06.06-12.45.58:744][  0]LogSlate: Took 0.000230 seconds to synchronously load lazily loaded font '../../../Engine/Content/Slate/Fonts/Roboto-Regular.ttf' (155K)
[2017.06.06-12.45.58:748][  0]LogSlate: Took 0.000284 seconds to synchronously load lazily loaded font '../../../Engine/Content/Slate/Fonts/Roboto-Bold.ttf' (160K)
[2017.06.06-12.45.58:753][  0]LogSlate: Took 0.000179 seconds to synchronously load lazily loaded font '../../../Engine/Content/Editor/Slate/Fonts/FontAwesome.ttf' (139K)
[2017.06.06-12.45.58:854][  0]LogSlate: Took 0.000176 seconds to synchronously load lazily loaded font '../../../Engine/Content/Slate/Fonts/Roboto-Light.ttf' (159K)
[2017.06.06-12.45.58:901][  0]LogRenderer: Reallocating scene render targets to support 1132x660 NumSamples 1 (Frame:2).
[2017.06.06-12.45.58:974][  1]LogAssetRegistry: Asset discovery search completed in 7.5083 seconds
[2017.06.06-12.45.58:974][  1]LogCollectionManager: Rebuilt the object cache for 0 collections in 0.000005 seconds (found 0 objects)
[2017.06.06-12.45.58:974][  1]LogCollectionManager: Fixed up redirectors for 0 collections in 0.000018 seconds (updated 0 objects)
[2017.06.06-12.46.01:709][321]LogSlate: Took 0.000197 seconds to synchronously load lazily loaded font '../../../Engine/Content/Slate/Fonts/Roboto-Light.ttf' (159K)
[2017.06.06-12.46.03:965][590]LogFileCache: Retrieving MD5 hashes for directory 'D:/Restless/Restless/Restless/Content/' took 5.26s
[2017.06.06-12.46.07:224][978]LogSlate: Took 0.000158 seconds to synchronously load lazily loaded font '../../../Engine/Content/Slate/Fonts/Roboto-Light.ttf' (159K)
[2017.06.06-12.46.07:234][978]LogLinker:Warning: Can't find file '/Game/Levels/Architecture_BuiltData'
[2017.06.06-12.46.07:234][978]LogLinker:Warning: Can't find file for asset '/Game/Levels/Architecture_BuiltData' while loading D:/Restless/Restless/Restless/Content/Levels/Architecture.umap.
[2017.06.06-12.46.07:234][978]LoadErrors:Error: Error /Game/Levels/Architecture : Can't find file for asset. /Game/Levels/Architecture_BuiltData
[2017.06.06-12.46.07:240][978]LogLinker:Warning: Can't find file '/Game/Levels/Architecture_BuiltData'
[2017.06.06-12.46.07:240][978]LogLinker:Warning: Can't find file for asset '/Game/Levels/Architecture_BuiltData' while loading D:/Restless/Restless/Restless/Content/Levels/Architecture.umap.
[2017.06.06-12.46.07:298][978]LogLinker:Warning: Can't find file '/Game/Levels/Architecture_BuiltData'
[2017.06.06-12.46.07:298][978]LoadErrors: Info Failed to load /Game/Levels/Architecture_BuiltData.Architecture_BuiltData Referenced by PersistentLevel
[2017.06.06-12.46.07:298][978]LogLinker:Warning: Can't find file for asset '/Game/Levels/Architecture_BuiltData' while loading NULL.
[2017.06.06-12.46.07:336][978]LogTexture:Display: Building textures: PipeBox2_LP_DefaultMaterial_BaseColor (AutoDXT, 1024X1024) - 71 MB total VRAM
[2017.06.06-12.46.07:866][978]LogTexture:Display: Building textures: PipeBox2_LP_DefaultMaterial_OcclusionRoughnessMetallic (AutoDXT, 1024X1024) - 71 MB total VRAM
[2017.06.06-12.46.08:630][978]LogTexture:Display: Building textures: PipeBox2_LP_DefaultMaterial_Normal (BC5, 1024X1024) - 71 MB total VRAM
[2017.06.06-12.46.08:759][978]LogMaterial: Missing cached shader map for material default, compiling. 
[2017.06.06-12.46.08:760][978]LogTemp:Display: Added material ShaderMap 0x00000167549EB900 with Material 0x0000016754B4A200 to ShaderMapsBeingCompiled
[2017.06.06-12.46.08:782][978]LogTemp:Display: Kicking off shader compilation for default, GameThreadShaderMap 0x00000167549EB900
[2017.06.06-12.46.08:783][978]LogStaticMesh: Building static mesh PipeBox2...
[2017.06.06-12.46.08:815][978]LogStaticMesh: Built static mesh [0.03s] /Game/Probs/SteamTunnel/PipeBox2/PipeBox2.PipeBox2
[2017.06.06-12.46.08:851][978]LogTexture:Display: Building textures: PipeBox1_LP_DefaultMaterial_OcclusionRoughnessMetallic (AutoDXT, 1024X1024) - 71 MB total VRAM
[2017.06.06-12.46.09:572][978]LogTexture:Display: Building textures: PipeBox1_LP_DefaultMaterial_Normal (BC5, 1024X1024) - 71 MB total VRAM
[2017.06.06-12.46.09:724][978]LogTexture:Display: Building textures: PipeBox1_LP_DefaultMaterial_BaseColor (AutoDXT, 1024X1024) - 71 MB total VRAM
[2017.06.06-12.46.10:190][978]LogMaterial: Missing cached shader map for material default, compiling. 
[2017.06.06-12.46.10:190][978]LogTemp:Display: Added material ShaderMap 0x0000016773613C80 with Material 0x0000016752254700 to ShaderMapsBeingCompiled
[2017.06.06-12.46.10:201][978]LogTemp:Display: Kicking off shader compilation for default, GameThreadShaderMap 0x0000016773613C80
[2017.06.06-12.46.10:201][978]LogStaticMesh: Building static mesh PipeBox1...
[2017.06.06-12.46.10:237][978]LogStaticMesh: Built static mesh [0.04s] /Game/Probs/SteamTunnel/PipeBox1/PipeBox1.PipeBox1
[2017.06.06-12.46.10:247][978]LogTexture:Display: Building textures: WallCableBoxSmall_LP_DefaultMaterial_OcclusionRoughnessMetallic (AutoDXT, 512X512) - 71 MB total VRAM
[2017.06.06-12.46.10:442][978]LogTexture:Display: Building textures: WallCableBoxSmall_LP_DefaultMaterial_Normal (BC5, 512X512) - 71 MB total VRAM
[2017.06.06-12.46.10:483][978]LogTexture:Display: Building textures: WallCableBoxSmall_LP_DefaultMaterial_BaseColor (AutoDXT, 512X512) - 71 MB total VRAM
[2017.06.06-12.46.10:611][978]LogMaterial: Missing cached shader map for material default, compiling. 
[2017.06.06-12.46.10:612][978]LogTemp:Display: Added material ShaderMap 0x00000167561E5600 with Material 0x0000016752280700 to ShaderMapsBeingCompiled
[2017.06.06-12.46.10:623][978]LogTemp:Display: Kicking off shader compilation for default, GameThreadShaderMap 0x00000167561E5600
[2017.06.06-12.46.10:623][978]LogStaticMesh: Building static mesh WallCableBoxSmall...
[2017.06.06-12.46.10:647][978]LogStaticMesh: Built static mesh [0.02s] /Game/Probs/SteamTunnel/CableBox1/WallCableBoxSmall.WallCableBoxSmall
[2017.06.06-12.46.10:782][978]LogTexture:Display: Building textures: table_LP_DefaultMaterial_OcclusionRoughnessMetallic (AutoDXT, 2048X2048) - 71 MB total VRAM
[2017.06.06-12.46.12:677][978]LogTexture:Display: Building textures: table_LP_DefaultMaterial_Normal (BC5, 2048X2048) - 71 MB total VRAM
[2017.06.06-12.46.13:243][978]LogSlate: Took 0.000140 seconds to synchronously load lazily loaded font '../../../Engine/Content/Slate/Fonts/Roboto-Regular.ttf' (155K)
[2017.06.06-12.46.13:326][978]LogTexture:Display: Building textures: table_LP_DefaultMaterial_BaseColor (AutoDXT, 2048X2048) - 71 MB total VRAM
[2017.06.06-12.46.14:402][978]LogMaterial: Missing cached shader map for material default, compiling. 
[2017.06.06-12.46.14:403][978]LogTemp:Display: Added material ShaderMap 0x000001676FCF7C80 with Material 0x0000016761118580 to ShaderMapsBeingCompiled
[2017.06.06-12.46.14:415][978]LogTemp:Display: Kicking off shader compilation for default, GameThreadShaderMap 0x000001676FCF7C80
[2017.06.06-12.46.14:416][978]LogStaticMesh: Building static mesh CommonRoomTable...
[2017.06.06-12.46.14:448][978]LogStaticMesh: Built static mesh [0.03s] /Game/Probs/CommonRoom/Table/CommonRoomTable.CommonRoomTable
[2017.06.06-12.46.14:482][978]LogTexture:Display: Building textures: chair_LP_OfficeChair_OcclusionRoughnessMetallic (AutoDXT, 1024X1024) - 71 MB total VRAM
[2017.06.06-12.46.15:125][978]LogMaterial: Missing cached shader map for material FuseBox_LP_FuseBox_OcclusionRoughnessMetallic_Mat, compiling. 
[2017.06.06-12.46.15:125][978]LogMaterial:Warning: Failed to compile Material /Game/Probs/FuseBox/FuseBox_LP_FuseBox_OcclusionRoughnessMetallic_Mat.FuseBox_LP_FuseBox_OcclusionRoughnessMetallic_Mat for platform PCD3D_SM5, Default Material will be used in game.
[2017.06.06-12.46.15:125][978]LogMaterial:Warning: 	(Node TextureSample) TextureSample> Sampler type is Color, should be Linear Color for /Game/Probs/FuseBox/FuseBox_LP_FuseBox_OcclusionRoughnessMetallic.FuseBox_LP_FuseBox_OcclusionRoughnessMetallic
[2017.06.06-12.46.15:133][978]LogStaticMesh: Building static mesh CommonRoomBench...
[2017.06.06-12.46.15:148][978]LogStaticMesh: Built static mesh [0.01s] /Game/Probs/CommonRoom/Bench/CommonRoomBench.CommonRoomBench
[2017.06.06-12.46.15:154][978]LogStaticMesh: Building static mesh OfficeChair...
[2017.06.06-12.46.15:196][978]LogStaticMesh: Built static mesh [0.04s] /Game/Probs/CommonRoom/Chair/OfficeChair.OfficeChair
[2017.06.06-12.46.15:225][978]LogTexture:Display: Building textures: chair_LP_OfficeChair_Normal (BC5, 1024X1024) - 71 MB total VRAM
[2017.06.06-12.46.15:384][978]LogTexture:Display: Building textures: chair_LP_OfficeChair_BaseColor (AutoDXT, 1024X1024) - 71 MB total VRAM
[2017.06.06-12.46.15:988][978]LogMaterial: Missing cached shader map for material chair_LP_default, compiling. 
[2017.06.06-12.46.15:989][978]LogTemp:Display: Added material ShaderMap 0x000001670343D280 with Material 0x00000167522B6F80 to ShaderMapsBeingCompiled
[2017.06.06-12.46.16:000][978]LogTemp:Display: Kicking off shader compilation for chair_LP_default, GameThreadShaderMap 0x000001670343D280
[2017.06.06-12.46.16:022][978]LogTexture:Display: Building textures: bench_LP_Bench_OcclusionRoughnessMetallic (AutoDXT, 1024X1024) - 71 MB total VRAM
[2017.06.06-12.46.16:490][978]LogTexture:Display: Building textures: bench_LP_Bench_Normal (BC5, 1024X1024) - 71 MB total VRAM
[2017.06.06-12.46.16:645][978]LogTexture:Display: Building textures: bench_LP_Bench_BaseColor (AutoDXT, 1024X1024) - 71 MB total VRAM
[2017.06.06-12.46.17:375][978]LogMaterial: Missing cached shader map for material default, compiling. 
[2017.06.06-12.46.17:376][978]LogTemp:Display: Added material ShaderMap 0x0000016701773C80 with Material 0x000001676111A200 to ShaderMapsBeingCompiled
[2017.06.06-12.46.17:390][978]LogTemp:Display: Kicking off shader compilation for default, GameThreadShaderMap 0x0000016701773C80
[2017.06.06-12.46.17:446][978]LogLinker:Warning: Can't find file '/Game/Levels/Art_BuiltData'
[2017.06.06-12.46.17:446][978]LogLinker:Warning: Can't find file for asset '/Game/Levels/Art_BuiltData' while loading D:/Restless/Restless/Restless/Content/Levels/Art.umap.
[2017.06.06-12.46.17:446][978]LoadErrors:Error: Error /Game/Levels/Art : Can't find file for asset. /Game/Levels/Art_BuiltData
[2017.06.06-12.46.17:446][978]LogLinker:Warning: Can't find file '/Game/Levels/Art_BuiltData'
[2017.06.06-12.46.17:447][978]LogLinker:Warning: Can't find file for asset '/Game/Levels/Art_BuiltData' while loading D:/Restless/Restless/Restless/Content/Levels/Art.umap.
[2017.06.06-12.46.17:447][978]LogLinker:Warning: Can't find file '/Game/Levels/Art_BuiltData'
[2017.06.06-12.46.17:447][978]LoadErrors: Info Failed to load /Game/Levels/Art_BuiltData.Art_BuiltData Referenced by PersistentLevel
[2017.06.06-12.46.17:447][978]LogLinker:Warning: Can't find file for asset '/Game/Levels/Art_BuiltData' while loading NULL.
[2017.06.06-12.46.17:451][978]LogLinker:Warning: Can't find file '/Game/Levels/Bernd_BuiltData'
[2017.06.06-12.46.17:451][978]LogLinker:Warning: Can't find file for asset '/Game/Levels/Bernd_BuiltData' while loading D:/Restless/Restless/Restless/Content/Levels/Bernd.umap.
[2017.06.06-12.46.17:451][978]LoadErrors:Error: Error /Game/Levels/Bernd : Can't find file for asset. /Game/Levels/Bernd_BuiltData
[2017.06.06-12.46.17:451][978]LogLinker:Warning: Can't find file '/Game/Levels/Bernd_BuiltData'
[2017.06.06-12.46.17:451][978]LogLinker:Warning: Can't find file for asset '/Game/Levels/Bernd_BuiltData' while loading D:/Restless/Restless/Restless/Content/Levels/Bernd.umap.
[2017.06.06-12.46.17:452][978]LogLinker:Warning: Can't find file '/Game/Levels/Bernd_BuiltData'
[2017.06.06-12.46.17:452][978]LoadErrors: Info Failed to load /Game/Levels/Bernd_BuiltData.Bernd_BuiltData Referenced by PersistentLevel
[2017.06.06-12.46.17:452][978]LogLinker:Warning: Can't find file for asset '/Game/Levels/Bernd_BuiltData' while loading NULL.
[2017.06.06-12.46.17:459][978]LogLinker:Warning: Can't find file '/Game/Levels/Chris_BuiltData'
[2017.06.06-12.46.17:459][978]LogLinker:Warning: Can't find file for asset '/Game/Levels/Chris_BuiltData' while loading D:/Restless/Restless/Restless/Content/Levels/Chris.umap.
[2017.06.06-12.46.17:459][978]LoadErrors:Error: Error /Game/Levels/Chris : Can't find file for asset. /Game/Levels/Chris_BuiltData
[2017.06.06-12.46.17:459][978]LogLinker:Warning: Can't find file '/Game/Levels/Chris_BuiltData'
[2017.06.06-12.46.17:459][978]LogLinker:Warning: Can't find file for asset '/Game/Levels/Chris_BuiltData' while loading D:/Restless/Restless/Restless/Content/Levels/Chris.umap.
[2017.06.06-12.46.17:460][978]LogLinker:Warning: Can't find file '/Game/Levels/Chris_BuiltData'
[2017.06.06-12.46.17:460][978]LoadErrors: Info Failed to load /Game/Levels/Chris_BuiltData.Chris_BuiltData Referenced by PersistentLevel
[2017.06.06-12.46.17:460][978]LogLinker:Warning: Can't find file for asset '/Game/Levels/Chris_BuiltData' while loading NULL.
[2017.06.06-12.46.17:467][978]LogLinker:Warning: Can't find file '/Game/Levels/Daniel_BuiltData'
[2017.06.06-12.46.17:467][978]LogLinker:Warning: Can't find file for asset '/Game/Levels/Daniel_BuiltData' while loading D:/Restless/Restless/Restless/Content/Levels/Daniel.umap.
[2017.06.06-12.46.17:467][978]LoadErrors:Error: Error /Game/Levels/Daniel : Can't find file for asset. /Game/Levels/Daniel_BuiltData
[2017.06.06-12.46.17:467][978]LogLinker:Warning: Can't find file '/Game/Levels/Daniel_BuiltData'
[2017.06.06-12.46.17:467][978]LogLinker:Warning: Can't find file for asset '/Game/Levels/Daniel_BuiltData' while loading D:/Restless/Restless/Restless/Content/Levels/Daniel.umap.
[2017.06.06-12.46.17:467][978]LogLinker:Warning: Can't find file '/Game/Levels/Daniel_BuiltData'
[2017.06.06-12.46.17:467][978]LoadErrors: Info Failed to load /Game/Levels/Daniel_BuiltData.Daniel_BuiltData Referenced by PersistentLevel
[2017.06.06-12.46.17:467][978]LogLinker:Warning: Can't find file for asset '/Game/Levels/Daniel_BuiltData' while loading NULL.
[2017.06.06-12.46.17:494][978]LogLinker:Warning: Can't find file '/Game/Levels/FX_BuiltData'
[2017.06.06-12.46.17:494][978]LogLinker:Warning: Can't find file for asset '/Game/Levels/FX_BuiltData' while loading D:/Restless/Restless/Restless/Content/Levels/FX.umap.
[2017.06.06-12.46.17:494][978]LoadErrors:Error: Error /Game/Levels/FX : Can't find file for asset. /Game/Levels/FX_BuiltData
[2017.06.06-12.46.17:494][978]LogLinker:Warning: Can't find file '/Game/Levels/FX_BuiltData'
[2017.06.06-12.46.17:494][978]LogLinker:Warning: Can't find file for asset '/Game/Levels/FX_BuiltData' while loading D:/Restless/Restless/Restless/Content/Levels/FX.umap.
[2017.06.06-12.46.17:496][978]LogLinker:Warning: Can't find file '/Game/Levels/FX_BuiltData'
[2017.06.06-12.46.17:496][978]LogLinker:Warning: Can't find file for asset '/Game/Levels/FX_BuiltData' while loading NULL.
[2017.06.06-12.46.17:496][978]LogLinker:Warning: Can't find file '/Game/Levels/FX_BuiltData'
[2017.06.06-12.46.17:496][978]LogLinker:Warning: Can't find file for asset '/Game/Levels/FX_BuiltData' while loading NULL.
[2017.06.06-12.46.17:498][978]LogLinker:Warning: Can't find file '/Game/Levels/FX_BuiltData'
[2017.06.06-12.46.17:498][978]LoadErrors: Info Failed to load /Game/Levels/FX_BuiltData.FX_BuiltData Referenced by PersistentLevel
[2017.06.06-12.46.17:498][978]LogLinker:Warning: Can't find file for asset '/Game/Levels/FX_BuiltData' while loading NULL.
[2017.06.06-12.46.17:512][978]LogLinker:Warning: Can't find file '/Game/Levels/Gameplay_BuiltData'
[2017.06.06-12.46.17:512][978]LogLinker:Warning: Can't find file for asset '/Game/Levels/Gameplay_BuiltData' while loading D:/Restless/Restless/Restless/Content/Levels/Gameplay.umap.
[2017.06.06-12.46.17:512][978]LoadErrors:Error: Error /Game/Levels/Gameplay : Can't find file for asset. /Game/Levels/Gameplay_BuiltData
[2017.06.06-12.46.17:517][978]LogLinker:Warning: Can't find file '/Game/Levels/Gameplay_BuiltData'
[2017.06.06-12.46.17:517][978]LogLinker:Warning: Can't find file for asset '/Game/Levels/Gameplay_BuiltData' while loading D:/Restless/Restless/Restless/Content/Levels/Gameplay.umap.
[2017.06.06-12.46.17:526][978]LogLinker:Warning: Can't find file '/Game/Levels/Gameplay_BuiltData'
[2017.06.06-12.46.17:526][978]LogLinker:Warning: Can't find file for asset '/Game/Levels/Gameplay_BuiltData' while loading NULL.
[2017.06.06-12.46.17:526][978]LogLinker:Warning: Can't find file '/Game/Levels/Gameplay_BuiltData'
[2017.06.06-12.46.17:526][978]LogLinker:Warning: Can't find file for asset '/Game/Levels/Gameplay_BuiltData' while loading NULL.
[2017.06.06-12.46.17:599][978]LogLinker:Warning: Can't find file '/Game/Levels/Gameplay_BuiltData'
[2017.06.06-12.46.17:599][978]LoadErrors: Info Failed to load /Game/Levels/Gameplay_BuiltData.Gameplay_BuiltData Referenced by PersistentLevel
[2017.06.06-12.46.17:599][978]LogLinker:Warning: Can't find file for asset '/Game/Levels/Gameplay_BuiltData' while loading NULL.
[2017.06.06-12.46.17:671][978]LogTemp:Display: Finished compile of shader map 0x00000167549EB900
[2017.06.06-12.46.17:671][978]LogTemp:Display: Shader map default complete, GameThreadShaderMap 0x00000167549EB900, marking material default as finished
[2017.06.06-12.46.17:671][978]LogTemp:Display: Marking material as finished 0x0000016754B4A200
[2017.06.06-12.46.17:675][978]LogTemp:Display: Finished compile of shader map 0x0000016773613C80
[2017.06.06-12.46.17:675][978]LogTemp:Display: Shader map default complete, GameThreadShaderMap 0x0000016773613C80, marking material default as finished
[2017.06.06-12.46.17:675][978]LogTemp:Display: Marking material as finished 0x0000016752254700
[2017.06.06-12.46.17:679][978]LogTemp:Display: Finished compile of shader map 0x00000167561E5600
[2017.06.06-12.46.17:679][978]LogTemp:Display: Shader map default complete, GameThreadShaderMap 0x00000167561E5600, marking material default as finished
[2017.06.06-12.46.17:679][978]LogTemp:Display: Marking material as finished 0x0000016752280700
[2017.06.06-12.46.17:682][978]LogTemp:Display: Finished compile of shader map 0x000001676FCF7C80
[2017.06.06-12.46.17:682][978]LogTemp:Display: Shader map default complete, GameThreadShaderMap 0x000001676FCF7C80, marking material default as finished
[2017.06.06-12.46.17:682][978]LogTemp:Display: Marking material as finished 0x0000016761118580
[2017.06.06-12.46.17:884][983]LogTemp:Display: Finished compile of shader map 0x000001670343D280
[2017.06.06-12.46.17:884][983]LogTemp:Display: Shader map chair_LP_default complete, GameThreadShaderMap 0x000001670343D280, marking material chair_LP_default as finished
[2017.06.06-12.46.17:884][983]LogTemp:Display: Marking material as finished 0x00000167522B6F80
[2017.06.06-12.46.20:897][297]LogTemp:Display: Finished compile of shader map 0x0000016701773C80
[2017.06.06-12.46.20:897][297]LogTemp:Display: Shader map default complete, GameThreadShaderMap 0x0000016701773C80, marking material default as finished
[2017.06.06-12.46.20:897][297]LogTemp:Display: Marking material as finished 0x000001676111A200
[2017.06.06-12.46.34:569][418]LogEditorViewport: Clicking on Actor (LMB): SkyLight (SkyLight)
[2017.06.06-12.54.53:148][939]LogActorFactory: Actor Factory created SideVent
[2017.06.06-12.54.54:105][ 14]LogActorFactory: Actor Factory created SideVent
[2017.06.06-12.55.02:522][785]LogEditorViewport: Clicking on Actor (LMB): SkyLight (SkyLight)
[2017.06.06-12.55.04:538][934]LogEditorViewport: Clicking on Actor (LMB): SkyLight (SkyLight)
[2017.06.06-12.55.04:627][938]LogEditorViewport: Clicking on Component (LMB): SkyLightComponent (SkyLightComponent0)
[2017.06.06-12.56.21:181][665]LogEditorViewport: Clicking on Actor (LMB): StaticMeshActor (SideVent)
[2017.06.06-12.56.22:947][832]LogEditorViewport: Clicking on Actor (LMB): StaticMeshActor (SideVent)
[2017.06.06-12.56.24:584][  3]Cmd: EDIT COPY
[2017.06.06-12.56.25:026][ 51]Cmd: EDIT PASTE
[2017.06.06-12.56.40:230][556]Cmd: EDIT COPY
[2017.06.06-12.56.40:598][597]Cmd: EDIT PASTE
[2017.06.06-12.56.53:322][781]LogActorFactory: Actor Factory created SideVent_End
[2017.06.06-12.56.54:132][841]LogActorFactory: Actor Factory created SideVent_End
[2017.06.06-12.57.04:085][823]LogEditorViewport: Clicking on Actor (LMB): StaticMeshActor (SideVent4)
[2017.06.06-12.57.04:851][899]LogEditorViewport: Clicking on Actor (LMB): StaticMeshActor (SideVent_End)
[2017.06.06-12.57.09:524][371]LogEditorViewport: Clicking on Actor (LMB): StaticMeshActor (SideVent4)
[2017.06.06-12.57.12:085][613]LogEditorViewport: Clicking on Actor (LMB): StaticMeshActor (SideVent_End)
[2017.06.06-12.57.23:908][625]LogEditorViewport: Clicking on Actor (LMB): StaticMeshActor (SideVent4)
[2017.06.06-12.57.24:691][679]LogEditorViewport: Clicking on Actor (LMB): StaticMeshActor (SideVent4)
[2017.06.06-12.57.25:458][768]LogEditorViewport: Clicking on Actor (LMB): StaticMeshActor (Generator_Room_WallBig2)
[2017.06.06-12.57.29:356][192]LogEditorViewport: Clicking on Actor (LMB): StaticMeshActor (SideVent_End)
[2017.06.06-12.57.32:967][600]LogEditorViewport: Clicking on Actor (LMB): StaticMeshActor (SideVent_End)
[2017.06.06-12.57.33:306][637]LogEditorViewport: Clicking on Actor (LMB): StaticMeshActor (SideVent4)
[2017.06.06-12.57.44:998][852]LogEditorViewport: Clicking on Actor (LMB): StaticMeshActor (SideVent_End)
[2017.06.06-12.57.45:283][876]LogEditorViewport: Clicking on Actor (context menu): StaticMeshActor (SideVent_End)
[2017.06.06-12.57.47:723][106]LogEditorViewport: Clicking on Actor (LMB): StaticMeshActor (SideVent_End)
[2017.06.06-12.57.48:549][202]Cmd: EDIT COPY
[2017.06.06-12.57.49:062][263]Cmd: EDIT PASTE
[2017.06.06-12.57.49:901][356]LogEditorViewport: Clicking on Actor (context menu): StaticMeshActor (SideVent_End2)
[2017.06.06-12.57.52:576][619]Cmd: ACTOR MIRROR Y=-1
[2017.06.06-12.57.54:440][828]Cmd: TRANSACTION UNDO
[2017.06.06-12.57.54:440][828]LogEditorTransaction: Undo Mirroring Actors
[2017.06.06-12.57.55:217][902]LogEditorViewport: Clicking on Actor (context menu): StaticMeshActor (SideVent_End2)
[2017.06.06-12.57.59:144][278]Cmd: ACTOR MIRROR X=-1
[2017.06.06-12.58.12:082][631]Cmd: EDIT COPY
[2017.06.06-12.58.12:486][679]Cmd: EDIT PASTE
[2017.06.06-12.58.13:329][771]LogEditorViewport: Clicking on Actor (context menu): StaticMeshActor (SideVent7)
[2017.06.06-12.58.18:082][229]Cmd: ACTOR MIRROR Y=-1
[2017.06.06-12.58.19:723][395]Cmd: TRANSACTION UNDO
[2017.06.06-12.58.19:723][395]LogEditorTransaction: Undo Mirroring Actors
[2017.06.06-12.58.19:733][395]LogActorComponent: ~FComponentReregisterContext: (/Game/Levels/Architecture.Architecture:PersistentLevel.SideVent8.StaticMeshComponent0) Component already registered.
[2017.06.06-12.58.20:221][418]LogEditorViewport: Clicking on Actor (context menu): StaticMeshActor (SideVent7)
[2017.06.06-12.58.22:429][619]Cmd: ACTOR MIRROR Z=-1
[2017.06.06-12.58.44:311][903]LogTemp: Repeting last play command: Selected Viewport
[2017.06.06-12.58.44:325][903]LogBlueprintUserMessages: Early PlayInEditor Detection: Level '/Game/Levels/Blockout_beat2.Blockout_beat2:PersistentLevel' has LevelScriptBlueprint '/Game/Levels/Blockout_beat2.Blockout_beat2:PersistentLevel.Blockout_beat2' with GeneratedClass '/Game/Levels/Blockout_beat2.Blockout_beat2_C' with ClassGeneratedBy '/Game/Levels/Blockout_beat2.Blockout_beat2:PersistentLevel.Blockout_beat2'
[2017.06.06-12.58.44:325][903]LogBlueprintUserMessages: Early PlayInEditor Detection: Level '/Game/Levels/FX.FX:PersistentLevel' has LevelScriptBlueprint '/Game/Levels/FX.FX:PersistentLevel.FX' with GeneratedClass '/Game/Levels/FX.FX_C' with ClassGeneratedBy '/Game/Levels/FX.FX:PersistentLevel.FX'
[2017.06.06-12.58.44:325][903]LogBlueprintUserMessages: Early PlayInEditor Detection: Level '/Game/Levels/Gameplay.Gameplay:PersistentLevel' has LevelScriptBlueprint '/Game/Levels/Gameplay.Gameplay:PersistentLevel.Gameplay' with GeneratedClass '/Game/Levels/Gameplay.Gameplay_C' with ClassGeneratedBy '/Game/Levels/Gameplay.Gameplay:PersistentLevel.Gameplay'
[2017.06.06-12.58.44:325][903]LogPlayLevel: PlayLevel: No blueprints needed recompiling
[2017.06.06-12.58.44:326][903]PIE: New page: PIE session: Blockout_beat2 (Jun 6, 2017, 4:58:44 PM)
[2017.06.06-12.58.44:326][903]LogPlayLevel: Creating play world package: /Game/Levels/UEDPIE_0_Blockout_beat2
[2017.06.06-12.58.44:328][903]LogPlayLevel: PIE: StaticDuplicateObject took: (0.001885s)
[2017.06.06-12.58.44:328][903]LogAIModule: Creating AISystem for world Blockout_beat2
[2017.06.06-12.58.44:328][903]LogPlayLevel: PIE: World Init took: (0.000678s)
[2017.06.06-12.58.44:329][903]LogPlayLevel: PIE: Created PIE world by copying editor world from /Game/Levels/Blockout_beat2.Blockout_beat2 to /Game/Levels/UEDPIE_0_Blockout_beat2.Blockout_beat2 (0.002830s)
[2017.06.06-12.58.44:347][903]LogInit: XAudio2 using 'Kopfhörer (High Definition Audio-Gerät)' : 2 channels at 44.1 kHz using 16 bits per sample (channel mask 0x3)
[2017.06.06-12.58.44:355][903]LogInit: FAudioDevice initialized.
[2017.06.06-12.58.44:469][903]LogLoad: Game class is 'GameMode_Fabi_C'
[2017.06.06-12.58.44:472][903]LogWorld: Bringing World /Game/Levels/UEDPIE_0_Blockout_beat2.Blockout_beat2 up for play (max tick rate 0) at 2017.06.06-14.58.44
[2017.06.06-12.58.44:472][903]LogWorld: Bringing up level for play took: 0.001328
[2017.06.06-12.58.44:529][903]LogContentBrowser: Native class hierarchy updated for 'MovieSceneCapture' in 0.0008 seconds. Added 11 classes and 0 folders.
[2017.06.06-12.58.44:577][903]LogGameMode:Display: Match State Changed from EnteringMap to WaitingToStart
[2017.06.06-12.58.44:577][903]LogGameState: Match State Changed from EnteringMap to WaitingToStart
[2017.06.06-12.58.44:577][903]LogGameMode:Display: Match State Changed from WaitingToStart to InProgress
[2017.06.06-12.58.44:580][903]LogGameState: Match State Changed from WaitingToStart to InProgress
[2017.06.06-12.58.44:580][903]PIE: Info Play in editor start time for /Game/Levels/UEDPIE_0_Blockout_beat2 0.641
[2017.06.06-12.58.44:622][903]LogBlueprintUserMessages: Late PlayInEditor Detection: Level '/Game/Levels/Blockout_beat2.Blockout_beat2:PersistentLevel' has LevelScriptBlueprint '/Game/Levels/Blockout_beat2.Blockout_beat2:PersistentLevel.Blockout_beat2' with GeneratedClass '/Game/Levels/Blockout_beat2.Blockout_beat2_C' with ClassGeneratedBy '/Game/Levels/Blockout_beat2.Blockout_beat2:PersistentLevel.Blockout_beat2'
[2017.06.06-12.58.44:622][903]LogBlueprintUserMessages: Late PlayInEditor Detection: Level '/Game/Levels/FX.FX:PersistentLevel' has LevelScriptBlueprint '/Game/Levels/FX.FX:PersistentLevel.FX' with GeneratedClass '/Game/Levels/FX.FX_C' with ClassGeneratedBy '/Game/Levels/FX.FX:PersistentLevel.FX'
[2017.06.06-12.58.44:622][903]LogBlueprintUserMessages: Late PlayInEditor Detection: Level '/Game/Levels/Gameplay.Gameplay:PersistentLevel' has LevelScriptBlueprint '/Game/Levels/Gameplay.Gameplay:PersistentLevel.Gameplay' with GeneratedClass '/Game/Levels/Gameplay.Gameplay_C' with ClassGeneratedBy '/Game/Levels/Gameplay.Gameplay:PersistentLevel.Gameplay'
[2017.06.06-12.58.47:166][169]LogBlueprintUserMessages: Early EndPlayMap Detection: Level '/Game/Levels/Blockout_beat2.Blockout_beat2:PersistentLevel' has LevelScriptBlueprint '/Game/Levels/Blockout_beat2.Blockout_beat2:PersistentLevel.Blockout_beat2' with GeneratedClass '/Game/Levels/Blockout_beat2.Blockout_beat2_C' with ClassGeneratedBy '/Game/Levels/Blockout_beat2.Blockout_beat2:PersistentLevel.Blockout_beat2'
[2017.06.06-12.58.47:166][169]LogBlueprintUserMessages: Early EndPlayMap Detection: Level '/Game/Levels/FX.FX:PersistentLevel' has LevelScriptBlueprint '/Game/Levels/FX.FX:PersistentLevel.FX' with GeneratedClass '/Game/Levels/FX.FX_C' with ClassGeneratedBy '/Game/Levels/FX.FX:PersistentLevel.FX'
[2017.06.06-12.58.47:166][169]LogBlueprintUserMessages: Early EndPlayMap Detection: Level '/Game/Levels/Gameplay.Gameplay:PersistentLevel' has LevelScriptBlueprint '/Game/Levels/Gameplay.Gameplay:PersistentLevel.Gameplay' with GeneratedClass '/Game/Levels/Gameplay.Gameplay_C' with ClassGeneratedBy '/Game/Levels/Gameplay.Gameplay:PersistentLevel.Gameplay'
[2017.06.06-12.58.47:238][169]LogBlueprintUserMessages: Late EndPlayMap Detection: Level '/Game/Levels/Blockout_beat2.Blockout_beat2:PersistentLevel' has LevelScriptBlueprint '/Game/Levels/Blockout_beat2.Blockout_beat2:PersistentLevel.Blockout_beat2' with GeneratedClass '/Game/Levels/Blockout_beat2.Blockout_beat2_C' with ClassGeneratedBy '/Game/Levels/Blockout_beat2.Blockout_beat2:PersistentLevel.Blockout_beat2'
[2017.06.06-12.58.47:238][169]LogBlueprintUserMessages: Late EndPlayMap Detection: Level '/Game/Levels/FX.FX:PersistentLevel' has LevelScriptBlueprint '/Game/Levels/FX.FX:PersistentLevel.FX' with GeneratedClass '/Game/Levels/FX.FX_C' with ClassGeneratedBy '/Game/Levels/FX.FX:PersistentLevel.FX'
[2017.06.06-12.58.47:238][169]LogBlueprintUserMessages: Late EndPlayMap Detection: Level '/Game/Levels/Gameplay.Gameplay:PersistentLevel' has LevelScriptBlueprint '/Game/Levels/Gameplay.Gameplay:PersistentLevel.Gameplay' with GeneratedClass '/Game/Levels/Gameplay.Gameplay_C' with ClassGeneratedBy '/Game/Levels/Gameplay.Gameplay:PersistentLevel.Gameplay'
[2017.06.06-12.58.57:572][179]Cmd: EDIT COPY
[2017.06.06-12.58.58:086][237]Cmd: EDIT PASTE
[2017.06.06-12.59.00:865][531]LogEditorViewport: Clicking on Actor (context menu): StaticMeshActor (SideVent12)
[2017.06.06-12.59.04:927][780]Cmd: ACTOR MIRROR Z=-1
[2017.06.06-12.59.07:136][ 19]Cmd: TRANSACTION UNDO
[2017.06.06-12.59.07:136][ 19]LogEditorTransaction: Undo Mirroring Actors
[2017.06.06-12.59.07:146][ 19]LogActorComponent: ~FComponentReregisterContext: (/Game/Levels/Architecture.Architecture:PersistentLevel.SideVent16.StaticMeshComponent0) Component already registered.
[2017.06.06-12.59.07:146][ 19]LogActorComponent: ~FComponentReregisterContext: (/Game/Levels/Architecture.Architecture:PersistentLevel.SideVent13.StaticMeshComponent0) Component already registered.
[2017.06.06-12.59.07:757][ 71]LogEditorViewport: Clicking on Actor (context menu): StaticMeshActor (SideVent12)
[2017.06.06-12.59.12:844][374]Cmd: ACTOR MIRROR X=-1
[2017.06.06-12.59.14:295][507]Cmd: TRANSACTION UNDO
[2017.06.06-12.59.14:295][507]LogEditorTransaction: Undo Mirroring Actors
[2017.06.06-12.59.14:309][507]LogActorComponent: ~FComponentReregisterContext: (/Game/Levels/Architecture.Architecture:PersistentLevel.SideVent16.StaticMeshComponent0) Component already registered.
[2017.06.06-12.59.14:309][507]LogActorComponent: ~FComponentReregisterContext: (/Game/Levels/Architecture.Architecture:PersistentLevel.SideVent13.StaticMeshComponent0) Component already registered.
[2017.06.06-12.59.14:949][558]LogEditorViewport: Clicking on Actor (context menu): StaticMeshActor (SideVent12)
[2017.06.06-12.59.17:808][731]Cmd: ACTOR MIRROR Y=-1
[2017.06.06-12.59.29:050][691]LogEditorViewport: Clicking on Actor (LMB): StaticMeshActor (SideVent10)
[2017.06.06-12.59.35:436][229]Cmd: EDIT COPY
[2017.06.06-12.59.35:762][255]Cmd: EDIT PASTE
[2017.06.06-12.59.54:420][849]LogEditorViewport: Clicking on Actor (LMB): StaticMeshActor (SideVent_End10)
[2017.06.06-12.59.56:181][976]Cmd: EDIT COPY
[2017.06.06-12.59.56:605][ 12]Cmd: EDIT PASTE
[2017.06.06-12.59.57:103][ 51]LogEditorViewport: Clicking on Actor (context menu): StaticMeshActor (SideVent_End11)
[2017.06.06-12.59.59:848][197]Cmd: ACTOR MIRROR X=-1
[2017.06.06-13.00.01:849][334]Cmd: TRANSACTION UNDO
[2017.06.06-13.00.01:849][334]LogEditorTransaction: Undo Mirroring Actors
[2017.06.06-13.00.02:967][417]LogEditorViewport: Clicking on Actor (context menu): StaticMeshActor (SideVent_End11)
[2017.06.06-13.00.07:488][647]Cmd: ACTOR MIRROR Z=-1
[2017.06.06-13.00.09:101][775]Cmd: TRANSACTION UNDO
[2017.06.06-13.00.09:101][775]LogEditorTransaction: Undo Mirroring Actors
[2017.06.06-13.00.09:991][844]LogEditorViewport: Clicking on Actor (context menu): StaticMeshActor (SideVent_End11)
[2017.06.06-13.00.13:280][  4]Cmd: ACTOR MIRROR Y=-1
[2017.06.06-13.00.17:636][355]Cmd: TRANSACTION UNDO
[2017.06.06-13.00.17:636][355]LogEditorTransaction: Undo Move Actors
[2017.06.06-13.00.19:459][471]Cmd: TRANSACTION UNDO
[2017.06.06-13.00.19:459][471]LogEditorTransaction: Undo Mirroring Actors
[2017.06.06-13.00.20:662][558]LogEditorViewport: Clicking on Actor (context menu): StaticMeshActor (SideVent_End12)
[2017.06.06-13.00.24:102][726]Cmd: ACTOR MIRROR X=-1
[2017.06.06-13.00.44:095][360]LogEditorViewport: Clicking on Actor (LMB): StaticMeshActor (SideVent17)
[2017.06.06-13.00.46:882][592]LogEditorViewport: Clicking on Actor (LMB): StaticMeshActor (SideVent_End11)
[2017.06.06-13.00.47:982][686]Cmd: DELETE
[2017.06.06-13.00.47:982][686]Cmd: ACTOR DELETE
[2017.06.06-13.00.47:983][686]LogEditorActor: Deleted Actor: StaticMeshActor
[2017.06.06-13.00.47:993][686]LogEditorActor: Deleted 1 Actors (0.011 secs)
[2017.06.06-13.00.49:138][796]LogEditorViewport: Clicking on Actor (LMB): StaticMeshActor (Generator_Room_WallBig9)
[2017.06.06-13.00.49:669][838]LogEditorViewport: Clicking on Actor (LMB): StaticMeshActor (SideVent_End12)
[2017.06.06-13.00.50:452][903]Cmd: DELETE
[2017.06.06-13.00.50:452][903]Cmd: ACTOR DELETE
[2017.06.06-13.00.50:453][903]LogEditorActor: Deleted Actor: StaticMeshActor
[2017.06.06-13.00.50:464][903]LogEditorActor: Deleted 1 Actors (0.012 secs)
[2017.06.06-13.00.53:203][120]LogEditorViewport: Clicking on Actor (LMB): StaticMeshActor (SideVent_End9)
[2017.06.06-13.00.58:841][565]LogEditorViewport: Clicking on Actor (context menu): StaticMeshActor (SideVent_End9)
[2017.06.06-13.01.03:085][826]Cmd: ACTOR MIRROR Y=-1
[2017.06.06-13.01.04:838][991]Cmd: TRANSACTION UNDO
[2017.06.06-13.01.04:838][991]LogEditorTransaction: Undo Mirroring Actors
[2017.06.06-13.01.05:517][ 47]LogEditorViewport: Clicking on Actor (context menu): StaticMeshActor (SideVent_End9)
[2017.06.06-13.01.08:124][209]LogEditorViewport: Clicking on Actor (LMB): StaticMeshActor (SideVent_End9)
[2017.06.06-13.01.09:797][365]Cmd: EDIT COPY
[2017.06.06-13.01.10:154][402]Cmd: EDIT PASTE
[2017.06.06-13.01.12:687][643]LogEditorViewport: Clicking on Actor (LMB): StaticMeshActor (SideVent19)
[2017.06.06-13.01.15:805][944]Cmd: TRANSACTION UNDO
[2017.06.06-13.01.15:805][944]LogEditorTransaction: Undo Move Actors
[2017.06.06-13.01.16:379][990]LogEditorViewport: Clicking on Actor (LMB): StaticMeshActor (SideVent_End9)
[2017.06.06-13.01.18:328][169]Cmd: TRANSACTION UNDO
[2017.06.06-13.01.18:328][169]LogEditorTransaction: Undo Move Actors
[2017.06.06-13.01.18:636][199]Cmd: TRANSACTION UNDO
[2017.06.06-13.01.18:636][199]LogEditorTransaction: Undo Clicking on Actors
[2017.06.06-13.01.19:073][237]Cmd: TRANSACTION UNDO
[2017.06.06-13.01.19:073][237]LogEditorTransaction: Undo Clicking on Actors
[2017.06.06-13.01.19:654][291]Cmd: TRANSACTION UNDO
[2017.06.06-13.01.19:654][291]LogEditorTransaction: Undo Move Actors
[2017.06.06-13.01.21:629][485]LogEditorViewport: Clicking on Actor (context menu): StaticMeshActor (SideVent_End11)
[2017.06.06-13.01.26:844][775]Cmd: ACTOR MIRROR X=-1
[2017.06.06-13.01.48:748][873]LogEditorViewport: Clicking on Actor (LMB): StaticMeshActor (SideVent17)
[2017.06.06-13.01.50:496][ 28]LogEditorViewport: Clicking on Actor (LMB): StaticMeshActor (SideVent_End5)
[2017.06.06-13.01.52:906][264]LogEditorViewport: Clicking on Actor (LMB): StaticMeshActor (SideVent_End11)
[2017.06.06-13.01.56:144][573]LogEditorViewport: Clicking on Actor (LMB): StaticMeshActor (SideVent_End5)
[2017.06.06-13.02.10:744][783]Cmd: EDIT COPY
[2017.06.06-13.02.11:329][839]Cmd: EDIT PASTE
[2017.06.06-13.02.15:026][134]Cmd: TRANSACTION UNDO
[2017.06.06-13.02.15:027][134]LogEditorTransaction: Undo Rotate Actors
[2017.06.06-13.02.15:039][134]LogActorComponent: ~FComponentReregisterContext: (/Game/Levels/Architecture.Architecture:PersistentLevel.SideVent_End14.StaticMeshComponent0) Component already registered.
[2017.06.06-13.02.15:039][134]LogActorComponent: ~FComponentReregisterContext: (/Game/Levels/Architecture.Architecture:PersistentLevel.SideVent_End17.StaticMeshComponent0) Component already registered.
[2017.06.06-13.02.17:055][295]Cmd: TRANSACTION UNDO
[2017.06.06-13.02.17:055][295]LogEditorTransaction: Undo Rotate Actors
[2017.06.06-13.02.17:067][295]LogActorComponent: ~FComponentReregisterContext: (/Game/Levels/Architecture.Architecture:PersistentLevel.SideVent_End14.StaticMeshComponent0) Component already registered.
[2017.06.06-13.02.17:068][295]LogActorComponent: ~FComponentReregisterContext: (/Game/Levels/Architecture.Architecture:PersistentLevel.SideVent_End17.StaticMeshComponent0) Component already registered.
[2017.06.06-13.02.17:365][324]Cmd: TRANSACTION UNDO
[2017.06.06-13.02.17:365][324]LogEditorTransaction: Undo Paste
[2017.06.06-13.02.21:481][711]Cmd: EDIT COPY
[2017.06.06-13.02.21:788][743]Cmd: EDIT PASTE
[2017.06.06-13.02.30:320][402]Cmd: TRANSACTION UNDO
[2017.06.06-13.02.30:320][402]LogEditorTransaction: Undo Move Actors
[2017.06.06-13.02.30:332][402]LogActorComponent: ~FComponentReregisterContext: (/Game/Levels/Architecture.Architecture:PersistentLevel.SideVent25.StaticMeshComponent0) Component already registered.
[2017.06.06-13.02.30:333][402]LogActorComponent: ~FComponentReregisterContext: (/Game/Levels/Architecture.Architecture:PersistentLevel.SideVent27.StaticMeshComponent0) Component already registered.
[2017.06.06-13.02.43:991][454]LogEditorViewport: Clicking on Actor (LMB): StaticMeshActor (SideVent_End11)
[2017.06.06-13.03.28:348][989]Cmd: OBJ SAVEPACKAGE PACKAGE="/Game/Levels/Architecture" FILE="D:/Restless/Restless/Restless/Saved/Autosaves/Game/Levels/Architecture_Auto1.umap" SILENT=true AUTOSAVING=true KEEPDIRTY=false
[2017.06.06-13.03.28:504][989]LogSavePackage: Save=150.15ms
[2017.06.06-13.03.28:504][989]LogSavePackage: Moving 'D:/Restless/Restless/Restless/Saved/Architecture_Auto1D20868E94B58112700C72CA57501EB67.tmp' to 'D:/Restless/Restless/Restless/Saved/Autosaves/Game/Levels/Architecture_Auto1.umap'
[2017.06.06-13.03.28:505][989]LogSavePackage:Display: Finished SavePackage D:/Restless/Restless/Restless/Saved/Autosaves/Game/Levels/Architecture_Auto1.umap
[2017.06.06-13.03.28:506][989]Cmd: OBJ SAVEPACKAGE PACKAGE="/Game/Levels/Fabi" FILE="D:/Restless/Restless/Restless/Saved/Autosaves/Game/Levels/Fabi_Auto1.umap" SILENT=true AUTOSAVING=true KEEPDIRTY=false
[2017.06.06-13.03.28:543][989]LogSavePackage: Save=30.47ms
[2017.06.06-13.03.28:543][989]LogSavePackage: Moving 'D:/Restless/Restless/Restless/Saved/Fabi_Auto1AA8433684420D482123E6F8E004A8CAB.tmp' to 'D:/Restless/Restless/Restless/Saved/Autosaves/Game/Levels/Fabi_Auto1.umap'
[2017.06.06-13.03.28:543][989]LogSavePackage:Display: Finished SavePackage D:/Restless/Restless/Restless/Saved/Autosaves/Game/Levels/Fabi_Auto1.umap
[2017.06.06-13.03.28:546][989]Cmd: OBJ SAVEPACKAGE PACKAGE="/Game/Levels/Gameplay" FILE="D:/Restless/Restless/Restless/Saved/Autosaves/Game/Levels/Gameplay_Auto1.umap" SILENT=true AUTOSAVING=true KEEPDIRTY=false
[2017.06.06-13.03.28:602][989]LogSpawn:Warning: UWorld::DestroyActor: World has no context! World: Gameplay, Actor: /Game/Levels/Gameplay.Gameplay:PersistentLevel.Gameplay_C_0
[2017.06.06-13.03.28:789][989]LogSavePackage: Save=237.75ms
[2017.06.06-13.03.28:789][989]LogSavePackage: Moving 'D:/Restless/Restless/Restless/Saved/Gameplay_Auto11DA08A574A74AE4B9FB1C88BEFC91B9A.tmp' to 'D:/Restless/Restless/Restless/Saved/Autosaves/Game/Levels/Gameplay_Auto1.umap'
[2017.06.06-13.03.28:790][989]LogSavePackage:Display: Finished SavePackage D:/Restless/Restless/Restless/Saved/Autosaves/Game/Levels/Gameplay_Auto1.umap
[2017.06.06-13.03.28:790][989]LogFileHelpers: Editor autosave (incl. sublevels) for '/Game/Levels/Blockout_beat2' took 0.452
[2017.06.06-13.03.28:790][989]LogFileHelpers: Editor autosave (incl. sublevels) for all levels took 0.452
[2017.06.06-13.03.36:980][788]LogActorFactory: Actor Factory created Reactor_Sides
[2017.06.06-13.03.37:743][849]LogActorFactory: Actor Factory created Reactor_Sides
[2017.06.06-13.04.02:102][280]LogEditorViewport: Clicking on Actor (context menu): StaticMeshActor (Reactor_Sides)
[2017.06.06-13.04.03:490][402]LogEditorViewport: Clicking on Actor (LMB): StaticMeshActor (Reactor_Sides)
[2017.06.06-13.04.04:476][501]Cmd: EDIT COPY
[2017.06.06-13.04.04:784][533]Cmd: EDIT PASTE
[2017.06.06-13.04.05:360][586]LogEditorViewport: Clicking on Actor (context menu): StaticMeshActor (Reactor_Sides2)
[2017.06.06-13.04.09:384][824]Cmd: ACTOR MIRROR X=-1
[2017.06.06-13.04.10:732][947]Cmd: TRANSACTION UNDO
[2017.06.06-13.04.10:732][947]LogEditorTransaction: Undo Mirroring Actors
[2017.06.06-13.04.11:936][ 57]LogEditorViewport: Clicking on Actor (context menu): StaticMeshActor (Reactor_Sides2)
[2017.06.06-13.04.14:256][190]Cmd: ACTOR MIRROR Y=-1
[2017.06.06-13.04.24:893][225]Cmd: EDIT COPY
[2017.06.06-13.04.25:309][265]Cmd: EDIT PASTE
[2017.06.06-13.04.25:902][317]LogEditorViewport: Clicking on Actor (context menu): StaticMeshActor (Reactor_Sides3)
[2017.06.06-13.04.30:737][589]Cmd: ACTOR MIRROR X=-1
[2017.06.06-13.04.35:067][  7]Cmd: TRANSACTION UNDO
[2017.06.06-13.04.35:067][  7]LogEditorTransaction: Undo Mirroring Actors
[2017.06.06-13.04.37:499][206]LogEditorViewport: Clicking on Actor (context menu): StaticMeshActor (Reactor_Sides3)
[2017.06.06-13.04.45:364][687]Cmd: ACTOR MIRROR Z=-1
[2017.06.06-13.04.49:503][ 33]LogEditorViewport: Clicking on Actor (LMB): StaticMeshActor (Reactor_Sides4)
[2017.06.06-13.05.01:363][214]LogEditorViewport: Clicking on Actor (LMB): StaticMeshActor (Reactor_Sides3)
[2017.06.06-13.05.02:135][292]Cmd: DELETE
[2017.06.06-13.05.02:135][292]Cmd: ACTOR DELETE
[2017.06.06-13.05.02:136][292]LogEditorActor: Deleted Actor: StaticMeshActor
[2017.06.06-13.05.02:149][292]LogEditorActor: Deleted 1 Actors (0.014 secs)
[2017.06.06-13.05.03:286][423]Cmd: TRANSACTION UNDO
[2017.06.06-13.05.03:286][423]LogEditorTransaction: Undo Delete Actors
[2017.06.06-13.05.05:224][599]LogEditorViewport: Clicking on Actor (LMB): StaticMeshActor (Reactor_Sides4)
[2017.06.06-13.05.11:354][199]LogEditorViewport: Clicking on Actor (LMB): StaticMeshActor (Reactor_Sides4)
[2017.06.06-13.05.16:780][681]LogEditorViewport: Clicking on Actor (LMB): StaticMeshActor (Reactor_Sides3)
[2017.06.06-13.05.38:238][697]Cmd: OBJ SAVEPACKAGE PACKAGE="/Game/Levels/Architecture" FILE="D:/Restless/Restless/Restless/Content/Levels/Architecture.umap" SILENT=true AUTOSAVING=false KEEPDIRTY=false
[2017.06.06-13.05.38:398][697]LogSavePackage: Save=149.39ms
[2017.06.06-13.05.38:398][697]LogSavePackage: Moving 'D:/Restless/Restless/Restless/Saved/Architecture8F4B97634F992A5930BBC09D9E5B6001.tmp' to 'D:/Restless/Restless/Restless/Content/Levels/Architecture.umap'
[2017.06.06-13.05.38:401][697]LogSavePackage:Display: Finished SavePackage D:/Restless/Restless/Restless/Content/Levels/Architecture.umap
[2017.06.06-13.05.46:693][822]Cmd: OBJ SAVEPACKAGE PACKAGE="/Game/Levels/Fabi" FILE="D:/Restless/Restless/Restless/Content/Levels/Fabi.umap" SILENT=true AUTOSAVING=false KEEPDIRTY=false
[2017.06.06-13.05.46:733][822]LogSavePackage: Save=31.11ms
[2017.06.06-13.05.46:733][822]LogSavePackage: Moving 'D:/Restless/Restless/Restless/Saved/FabiA7BB641149E38C1747F5178C04A8A861.tmp' to 'D:/Restless/Restless/Restless/Content/Levels/Fabi.umap'
[2017.06.06-13.05.46:737][822]LogSavePackage:Display: Finished SavePackage D:/Restless/Restless/Restless/Content/Levels/Fabi.umap
[2017.06.06-13.05.46:737][822]LogFileHelpers: Saving map 'Fabi' took 0.098
[2017.06.06-13.05.47:007][823]Cmd: QUIT_EDITOR
[2017.06.06-13.05.47:264][823]LogWindowsTextInputMethodSystem:Display: IME system now deactivated.
[2017.06.06-13.05.47:286][823]LogExit: Preparing to exit.
[2017.06.06-13.05.48:453][823]LogExit: Editor shut down
[2017.06.06-13.05.48:453][823]LogExit: Transaction tracking system shut down
[2017.06.06-13.05.48:518][823]LogObj: Freed 0b from 0 cluster array pools.
[2017.06.06-13.05.48:518][823]LogExit: Object subsystem successfully closed.
[2017.06.06-13.05.48:535][823]LogD3D11RHI: Shutdown
[2017.06.06-13.05.48:535][823]LogD3D11RHI: CleanupD3DDevice
[2017.06.06-13.05.48:636][823]LogD3D11RHI: ~FD3D11DynamicRHI
[2017.06.06-13.05.48:650][823]LogModuleManager: Shutting down and abandoning module MovieSceneCapture (502)
[2017.06.06-13.05.48:650][823]LogModuleManager: Shutting down and abandoning module HierarchicalLODOutliner (500)
[2017.06.06-13.05.48:650][823]LogModuleManager: Shutting down and abandoning module CrashTracker (498)
[2017.06.06-13.05.48:650][823]LogModuleManager: Shutting down and abandoning module WorldBrowser (496)
[2017.06.06-13.05.48:650][823]LogModuleManager: Shutting down and abandoning module SceneOutliner (494)
[2017.06.06-13.05.48:650][823]LogModuleManager: Shutting down and abandoning module AddContentDialog (492)
[2017.06.06-13.05.48:650][823]LogDirectoryWatcher: A directory notification for 'C:/Program Files/Epic Games/UE_4.15/FeaturePacks/' was aborted.
[2017.06.06-13.05.48:651][823]LogModuleManager: Shutting down and abandoning module WidgetCarousel (491)
[2017.06.06-13.05.48:651][823]LogModuleManager: Shutting down and abandoning module EditorWidgets (488)
[2017.06.06-13.05.48:651][823]LogModuleManager: Shutting down and abandoning module CollectionManager (486)
[2017.06.06-13.05.48:651][823]LogDirectoryWatcher: A directory notification for 'D:/Restless/Restless/Restless/Content/Collections/' was aborted.
[2017.06.06-13.05.48:651][823]LogDirectoryWatcher: A directory notification for 'D:/Restless/Restless/Restless/Content/Developers/FabianHerzog/Collections/' was aborted.
[2017.06.06-13.05.48:651][823]LogDirectoryWatcher: A directory notification for 'D:/Restless/Restless/Restless/Saved/Collections/' was aborted.
[2017.06.06-13.05.48:651][823]LogModuleManager: Shutting down and abandoning module StatsViewer (484)
[2017.06.06-13.05.48:651][823]LogModuleManager: Shutting down and abandoning module FoliageEdit (482)
[2017.06.06-13.05.48:651][823]LogModuleManager: Shutting down and abandoning module LandscapeEditor (480)
[2017.06.06-13.05.48:651][823]LogModuleManager: Shutting down and abandoning module SceneDepthPickerMode (478)
[2017.06.06-13.05.48:651][823]LogModuleManager: Shutting down and abandoning module ActorPickerMode (476)
[2017.06.06-13.05.48:651][823]LogModuleManager: Shutting down and abandoning module GeometryMode (474)
[2017.06.06-13.05.48:651][823]LogModuleManager: Shutting down and abandoning module TextureAlignMode (472)
[2017.06.06-13.05.48:651][823]LogModuleManager: Shutting down and abandoning module BspMode (470)
[2017.06.06-13.05.48:651][823]LogModuleManager: Shutting down and abandoning module HardwareSurvey (468)
[2017.06.06-13.05.48:651][823]LogModuleManager: Shutting down and abandoning module SequenceRecorderSections (466)
[2017.06.06-13.05.48:651][823]LogModuleManager: Shutting down and abandoning module AutomationWorker (464)
[2017.06.06-13.05.48:651][823]LogModuleManager: Shutting down and abandoning module MatineeToLevelSequence (462)
[2017.06.06-13.05.48:651][823]LogModuleManager: Shutting down and abandoning module LevelSequenceEditor (460)
[2017.06.06-13.05.48:651][823]LogModuleManager: Shutting down and abandoning module PlacementMode (459)
[2017.06.06-13.05.48:651][823]LogModuleManager: Shutting down and abandoning module WmfMediaFactory (456)
[2017.06.06-13.05.48:651][823]LogModuleManager: Shutting down and abandoning module WmfMediaEditor (454)
[2017.06.06-13.05.48:651][823]LogModuleManager: Shutting down and abandoning module MfMediaFactory (452)
[2017.06.06-13.05.48:651][823]LogModuleManager: Shutting down and abandoning module MfMediaEditor (450)
[2017.06.06-13.05.48:651][823]LogModuleManager: Shutting down and abandoning module AvfMediaFactory (448)
[2017.06.06-13.05.48:651][823]LogModuleManager: Shutting down and abandoning module AvfMediaEditor (446)
[2017.06.06-13.05.48:651][823]LogModuleManager: Shutting down and abandoning module AndroidMediaFactory (444)
[2017.06.06-13.05.48:651][823]LogModuleManager: Shutting down and abandoning module Media (443)
[2017.06.06-13.05.48:651][823]LogModuleManager: Shutting down and abandoning module AndroidMediaEditor (440)
[2017.06.06-13.05.48:651][823]LogModuleManager: Shutting down and abandoning module CharacterAI (438)
[2017.06.06-13.05.48:651][823]LogModuleManager: Shutting down and abandoning module AudioCapture (436)
[2017.06.06-13.05.48:651][823]LogModuleManager: Shutting down and abandoning module SequenceRecorder (435)
[2017.06.06-13.05.48:651][823]LogModuleManager: Shutting down and abandoning module SmartSnapping (432)
[2017.06.06-13.05.48:651][823]LogModuleManager: Shutting down and abandoning module SessionServices (430)
[2017.06.06-13.05.48:651][823]LogModuleManager: Shutting down and abandoning module ViewportSnapping (428)
[2017.06.06-13.05.48:651][823]LogModuleManager: Shutting down and abandoning module ViewportInteraction (426)
[2017.06.06-13.05.48:651][823]LogModuleManager: Shutting down and abandoning module LogVisualizer (424)
[2017.06.06-13.05.48:652][823]LogModuleManager: Shutting down and abandoning module IntroTutorials (422)
[2017.06.06-13.05.48:652][823]LogModuleManager: Shutting down and abandoning module GameProjectGeneration (421)
[2017.06.06-13.05.48:652][823]LogModuleManager: Shutting down and abandoning module EditorLiveStreaming (418)
[2017.06.06-13.05.48:652][823]LogModuleManager: Shutting down and abandoning module IOSPlatformEditor (416)
[2017.06.06-13.05.48:652][823]LogModuleManager: Shutting down and abandoning module HTML5PlatformEditor (414)
[2017.06.06-13.05.48:652][823]LogModuleManager: Shutting down and abandoning module AndroidPlatformEditor (412)
[2017.06.06-13.05.48:652][823]LogModuleManager: Shutting down and abandoning module AndroidDeviceDetection (411)
[2017.06.06-13.05.48:982][823]LogModuleManager: Shutting down and abandoning module IOSRuntimeSettings (408)
[2017.06.06-13.05.48:982][823]LogModuleManager: Shutting down and abandoning module AndroidRuntimeSettings (406)
[2017.06.06-13.05.48:982][823]LogModuleManager: Shutting down and abandoning module InputBindingEditor (404)
[2017.06.06-13.05.48:982][823]LogModuleManager: Shutting down and abandoning module NiagaraEditor (402)
[2017.06.06-13.05.48:982][823]LogModuleManager: Shutting down and abandoning module MergeActors (400)
[2017.06.06-13.05.48:982][823]LogModuleManager: Shutting down and abandoning module SizeMap (398)
[2017.06.06-13.05.48:982][823]LogModuleManager: Shutting down and abandoning module TreeMap (396)
[2017.06.06-13.05.48:982][823]LogModuleManager: Shutting down and abandoning module ReferenceViewer (394)
[2017.06.06-13.05.48:982][823]LogModuleManager: Shutting down and abandoning module LocalizationDashboard (392)
[2017.06.06-13.05.48:982][823]LogModuleManager: Shutting down and abandoning module LocalizationService (391)
[2017.06.06-13.05.48:982][823]LogModuleManager: Shutting down and abandoning module HardwareTargeting (388)
[2017.06.06-13.05.48:982][823]LogModuleManager: Shutting down and abandoning module DeviceProfileEditor (386)
[2017.06.06-13.05.48:982][823]LogModuleManager: Shutting down and abandoning module UndoHistory (384)
[2017.06.06-13.05.48:982][823]LogModuleManager: Shutting down and abandoning module UserFeedback (382)
[2017.06.06-13.05.48:982][823]LogModuleManager: Shutting down and abandoning module XmlParser (380)
[2017.06.06-13.05.48:982][823]LogModuleManager: Shutting down and abandoning module Blutility (378)
[2017.06.06-13.05.48:982][823]LogModuleManager: Shutting down and abandoning module ProjectSettingsViewer (376)
[2017.06.06-13.05.48:982][823]LogModuleManager: Shutting down and abandoning module ProjectTargetPlatformEditor (375)
[2017.06.06-13.05.48:982][823]LogModuleManager: Shutting down and abandoning module EditorSettingsViewer (372)
[2017.06.06-13.05.48:982][823]LogModuleManager: Shutting down and abandoning module SettingsEditor (370)
[2017.06.06-13.05.48:982][823]LogModuleManager: Shutting down and abandoning module ProjectLauncher (368)
[2017.06.06-13.05.48:982][823]LogModuleManager: Shutting down and abandoning module SessionFrontend (366)
[2017.06.06-13.05.48:982][823]LogModuleManager: Shutting down and abandoning module ProfilerClient (364)
[2017.06.06-13.05.48:982][823]LogModuleManager: Shutting down and abandoning module DeviceManager (362)
[2017.06.06-13.05.48:982][823]LogModuleManager: Shutting down and abandoning module TargetDeviceServices (361)
[2017.06.06-13.05.49:035][823]LogModuleManager: Shutting down and abandoning module AutomationController (358)
[2017.06.06-13.05.49:035][823]LogModuleManager: Shutting down and abandoning module AutomationWindow (356)
[2017.06.06-13.05.49:035][823]LogModuleManager: Shutting down and abandoning module Layers (354)
[2017.06.06-13.05.49:035][823]LogModuleManager: Shutting down and abandoning module ComponentVisualizers (352)
[2017.06.06-13.05.49:035][823]LogModuleManager: Shutting down and abandoning module DetailCustomizations (350)
[2017.06.06-13.05.49:035][823]LogModuleManager: Shutting down and abandoning module PackagesDialog (348)
[2017.06.06-13.05.49:035][823]LogModuleManager: Shutting down and abandoning module Persona (346)
[2017.06.06-13.05.49:035][823]LogModuleManager: Shutting down and abandoning module AnimGraph (345)
[2017.06.06-13.05.49:035][823]LogModuleManager: Shutting down and abandoning module Kismet (342)
[2017.06.06-13.05.49:035][823]LogModuleManager: Shutting down and abandoning module GraphEditor (340)
[2017.06.06-13.05.49:035][823]LogModuleManager: Shutting down and abandoning module ClassViewer (338)
[2017.06.06-13.05.49:035][823]LogModuleManager: Shutting down and abandoning module Toolbox (336)
[2017.06.06-13.05.49:035][823]LogModuleManager: Shutting down and abandoning module ModuleUI (334)
[2017.06.06-13.05.49:035][823]LogModuleManager: Shutting down and abandoning module MovieSceneTools (332)
[2017.06.06-13.05.49:035][823]LogModuleManager: Shutting down and abandoning module OutputLog (330)
[2017.06.06-13.05.49:035][823]LogModuleManager: Shutting down and abandoning module GammaUI (328)
[2017.06.06-13.05.49:036][823]LogModuleManager: Shutting down and abandoning module Documentation (326)
[2017.06.06-13.05.49:036][823]LogModuleManager: Shutting down and abandoning module Niagara (324)
[2017.06.06-13.05.49:036][823]LogModuleManager: Shutting down and abandoning module StreamingPauseRendering (322)
[2017.06.06-13.05.49:036][823]LogModuleManager: Shutting down and abandoning module AnalyticsET (320)
[2017.06.06-13.05.49:036][823]LogModuleManager: Shutting down and abandoning module PortalServices (318)
[2017.06.06-13.05.49:036][823]LogModuleManager: Shutting down and abandoning module PortalRpc (316)
[2017.06.06-13.05.49:036][823]LogModuleManager: Shutting down and abandoning module MessagingRpc (314)
[2017.06.06-13.05.49:036][823]LogModuleManager: Shutting down and abandoning module AIModule (312)
[2017.06.06-13.05.49:036][823]LogModuleManager: Shutting down and abandoning module GameplayDebugger (311)
[2017.06.06-13.05.49:036][823]LogModuleManager: Shutting down and abandoning module AITestSuite (309)
[2017.06.06-13.05.49:036][823]LogModuleManager: Shutting down and abandoning module ProfilerService (306)
[2017.06.06-13.05.49:232][823]LogModuleManager: Shutting down and abandoning module TaskGraph (304)
[2017.06.06-13.05.49:232][823]LogModuleManager: Shutting down and abandoning module SteamVRController (302)
[2017.06.06-13.05.49:232][823]LogModuleManager: Shutting down and abandoning module SteamVR (300)
[2017.06.06-13.05.49:232][823]LogModuleManager: Shutting down and abandoning module ProceduralMeshComponentEditor (298)
[2017.06.06-13.05.49:232][823]LogModuleManager: Shutting down and abandoning module ProceduralMeshComponent (296)
[2017.06.06-13.05.49:232][823]LogModuleManager: Shutting down and abandoning module OculusLibrary (294)
[2017.06.06-13.05.49:232][823]LogModuleManager: Shutting down and abandoning module OculusInput (292)
[2017.06.06-13.05.49:232][823]LogModuleManager: Shutting down and abandoning module MobilePatchingUtils (290)
[2017.06.06-13.05.49:232][823]LogModuleManager: Shutting down and abandoning module CustomMeshComponent (288)
[2017.06.06-13.05.49:232][823]LogModuleManager: Shutting down and abandoning module CableComponent (286)
[2017.06.06-13.05.49:232][823]LogModuleManager: Shutting down and abandoning module ArchVisCharacter (284)
[2017.06.06-13.05.49:232][823]LogModuleManager: Shutting down and abandoning module MediaPlayerEditor (280)
[2017.06.06-13.05.49:232][823]LogModuleManager: Shutting down and abandoning module HTML5Networking (278)
[2017.06.06-13.05.49:232][823]LogModuleManager: Shutting down and abandoning module AlembicImporter (276)
[2017.06.06-13.05.49:232][823]LogModuleManager: Shutting down and abandoning module AlembicLibrary (275)
[2017.06.06-13.05.49:232][823]LogModuleManager: Shutting down and abandoning module GeometryCache (274)
[2017.06.06-13.05.49:232][823]LogModuleManager: Shutting down and abandoning module GeometryCacheEd (273)
[2017.06.06-13.05.49:232][823]LogModuleManager: Shutting down and abandoning module SuperSearchEditor (268)
[2017.06.06-13.05.49:232][823]LogModuleManager: Shutting down and abandoning module SuperSearch (267)
[2017.06.06-13.05.49:232][823]LogModuleManager: Shutting down and abandoning module SpeedTreeImporter (264)
[2017.06.06-13.05.49:232][823]LogModuleManager: Shutting down and abandoning module PluginBrowser (262)
[2017.06.06-13.05.49:232][823]LogModuleManager: Shutting down and abandoning module MobileLauncherProfileWizard (260)
[2017.06.06-13.05.49:232][823]LogModuleManager: Shutting down and abandoning module EpicSurvey (258)
[2017.06.06-13.05.49:232][823]LogModuleManager: Shutting down and abandoning module VisualStudioSourceCodeAccess (256)
[2017.06.06-13.05.49:232][823]LogModuleManager: Shutting down and abandoning module DesktopPlatform (255)
[2017.06.06-13.05.49:232][823]LogModuleManager: Shutting down and abandoning module UObjectPlugin (252)
[2017.06.06-13.05.49:232][823]LogModuleManager: Shutting down and abandoning module SubversionSourceControl (250)
[2017.06.06-13.05.49:232][823]LogModuleManager: Shutting down and abandoning module PerforceSourceControl (248)
[2017.06.06-13.05.49:232][823]LogModuleManager: Shutting down and abandoning module GitSourceControl (246)
[2017.06.06-13.05.49:232][823]LogModuleManager: Shutting down and abandoning module SourceControl (245)
[2017.06.06-13.05.49:232][823]LogModuleManager: Shutting down and abandoning module LightPropagationVolumeEditor (242)
[2017.06.06-13.05.49:232][823]LogModuleManager: Shutting down and abandoning module PaperTiledImporter (240)
[2017.06.06-13.05.49:232][823]LogModuleManager: Shutting down and abandoning module PaperSpriteSheetImporter (238)
[2017.06.06-13.05.49:232][823]LogModuleManager: Shutting down and abandoning module Paper2DEditor (236)
[2017.06.06-13.05.49:232][823]LogModuleManager: Shutting down and abandoning module MeshPaint (235)
[2017.06.06-13.05.49:232][823]LogModuleManager: Shutting down and abandoning module LevelEditor (233)
[2017.06.06-13.05.49:233][823]LogModuleManager: Shutting down and abandoning module PixelInspectorModule (232)
[2017.06.06-13.05.49:233][823]LogModuleManager: Shutting down and abandoning module MainFrame (230)
[2017.06.06-13.05.49:233][823]LogModuleManager: Shutting down and abandoning module HotReload (229)
[2017.06.06-13.05.49:233][823]LogModuleManager: Shutting down and abandoning module ContentBrowser (225)
[2017.06.06-13.05.49:234][823]LogModuleManager: Shutting down and abandoning module PhysXVehiclesEditor (222)
[2017.06.06-13.05.49:234][823]LogModuleManager: Shutting down and abandoning module PhysXVehicles (220)
[2017.06.06-13.05.49:234][823]LogModuleManager: Shutting down and abandoning module LocationServicesBPLibrary (218)
[2017.06.06-13.05.49:234][823]LogModuleManager: Shutting down and abandoning module UdpMessaging (216)
[2017.06.06-13.05.49:335][823]LogModuleManager: Shutting down and abandoning module TcpMessaging (214)
[2017.06.06-13.05.49:435][823]LogModuleManager: Shutting down and abandoning module GameplayTagsEditor (212)
[2017.06.06-13.05.49:435][823]LogModuleManager: Shutting down and abandoning module FacialAnimationEditor (210)
[2017.06.06-13.05.49:435][823]LogModuleManager: Shutting down and abandoning module FacialAnimation (208)
[2017.06.06-13.05.49:435][823]LogModuleManager: Shutting down and abandoning module LightPropagationVolumeRuntime (206)
[2017.06.06-13.05.49:435][823]LogModuleManager: Shutting down and abandoning module Paper2D (204)
[2017.06.06-13.05.49:435][823]LogModuleManager: Shutting down and abandoning module WindowsMoviePlayer (202)
[2017.06.06-13.05.49:435][823]LogModuleManager: Shutting down and abandoning module WmfMedia (200)
[2017.06.06-13.05.49:435][823]LogModuleManager: Shutting down and abandoning module MfMedia (198)
[2017.06.06-13.05.49:435][823]LogModuleManager: Shutting down and abandoning module MediaAssets (196)
[2017.06.06-13.05.49:435][823]LogModuleManager: Shutting down and abandoning module GameLiveStreaming (194)
[2017.06.06-13.05.49:435][823]LogModuleManager: Shutting down and abandoning module VREditor (192)
[2017.06.06-13.05.49:435][823]LogModuleManager: Shutting down and abandoning module GameplayTasksEditor (190)
[2017.06.06-13.05.49:435][823]LogModuleManager: Shutting down and abandoning module BehaviorTreeEditor (188)
[2017.06.06-13.05.49:435][823]LogModuleManager: Shutting down and abandoning module FunctionalTesting (186)
[2017.06.06-13.05.49:435][823]LogModuleManager: Shutting down and abandoning module CollisionAnalyzer (184)
[2017.06.06-13.05.49:435][823]LogModuleManager: Shutting down and abandoning module UMG (182)
[2017.06.06-13.05.49:435][823]LogModuleManager: Shutting down and abandoning module UMGEditor (181)
[2017.06.06-13.05.49:435][823]LogModuleManager: Shutting down and abandoning module Sequencer (180)
[2017.06.06-13.05.49:435][823]LogModuleManager: Shutting down and abandoning module AssetTools (178)
[2017.06.06-13.05.49:436][823]LogModuleManager: Shutting down and abandoning module MessageLog (177)
[2017.06.06-13.05.49:436][823]LogModuleManager: Shutting down and abandoning module WorkspaceMenuStructure (176)
[2017.06.06-13.05.49:436][823]LogModuleManager: Shutting down and abandoning module SlateReflector (170)
[2017.06.06-13.05.49:436][823]LogModuleManager: Shutting down and abandoning module Slate (168)
[2017.06.06-13.05.49:436][823]LogModuleManager: Shutting down and abandoning module EditorStyle (166)
[2017.06.06-13.05.49:438][823]LogModuleManager: Shutting down and abandoning module SourceCodeAccess (164)
[2017.06.06-13.05.49:438][823]LogModuleManager: Shutting down and abandoning module HeadMountedDisplay (162)
[2017.06.06-13.05.49:438][823]LogModuleManager: Shutting down and abandoning module XAudio2 (160)
[2017.06.06-13.05.49:438][823]LogModuleManager: Shutting down and abandoning module Networking (158)
[2017.06.06-13.05.49:438][823]LogModuleManager: Shutting down and abandoning module Core (154)
[2017.06.06-13.05.49:438][823]LogModuleManager: Shutting down and abandoning module AssetRegistry (152)
[2017.06.06-13.05.49:601][823]LogDirectoryWatcher: A directory notification for '../../../Engine/Content/' was aborted.
[2017.06.06-13.05.49:601][823]LogDirectoryWatcher: A directory notification for 'D:/Restless/Restless/Restless/Content/' was aborted.
[2017.06.06-13.05.49:601][823]LogDirectoryWatcher: A directory notification for '../../../Engine/Plugins/2D/Paper2D/Content/' was aborted.
[2017.06.06-13.05.49:601][823]LogModuleManager: Shutting down and abandoning module DirectoryWatcher (151)
[2017.06.06-13.05.49:602][823]LogModuleManager: Shutting down and abandoning module KismetCompiler (148)
[2017.06.06-13.05.49:602][823]LogModuleManager: Shutting down and abandoning module PhysXFormats (146)
[2017.06.06-13.05.49:602][823]LogModuleManager: Shutting down and abandoning module MeshUtilities (144)
[2017.06.06-13.05.49:602][823]LogModuleManager: Shutting down and abandoning module SimplygonSwarm (143)
[2017.06.06-13.05.49:602][823]LogModuleManager: Shutting down and abandoning module SimplygonMeshReduction (141)
[2017.06.06-13.05.49:602][823]LogModuleManager: Shutting down and abandoning module QuadricMeshReduction (139)
[2017.06.06-13.05.49:602][823]LogModuleManager: Shutting down and abandoning module PropertyEditor (137)
[2017.06.06-13.05.49:602][823]LogModuleManager: Shutting down and abandoning module DerivedDataCache (134)
[2017.06.06-13.05.49:633][823]LogDerivedDataCache: Shutdown
[2017.06.06-13.05.49:633][823]LogModuleManager: Shutting down and abandoning module TargetPlatform (132)
[2017.06.06-13.05.49:633][823]LogModuleManager: Shutting down and abandoning module VulkanShaderFormat (131)
[2017.06.06-13.05.49:633][823]LogModuleManager: Shutting down and abandoning module ShaderFormatOpenGL (129)
[2017.06.06-13.05.49:633][823]LogModuleManager: Shutting down and abandoning module ShaderFormatD3D (127)
[2017.06.06-13.05.49:633][823]LogModuleManager: Shutting down and abandoning module MetalShaderFormat (125)
[2017.06.06-13.05.49:633][823]LogModuleManager: Shutting down and abandoning module TextureFormatUncompressed (123)
[2017.06.06-13.05.49:633][823]LogModuleManager: Shutting down and abandoning module TextureFormatPVR (121)
[2017.06.06-13.05.49:633][823]LogModuleManager: Shutting down and abandoning module TextureFormatDXT (119)
[2017.06.06-13.05.49:633][823]LogModuleManager: Shutting down and abandoning module TextureFormatIntelISPCTexComp (117)
[2017.06.06-13.05.49:633][823]LogModuleManager: Shutting down and abandoning module TextureFormatASTC (115)
[2017.06.06-13.05.49:633][823]LogModuleManager: Shutting down and abandoning module ImageWrapper (114)
[2017.06.06-13.05.49:633][823]LogModuleManager: Shutting down and abandoning module TextureFormatAndroid (111)
[2017.06.06-13.05.49:633][823]LogModuleManager: Shutting down and abandoning module AudioFormatOpus (109)
[2017.06.06-13.05.49:633][823]LogModuleManager: Shutting down and abandoning module AudioFormatOgg (107)
[2017.06.06-13.05.49:633][823]LogModuleManager: Shutting down and abandoning module AudioFormatADPCM (105)
[2017.06.06-13.05.49:633][823]LogModuleManager: Shutting down and abandoning module LinuxTargetPlatform (103)
[2017.06.06-13.05.49:633][823]LogModuleManager: Shutting down and abandoning module LinuxServerTargetPlatform (101)
[2017.06.06-13.05.49:633][823]LogModuleManager: Shutting down and abandoning module LinuxNoEditorTargetPlatform (99)
[2017.06.06-13.05.49:633][823]LogModuleManager: Shutting down and abandoning module LinuxClientTargetPlatform (97)
[2017.06.06-13.05.49:633][823]LogModuleManager: Shutting down and abandoning module TVOSTargetPlatform (95)
[2017.06.06-13.05.49:633][823]LogModuleManager: Shutting down and abandoning module Messaging (93)
[2017.06.06-13.05.49:633][823]LogModuleManager: Shutting down and abandoning module IOSTargetPlatform (91)
[2017.06.06-13.05.49:633][823]LogModuleManager: Shutting down and abandoning module HTML5TargetPlatform (89)
[2017.06.06-13.05.49:633][823]LogModuleManager: Shutting down and abandoning module Android_PVRTCTargetPlatform (87)
[2017.06.06-13.05.49:633][823]LogModuleManager: Shutting down and abandoning module Android_MultiTargetPlatform (85)
[2017.06.06-13.05.49:633][823]LogModuleManager: Shutting down and abandoning module Android_ETC2TargetPlatform (83)
[2017.06.06-13.05.49:633][823]LogModuleManager: Shutting down and abandoning module Android_ETC1TargetPlatform (81)
[2017.06.06-13.05.49:633][823]LogModuleManager: Shutting down and abandoning module Android_DXTTargetPlatform (79)
[2017.06.06-13.05.49:633][823]LogModuleManager: Shutting down and abandoning module Android_ATCTargetPlatform (77)
[2017.06.06-13.05.49:633][823]LogModuleManager: Shutting down and abandoning module Android_ASTCTargetPlatform (75)
[2017.06.06-13.05.49:633][823]LogModuleManager: Shutting down and abandoning module AndroidTargetPlatform (73)
[2017.06.06-13.05.49:633][823]LogModuleManager: Shutting down and abandoning module WindowsTargetPlatform (71)
[2017.06.06-13.05.49:633][823]LogModuleManager: Shutting down and abandoning module WindowsServerTargetPlatform (69)
[2017.06.06-13.05.49:633][823]LogModuleManager: Shutting down and abandoning module WindowsNoEditorTargetPlatform (67)
[2017.06.06-13.05.49:633][823]LogModuleManager: Shutting down and abandoning module WindowsClientTargetPlatform (65)
[2017.06.06-13.05.49:633][823]LogModuleManager: Shutting down and abandoning module MacTargetPlatform (63)
[2017.06.06-13.05.49:633][823]LogModuleManager: Shutting down and abandoning module MacServerTargetPlatform (61)
[2017.06.06-13.05.49:633][823]LogModuleManager: Shutting down and abandoning module MacNoEditorTargetPlatform (59)
[2017.06.06-13.05.49:633][823]LogModuleManager: Shutting down and abandoning module MacClientTargetPlatform (57)
[2017.06.06-13.05.49:633][823]LogModuleManager: Shutting down and abandoning module AllDesktopTargetPlatform (55)
[2017.06.06-13.05.49:633][823]LogModuleManager: Shutting down and abandoning module InputCore (52)
[2017.06.06-13.05.49:633][823]LogModuleManager: Shutting down and abandoning module Settings (50)
[2017.06.06-13.05.49:633][823]LogModuleManager: Shutting down and abandoning module OculusRift (48)
[2017.06.06-13.05.49:633][823]LogModuleManager: Shutting down and abandoning module GearVR (46)
[2017.06.06-13.05.49:633][823]LogModuleManager: Shutting down and abandoning module ExampleDeviceProfileSelector (44)
[2017.06.06-13.05.49:633][823]LogModuleManager: Shutting down and abandoning module OnlineBlueprintSupport (42)
[2017.06.06-13.05.49:633][823]LogModuleManager: Shutting down and abandoning module OnlineSubsystem (38)
[2017.06.06-13.05.49:633][823]LogOnline:Display: Unloading online subsystem: NULL
[2017.06.06-13.05.49:633][823]LogModuleManager: Shutting down and abandoning module XMPP (37)
[2017.06.06-13.05.49:633][823]LogModuleManager: Shutting down and abandoning module HTTP (35)
[2017.06.06-13.05.49:633][823]LogHttp:Display: Http module shutting down, but needs to wait on 1 outstanding Http requests:
[2017.06.06-13.05.49:633][823]LogHttp:Display: 	verb=[POST] url=[https://datarouter.ol.epicgames.com/datarouter/api/v1/public/data?SessionID=%7B80185C13-4913-50BE-B3E3-6DA81C5FE14F%7D&AppID=UEEditor.Rocket.Release&AppVersion=4.15.2-3416026%2B%2B%2BUE4%2BRelease-4.15&UserID=051e73c649ef7f7ed3a281adc26f88e3%7Cb40de3f5dd644fddb0f4544d8f806ca2%7C827e0421-0152-46d9-82bc-c506fa749be3&AppEnvironment=datacollector-binary&UploadType=eteventstream] status=Processing
[2017.06.06-13.05.49:659][823]LogModuleManager: Shutting down and abandoning module SSL (34)
[2017.06.06-13.05.49:660][823]LogModuleManager: Shutting down and abandoning module AudioEditor (30)
[2017.06.06-13.05.49:660][823]LogModuleManager: Shutting down and abandoning module TextureCompressor (28)
[2017.06.06-13.05.49:660][823]LogModuleManager: Shutting down and abandoning module ShaderCore (26)
[2017.06.06-13.05.49:660][823]LogModuleManager: Shutting down and abandoning module Landscape (24)
[2017.06.06-13.05.49:660][823]LogModuleManager: Shutting down and abandoning module SlateRHIRenderer (22)
[2017.06.06-13.05.49:661][823]LogModuleManager: Shutting down and abandoning module OpenGLDrv (20)
[2017.06.06-13.05.49:661][823]LogModuleManager: Shutting down and abandoning module D3D11RHI (18)
[2017.06.06-13.05.49:661][823]LogModuleManager: Shutting down and abandoning module AnimGraphRuntime (16)
[2017.06.06-13.05.49:661][823]LogModuleManager: Shutting down and abandoning module Renderer (14)
[2017.06.06-13.05.49:661][823]LogModuleManager: Shutting down and abandoning module Engine (12)
[2017.06.06-13.05.49:661][823]LogModuleManager: Shutting down and abandoning module CoreUObject (10)
[2017.06.06-13.05.49:661][823]LogModuleManager: Shutting down and abandoning module NetworkFile (8)
[2017.06.06-13.05.49:661][823]LogModuleManager: Shutting down and abandoning module StreamingFile (6)
[2017.06.06-13.05.49:661][823]LogModuleManager: Shutting down and abandoning module SandboxFile (4)
[2017.06.06-13.05.49:661][823]LogModuleManager: Shutting down and abandoning module PakFile (2)
[2017.06.06-13.05.49:663][823]LogExit: Exiting.
[2017.06.06-13.05.49:664][823]Log file closed, 06/06/17 15:05:49
