Log file open, 05/25/17 20:33:11
LogInit:Display: Running engine for game: MyProject
LogPlatformFile: Not using cached read wrapper
LogInit:Display: RandInit(887021216) SRandInit(887021216).
LogTaskGraph: Started task graph with 5 named threads and 8 total threads with 1 sets of task threads.
LogStats: Stats thread started at 0.079787
LogInit: Using libcurl 7.47.1
LogInit:  - built for x86_64-pc-win32
LogInit:  - supports SSL with OpenSSL/1.0.2g
LogInit:  - supports HTTP deflate (compression) using libz 1.2.8
LogInit:  - other features:
LogInit:      CURL_VERSION_SSL
LogInit:      CURL_VERSION_LIBZ
LogInit:      CURL_VERSION_IPV6
LogInit:      CURL_VERSION_ASYNCHDNS
LogInit:      CURL_VERSION_LARGEFILE
LogInit:      CURL_VERSION_IDN
LogInit:  CurlRequestOptions (configurable via config and command line):
LogInit:  - bVerifyPeer = false  - Libcurl will NOT verify peer certificate
LogInit:  - bUseHttpProxy = false  - Libcurl will NOT use HTTP proxy
LogInit:  - bDontReuseConnections = false  - Libcurl will reuse connections
LogInit:  - CertBundlePath = nullptr  - Libcurl will use whatever was configured at build time.
LogInit: Build: ++UE4+Release-4.15-CL-3348071
LogInit: Engine Version: 4.15.1-3348071+++UE4+Release-4.15
LogInit: Compatible Engine Version: 4.15.0-3299760+++UE4+Release-4.15
LogInit: Net CL: 3299760
LogDevObjectVersion: Number of dev versions registered: 14
LogDevObjectVersion:   Dev-Blueprints (B0D832E4-1F89-4F0D-ACCF-7EB736FD4AA2): 8
LogDevObjectVersion:   Dev-Build (E1C64328-A22C-4D53-A36C-8E866417BD8C): 0
LogDevObjectVersion:   Dev-Core (375EC13C-06E4-48FB-B500-84F0262A717E): 2
LogDevObjectVersion:   Dev-Editor (E4B068ED-F494-42E9-A231-DA0B2E46BB41): 14
LogDevObjectVersion:   Dev-Framework (CFFC743F-43B0-4480-9391-14DF171D2073): 22
LogDevObjectVersion:   Dev-Mobile (B02B49B5-BB20-44E9-A304-32B752E40360): 0
LogDevObjectVersion:   Dev-Networking (A4E4105C-59A1-49B5-A7C5-40C4547EDFEE): 0
LogDevObjectVersion:   Dev-Online (39C831C9-5AE6-47DC-9A44-9C173E1C8E7C): 0
LogDevObjectVersion:   Dev-Physics (78F01B33-EBEA-4F98-B9B4-84EACCB95AA2): 0
LogDevObjectVersion:   Dev-Platform (6631380F-2D4D-43E0-8009-CF276956A95A): 0
LogDevObjectVersion:   Dev-Rendering (12F88B9F-8875-4AFC-A67C-D90C383ABD29): 12
LogDevObjectVersion:   Dev-Sequencer (7B5AE74C-D270-4C10-A958-57980B212A5A): 3
LogDevObjectVersion:   Dev-VR (D7296918-1DD6-4BDD-9DE2-64A83CC13884): 0
LogDevObjectVersion:   Dev-LoadTimes (C2A15278-BFE7-4AFE-6C17-90FF531DF755): 1
LogInit: Compiled (64-bit): Mar 15 2017 16:52:47
LogInit: Compiled with Visual C++: 19.00.23026.00
LogInit: Build Configuration: Development
LogInit: Branch Name: ++UE4+Release-4.15
LogInit: Command line:  
LogInit: Base directory: C:/Program Files/Epic Games/UE_4.15/Engine/Binaries/Win64/
LogInit: Installed Engine Build: 1
LogInit: Presizing for max 8388607 objects, including 0 objects not considered by GC, pre-allocating 0 bytes for permanent pool.
LogInit: Object subsystem initialized
[2017.05.25-18.33.11:909][  0]LogInit: Selected Device Profile: [Windows]
[2017.05.25-18.33.11:909][  0]LogInit: Applying CVar settings loaded from the selected device profile: [Windows]
[2017.05.25-18.33.11:928][  0]LogInit: Computer: 2014-GA-22
[2017.05.25-18.33.11:928][  0]LogInit: User: ChristianSchildhaue
[2017.05.25-18.33.11:928][  0]LogInit: CPU Page size=65536, Cores=4
[2017.05.25-18.33.11:928][  0]LogInit: High frequency timer resolution =3.117781 MHz
[2017.05.25-18.33.11:928][  0]LogMemory: Memory total: Physical=8.0GB (8GB approx)
[2017.05.25-18.33.11:928][  0]LogMemory: Platform Memory Stats for Windows
[2017.05.25-18.33.11:928][  0]LogMemory: Process Physical Memory: 263.25 MB used, 263.25 MB peak
[2017.05.25-18.33.11:928][  0]LogMemory: Process Virtual Memory: 262.24 MB used, 262.24 MB peak
[2017.05.25-18.33.11:928][  0]LogMemory: Physical Memory: 3237.23 MB used,  4906.05 MB free, 8143.29 MB total
[2017.05.25-18.33.11:928][  0]LogMemory: Virtual Memory: 644.27 MB used,  4906.05 MB free, 134217728.00 MB total
[2017.05.25-18.33.12:049][  0]LogTextLocalizationManager: No translations for ('de-DE') exist, falling back to 'en' for localization and internationalization data.
[2017.05.25-18.33.14:141][  0]LogD3D11RHI: D3D11 adapters:
[2017.05.25-18.33.14:164][  0]LogD3D11RHI:    0. 'NVIDIA GeForce GTX 760' (Feature Level 11_0)
[2017.05.25-18.33.14:164][  0]LogD3D11RHI:       2017/0/4071 MB DedicatedVideo/DedicatedSystem/SharedSystem, Outputs:3, VendorId:0x10de
[2017.05.25-18.33.14:165][  0]LogD3D11RHI:    1. 'Microsoft Basic Render Driver' (Feature Level 11_0)
[2017.05.25-18.33.14:165][  0]LogD3D11RHI:       0/0/4071 MB DedicatedVideo/DedicatedSystem/SharedSystem, Outputs:0, VendorId:0x1414
[2017.05.25-18.33.14:165][  0]LogD3D11RHI: Chosen D3D11 Adapter: 0
[2017.05.25-18.33.14:171][  0]LogD3D11RHI: Creating new Direct3DDevice
[2017.05.25-18.33.14:171][  0]LogD3D11RHI:     GPU DeviceId: 0x1187 (for the marketing name, search the web for "GPU Device Id")
[2017.05.25-18.33.14:171][  0]LogWindows: EnumDisplayDevices:
[2017.05.25-18.33.14:171][  0]LogWindows:    0. 'NVIDIA GeForce GTX 760' (P:1 D:1)
[2017.05.25-18.33.14:171][  0]LogWindows:    1. 'NVIDIA GeForce GTX 760' (P:0 D:1)
[2017.05.25-18.33.14:172][  0]LogWindows:    2. 'NVIDIA GeForce GTX 760' (P:0 D:1)
[2017.05.25-18.33.14:172][  0]LogWindows:    3. 'NVIDIA GeForce GTX 760' (P:0 D:0)
[2017.05.25-18.33.14:172][  0]LogWindows: DebugString: FoundDriverCount:4 
[2017.05.25-18.33.14:172][  0]LogD3D11RHI:     Adapter Name: NVIDIA GeForce GTX 760
[2017.05.25-18.33.14:172][  0]LogD3D11RHI:   Driver Version: 376.53 (internal:21.21.13.7653, unified:376.53)
[2017.05.25-18.33.14:172][  0]LogD3D11RHI:      Driver Date: 12-29-2016
[2017.05.25-18.33.14:172][  0]LogRHI: Texture pool is 1361 MB (70% of 1945 MB)
[2017.05.25-18.33.14:190][  0]LogD3D11RHI:Warning: Timestamp queries are currently disabled on this hardware due to instability. Realtime GPU stats will not be available. You can override this behaviour by setting r.NVIDIATimestampWorkaround to 0
[2017.05.25-18.33.14:193][  0]LogD3D11RHI: Async texture creation enabled
[2017.05.25-18.33.14:214][  0]LogD3D11RHI: GPU Timing Frequency: 1000.000000 (Debug: 2 2)
[2017.05.25-18.33.14:369][  0]LogShaderCompilers: Guid format shader working directory is -19 characters bigger than the processId version (../../../../../../Users/Christian.Schildhaue/Desktop/RESTLESS/Restless/Restless/Intermediate/Shaders/WorkingDirectory/14064/).
[2017.05.25-18.33.14:369][  0]LogShaderCompilers: Cleaned the shader compiler working directory 'C:/Users/Christian.Schildhaue/AppData/Local/Temp/UnrealShaderWorkingDir/9D2CF5634E33DA70335E35B0AD5A974C/'.
[2017.05.25-18.33.14:369][  0]LogShaderCompilers:Display: Using Local Shader Compiler.
[2017.05.25-18.33.15:594][  0]LogTemp:Display: Loaded TP AllDesktopTargetPlatform
[2017.05.25-18.33.15:642][  0]LogTemp:Display: Loaded TP MacClientTargetPlatform
[2017.05.25-18.33.15:691][  0]LogTemp:Display: Loaded TP MacNoEditorTargetPlatform
[2017.05.25-18.33.15:739][  0]LogTemp:Display: Loaded TP MacServerTargetPlatform
[2017.05.25-18.33.15:792][  0]LogTemp:Display: Loaded TP MacTargetPlatform
[2017.05.25-18.33.15:842][  0]LogTemp:Display: Loaded TP WindowsClientTargetPlatform
[2017.05.25-18.33.15:891][  0]LogTemp:Display: Loaded TP WindowsNoEditorTargetPlatform
[2017.05.25-18.33.15:941][  0]LogTemp:Display: Loaded TP WindowsServerTargetPlatform
[2017.05.25-18.33.15:981][  0]LogTemp:Display: Loaded TP WindowsTargetPlatform
[2017.05.25-18.33.16:033][  0]LogTemp:Display: Loaded TP AndroidTargetPlatform
[2017.05.25-18.33.16:082][  0]LogTemp:Display: Loaded TP Android_ASTCTargetPlatform
[2017.05.25-18.33.16:130][  0]LogTemp:Display: Loaded TP Android_ATCTargetPlatform
[2017.05.25-18.33.16:178][  0]LogTemp:Display: Loaded TP Android_DXTTargetPlatform
[2017.05.25-18.33.16:226][  0]LogTemp:Display: Loaded TP Android_ETC1TargetPlatform
[2017.05.25-18.33.16:275][  0]LogTemp:Display: Loaded TP Android_ETC2TargetPlatform
[2017.05.25-18.33.16:371][  0]LogTemp:Display: Loaded TP Android_MultiTargetPlatform
[2017.05.25-18.33.16:371][  0]LogTemp:Display: Loaded TP Android_PVRTCTargetPlatform
[2017.05.25-18.33.16:406][  0]LogTemp:Display: Loaded TP HTML5TargetPlatform
[2017.05.25-18.33.16:500][  0]LogTemp:Display: Loaded TP IOSTargetPlatform
[2017.05.25-18.33.16:532][  0]LogTemp:Display: Loaded TP TVOSTargetPlatform
[2017.05.25-18.33.16:582][  0]LogTemp:Display: Loaded TP LinuxClientTargetPlatform
[2017.05.25-18.33.16:630][  0]LogTemp:Display: Loaded TP LinuxNoEditorTargetPlatform
[2017.05.25-18.33.16:678][  0]LogTemp:Display: Loaded TP LinuxServerTargetPlatform
[2017.05.25-18.33.16:730][  0]LogTemp:Display: Loaded TP LinuxTargetPlatform
[2017.05.25-18.33.16:730][  0]LogTargetPlatformManager:Display: Building Assets For Windows
[2017.05.25-18.33.17:137][  0]LogDerivedDataCache:Display: Max Cache Size: 512 MB
[2017.05.25-18.33.17:378][  0]LogDerivedDataCache: Loaded boot cache 0.24s 50MB C:/Users/Christian.Schildhaue/AppData/Local/UnrealEngine/4.15/DerivedDataCache/Boot.ddc.
[2017.05.25-18.33.17:378][  0]LogDerivedDataCache:Display: Loaded Boot cache: C:/Users/Christian.Schildhaue/AppData/Local/UnrealEngine/4.15/DerivedDataCache/Boot.ddc
[2017.05.25-18.33.17:378][  0]LogDerivedDataCache: FDerivedDataBackendGraph:  Pak pak cache file ../../../../../../Users/Christian.Schildhaue/Desktop/RESTLESS/Restless/Restless/DerivedDataCache/DDC.ddp not found, will not use a pak cache.
[2017.05.25-18.33.17:378][  0]LogDerivedDataCache: Unable to find inner node Pak for hierarchical cache Hierarchy.
[2017.05.25-18.33.17:378][  0]LogDerivedDataCache: FDerivedDataBackendGraph:  CompressedPak pak cache file ../../../../../../Users/Christian.Schildhaue/Desktop/RESTLESS/Restless/Restless/DerivedDataCache/Compressed.ddp not found, will not use a pak cache.
[2017.05.25-18.33.17:378][  0]LogDerivedDataCache: Unable to find inner node CompressedPak for hierarchical cache Hierarchy.
[2017.05.25-18.33.17:402][  0]LogDerivedDataCache:Display: Pak cache opened for reading ../../../Engine/DerivedDataCache/Compressed.ddp.
[2017.05.25-18.33.17:415][  0]LogDerivedDataCache: Using Local data cache path C:/Users/Christian.Schildhaue/AppData/Local/UnrealEngine/Common/DerivedDataCache: Writable
[2017.05.25-18.33.17:425][  0]LogSlate: Using Freetype 2.6.0
[2017.05.25-18.33.17:437][  0]LogSlate: SlateFontCache - WITH_FREETYPE: 1, WITH_HARFBUZZ: 1
[2017.05.25-18.33.17:437][  0]LogSlate: SlateFontCache - WITH_FREETYPE: 1, WITH_HARFBUZZ: 1
[2017.05.25-18.33.19:164][  0]LogInit: Selected Device Profile: [Windows]
[2017.05.25-18.33.19:167][  0]LogContentStreaming: Texture pool size is 0.00 MB
[2017.05.25-18.33.19:359][  0]LogMeshUtilities: Using QuadricMeshReduction for automatic static mesh reduction
[2017.05.25-18.33.19:398][  0]LogSimplygon: Simplygon DLL not present - disabling.
[2017.05.25-18.33.19:440][  0]LogMeshUtilities: Using SimplygonSwarm for distributed automatic mesh merging
[2017.05.25-18.33.19:440][  0]LogMeshUtilities: No automatic skeletal mesh reduction module available
[2017.05.25-18.33.19:440][  0]LogMeshUtilities: No automatic mesh merging module available
[2017.05.25-18.33.19:988][  0]LogNetVersion: GetLocalNetworkVersion: CL: 3299760, ProjectName: myproject, ProjectVersion: , EngineNetworkVersion: 2, GameNetworkVersion: 0, NetworkChecksum: 4136520461
[2017.05.25-18.33.20:034][  0]LogAssetRegistry: FAssetRegistry took 0.0219 seconds to start up
[2017.05.25-18.33.20:067][  0]LogPackageLocalizationCache: Processed 3 localized package path(s) for 1 prioritized culture(s) in 0.012267 seconds
[2017.05.25-18.33.20:073][  0]LogUObjectArray: 32493 objects as part of root set at end of initial load.
[2017.05.25-18.33.20:073][  0]LogUObjectAllocator: 7077032 out of 0 bytes used by permanent object pool.
[2017.05.25-18.33.20:073][  0]LogUObjectArray: CloseDisregardForGC: 0/0 objects in disregard for GC pool
[2017.05.25-18.33.20:131][  0]LogInit: WinSock: version 1.1 (2.2), MaxSocks=32767, MaxUdp=65467
[2017.05.25-18.33.22:987][  0]LogTcpMessaging: Initializing TcpMessaging bridge
[2017.05.25-18.33.23:023][  0]LogUdpMessaging: Initializing bridge on interface 0.0.0.0:0 to multicast group 230.0.0.1:6666.
[2017.05.25-18.33.23:530][  0]LogMaterial: Uniform references updated for custom material expression Custom.
[2017.05.25-18.33.23:864][  0]SourceControl: Info Source control is disabled
[2017.05.25-18.33.23:865][  0]SourceControl: Info Source control is disabled
[2017.05.25-18.33.23:907][  0]SourceControl: Info Source control is disabled
[2017.05.25-18.33.23:946][  0]SourceControl: Info Source control is disabled
[2017.05.25-18.33.25:063][  0]LogEngine: Initializing Engine...
[2017.05.25-18.33.25:064][  0]LogHMD: Failed to initialize OpenVR with code 110
[2017.05.25-18.33.25:277][  0]LogAIModule: Creating AISystem for world Untitled
[2017.05.25-18.33.25:284][  0]LogInit: XAudio2 using 'Kopfhörer_Blaues_Licht (High Definition Audio-Gerät)' : 2 channels at 48 kHz using 32 bits per sample (channel mask 0x3)
[2017.05.25-18.33.25:324][  0]LogInit: FAudioDevice initialized.
[2017.05.25-18.33.25:348][  0]LogDerivedDataCache: Saved boot cache 0.02s 50MB C:/Users/Christian.Schildhaue/AppData/Local/UnrealEngine/4.15/DerivedDataCache/Boot.ddc.
[2017.05.25-18.33.25:356][  0]LogInit: Texture streaming: Enabled
[2017.05.25-18.33.25:439][  0]LogEngineSessionManager: EngineSessionManager initialized
[2017.05.25-18.33.25:527][  0]LogInit: Transaction tracking system initialized
[2017.05.25-18.33.25:832][  0]BlueprintLog: New page: Editor Load
[2017.05.25-18.33.26:661][  0]LocalizationService: Info Localization service is disabled
[2017.05.25-18.33.27:266][  0]LogConsoleResponse:Display: 
[2017.05.25-18.33.27:395][  0]LogCook:Display: Max memory allowance for cook 16384mb min free memory 0mb
[2017.05.25-18.33.27:395][  0]LogCook:Display: Mobile HDR setting 1
[2017.05.25-18.33.27:629][  0]LogFileCache: Scanning file cache for directory 'C:/Users/Christian.Schildhaue/Desktop/RESTLESS/Restless/Restless/Content/' took 0.01s
[2017.05.25-18.33.28:346][  0]SourceControl: Info Source control is disabled
[2017.05.25-18.33.28:347][  0]Cmd: MAP LOAD FILE="../../../../../../Users/Christian.Schildhaue/Desktop/RESTLESS/Restless/Restless/Content/Levels/Blockout_beat2.umap" TEMPLATE=0 SHOWPROGRESS=1 FEATURELEVEL=3
[2017.05.25-18.33.28:347][  0]LightingResults: New page: Lighting Build
[2017.05.25-18.33.28:384][  0]MapCheck: New page: Map Check
[2017.05.25-18.33.28:384][  0]LightingResults: New page: Lighting Build
[2017.05.25-18.33.28:567][  0]LogMaterial: Missing cached shader map for material M_Blood_Decal_01, compiling. 
[2017.05.25-18.33.28:568][  0]LogTemp:Display: Added material ShaderMap 0x0000021812413200 with Material 0x000002180D400880 to ShaderMapsBeingCompiled
[2017.05.25-18.33.28:599][  0]LogTemp:Display: Kicking off shader compilation for M_Blood_Decal_01, GameThreadShaderMap 0x0000021812413200
[2017.05.25-18.33.28:601][  0]LogMaterial: Missing cached shader map for material M_ClawMarks_Decal_01, compiling. 
[2017.05.25-18.33.28:602][  0]LogTemp:Display: Added material ShaderMap 0x0000021814FB7200 with Material 0x000002180D3F2F80 to ShaderMapsBeingCompiled
[2017.05.25-18.33.28:617][  0]LogTemp:Display: Kicking off shader compilation for M_ClawMarks_Decal_01, GameThreadShaderMap 0x0000021814FB7200
[2017.05.25-18.33.28:631][  0]LogMaterial: Missing cached shader map for material FuseBox_LP_FuseBox_OcclusionRoughnessMetallic_Mat, compiling. 
[2017.05.25-18.33.28:631][  0]LogMaterial:Warning: Failed to compile Material /Game/Probs/FuseBox/FuseBox_LP_FuseBox_OcclusionRoughnessMetallic_Mat.FuseBox_LP_FuseBox_OcclusionRoughnessMetallic_Mat for platform PCD3D_SM5, Default Material will be used in game.
[2017.05.25-18.33.28:631][  0]LogMaterial:Warning: 	(Node TextureSample) TextureSample> Sampler type is Color, should be Linear Color for /Game/Probs/FuseBox/FuseBox_LP_FuseBox_OcclusionRoughnessMetallic.FuseBox_LP_FuseBox_OcclusionRoughnessMetallic
[2017.05.25-18.33.29:013][  0]LogAIModule: Creating AISystem for world Blockout_beat2
[2017.05.25-18.33.29:046][  0]LogEditorServer: Finished looking for orphan Actors (0.000 secs)
[2017.05.25-18.33.29:048][  0]Cmd: MAP CHECKDEP NOCLEARLOG
[2017.05.25-18.33.29:093][  0]MapCheck: Info Map check complete: 0 Error(s), 0 Warning(s), took 45.043ms to complete.
[2017.05.25-18.33.29:093][  0]LogFileHelpers: Loading map 'Blockout_beat2' took 0.747
[2017.05.25-18.33.29:300][  0]LogCollectionManager: Loaded 0 collections in 0.001657 seconds
[2017.05.25-18.33.29:388][  0]LogFileCache: Scanning file cache for directory 'C:/Users/Christian.Schildhaue/Desktop/RESTLESS/Restless/Restless/Saved/Collections/' took 0.01s
[2017.05.25-18.33.29:388][  0]LogFileCache: Scanning file cache for directory 'C:/Users/Christian.Schildhaue/Desktop/RESTLESS/Restless/Restless/Content/Developers/ChristianSchildhaue/Collections/' took 0.01s
[2017.05.25-18.33.29:388][  0]LogFileCache: Scanning file cache for directory 'C:/Users/Christian.Schildhaue/Desktop/RESTLESS/Restless/Restless/Content/Collections/' took 0.01s
[2017.05.25-18.33.29:388][  0]LogCollectionManager: Rebuilt the GUID cache for 0 collections in 0.000001 seconds
[2017.05.25-18.33.29:397][  0]LogContentBrowser: Native class hierarchy populated in 0.0090 seconds. Added 2245 classes and 453 folders.
[2017.05.25-18.33.29:402][  0]LogStats: UGameplayTagsManager::ConstructGameplayTagTree: Construct from data asset -  0.000 s
[2017.05.25-18.33.29:402][  0]LogStats: UGameplayTagsManager::ConstructGameplayTagTree: GameplayTagTreeChangedEvent.Broadcast -  0.000 s
[2017.05.25-18.33.29:466][  0]LogContentBrowser: Native class hierarchy updated for 'WidgetCarousel' in 0.0005 seconds. Added 0 classes and 0 folders.
[2017.05.25-18.33.29:815][  0]LogContentBrowser: Native class hierarchy updated for 'AddContentDialog' in 0.0005 seconds. Added 0 classes and 0 folders.
[2017.05.25-18.33.29:858][  0]LogContentBrowser: Native class hierarchy updated for 'SceneOutliner' in 0.0005 seconds. Added 1 classes and 2 folders.
[2017.05.25-18.33.29:910][  0]LogCrashTracker: Crashtracker disabled due to settings.
[2017.05.25-18.33.29:918][  0]LogUObjectGlobals:Warning: Failed to find object 'Class None.'
[2017.05.25-18.33.30:000][  0]LogContentBrowser: Native class hierarchy updated for 'HierarchicalLODOutliner' in 0.0006 seconds. Added 1 classes and 2 folders.
[2017.05.25-18.33.30:000][  0]LogLoad: (Engine Initialization) Total time: 20.21 seconds
[2017.05.25-18.33.30:000][  0]LogLoad: (Engine Initialization) Total Blueprint compile time: 0.07 seconds
[2017.05.25-18.33.30:000][  0]LogExternalProfiler: Found external profiler: VSPerf
[2017.05.25-18.33.30:000][  0]LogExternalProfiler: Using external profiler: VSPerf
[2017.05.25-18.33.30:340][  0]LogOcInput: OculusInput pre-init called
[2017.05.25-18.33.30:371][  0]LogContentStreaming: Texture pool size now 1000 MB
[2017.05.25-18.33.30:377][  0]LogSlate: Took 0.004841 seconds to synchronously load lazily loaded font '../../../Engine/Content/Slate/Fonts/Roboto-Regular.ttf' (155K)
[2017.05.25-18.33.30:385][  0]LogSlate: Took 0.004866 seconds to synchronously load lazily loaded font '../../../Engine/Content/Slate/Fonts/Roboto-Bold.ttf' (160K)
[2017.05.25-18.33.30:395][  0]LogSlate: Took 0.005400 seconds to synchronously load lazily loaded font '../../../Engine/Content/Editor/Slate/Fonts/FontAwesome.ttf' (139K)
[2017.05.25-18.33.30:484][  0]LogSlate: Took 0.005530 seconds to synchronously load lazily loaded font '../../../Engine/Content/Slate/Fonts/Roboto-Light.ttf' (159K)
[2017.05.25-18.33.30:520][  0]LogRenderer: Reallocating scene render targets to support 1036x576 NumSamples 1 (Frame:2).
[2017.05.25-18.33.30:686][  1]LogFileCache: Retrieving MD5 hashes for directory 'C:/Users/Christian.Schildhaue/Desktop/RESTLESS/Restless/Restless/Content/' took 0.33s
[2017.05.25-18.33.30:694][  1]LogAssetRegistry: Asset discovery search completed in 10.6825 seconds
[2017.05.25-18.33.30:694][  1]LogCollectionManager: Rebuilt the object cache for 0 collections in 0.000005 seconds (found 0 objects)
[2017.05.25-18.33.30:694][  1]LogCollectionManager: Fixed up redirectors for 0 collections in 0.000018 seconds (updated 0 objects)
[2017.05.25-18.33.31:353][  3]LogSlate: Took 0.000256 seconds to synchronously load lazily loaded font '../../../Engine/Content/Slate/Fonts/Roboto-Light.ttf' (159K)
[2017.05.25-18.33.32:024][  5]LogTemp:Display: Finished compile of shader map 0x0000021812413200
[2017.05.25-18.33.32:024][  5]LogTemp:Display: Shader map M_Blood_Decal_01 complete, GameThreadShaderMap 0x0000021812413200, marking material M_Blood_Decal_01 as finished
[2017.05.25-18.33.32:024][  5]LogTemp:Display: Marking material as finished 0x000002180D400880
[2017.05.25-18.33.33:027][  8]LogTemp:Display: Finished compile of shader map 0x0000021814FB7200
[2017.05.25-18.33.33:027][  8]LogTemp:Display: Shader map M_ClawMarks_Decal_01 complete, GameThreadShaderMap 0x0000021814FB7200, marking material M_ClawMarks_Decal_01 as finished
[2017.05.25-18.33.33:027][  8]LogTemp:Display: Marking material as finished 0x000002180D3F2F80
[2017.05.25-18.33.38:583][536]LogWindowsTextInputMethodSystem:Display: IME system now deactivated.
[2017.05.25-18.33.38:770][537]Cmd: QUIT_EDITOR
[2017.05.25-18.33.38:864][537]LogExit: Preparing to exit.
[2017.05.25-18.33.39:182][537]LogDirectoryWatcher: A directory notification for 'C:/Users/Christian.Schildhaue/Desktop/RESTLESS/Restless/Restless/Content/' was aborted.
[2017.05.25-18.33.39:211][537]LogExit: Editor shut down
[2017.05.25-18.33.39:211][537]LogExit: Transaction tracking system shut down
[2017.05.25-18.33.39:264][537]LogObj: Freed 0b from 0 cluster array pools.
[2017.05.25-18.33.39:264][537]LogExit: Object subsystem successfully closed.
[2017.05.25-18.33.39:323][537]LogD3D11RHI: Shutdown
[2017.05.25-18.33.39:323][537]LogD3D11RHI: CleanupD3DDevice
[2017.05.25-18.33.39:829][537]LogD3D11RHI: ~FD3D11DynamicRHI
[2017.05.25-18.33.39:848][537]LogModuleManager: Shutting down and abandoning module HierarchicalLODOutliner (498)
[2017.05.25-18.33.39:848][537]LogModuleManager: Shutting down and abandoning module CrashTracker (496)
[2017.05.25-18.33.39:848][537]LogModuleManager: Shutting down and abandoning module SceneOutliner (494)
[2017.05.25-18.33.39:848][537]LogModuleManager: Shutting down and abandoning module AddContentDialog (492)
[2017.05.25-18.33.39:848][537]LogDirectoryWatcher: A directory notification for 'C:/Program Files/Epic Games/UE_4.15/FeaturePacks/' was aborted.
[2017.05.25-18.33.39:849][537]LogModuleManager: Shutting down and abandoning module WidgetCarousel (491)
[2017.05.25-18.33.39:849][537]LogModuleManager: Shutting down and abandoning module EditorWidgets (488)
[2017.05.25-18.33.39:849][537]LogModuleManager: Shutting down and abandoning module CollectionManager (486)
[2017.05.25-18.33.39:849][537]LogDirectoryWatcher: A directory notification for 'C:/Users/Christian.Schildhaue/Desktop/RESTLESS/Restless/Restless/Content/Collections/' was aborted.
[2017.05.25-18.33.39:849][537]LogDirectoryWatcher: A directory notification for 'C:/Users/Christian.Schildhaue/Desktop/RESTLESS/Restless/Restless/Content/Developers/ChristianSchildhaue/Collections/' was aborted.
[2017.05.25-18.33.39:849][537]LogDirectoryWatcher: A directory notification for 'C:/Users/Christian.Schildhaue/Desktop/RESTLESS/Restless/Restless/Saved/Collections/' was aborted.
[2017.05.25-18.33.39:849][537]LogModuleManager: Shutting down and abandoning module StatsViewer (484)
[2017.05.25-18.33.39:849][537]LogModuleManager: Shutting down and abandoning module FoliageEdit (482)
[2017.05.25-18.33.39:849][537]LogModuleManager: Shutting down and abandoning module LandscapeEditor (480)
[2017.05.25-18.33.39:849][537]LogModuleManager: Shutting down and abandoning module SceneDepthPickerMode (478)
[2017.05.25-18.33.39:849][537]LogModuleManager: Shutting down and abandoning module ActorPickerMode (476)
[2017.05.25-18.33.39:849][537]LogModuleManager: Shutting down and abandoning module GeometryMode (474)
[2017.05.25-18.33.39:849][537]LogModuleManager: Shutting down and abandoning module TextureAlignMode (472)
[2017.05.25-18.33.39:849][537]LogModuleManager: Shutting down and abandoning module BspMode (470)
[2017.05.25-18.33.39:849][537]LogModuleManager: Shutting down and abandoning module HardwareSurvey (468)
[2017.05.25-18.33.39:849][537]LogModuleManager: Shutting down and abandoning module SequenceRecorderSections (466)
[2017.05.25-18.33.39:849][537]LogModuleManager: Shutting down and abandoning module AutomationWorker (464)
[2017.05.25-18.33.39:849][537]LogModuleManager: Shutting down and abandoning module MatineeToLevelSequence (462)
[2017.05.25-18.33.39:849][537]LogModuleManager: Shutting down and abandoning module LevelSequenceEditor (460)
[2017.05.25-18.33.39:849][537]LogModuleManager: Shutting down and abandoning module PlacementMode (459)
[2017.05.25-18.33.39:849][537]LogModuleManager: Shutting down and abandoning module WmfMediaFactory (456)
[2017.05.25-18.33.39:849][537]LogModuleManager: Shutting down and abandoning module WmfMediaEditor (454)
[2017.05.25-18.33.39:849][537]LogModuleManager: Shutting down and abandoning module MfMediaFactory (452)
[2017.05.25-18.33.39:849][537]LogModuleManager: Shutting down and abandoning module MfMediaEditor (450)
[2017.05.25-18.33.39:849][537]LogModuleManager: Shutting down and abandoning module AvfMediaFactory (448)
[2017.05.25-18.33.39:849][537]LogModuleManager: Shutting down and abandoning module AvfMediaEditor (446)
[2017.05.25-18.33.39:849][537]LogModuleManager: Shutting down and abandoning module AndroidMediaFactory (444)
[2017.05.25-18.33.39:849][537]LogModuleManager: Shutting down and abandoning module Media (443)
[2017.05.25-18.33.39:849][537]LogModuleManager: Shutting down and abandoning module AndroidMediaEditor (440)
[2017.05.25-18.33.39:849][537]LogModuleManager: Shutting down and abandoning module CharacterAI (438)
[2017.05.25-18.33.39:849][537]LogModuleManager: Shutting down and abandoning module AudioCapture (436)
[2017.05.25-18.33.39:849][537]LogModuleManager: Shutting down and abandoning module SequenceRecorder (435)
[2017.05.25-18.33.39:849][537]LogModuleManager: Shutting down and abandoning module SmartSnapping (432)
[2017.05.25-18.33.39:849][537]LogModuleManager: Shutting down and abandoning module SessionServices (430)
[2017.05.25-18.33.39:849][537]LogModuleManager: Shutting down and abandoning module ViewportSnapping (428)
[2017.05.25-18.33.39:849][537]LogModuleManager: Shutting down and abandoning module ViewportInteraction (426)
[2017.05.25-18.33.39:849][537]LogModuleManager: Shutting down and abandoning module LogVisualizer (424)
[2017.05.25-18.33.39:849][537]LogModuleManager: Shutting down and abandoning module IntroTutorials (422)
[2017.05.25-18.33.39:849][537]LogModuleManager: Shutting down and abandoning module GameProjectGeneration (421)
[2017.05.25-18.33.39:849][537]LogModuleManager: Shutting down and abandoning module EditorLiveStreaming (418)
[2017.05.25-18.33.39:849][537]LogModuleManager: Shutting down and abandoning module IOSPlatformEditor (416)
[2017.05.25-18.33.39:849][537]LogModuleManager: Shutting down and abandoning module HTML5PlatformEditor (414)
[2017.05.25-18.33.39:849][537]LogModuleManager: Shutting down and abandoning module AndroidPlatformEditor (412)
[2017.05.25-18.33.39:849][537]LogModuleManager: Shutting down and abandoning module AndroidDeviceDetection (411)
[2017.05.25-18.33.39:999][537]LogModuleManager: Shutting down and abandoning module IOSRuntimeSettings (408)
[2017.05.25-18.33.39:999][537]LogModuleManager: Shutting down and abandoning module AndroidRuntimeSettings (406)
[2017.05.25-18.33.39:999][537]LogModuleManager: Shutting down and abandoning module InputBindingEditor (404)
[2017.05.25-18.33.39:999][537]LogModuleManager: Shutting down and abandoning module NiagaraEditor (402)
[2017.05.25-18.33.39:999][537]LogModuleManager: Shutting down and abandoning module MergeActors (400)
[2017.05.25-18.33.39:999][537]LogModuleManager: Shutting down and abandoning module SizeMap (398)
[2017.05.25-18.33.39:999][537]LogModuleManager: Shutting down and abandoning module TreeMap (396)
[2017.05.25-18.33.39:999][537]LogModuleManager: Shutting down and abandoning module ReferenceViewer (394)
[2017.05.25-18.33.39:999][537]LogModuleManager: Shutting down and abandoning module LocalizationDashboard (392)
[2017.05.25-18.33.39:999][537]LogModuleManager: Shutting down and abandoning module LocalizationService (391)
[2017.05.25-18.33.39:999][537]LogModuleManager: Shutting down and abandoning module HardwareTargeting (388)
[2017.05.25-18.33.39:999][537]LogModuleManager: Shutting down and abandoning module DeviceProfileEditor (386)
[2017.05.25-18.33.39:999][537]LogModuleManager: Shutting down and abandoning module UndoHistory (384)
[2017.05.25-18.33.39:999][537]LogModuleManager: Shutting down and abandoning module UserFeedback (382)
[2017.05.25-18.33.39:999][537]LogModuleManager: Shutting down and abandoning module XmlParser (380)
[2017.05.25-18.33.39:999][537]LogModuleManager: Shutting down and abandoning module Blutility (378)
[2017.05.25-18.33.39:999][537]LogModuleManager: Shutting down and abandoning module ProjectSettingsViewer (376)
[2017.05.25-18.33.39:999][537]LogModuleManager: Shutting down and abandoning module ProjectTargetPlatformEditor (375)
[2017.05.25-18.33.39:999][537]LogModuleManager: Shutting down and abandoning module EditorSettingsViewer (372)
[2017.05.25-18.33.39:999][537]LogModuleManager: Shutting down and abandoning module SettingsEditor (370)
[2017.05.25-18.33.39:999][537]LogModuleManager: Shutting down and abandoning module ProjectLauncher (368)
[2017.05.25-18.33.39:999][537]LogModuleManager: Shutting down and abandoning module SessionFrontend (366)
[2017.05.25-18.33.39:999][537]LogModuleManager: Shutting down and abandoning module ProfilerClient (364)
[2017.05.25-18.33.39:999][537]LogModuleManager: Shutting down and abandoning module DeviceManager (362)
[2017.05.25-18.33.39:999][537]LogModuleManager: Shutting down and abandoning module TargetDeviceServices (361)
[2017.05.25-18.33.40:054][537]LogModuleManager: Shutting down and abandoning module AutomationController (358)
[2017.05.25-18.33.40:054][537]LogModuleManager: Shutting down and abandoning module AutomationWindow (356)
[2017.05.25-18.33.40:054][537]LogModuleManager: Shutting down and abandoning module Layers (354)
[2017.05.25-18.33.40:054][537]LogModuleManager: Shutting down and abandoning module ComponentVisualizers (352)
[2017.05.25-18.33.40:054][537]LogModuleManager: Shutting down and abandoning module DetailCustomizations (350)
[2017.05.25-18.33.40:054][537]LogModuleManager: Shutting down and abandoning module PackagesDialog (348)
[2017.05.25-18.33.40:054][537]LogModuleManager: Shutting down and abandoning module Persona (346)
[2017.05.25-18.33.40:054][537]LogModuleManager: Shutting down and abandoning module AnimGraph (345)
[2017.05.25-18.33.40:054][537]LogModuleManager: Shutting down and abandoning module Kismet (342)
[2017.05.25-18.33.40:054][537]LogModuleManager: Shutting down and abandoning module GraphEditor (340)
[2017.05.25-18.33.40:054][537]LogModuleManager: Shutting down and abandoning module ClassViewer (338)
[2017.05.25-18.33.40:054][537]LogModuleManager: Shutting down and abandoning module Toolbox (336)
[2017.05.25-18.33.40:054][537]LogModuleManager: Shutting down and abandoning module ModuleUI (334)
[2017.05.25-18.33.40:055][537]LogModuleManager: Shutting down and abandoning module MovieSceneTools (332)
[2017.05.25-18.33.40:055][537]LogModuleManager: Shutting down and abandoning module OutputLog (330)
[2017.05.25-18.33.40:055][537]LogModuleManager: Shutting down and abandoning module GammaUI (328)
[2017.05.25-18.33.40:055][537]LogModuleManager: Shutting down and abandoning module Documentation (326)
[2017.05.25-18.33.40:055][537]LogModuleManager: Shutting down and abandoning module Niagara (324)
[2017.05.25-18.33.40:055][537]LogModuleManager: Shutting down and abandoning module StreamingPauseRendering (322)
[2017.05.25-18.33.40:055][537]LogModuleManager: Shutting down and abandoning module AnalyticsET (320)
[2017.05.25-18.33.40:055][537]LogModuleManager: Shutting down and abandoning module PortalServices (318)
[2017.05.25-18.33.40:055][537]LogModuleManager: Shutting down and abandoning module PortalRpc (316)
[2017.05.25-18.33.40:055][537]LogModuleManager: Shutting down and abandoning module MessagingRpc (314)
[2017.05.25-18.33.40:055][537]LogModuleManager: Shutting down and abandoning module AIModule (312)
[2017.05.25-18.33.40:055][537]LogModuleManager: Shutting down and abandoning module GameplayDebugger (311)
[2017.05.25-18.33.40:055][537]LogModuleManager: Shutting down and abandoning module AITestSuite (309)
[2017.05.25-18.33.40:055][537]LogModuleManager: Shutting down and abandoning module ProfilerService (306)
[2017.05.25-18.33.40:288][537]LogModuleManager: Shutting down and abandoning module TaskGraph (304)
[2017.05.25-18.33.40:288][537]LogModuleManager: Shutting down and abandoning module SteamVRController (302)
[2017.05.25-18.33.40:288][537]LogModuleManager: Shutting down and abandoning module SteamVR (300)
[2017.05.25-18.33.40:288][537]LogModuleManager: Shutting down and abandoning module ProceduralMeshComponentEditor (298)
[2017.05.25-18.33.40:288][537]LogModuleManager: Shutting down and abandoning module ProceduralMeshComponent (296)
[2017.05.25-18.33.40:288][537]LogModuleManager: Shutting down and abandoning module OculusLibrary (294)
[2017.05.25-18.33.40:288][537]LogModuleManager: Shutting down and abandoning module OculusInput (292)
[2017.05.25-18.33.40:288][537]LogModuleManager: Shutting down and abandoning module MobilePatchingUtils (290)
[2017.05.25-18.33.40:288][537]LogModuleManager: Shutting down and abandoning module CustomMeshComponent (288)
[2017.05.25-18.33.40:288][537]LogModuleManager: Shutting down and abandoning module CableComponent (286)
[2017.05.25-18.33.40:288][537]LogModuleManager: Shutting down and abandoning module ArchVisCharacter (284)
[2017.05.25-18.33.40:288][537]LogModuleManager: Shutting down and abandoning module MediaPlayerEditor (280)
[2017.05.25-18.33.40:288][537]LogModuleManager: Shutting down and abandoning module HTML5Networking (278)
[2017.05.25-18.33.40:288][537]LogModuleManager: Shutting down and abandoning module AlembicImporter (276)
[2017.05.25-18.33.40:288][537]LogModuleManager: Shutting down and abandoning module AlembicLibrary (275)
[2017.05.25-18.33.40:288][537]LogModuleManager: Shutting down and abandoning module GeometryCache (274)
[2017.05.25-18.33.40:288][537]LogModuleManager: Shutting down and abandoning module GeometryCacheEd (273)
[2017.05.25-18.33.40:288][537]LogModuleManager: Shutting down and abandoning module SuperSearchEditor (268)
[2017.05.25-18.33.40:288][537]LogModuleManager: Shutting down and abandoning module SuperSearch (267)
[2017.05.25-18.33.40:289][537]LogModuleManager: Shutting down and abandoning module SpeedTreeImporter (264)
[2017.05.25-18.33.40:289][537]LogModuleManager: Shutting down and abandoning module PluginBrowser (262)
[2017.05.25-18.33.40:289][537]LogModuleManager: Shutting down and abandoning module MobileLauncherProfileWizard (260)
[2017.05.25-18.33.40:289][537]LogModuleManager: Shutting down and abandoning module EpicSurvey (258)
[2017.05.25-18.33.40:289][537]LogModuleManager: Shutting down and abandoning module VisualStudioSourceCodeAccess (256)
[2017.05.25-18.33.40:289][537]LogModuleManager: Shutting down and abandoning module DesktopPlatform (255)
[2017.05.25-18.33.40:289][537]LogModuleManager: Shutting down and abandoning module UObjectPlugin (252)
[2017.05.25-18.33.40:289][537]LogModuleManager: Shutting down and abandoning module SubversionSourceControl (250)
[2017.05.25-18.33.40:289][537]LogModuleManager: Shutting down and abandoning module PerforceSourceControl (248)
[2017.05.25-18.33.40:289][537]LogModuleManager: Shutting down and abandoning module GitSourceControl (246)
[2017.05.25-18.33.40:289][537]LogModuleManager: Shutting down and abandoning module SourceControl (245)
[2017.05.25-18.33.40:289][537]LogModuleManager: Shutting down and abandoning module LightPropagationVolumeEditor (242)
[2017.05.25-18.33.40:289][537]LogModuleManager: Shutting down and abandoning module PaperTiledImporter (240)
[2017.05.25-18.33.40:289][537]LogModuleManager: Shutting down and abandoning module PaperSpriteSheetImporter (238)
[2017.05.25-18.33.40:289][537]LogModuleManager: Shutting down and abandoning module Paper2DEditor (236)
[2017.05.25-18.33.40:289][537]LogModuleManager: Shutting down and abandoning module MeshPaint (235)
[2017.05.25-18.33.40:289][537]LogModuleManager: Shutting down and abandoning module LevelEditor (233)
[2017.05.25-18.33.40:291][537]LogModuleManager: Shutting down and abandoning module PixelInspectorModule (232)
[2017.05.25-18.33.40:291][537]LogModuleManager: Shutting down and abandoning module MainFrame (230)
[2017.05.25-18.33.40:291][537]LogModuleManager: Shutting down and abandoning module HotReload (229)
[2017.05.25-18.33.40:293][537]LogModuleManager: Shutting down and abandoning module ContentBrowser (225)
[2017.05.25-18.33.40:295][537]LogModuleManager: Shutting down and abandoning module PhysXVehiclesEditor (222)
[2017.05.25-18.33.40:295][537]LogModuleManager: Shutting down and abandoning module PhysXVehicles (220)
[2017.05.25-18.33.40:296][537]LogModuleManager: Shutting down and abandoning module LocationServicesBPLibrary (218)
[2017.05.25-18.33.40:296][537]LogModuleManager: Shutting down and abandoning module UdpMessaging (216)
[2017.05.25-18.33.40:396][537]LogModuleManager: Shutting down and abandoning module TcpMessaging (214)
[2017.05.25-18.33.40:496][537]LogModuleManager: Shutting down and abandoning module GameplayTagsEditor (212)
[2017.05.25-18.33.40:496][537]LogModuleManager: Shutting down and abandoning module FacialAnimationEditor (210)
[2017.05.25-18.33.40:496][537]LogModuleManager: Shutting down and abandoning module FacialAnimation (208)
[2017.05.25-18.33.40:496][537]LogModuleManager: Shutting down and abandoning module LightPropagationVolumeRuntime (206)
[2017.05.25-18.33.40:496][537]LogModuleManager: Shutting down and abandoning module Paper2D (204)
[2017.05.25-18.33.40:496][537]LogModuleManager: Shutting down and abandoning module WindowsMoviePlayer (202)
[2017.05.25-18.33.40:496][537]LogModuleManager: Shutting down and abandoning module WmfMedia (200)
[2017.05.25-18.33.40:496][537]LogModuleManager: Shutting down and abandoning module MfMedia (198)
[2017.05.25-18.33.40:496][537]LogModuleManager: Shutting down and abandoning module MediaAssets (196)
[2017.05.25-18.33.40:496][537]LogModuleManager: Shutting down and abandoning module GameLiveStreaming (194)
[2017.05.25-18.33.40:496][537]LogModuleManager: Shutting down and abandoning module VREditor (192)
[2017.05.25-18.33.40:496][537]LogModuleManager: Shutting down and abandoning module GameplayTasksEditor (190)
[2017.05.25-18.33.40:497][537]LogModuleManager: Shutting down and abandoning module BehaviorTreeEditor (188)
[2017.05.25-18.33.40:497][537]LogModuleManager: Shutting down and abandoning module FunctionalTesting (186)
[2017.05.25-18.33.40:497][537]LogModuleManager: Shutting down and abandoning module CollisionAnalyzer (184)
[2017.05.25-18.33.40:497][537]LogModuleManager: Shutting down and abandoning module UMG (182)
[2017.05.25-18.33.40:497][537]LogModuleManager: Shutting down and abandoning module UMGEditor (181)
[2017.05.25-18.33.40:497][537]LogModuleManager: Shutting down and abandoning module Sequencer (180)
[2017.05.25-18.33.40:497][537]LogModuleManager: Shutting down and abandoning module AssetTools (178)
[2017.05.25-18.33.40:497][537]LogModuleManager: Shutting down and abandoning module MessageLog (177)
[2017.05.25-18.33.40:497][537]LogModuleManager: Shutting down and abandoning module WorkspaceMenuStructure (176)
[2017.05.25-18.33.40:497][537]LogModuleManager: Shutting down and abandoning module SlateReflector (170)
[2017.05.25-18.33.40:497][537]LogModuleManager: Shutting down and abandoning module Slate (168)
[2017.05.25-18.33.40:497][537]LogModuleManager: Shutting down and abandoning module EditorStyle (166)
[2017.05.25-18.33.40:505][537]LogModuleManager: Shutting down and abandoning module SourceCodeAccess (164)
[2017.05.25-18.33.40:505][537]LogModuleManager: Shutting down and abandoning module HeadMountedDisplay (162)
[2017.05.25-18.33.40:505][537]LogModuleManager: Shutting down and abandoning module XAudio2 (160)
[2017.05.25-18.33.40:505][537]LogModuleManager: Shutting down and abandoning module Networking (158)
[2017.05.25-18.33.40:505][537]LogModuleManager: Shutting down and abandoning module Core (154)
[2017.05.25-18.33.40:505][537]LogModuleManager: Shutting down and abandoning module AssetRegistry (152)
[2017.05.25-18.33.40:633][537]LogDirectoryWatcher: A directory notification for '../../../Engine/Content/' was aborted.
[2017.05.25-18.33.40:633][537]LogDirectoryWatcher: A directory notification for '../../../../../../Users/Christian.Schildhaue/Desktop/RESTLESS/Restless/Restless/Content/' was aborted.
[2017.05.25-18.33.40:633][537]LogDirectoryWatcher: A directory notification for '../../../Engine/Plugins/2D/Paper2D/Content/' was aborted.
[2017.05.25-18.33.40:634][537]LogModuleManager: Shutting down and abandoning module DirectoryWatcher (151)
[2017.05.25-18.33.40:634][537]LogModuleManager: Shutting down and abandoning module KismetCompiler (148)
[2017.05.25-18.33.40:634][537]LogModuleManager: Shutting down and abandoning module PhysXFormats (146)
[2017.05.25-18.33.40:634][537]LogModuleManager: Shutting down and abandoning module MeshUtilities (144)
[2017.05.25-18.33.40:634][537]LogModuleManager: Shutting down and abandoning module SimplygonSwarm (143)
[2017.05.25-18.33.40:634][537]LogModuleManager: Shutting down and abandoning module SimplygonMeshReduction (141)
[2017.05.25-18.33.40:634][537]LogModuleManager: Shutting down and abandoning module QuadricMeshReduction (139)
[2017.05.25-18.33.40:634][537]LogModuleManager: Shutting down and abandoning module PropertyEditor (137)
[2017.05.25-18.33.40:634][537]LogModuleManager: Shutting down and abandoning module DerivedDataCache (134)
[2017.05.25-18.33.40:933][537]LogDerivedDataCache: Shutdown
[2017.05.25-18.33.40:933][537]LogModuleManager: Shutting down and abandoning module TargetPlatform (132)
[2017.05.25-18.33.40:933][537]LogModuleManager: Shutting down and abandoning module VulkanShaderFormat (131)
[2017.05.25-18.33.40:934][537]LogModuleManager: Shutting down and abandoning module ShaderFormatOpenGL (129)
[2017.05.25-18.33.40:934][537]LogModuleManager: Shutting down and abandoning module ShaderFormatD3D (127)
[2017.05.25-18.33.40:934][537]LogModuleManager: Shutting down and abandoning module MetalShaderFormat (125)
[2017.05.25-18.33.40:934][537]LogModuleManager: Shutting down and abandoning module TextureFormatUncompressed (123)
[2017.05.25-18.33.40:934][537]LogModuleManager: Shutting down and abandoning module TextureFormatPVR (121)
[2017.05.25-18.33.40:934][537]LogModuleManager: Shutting down and abandoning module TextureFormatDXT (119)
[2017.05.25-18.33.40:934][537]LogModuleManager: Shutting down and abandoning module TextureFormatIntelISPCTexComp (117)
[2017.05.25-18.33.40:934][537]LogModuleManager: Shutting down and abandoning module TextureFormatASTC (115)
[2017.05.25-18.33.40:934][537]LogModuleManager: Shutting down and abandoning module ImageWrapper (114)
[2017.05.25-18.33.40:934][537]LogModuleManager: Shutting down and abandoning module TextureFormatAndroid (111)
[2017.05.25-18.33.40:934][537]LogModuleManager: Shutting down and abandoning module AudioFormatOpus (109)
[2017.05.25-18.33.40:934][537]LogModuleManager: Shutting down and abandoning module AudioFormatOgg (107)
[2017.05.25-18.33.40:934][537]LogModuleManager: Shutting down and abandoning module AudioFormatADPCM (105)
[2017.05.25-18.33.40:934][537]LogModuleManager: Shutting down and abandoning module LinuxTargetPlatform (103)
[2017.05.25-18.33.40:934][537]LogModuleManager: Shutting down and abandoning module LinuxServerTargetPlatform (101)
[2017.05.25-18.33.40:934][537]LogModuleManager: Shutting down and abandoning module LinuxNoEditorTargetPlatform (99)
[2017.05.25-18.33.40:934][537]LogModuleManager: Shutting down and abandoning module LinuxClientTargetPlatform (97)
[2017.05.25-18.33.40:934][537]LogModuleManager: Shutting down and abandoning module TVOSTargetPlatform (95)
[2017.05.25-18.33.40:934][537]LogModuleManager: Shutting down and abandoning module Messaging (93)
[2017.05.25-18.33.40:934][537]LogModuleManager: Shutting down and abandoning module IOSTargetPlatform (91)
[2017.05.25-18.33.40:934][537]LogModuleManager: Shutting down and abandoning module HTML5TargetPlatform (89)
[2017.05.25-18.33.40:934][537]LogModuleManager: Shutting down and abandoning module Android_PVRTCTargetPlatform (87)
[2017.05.25-18.33.40:934][537]LogModuleManager: Shutting down and abandoning module Android_MultiTargetPlatform (85)
[2017.05.25-18.33.40:935][537]LogModuleManager: Shutting down and abandoning module Android_ETC2TargetPlatform (83)
[2017.05.25-18.33.40:935][537]LogModuleManager: Shutting down and abandoning module Android_ETC1TargetPlatform (81)
[2017.05.25-18.33.40:935][537]LogModuleManager: Shutting down and abandoning module Android_DXTTargetPlatform (79)
[2017.05.25-18.33.40:935][537]LogModuleManager: Shutting down and abandoning module Android_ATCTargetPlatform (77)
[2017.05.25-18.33.40:935][537]LogModuleManager: Shutting down and abandoning module Android_ASTCTargetPlatform (75)
[2017.05.25-18.33.40:935][537]LogModuleManager: Shutting down and abandoning module AndroidTargetPlatform (73)
[2017.05.25-18.33.40:935][537]LogModuleManager: Shutting down and abandoning module WindowsTargetPlatform (71)
[2017.05.25-18.33.40:935][537]LogModuleManager: Shutting down and abandoning module WindowsServerTargetPlatform (69)
[2017.05.25-18.33.40:935][537]LogModuleManager: Shutting down and abandoning module WindowsNoEditorTargetPlatform (67)
[2017.05.25-18.33.40:935][537]LogModuleManager: Shutting down and abandoning module WindowsClientTargetPlatform (65)
[2017.05.25-18.33.40:935][537]LogModuleManager: Shutting down and abandoning module MacTargetPlatform (63)
[2017.05.25-18.33.40:935][537]LogModuleManager: Shutting down and abandoning module MacServerTargetPlatform (61)
[2017.05.25-18.33.40:935][537]LogModuleManager: Shutting down and abandoning module MacNoEditorTargetPlatform (59)
[2017.05.25-18.33.40:935][537]LogModuleManager: Shutting down and abandoning module MacClientTargetPlatform (57)
[2017.05.25-18.33.40:935][537]LogModuleManager: Shutting down and abandoning module AllDesktopTargetPlatform (55)
[2017.05.25-18.33.40:935][537]LogModuleManager: Shutting down and abandoning module InputCore (52)
[2017.05.25-18.33.40:935][537]LogModuleManager: Shutting down and abandoning module Settings (50)
[2017.05.25-18.33.40:935][537]LogModuleManager: Shutting down and abandoning module OculusRift (48)
[2017.05.25-18.33.40:935][537]LogModuleManager: Shutting down and abandoning module GearVR (46)
[2017.05.25-18.33.40:935][537]LogModuleManager: Shutting down and abandoning module ExampleDeviceProfileSelector (44)
[2017.05.25-18.33.40:935][537]LogModuleManager: Shutting down and abandoning module OnlineBlueprintSupport (42)
[2017.05.25-18.33.40:935][537]LogModuleManager: Shutting down and abandoning module OnlineSubsystem (38)
[2017.05.25-18.33.40:935][537]LogOnline:Display: Unloading online subsystem: NULL
[2017.05.25-18.33.40:935][537]LogModuleManager: Shutting down and abandoning module XMPP (37)
[2017.05.25-18.33.40:935][537]LogModuleManager: Shutting down and abandoning module HTTP (35)
[2017.05.25-18.33.40:935][537]LogHttp:Display: Http module shutting down, but needs to wait on 1 outstanding Http requests:
[2017.05.25-18.33.40:935][537]LogHttp:Display: 	verb=[POST] url=[https://datarouter.ol.epicgames.com/datarouter/api/v1/public/data?SessionID=%7B128E85E8-4C39-7F80-29B6-90B970E3D86D%7D&AppID=UEEditor.Rocket.Release&AppVersion=4.15.1-3348071%2B%2B%2BUE4%2BRelease-4.15&UserID=36ad50d94133304f3136f8b360d0932c%7C23e9e196e7a74dd78d8af0c94efefef4%7C827e0421-0152-46d9-82bc-c506fa749be3&AppEnvironment=datacollector-binary&UploadType=eteventstream] status=Processing
[2017.05.25-18.33.40:945][537]LogModuleManager: Shutting down and abandoning module SSL (34)
[2017.05.25-18.33.40:949][537]LogModuleManager: Shutting down and abandoning module AudioEditor (30)
[2017.05.25-18.33.40:949][537]LogModuleManager: Shutting down and abandoning module TextureCompressor (28)
[2017.05.25-18.33.40:950][537]LogModuleManager: Shutting down and abandoning module ShaderCore (26)
[2017.05.25-18.33.40:950][537]LogModuleManager: Shutting down and abandoning module Landscape (24)
[2017.05.25-18.33.40:950][537]LogModuleManager: Shutting down and abandoning module SlateRHIRenderer (22)
[2017.05.25-18.33.40:952][537]LogModuleManager: Shutting down and abandoning module OpenGLDrv (20)
[2017.05.25-18.33.40:952][537]LogModuleManager: Shutting down and abandoning module D3D11RHI (18)
[2017.05.25-18.33.40:952][537]LogModuleManager: Shutting down and abandoning module AnimGraphRuntime (16)
[2017.05.25-18.33.40:952][537]LogModuleManager: Shutting down and abandoning module Renderer (14)
[2017.05.25-18.33.40:952][537]LogModuleManager: Shutting down and abandoning module Engine (12)
[2017.05.25-18.33.40:952][537]LogModuleManager: Shutting down and abandoning module CoreUObject (10)
[2017.05.25-18.33.40:952][537]LogModuleManager: Shutting down and abandoning module NetworkFile (8)
[2017.05.25-18.33.40:952][537]LogModuleManager: Shutting down and abandoning module StreamingFile (6)
[2017.05.25-18.33.40:952][537]LogModuleManager: Shutting down and abandoning module SandboxFile (4)
[2017.05.25-18.33.40:952][537]LogModuleManager: Shutting down and abandoning module PakFile (2)
[2017.05.25-18.33.40:957][537]LogExit: Exiting.
[2017.05.25-18.33.40:962][537]Log file closed, 05/25/17 20:33:40
