Log file open, 06/05/17 15:17:15
LogInit:Display: Running engine for game: MyProject
LogPlatformFile: Not using cached read wrapper
LogInit:Display: RandInit(-153043540) SRandInit(-153043540).
LogTaskGraph: Started task graph with 5 named threads and 8 total threads with 1 sets of task threads.
LogStats: Stats thread started at 0.073609
LogInit: Using libcurl 7.47.1
LogInit:  - built for x86_64-pc-win32
LogInit:  - supports SSL with OpenSSL/1.0.2g
LogInit:  - supports HTTP deflate (compression) using libz 1.2.8
LogInit:  - other features:
LogInit:      CURL_VERSION_SSL
LogInit:      CURL_VERSION_LIBZ
LogInit:      CURL_VERSION_IPV6
LogInit:      CURL_VERSION_ASYNCHDNS
LogInit:      CURL_VERSION_LARGEFILE
LogInit:      CURL_VERSION_IDN
LogInit:  CurlRequestOptions (configurable via config and command line):
LogInit:  - bVerifyPeer = false  - Libcurl will NOT verify peer certificate
LogInit:  - bUseHttpProxy = false  - Libcurl will NOT use HTTP proxy
LogInit:  - bDontReuseConnections = false  - Libcurl will reuse connections
LogInit:  - CertBundlePath = nullptr  - Libcurl will use whatever was configured at build time.
LogInit: Build: ++UE4+Release-4.15-CL-3416026
LogInit: Engine Version: 4.15.2-3416026+++UE4+Release-4.15
LogInit: Compatible Engine Version: 4.15.0-3299760+++UE4+Release-4.15
LogInit: Net CL: 3299760
LogDevObjectVersion: Number of dev versions registered: 14
LogDevObjectVersion:   Dev-Blueprints (B0D832E4-1F89-4F0D-ACCF-7EB736FD4AA2): 8
LogDevObjectVersion:   Dev-Build (E1C64328-A22C-4D53-A36C-8E866417BD8C): 0
LogDevObjectVersion:   Dev-Core (375EC13C-06E4-48FB-B500-84F0262A717E): 2
LogDevObjectVersion:   Dev-Editor (E4B068ED-F494-42E9-A231-DA0B2E46BB41): 14
LogDevObjectVersion:   Dev-Framework (CFFC743F-43B0-4480-9391-14DF171D2073): 22
LogDevObjectVersion:   Dev-Mobile (B02B49B5-BB20-44E9-A304-32B752E40360): 0
LogDevObjectVersion:   Dev-Networking (A4E4105C-59A1-49B5-A7C5-40C4547EDFEE): 0
LogDevObjectVersion:   Dev-Online (39C831C9-5AE6-47DC-9A44-9C173E1C8E7C): 0
LogDevObjectVersion:   Dev-Physics (78F01B33-EBEA-4F98-B9B4-84EACCB95AA2): 0
LogDevObjectVersion:   Dev-Platform (6631380F-2D4D-43E0-8009-CF276956A95A): 0
LogDevObjectVersion:   Dev-Rendering (12F88B9F-8875-4AFC-A67C-D90C383ABD29): 12
LogDevObjectVersion:   Dev-Sequencer (7B5AE74C-D270-4C10-A958-57980B212A5A): 3
LogDevObjectVersion:   Dev-VR (D7296918-1DD6-4BDD-9DE2-64A83CC13884): 0
LogDevObjectVersion:   Dev-LoadTimes (C2A15278-BFE7-4AFE-6C17-90FF531DF755): 1
LogInit: Compiled (64-bit): May  1 2017 13:11:28
LogInit: Compiled with Visual C++: 19.00.23026.00
LogInit: Build Configuration: Development
LogInit: Branch Name: ++UE4+Release-4.15
LogInit: Command line:  
LogInit: Base directory: C:/Program Files/Epic Games/UE_4.15/Engine/Binaries/Win64/
LogInit: Installed Engine Build: 1
LogInit: Presizing for max 8388607 objects, including 0 objects not considered by GC, pre-allocating 0 bytes for permanent pool.
LogInit: Object subsystem initialized
[2017.06.05-13.17.16:473][  0]LogInit: Selected Device Profile: [Windows]
[2017.06.05-13.17.16:473][  0]LogInit: Applying CVar settings loaded from the selected device profile: [Windows]
[2017.06.05-13.17.16:483][  0]LogInit: Computer: 2014-GA-36
[2017.06.05-13.17.16:483][  0]LogInit: User: FabianHerzog
[2017.06.05-13.17.16:483][  0]LogInit: CPU Page size=65536, Cores=4
[2017.06.05-13.17.16:483][  0]LogInit: High frequency timer resolution =3.117780 MHz
[2017.06.05-13.17.16:483][  0]LogMemory: Memory total: Physical=16.0GB (16GB approx)
[2017.06.05-13.17.16:483][  0]LogMemory: Platform Memory Stats for Windows
[2017.06.05-13.17.16:483][  0]LogMemory: Process Physical Memory: 262.66 MB used, 262.66 MB peak
[2017.06.05-13.17.16:483][  0]LogMemory: Process Virtual Memory: 262.16 MB used, 262.16 MB peak
[2017.06.05-13.17.16:483][  0]LogMemory: Physical Memory: 5864.16 MB used,  10471.13 MB free, 16335.29 MB total
[2017.06.05-13.17.16:483][  0]LogMemory: Virtual Memory: 644.40 MB used,  10471.13 MB free, 134217728.00 MB total
[2017.06.05-13.17.16:552][  0]LogTextLocalizationManager: No translations for ('de-DE') exist, falling back to 'en' for localization and internationalization data.
[2017.06.05-13.17.17:117][  0]LogD3D11RHI: D3D11 adapters:
[2017.06.05-13.17.17:157][  0]LogD3D11RHI:    0. 'NVIDIA GeForce GTX 760' (Feature Level 11_0)
[2017.06.05-13.17.17:157][  0]LogD3D11RHI:       2017/0/8167 MB DedicatedVideo/DedicatedSystem/SharedSystem, Outputs:2, VendorId:0x10de
[2017.06.05-13.17.17:158][  0]LogD3D11RHI:    1. 'Microsoft Basic Render Driver' (Feature Level 11_0)
[2017.06.05-13.17.17:158][  0]LogD3D11RHI:       0/0/8167 MB DedicatedVideo/DedicatedSystem/SharedSystem, Outputs:0, VendorId:0x1414
[2017.06.05-13.17.17:158][  0]LogD3D11RHI: Chosen D3D11 Adapter: 0
[2017.06.05-13.17.17:162][  0]LogD3D11RHI: Creating new Direct3DDevice
[2017.06.05-13.17.17:162][  0]LogD3D11RHI:     GPU DeviceId: 0x1187 (for the marketing name, search the web for "GPU Device Id")
[2017.06.05-13.17.17:162][  0]LogWindows: EnumDisplayDevices:
[2017.06.05-13.17.17:162][  0]LogWindows:    0. 'NVIDIA GeForce GTX 760' (P:0 D:1)
[2017.06.05-13.17.17:162][  0]LogWindows:    1. 'NVIDIA GeForce GTX 760' (P:1 D:1)
[2017.06.05-13.17.17:163][  0]LogWindows:    2. 'NVIDIA GeForce GTX 760' (P:0 D:0)
[2017.06.05-13.17.17:163][  0]LogWindows:    3. 'NVIDIA GeForce GTX 760' (P:0 D:0)
[2017.06.05-13.17.17:163][  0]LogWindows: DebugString: FoundDriverCount:4 
[2017.06.05-13.17.17:163][  0]LogD3D11RHI:     Adapter Name: NVIDIA GeForce GTX 760
[2017.06.05-13.17.17:163][  0]LogD3D11RHI:   Driver Version: 382.05 (internal:22.21.13.8205, unified:382.05)
[2017.06.05-13.17.17:163][  0]LogD3D11RHI:      Driver Date: 5-1-2017
[2017.06.05-13.17.17:163][  0]LogRHI: Texture pool is 1361 MB (70% of 1945 MB)
[2017.06.05-13.17.17:191][  0]LogD3D11RHI:Warning: Timestamp queries are currently disabled on this hardware due to instability. Realtime GPU stats will not be available. You can override this behaviour by setting r.NVIDIATimestampWorkaround to 0
[2017.06.05-13.17.17:193][  0]LogD3D11RHI: [Aftermath] Aftermath enabled and primed
[2017.06.05-13.17.17:193][  0]LogD3D11RHI: Async texture creation enabled
[2017.06.05-13.17.17:210][  0]LogD3D11RHI: GPU Timing Frequency: 1000.000000 (Debug: 2 2)
[2017.06.05-13.17.17:212][  0]LogD3D11RHI: HDR output is supported on display 1 (NvId: 0x80061087).
[2017.06.05-13.17.17:212][  0]LogShaderCompilers: Guid format shader working directory is 24 characters bigger than the processId version (D:/Restless/Restless/Restless/Intermediate/Shaders/WorkingDirectory/13384/).
[2017.06.05-13.17.17:212][  0]LogShaderCompilers: Cleaned the shader compiler working directory 'C:/Users/fabian.herzog/AppData/Local/Temp/UnrealShaderWorkingDir/0164878040975424ECC004AA5187024B/'.
[2017.06.05-13.17.17:212][  0]LogShaderCompilers:Display: Using Local Shader Compiler.
[2017.06.05-13.17.18:171][  0]LogTemp:Display: Loaded TP AllDesktopTargetPlatform
[2017.06.05-13.17.18:221][  0]LogTemp:Display: Loaded TP MacClientTargetPlatform
[2017.06.05-13.17.18:269][  0]LogTemp:Display: Loaded TP MacNoEditorTargetPlatform
[2017.06.05-13.17.18:319][  0]LogTemp:Display: Loaded TP MacServerTargetPlatform
[2017.06.05-13.17.18:368][  0]LogTemp:Display: Loaded TP MacTargetPlatform
[2017.06.05-13.17.18:416][  0]LogTemp:Display: Loaded TP WindowsClientTargetPlatform
[2017.06.05-13.17.18:464][  0]LogTemp:Display: Loaded TP WindowsNoEditorTargetPlatform
[2017.06.05-13.17.18:513][  0]LogTemp:Display: Loaded TP WindowsServerTargetPlatform
[2017.06.05-13.17.18:551][  0]LogTemp:Display: Loaded TP WindowsTargetPlatform
[2017.06.05-13.17.18:597][  0]LogTemp:Display: Loaded TP AndroidTargetPlatform
[2017.06.05-13.17.18:643][  0]LogTemp:Display: Loaded TP Android_ASTCTargetPlatform
[2017.06.05-13.17.18:690][  0]LogTemp:Display: Loaded TP Android_ATCTargetPlatform
[2017.06.05-13.17.18:738][  0]LogTemp:Display: Loaded TP Android_DXTTargetPlatform
[2017.06.05-13.17.18:784][  0]LogTemp:Display: Loaded TP Android_ETC1TargetPlatform
[2017.06.05-13.17.18:831][  0]LogTemp:Display: Loaded TP Android_ETC2TargetPlatform
[2017.06.05-13.17.18:926][  0]LogTemp:Display: Loaded TP Android_MultiTargetPlatform
[2017.06.05-13.17.18:926][  0]LogTemp:Display: Loaded TP Android_PVRTCTargetPlatform
[2017.06.05-13.17.18:958][  0]LogTemp:Display: Loaded TP HTML5TargetPlatform
[2017.06.05-13.17.19:044][  0]LogTemp:Display: Loaded TP IOSTargetPlatform
[2017.06.05-13.17.19:075][  0]LogTemp:Display: Loaded TP TVOSTargetPlatform
[2017.06.05-13.17.19:120][  0]LogTemp:Display: Loaded TP LinuxClientTargetPlatform
[2017.06.05-13.17.19:166][  0]LogTemp:Display: Loaded TP LinuxNoEditorTargetPlatform
[2017.06.05-13.17.19:212][  0]LogTemp:Display: Loaded TP LinuxServerTargetPlatform
[2017.06.05-13.17.19:258][  0]LogTemp:Display: Loaded TP LinuxTargetPlatform
[2017.06.05-13.17.19:259][  0]LogTargetPlatformManager:Display: Building Assets For Windows
[2017.06.05-13.17.19:632][  0]LogDerivedDataCache:Display: Max Cache Size: 512 MB
[2017.06.05-13.17.19:682][  0]LogDerivedDataCache: Loaded boot cache 0.05s 50MB C:/Users/fabian.herzog/AppData/Local/UnrealEngine/4.15/DerivedDataCache/Boot.ddc.
[2017.06.05-13.17.19:682][  0]LogDerivedDataCache:Display: Loaded Boot cache: C:/Users/fabian.herzog/AppData/Local/UnrealEngine/4.15/DerivedDataCache/Boot.ddc
[2017.06.05-13.17.19:682][  0]LogDerivedDataCache: FDerivedDataBackendGraph:  Pak pak cache file D:/Restless/Restless/Restless/DerivedDataCache/DDC.ddp not found, will not use a pak cache.
[2017.06.05-13.17.19:682][  0]LogDerivedDataCache: Unable to find inner node Pak for hierarchical cache Hierarchy.
[2017.06.05-13.17.19:682][  0]LogDerivedDataCache: FDerivedDataBackendGraph:  CompressedPak pak cache file D:/Restless/Restless/Restless/DerivedDataCache/Compressed.ddp not found, will not use a pak cache.
[2017.06.05-13.17.19:682][  0]LogDerivedDataCache: Unable to find inner node CompressedPak for hierarchical cache Hierarchy.
[2017.06.05-13.17.19:698][  0]LogDerivedDataCache:Display: Pak cache opened for reading ../../../Engine/DerivedDataCache/Compressed.ddp.
[2017.06.05-13.17.19:710][  0]LogDerivedDataCache: Using Local data cache path C:/Users/fabian.herzog/AppData/Local/UnrealEngine/Common/DerivedDataCache: Writable
[2017.06.05-13.17.19:718][  0]LogSlate: Using Freetype 2.6.0
[2017.06.05-13.17.19:719][  0]LogSlate: SlateFontCache - WITH_FREETYPE: 1, WITH_HARFBUZZ: 1
[2017.06.05-13.17.19:719][  0]LogSlate: SlateFontCache - WITH_FREETYPE: 1, WITH_HARFBUZZ: 1
[2017.06.05-13.17.19:948][  0]LogInit: Selected Device Profile: [Windows]
[2017.06.05-13.17.19:950][  0]LogContentStreaming: Texture pool size is 0.00 MB
[2017.06.05-13.17.20:135][  0]LogMeshUtilities: Using QuadricMeshReduction for automatic static mesh reduction
[2017.06.05-13.17.20:172][  0]LogSimplygon: Simplygon DLL not present - disabling.
[2017.06.05-13.17.20:211][  0]LogMeshUtilities: Using SimplygonSwarm for distributed automatic mesh merging
[2017.06.05-13.17.20:211][  0]LogMeshUtilities: No automatic skeletal mesh reduction module available
[2017.06.05-13.17.20:211][  0]LogMeshUtilities: No automatic mesh merging module available
[2017.06.05-13.17.20:688][  0]LogNetVersion: GetLocalNetworkVersion: CL: 3299760, ProjectName: myproject, ProjectVersion: , EngineNetworkVersion: 2, GameNetworkVersion: 0, NetworkChecksum: 4136520461
[2017.06.05-13.17.20:731][  0]LogAssetRegistry: FAssetRegistry took 0.0219 seconds to start up
[2017.06.05-13.17.20:758][  0]LogPackageLocalizationCache: Processed 3 localized package path(s) for 1 prioritized culture(s) in 0.009041 seconds
[2017.06.05-13.17.20:763][  0]LogUObjectArray: 32493 objects as part of root set at end of initial load.
[2017.06.05-13.17.20:763][  0]LogUObjectAllocator: 7077024 out of 0 bytes used by permanent object pool.
[2017.06.05-13.17.20:763][  0]LogUObjectArray: CloseDisregardForGC: 0/0 objects in disregard for GC pool
[2017.06.05-13.17.20:818][  0]LogInit: WinSock: version 1.1 (2.2), MaxSocks=32767, MaxUdp=65467
[2017.06.05-13.17.22:203][  0]LogTcpMessaging: Initializing TcpMessaging bridge
[2017.06.05-13.17.22:238][  0]LogUdpMessaging: Initializing bridge on interface 0.0.0.0:0 to multicast group 230.0.0.1:6666.
[2017.06.05-13.17.22:685][  0]LogMaterial: Uniform references updated for custom material expression Custom.
[2017.06.05-13.17.23:013][  0]SourceControl: Info Source control is disabled
[2017.06.05-13.17.23:013][  0]SourceControl: Info Source control is disabled
[2017.06.05-13.17.23:054][  0]SourceControl: Info Source control is disabled
[2017.06.05-13.17.23:093][  0]SourceControl: Info Source control is disabled
[2017.06.05-13.17.24:147][  0]LogEngine: Initializing Engine...
[2017.06.05-13.17.24:147][  0]LogHMD: Failed to initialize OpenVR with code 110
[2017.06.05-13.17.24:244][  0]LogStats: UGameplayTagsManager::ConstructGameplayTagTree: Construct from data asset -  0.000 s
[2017.06.05-13.17.24:244][  0]LogStats: UGameplayTagsManager::ConstructGameplayTagTree: GameplayTagTreeChangedEvent.Broadcast -  0.000 s
[2017.06.05-13.17.24:346][  0]LogAIModule: Creating AISystem for world Untitled
[2017.06.05-13.17.24:352][  0]LogInit: XAudio2 using 'Kopfhörer (High Definition Audio-Gerät)' : 2 channels at 44.1 kHz using 16 bits per sample (channel mask 0x3)
[2017.06.05-13.17.24:366][  0]LogInit: FAudioDevice initialized.
[2017.06.05-13.17.24:390][  0]LogDerivedDataCache: Saved boot cache 0.02s 50MB C:/Users/fabian.herzog/AppData/Local/UnrealEngine/4.15/DerivedDataCache/Boot.ddc.
[2017.06.05-13.17.24:399][  0]LogInit: Texture streaming: Enabled
[2017.06.05-13.17.24:482][  0]LogEngineSessionManager: EngineSessionManager initialized
[2017.06.05-13.17.24:561][  0]LogInit: Transaction tracking system initialized
[2017.06.05-13.17.24:860][  0]BlueprintLog: New page: Editor Load
[2017.06.05-13.17.25:628][  0]LocalizationService: Info Localization service is disabled
[2017.06.05-13.17.26:193][  0]LogConsoleResponse:Display: 
[2017.06.05-13.17.26:300][  0]LogCook:Display: Max memory allowance for cook 16384mb min free memory 0mb
[2017.06.05-13.17.26:300][  0]LogCook:Display: Mobile HDR setting 1
[2017.06.05-13.17.27:149][  0]LogFileCache: Scanning file cache for directory 'D:/Restless/Restless/Restless/Content/' took 0.01s
[2017.06.05-13.17.27:188][  0]SourceControl: Info Source control is disabled
[2017.06.05-13.17.27:188][  0]Cmd: MAP LOAD FILE="D:/Restless/Restless/Restless/Content/Levels/Blockout_beat2.umap" TEMPLATE=0 SHOWPROGRESS=1 FEATURELEVEL=3
[2017.06.05-13.17.27:188][  0]LightingResults: New page: Lighting Build
[2017.06.05-13.17.27:223][  0]MapCheck: New page: Map Check
[2017.06.05-13.17.27:223][  0]LightingResults: New page: Lighting Build
[2017.06.05-13.17.27:364][  0]LogAIModule: Creating AISystem for world Blockout_beat2
[2017.06.05-13.17.27:383][  0]LogEditorServer: Finished looking for orphan Actors (0.000 secs)
[2017.06.05-13.17.27:383][  0]Cmd: MAP CHECKDEP NOCLEARLOG
[2017.06.05-13.17.27:417][  0]MapCheck: Info Map check complete: 0 Error(s), 0 Warning(s), took 33.959ms to complete.
[2017.06.05-13.17.27:417][  0]LogFileHelpers: Loading map 'Blockout_beat2' took 0.230
[2017.06.05-13.17.27:485][  0]LogWindowsTextInputMethodSystem:Display: IME system now deactivated.
[2017.06.05-13.17.27:592][  0]LogCollectionManager: Loaded 0 collections in 0.001496 seconds
[2017.06.05-13.17.27:667][  0]LogFileCache: Scanning file cache for directory 'D:/Restless/Restless/Restless/Saved/Collections/' took 0.01s
[2017.06.05-13.17.27:667][  0]LogFileCache: Scanning file cache for directory 'D:/Restless/Restless/Restless/Content/Developers/FabianHerzog/Collections/' took 0.01s
[2017.06.05-13.17.27:667][  0]LogFileCache: Scanning file cache for directory 'D:/Restless/Restless/Restless/Content/Collections/' took 0.01s
[2017.06.05-13.17.27:667][  0]LogCollectionManager: Rebuilt the GUID cache for 0 collections in 0.000002 seconds
[2017.06.05-13.17.27:676][  0]LogContentBrowser: Native class hierarchy populated in 0.0083 seconds. Added 2245 classes and 453 folders.
[2017.06.05-13.17.27:732][  0]LogContentBrowser: Native class hierarchy updated for 'WidgetCarousel' in 0.0005 seconds. Added 0 classes and 0 folders.
[2017.06.05-13.17.27:764][  0]LogContentBrowser: Native class hierarchy updated for 'AddContentDialog' in 0.0005 seconds. Added 0 classes and 0 folders.
[2017.06.05-13.17.27:802][  0]LogContentBrowser: Native class hierarchy updated for 'SceneOutliner' in 0.0004 seconds. Added 1 classes and 2 folders.
[2017.06.05-13.17.27:848][  0]LogContentBrowser: Native class hierarchy updated for 'WorldBrowser' in 0.0005 seconds. Added 1 classes and 3 folders.
[2017.06.05-13.17.27:930][  0]LogCrashTracker: Crashtracker disabled due to settings.
[2017.06.05-13.17.27:936][  0]LogUObjectGlobals:Warning: Failed to find object 'Class None.'
[2017.06.05-13.17.27:996][  0]LogContentBrowser: Native class hierarchy updated for 'HierarchicalLODOutliner' in 0.0006 seconds. Added 1 classes and 2 folders.
[2017.06.05-13.17.27:996][  0]LogLoad: (Engine Initialization) Total time: 13.17 seconds
[2017.06.05-13.17.27:996][  0]LogLoad: (Engine Initialization) Total Blueprint compile time: 0.08 seconds
[2017.06.05-13.17.27:996][  0]LogExternalProfiler: Found external profiler: VSPerf
[2017.06.05-13.17.27:996][  0]LogExternalProfiler: Using external profiler: VSPerf
[2017.06.05-13.17.28:007][  0]LogOcInput: OculusInput pre-init called
[2017.06.05-13.17.28:038][  0]LogContentStreaming: Texture pool size now 1000 MB
[2017.06.05-13.17.28:039][  0]LogSlate: Took 0.000227 seconds to synchronously load lazily loaded font '../../../Engine/Content/Slate/Fonts/Roboto-Regular.ttf' (155K)
[2017.06.05-13.17.28:043][  0]LogSlate: Took 0.000268 seconds to synchronously load lazily loaded font '../../../Engine/Content/Slate/Fonts/Roboto-Bold.ttf' (160K)
[2017.06.05-13.17.28:048][  0]LogSlate: Took 0.000159 seconds to synchronously load lazily loaded font '../../../Engine/Content/Editor/Slate/Fonts/FontAwesome.ttf' (139K)
[2017.06.05-13.17.28:147][  0]LogSlate: Took 0.000180 seconds to synchronously load lazily loaded font '../../../Engine/Content/Slate/Fonts/Roboto-Light.ttf' (159K)
[2017.06.05-13.17.28:196][  0]LogRenderer: Reallocating scene render targets to support 1132x660 NumSamples 1 (Frame:2).
[2017.06.05-13.17.28:254][  1]LogFileCache: Retrieving MD5 hashes for directory 'D:/Restless/Restless/Restless/Content/' took 0.24s
[2017.06.05-13.17.28:264][  1]LogAssetRegistry: Asset discovery search completed in 7.5557 seconds
[2017.06.05-13.17.28:264][  1]LogCollectionManager: Rebuilt the object cache for 0 collections in 0.000003 seconds (found 0 objects)
[2017.06.05-13.17.28:264][  1]LogCollectionManager: Fixed up redirectors for 0 collections in 0.000015 seconds (updated 0 objects)
[2017.06.05-13.18.04:451][631]LogSlate: Took 0.000127 seconds to synchronously load lazily loaded font '../../../Engine/Content/Slate/Fonts/Roboto-Light.ttf' (159K)
[2017.06.05-13.18.04:461][631]LogLinker:Warning: Can't find file '/Game/Levels/Architecture_BuiltData'
[2017.06.05-13.18.04:461][631]LogLinker:Warning: Can't find file for asset '/Game/Levels/Architecture_BuiltData' while loading D:/Restless/Restless/Restless/Content/Levels/Architecture.umap.
[2017.06.05-13.18.04:461][631]LoadErrors:Error: Error /Game/Levels/Architecture : Can't find file for asset. /Game/Levels/Architecture_BuiltData
[2017.06.05-13.18.04:468][631]LogLinker:Warning: Can't find file '/Game/Levels/Architecture_BuiltData'
[2017.06.05-13.18.04:468][631]LogLinker:Warning: Can't find file for asset '/Game/Levels/Architecture_BuiltData' while loading D:/Restless/Restless/Restless/Content/Levels/Architecture.umap.
[2017.06.05-13.18.04:496][631]LogLinker:Warning: Can't find file '/Game/Levels/Architecture_BuiltData'
[2017.06.05-13.18.04:496][631]LoadErrors: Info Failed to load /Game/Levels/Architecture_BuiltData.Architecture_BuiltData Referenced by PersistentLevel
[2017.06.05-13.18.04:496][631]LogLinker:Warning: Can't find file for asset '/Game/Levels/Architecture_BuiltData' while loading NULL.
[2017.06.05-13.18.04:523][631]LogMaterial: Missing cached shader map for material FuseBox_LP_FuseBox_OcclusionRoughnessMetallic_Mat, compiling. 
[2017.06.05-13.18.04:524][631]LogMaterial:Warning: Failed to compile Material /Game/Probs/FuseBox/FuseBox_LP_FuseBox_OcclusionRoughnessMetallic_Mat.FuseBox_LP_FuseBox_OcclusionRoughnessMetallic_Mat for platform PCD3D_SM5, Default Material will be used in game.
[2017.06.05-13.18.04:524][631]LogMaterial:Warning: 	(Node TextureSample) TextureSample> Sampler type is Color, should be Linear Color for /Game/Probs/FuseBox/FuseBox_LP_FuseBox_OcclusionRoughnessMetallic.FuseBox_LP_FuseBox_OcclusionRoughnessMetallic
[2017.06.05-13.18.04:574][631]LogLinker:Warning: Can't find file '/Game/Levels/Art_BuiltData'
[2017.06.05-13.18.04:574][631]LogLinker:Warning: Can't find file for asset '/Game/Levels/Art_BuiltData' while loading D:/Restless/Restless/Restless/Content/Levels/Art.umap.
[2017.06.05-13.18.04:574][631]LoadErrors:Error: Error /Game/Levels/Art : Can't find file for asset. /Game/Levels/Art_BuiltData
[2017.06.05-13.18.04:574][631]LogLinker:Warning: Can't find file '/Game/Levels/Art_BuiltData'
[2017.06.05-13.18.04:574][631]LogLinker:Warning: Can't find file for asset '/Game/Levels/Art_BuiltData' while loading D:/Restless/Restless/Restless/Content/Levels/Art.umap.
[2017.06.05-13.18.04:575][631]LogLinker:Warning: Can't find file '/Game/Levels/Art_BuiltData'
[2017.06.05-13.18.04:575][631]LoadErrors: Info Failed to load /Game/Levels/Art_BuiltData.Art_BuiltData Referenced by PersistentLevel
[2017.06.05-13.18.04:575][631]LogLinker:Warning: Can't find file for asset '/Game/Levels/Art_BuiltData' while loading NULL.
[2017.06.05-13.18.04:583][631]LogLinker:Warning: Can't find file '/Game/Levels/Chris_BuiltData'
[2017.06.05-13.18.04:583][631]LogLinker:Warning: Can't find file for asset '/Game/Levels/Chris_BuiltData' while loading D:/Restless/Restless/Restless/Content/Levels/Chris.umap.
[2017.06.05-13.18.04:583][631]LoadErrors:Error: Error /Game/Levels/Chris : Can't find file for asset. /Game/Levels/Chris_BuiltData
[2017.06.05-13.18.04:583][631]LogLinker:Warning: Can't find file '/Game/Levels/Chris_BuiltData'
[2017.06.05-13.18.04:583][631]LogLinker:Warning: Can't find file for asset '/Game/Levels/Chris_BuiltData' while loading D:/Restless/Restless/Restless/Content/Levels/Chris.umap.
[2017.06.05-13.18.04:583][631]LogLinker:Warning: Can't find file '/Game/Levels/Chris_BuiltData'
[2017.06.05-13.18.04:583][631]LoadErrors: Info Failed to load /Game/Levels/Chris_BuiltData.Chris_BuiltData Referenced by PersistentLevel
[2017.06.05-13.18.04:583][631]LogLinker:Warning: Can't find file for asset '/Game/Levels/Chris_BuiltData' while loading NULL.
[2017.06.05-13.18.04:589][631]LogLinker:Warning: Can't find file '/Game/Levels/Daniel_BuiltData'
[2017.06.05-13.18.04:589][631]LogLinker:Warning: Can't find file for asset '/Game/Levels/Daniel_BuiltData' while loading D:/Restless/Restless/Restless/Content/Levels/Daniel.umap.
[2017.06.05-13.18.04:589][631]LoadErrors:Error: Error /Game/Levels/Daniel : Can't find file for asset. /Game/Levels/Daniel_BuiltData
[2017.06.05-13.18.04:589][631]LogLinker:Warning: Can't find file '/Game/Levels/Daniel_BuiltData'
[2017.06.05-13.18.04:589][631]LogLinker:Warning: Can't find file for asset '/Game/Levels/Daniel_BuiltData' while loading D:/Restless/Restless/Restless/Content/Levels/Daniel.umap.
[2017.06.05-13.18.04:590][631]LogLinker:Warning: Can't find file '/Game/Levels/Daniel_BuiltData'
[2017.06.05-13.18.04:590][631]LoadErrors: Info Failed to load /Game/Levels/Daniel_BuiltData.Daniel_BuiltData Referenced by PersistentLevel
[2017.06.05-13.18.04:590][631]LogLinker:Warning: Can't find file for asset '/Game/Levels/Daniel_BuiltData' while loading NULL.
[2017.06.05-13.18.04:595][631]LogLinker:Warning: Can't find file '/Game/Levels/Fabi_BuiltData'
[2017.06.05-13.18.04:595][631]LogLinker:Warning: Can't find file for asset '/Game/Levels/Fabi_BuiltData' while loading D:/Restless/Restless/Restless/Content/Levels/Fabi.umap.
[2017.06.05-13.18.04:595][631]LoadErrors:Error: Error /Game/Levels/Fabi : Can't find file for asset. /Game/Levels/Fabi_BuiltData
[2017.06.05-13.18.04:595][631]LogLinker:Warning: Can't find file '/Game/Levels/Fabi_BuiltData'
[2017.06.05-13.18.04:596][631]LogLinker:Warning: Can't find file for asset '/Game/Levels/Fabi_BuiltData' while loading D:/Restless/Restless/Restless/Content/Levels/Fabi.umap.
[2017.06.05-13.18.04:596][631]LogLinker:Warning: Can't find file '/Game/Levels/Fabi_BuiltData'
[2017.06.05-13.18.04:596][631]LoadErrors: Info Failed to load /Game/Levels/Fabi_BuiltData.Fabi_BuiltData Referenced by PersistentLevel
[2017.06.05-13.18.04:596][631]LogLinker:Warning: Can't find file for asset '/Game/Levels/Fabi_BuiltData' while loading NULL.
[2017.06.05-13.18.04:601][631]LogLinker:Warning: Can't find file '/Game/Levels/FX_BuiltData'
[2017.06.05-13.18.04:601][631]LogLinker:Warning: Can't find file for asset '/Game/Levels/FX_BuiltData' while loading D:/Restless/Restless/Restless/Content/Levels/FX.umap.
[2017.06.05-13.18.04:601][631]LoadErrors:Error: Error /Game/Levels/FX : Can't find file for asset. /Game/Levels/FX_BuiltData
[2017.06.05-13.18.04:601][631]LogLinker:Warning: Can't find file '/Game/Levels/FX_BuiltData'
[2017.06.05-13.18.04:601][631]LogLinker:Warning: Can't find file for asset '/Game/Levels/FX_BuiltData' while loading D:/Restless/Restless/Restless/Content/Levels/FX.umap.
[2017.06.05-13.18.04:602][631]LogLinker:Warning: Can't find file '/Game/Levels/FX_BuiltData'
[2017.06.05-13.18.04:602][631]LoadErrors: Info Failed to load /Game/Levels/FX_BuiltData.FX_BuiltData Referenced by PersistentLevel
[2017.06.05-13.18.04:602][631]LogLinker:Warning: Can't find file for asset '/Game/Levels/FX_BuiltData' while loading NULL.
[2017.06.05-13.18.14:921][836]LogEditorViewport: Clicking on Actor (LMB): StaticMeshActor (Common_Wall4)
[2017.06.05-13.18.21:878][621]LogEditorViewport: Clicking on Actor (LMB): StaticMeshActor (Common_Wall)
[2017.06.05-13.18.24:259][862]LogEditorViewport: Clicking on Actor (LMB): StaticMeshActor (Common_Wall2)
[2017.06.05-13.18.27:726][230]LogEditorViewport: Clicking on Actor (LMB): StaticMeshActor (Common_FrameWall_Object6)
[2017.06.05-13.18.42:703][884]LogEditorViewport: Clicking on Actor (LMB): StaticMeshActor (Common_FrameWall_Object11)
[2017.06.05-13.19.48:864][501]LogEditorViewport: Clicking on Actor (LMB): StaticMeshActor (Common_Wall3)
[2017.06.05-13.20.07:692][664]LogEditorViewport: Clicking on Actor (LMB): StaticMeshActor (Common_FrameWall_Object12)
[2017.06.05-13.20.28:023][869]LogEditorViewport: Clicking on Actor (LMB): StaticMeshActor (Common_Wall4)
[2017.06.05-13.20.28:694][935]LogEditorViewport: Clicking on Actor (LMB): StaticMeshActor (Common_FrameWall_Object12)
[2017.06.05-13.20.31:269][222]LogEditorViewport: Clicking on Actor (LMB): StaticMeshActor (Common_Wall4)
[2017.06.05-13.20.38:469][ 60]LogEditorViewport: Clicking on Actor (LMB): StaticMeshActor (Common_Wall4)
[2017.06.05-13.20.39:177][137]LogEditorViewport: Clicking on Actor (LMB): StaticMeshActor (Common_Wall4)
[2017.06.05-13.20.54:356][805]LogEditorViewport: Clicking on Actor (LMB): StaticMeshActor (Common_FrameWall_Object5)
[2017.06.05-13.20.55:572][922]LogEditorViewport: Clicking on Actor (LMB): StaticMeshActor (Common_Wall4)
[2017.06.05-13.21.12:447][844]LogEditorViewport: Clicking on Actor (LMB): StaticMeshActor (DoorUP2)
[2017.06.05-13.21.20:265][686]Cmd: EDIT COPY
[2017.06.05-13.21.25:837][301]Cmd: TRANSACTION UNDO
[2017.06.05-13.21.25:837][301]LogEditorTransaction: Undo Rotate Actors
[2017.06.05-13.21.25:851][301]LogSlate: Took 0.000189 seconds to synchronously load lazily loaded font '../../../Engine/Content/Slate/Fonts/Roboto-Light.ttf' (159K)
[2017.06.05-13.21.26:920][413]Cmd: EDIT PASTE
[2017.06.05-13.22.26:578][229]LogDialogs:Warning: Suppressed: Matinee is now a legacy tool. Would you like to continue opening Matinee or convert your Matinee to a Level Sequence Asset?
[2017.06.05-13.22.26:617][229]LogContentBrowser: Native class hierarchy updated for 'Matinee' in 0.0006 seconds. Added 15 classes and 2 folders.
[2017.06.05-13.22.26:619][229]LogInit: Transaction tracking system initialized
[2017.06.05-13.22.26:619][229]EditorErrors: New page: Matinee Initialization
[2017.06.05-13.22.28:004][364]LogEditorViewport: Clicking on Actor (LMB): StaticMeshActor (DoorLeft3)
[2017.06.05-13.22.40:214][734]LogEditorViewport: Clicking on Actor (LMB): StaticMeshActor (DoorRight3)
[2017.06.05-13.22.53:471][228]LogEditorViewport: Clicking on Actor (LMB): StaticMeshActor (DoorUP3)
[2017.06.05-13.23.05:109][488]LogEditorViewport: Clicking on Actor (LMB): StaticMeshActor (DoorLeft3)
[2017.06.05-13.23.09:253][905]LogEditorViewport: Clicking on Actor (LMB): StaticMeshActor (DoorRight3)
[2017.06.05-13.23.09:776][944]LogEditorViewport: Clicking on Actor (LMB): StaticMeshActor (DoorUP3)
[2017.06.05-13.23.10:631][ 17]LogEditorViewport: Clicking on Actor (LMB): StaticMeshActor (DoorLeft3)
[2017.06.05-13.23.41:410][ 25]LogEditorViewport: Clicking on Actor (LMB): StaticMeshActor (DoorRight3)
[2017.06.05-13.23.43:892][251]LogEditorViewport: Clicking on Actor (LMB): StaticMeshActor (DoorUP3)
[2017.06.05-13.23.48:991][738]LogSlate: Took 0.000210 seconds to synchronously load lazily loaded font '../../../Engine/Content/Editor/Slate/Fonts/Roboto-Italic.ttf' (157K)
[2017.06.05-13.23.54:199][864]Cmd: OBJ SAVEPACKAGE PACKAGE="/Game/Levels/Gameplay" FILE="D:/Restless/Restless/Restless/Content/Levels/Gameplay.umap" SILENT=true AUTOSAVING=false KEEPDIRTY=false
[2017.06.05-13.23.54:215][864]LogExit: Transaction tracking system shut down
[2017.06.05-13.23.54:252][864]LogSpawn:Warning: UWorld::DestroyActor: World has no context! World: Gameplay, Actor: /Game/Levels/Gameplay.Gameplay:PersistentLevel.Gameplay_C_0
[2017.06.05-13.23.54:378][864]LogSavePackage: Save=150.80ms
[2017.06.05-13.23.54:378][864]LogSavePackage: Moving 'D:/Restless/Restless/Restless/Saved/Gameplay702C91264B035BA77DEA4E8015F4AF41.tmp' to 'D:/Restless/Restless/Restless/Content/Levels/Gameplay.umap'
[2017.06.05-13.23.54:380][864]LogSavePackage:Display: Finished SavePackage D:/Restless/Restless/Restless/Content/Levels/Gameplay.umap
[2017.06.05-13.24.05:089][ 26]Cmd: EDIT COPY
[2017.06.05-13.24.05:413][ 63]Cmd: EDIT PASTE
[2017.06.05-13.24.43:367][182]LogEditorViewport: Clicking on Actor (LMB): StaticMeshActor (DoorUP4)
[2017.06.05-13.24.47:138][576]LogEditorViewport: Clicking on Actor (LMB): StaticMeshActor (DoorLeft4)
[2017.06.05-13.24.47:832][649]LogEditorViewport: Clicking on Actor (LMB): MatineeActor (MatineeActor3)
[2017.06.05-13.24.48:974][778]LogDialogs:Warning: Suppressed: Matinee is now a legacy tool. Would you like to continue opening Matinee or convert your Matinee to a Level Sequence Asset?
[2017.06.05-13.24.48:974][778]LogInit: Transaction tracking system initialized
[2017.06.05-13.24.48:974][778]EditorErrors: New page: Matinee Initialization
[2017.06.05-13.24.50:484][936]LogEditorViewport: Clicking on Actor (LMB): StaticMeshActor (DoorLeft4)
[2017.06.05-13.25.02:611][279]LogEditorViewport: Clicking on Actor (LMB): StaticMeshActor (DoorRight4)
[2017.06.05-13.25.22:870][502]LogEditorViewport: Clicking on Actor (LMB): StaticMeshActor (DoorUP4)
[2017.06.05-13.25.59:155][ 17]LogEditorViewport: Clicking on Actor (LMB): StaticMeshActor (DoorLeft4)
[2017.06.05-13.26.01:887][282]LogEditorViewport: Clicking on Actor (LMB): StaticMeshActor (DoorRight4)
[2017.06.05-13.26.56:387][ 69]LogEditorViewport: Clicking on Actor (LMB): MatineeActor (MatineeActor3)
[2017.06.05-13.26.56:459][ 71]LogEditorViewport: Clicking on Actor (double click): MatineeActor (MatineeActor3)
[2017.06.05-13.27.22:671][175]LogEditorViewport: Clicking on Actor (LMB): MatineeActor (MatineeActor)
[2017.06.05-13.27.22:750][178]LogEditorViewport: Clicking on Actor (double click): MatineeActor (MatineeActor)
[2017.06.05-13.27.34:025][512]LogEditorViewport: Clicking on Actor (LMB): StaticMeshActor (DoorUP3)
[2017.06.05-13.27.34:687][574]LogEditorViewport: Clicking on Actor (LMB): StaticMeshActor (DoorRight3)
[2017.06.05-13.27.35:235][632]LogEditorViewport: Clicking on Actor (LMB): MatineeActor (MatineeActor2)
[2017.06.05-13.27.35:568][665]LogEditorViewport: Clicking on Actor (double click): MatineeActor (MatineeActor2)
[2017.06.05-13.27.35:787][691]LogEditorViewport: Clicking on Actor (LMB): MatineeActor (MatineeActor2)
[2017.06.05-13.27.58:776][428]Cmd: OBJ SAVEPACKAGE PACKAGE="/Game/Levels/Gameplay" FILE="D:/Restless/Restless/Restless/Content/Levels/Gameplay.umap" SILENT=true AUTOSAVING=false KEEPDIRTY=false
[2017.06.05-13.27.58:787][428]LogExit: Transaction tracking system shut down
[2017.06.05-13.27.58:815][428]LogSpawn:Warning: UWorld::DestroyActor: World has no context! World: Gameplay, Actor: /Game/Levels/Gameplay.Gameplay:PersistentLevel.Gameplay_C_1
[2017.06.05-13.27.58:945][428]LogSavePackage: Save=153.00ms
[2017.06.05-13.27.58:945][428]LogSavePackage: Moving 'D:/Restless/Restless/Restless/Saved/GameplayCB171EEA494A902E700098823390AEA8.tmp' to 'D:/Restless/Restless/Restless/Content/Levels/Gameplay.umap'
[2017.06.05-13.27.58:947][428]LogSavePackage:Display: Finished SavePackage D:/Restless/Restless/Restless/Content/Levels/Gameplay.umap
[2017.06.05-13.27.59:729][519]Cmd: OBJ SAVEPACKAGE PACKAGE="/Game/Levels/Gameplay" FILE="D:/Restless/Restless/Restless/Content/Levels/Gameplay.umap" SILENT=true AUTOSAVING=false KEEPDIRTY=false
[2017.06.05-13.27.59:766][519]LogSpawn:Warning: UWorld::DestroyActor: World has no context! World: Gameplay, Actor: /Game/Levels/Gameplay.Gameplay:PersistentLevel.Gameplay_C_0
[2017.06.05-13.27.59:896][519]LogSavePackage: Save=153.69ms
[2017.06.05-13.27.59:896][519]LogSavePackage: Moving 'D:/Restless/Restless/Restless/Saved/GameplayE6DF2AC44B094A0487072C93000407FA.tmp' to 'D:/Restless/Restless/Restless/Content/Levels/Gameplay.umap'
[2017.06.05-13.27.59:897][519]LogSavePackage:Display: Finished SavePackage D:/Restless/Restless/Restless/Content/Levels/Gameplay.umap
[2017.06.05-13.28.03:883][698]Cmd: OBJ SAVEPACKAGE PACKAGE="/Game/Levels/Architecture" FILE="D:/Restless/Restless/Restless/Content/Levels/Architecture.umap" SILENT=true AUTOSAVING=false KEEPDIRTY=false
[2017.06.05-13.28.04:037][698]LogSavePackage: Save=136.86ms
[2017.06.05-13.28.04:037][698]LogSavePackage: Moving 'D:/Restless/Restless/Restless/Saved/Architecture3B3CBCAF4E656824E596899F5C754C4A.tmp' to 'D:/Restless/Restless/Restless/Content/Levels/Architecture.umap'
[2017.06.05-13.28.04:039][698]LogSavePackage:Display: Finished SavePackage D:/Restless/Restless/Restless/Content/Levels/Architecture.umap
[2017.06.05-13.28.04:042][698]LogFileHelpers: Saving map 'Architecture' took 0.204
[2017.06.05-13.28.04:318][699]Cmd: QUIT_EDITOR
[2017.06.05-13.28.04:373][699]LogWindowsTextInputMethodSystem:Display: IME system now deactivated.
[2017.06.05-13.28.04:402][699]LogExit: Preparing to exit.
[2017.06.05-13.28.05:572][699]LogExit: Editor shut down
[2017.06.05-13.28.05:573][699]LogExit: Transaction tracking system shut down
[2017.06.05-13.28.05:624][699]LogObj: Freed 0b from 0 cluster array pools.
[2017.06.05-13.28.05:624][699]LogExit: Object subsystem successfully closed.
[2017.06.05-13.28.05:639][699]LogD3D11RHI: Shutdown
[2017.06.05-13.28.05:639][699]LogD3D11RHI: CleanupD3DDevice
[2017.06.05-13.28.05:693][699]LogD3D11RHI: ~FD3D11DynamicRHI
[2017.06.05-13.28.05:706][699]LogModuleManager: Shutting down and abandoning module DistCurveEditor (504)
[2017.06.05-13.28.05:706][699]LogModuleManager: Shutting down and abandoning module Matinee (502)
[2017.06.05-13.28.05:706][699]LogModuleManager: Shutting down and abandoning module HierarchicalLODOutliner (500)
[2017.06.05-13.28.05:706][699]LogModuleManager: Shutting down and abandoning module CrashTracker (498)
[2017.06.05-13.28.05:706][699]LogModuleManager: Shutting down and abandoning module WorldBrowser (496)
[2017.06.05-13.28.05:706][699]LogModuleManager: Shutting down and abandoning module SceneOutliner (494)
[2017.06.05-13.28.05:706][699]LogModuleManager: Shutting down and abandoning module AddContentDialog (492)
[2017.06.05-13.28.05:706][699]LogDirectoryWatcher: A directory notification for 'C:/Program Files/Epic Games/UE_4.15/FeaturePacks/' was aborted.
[2017.06.05-13.28.05:707][699]LogModuleManager: Shutting down and abandoning module WidgetCarousel (491)
[2017.06.05-13.28.05:707][699]LogModuleManager: Shutting down and abandoning module EditorWidgets (488)
[2017.06.05-13.28.05:707][699]LogModuleManager: Shutting down and abandoning module CollectionManager (486)
[2017.06.05-13.28.05:707][699]LogDirectoryWatcher: A directory notification for 'D:/Restless/Restless/Restless/Content/Collections/' was aborted.
[2017.06.05-13.28.05:707][699]LogDirectoryWatcher: A directory notification for 'D:/Restless/Restless/Restless/Content/Developers/FabianHerzog/Collections/' was aborted.
[2017.06.05-13.28.05:707][699]LogDirectoryWatcher: A directory notification for 'D:/Restless/Restless/Restless/Saved/Collections/' was aborted.
[2017.06.05-13.28.05:707][699]LogModuleManager: Shutting down and abandoning module StatsViewer (484)
[2017.06.05-13.28.05:707][699]LogModuleManager: Shutting down and abandoning module FoliageEdit (482)
[2017.06.05-13.28.05:707][699]LogModuleManager: Shutting down and abandoning module LandscapeEditor (480)
[2017.06.05-13.28.05:707][699]LogModuleManager: Shutting down and abandoning module SceneDepthPickerMode (478)
[2017.06.05-13.28.05:707][699]LogModuleManager: Shutting down and abandoning module ActorPickerMode (476)
[2017.06.05-13.28.05:707][699]LogModuleManager: Shutting down and abandoning module GeometryMode (474)
[2017.06.05-13.28.05:707][699]LogModuleManager: Shutting down and abandoning module TextureAlignMode (472)
[2017.06.05-13.28.05:707][699]LogModuleManager: Shutting down and abandoning module BspMode (470)
[2017.06.05-13.28.05:707][699]LogModuleManager: Shutting down and abandoning module HardwareSurvey (468)
[2017.06.05-13.28.05:707][699]LogModuleManager: Shutting down and abandoning module SequenceRecorderSections (466)
[2017.06.05-13.28.05:707][699]LogModuleManager: Shutting down and abandoning module AutomationWorker (464)
[2017.06.05-13.28.05:707][699]LogModuleManager: Shutting down and abandoning module MatineeToLevelSequence (462)
[2017.06.05-13.28.05:707][699]LogModuleManager: Shutting down and abandoning module LevelSequenceEditor (460)
[2017.06.05-13.28.05:707][699]LogModuleManager: Shutting down and abandoning module PlacementMode (459)
[2017.06.05-13.28.05:707][699]LogModuleManager: Shutting down and abandoning module WmfMediaFactory (456)
[2017.06.05-13.28.05:707][699]LogModuleManager: Shutting down and abandoning module WmfMediaEditor (454)
[2017.06.05-13.28.05:707][699]LogModuleManager: Shutting down and abandoning module MfMediaFactory (452)
[2017.06.05-13.28.05:707][699]LogModuleManager: Shutting down and abandoning module MfMediaEditor (450)
[2017.06.05-13.28.05:707][699]LogModuleManager: Shutting down and abandoning module AvfMediaFactory (448)
[2017.06.05-13.28.05:707][699]LogModuleManager: Shutting down and abandoning module AvfMediaEditor (446)
[2017.06.05-13.28.05:707][699]LogModuleManager: Shutting down and abandoning module AndroidMediaFactory (444)
[2017.06.05-13.28.05:707][699]LogModuleManager: Shutting down and abandoning module Media (443)
[2017.06.05-13.28.05:707][699]LogModuleManager: Shutting down and abandoning module AndroidMediaEditor (440)
[2017.06.05-13.28.05:707][699]LogModuleManager: Shutting down and abandoning module CharacterAI (438)
[2017.06.05-13.28.05:707][699]LogModuleManager: Shutting down and abandoning module AudioCapture (436)
[2017.06.05-13.28.05:707][699]LogModuleManager: Shutting down and abandoning module SequenceRecorder (435)
[2017.06.05-13.28.05:707][699]LogModuleManager: Shutting down and abandoning module SmartSnapping (432)
[2017.06.05-13.28.05:707][699]LogModuleManager: Shutting down and abandoning module SessionServices (430)
[2017.06.05-13.28.05:707][699]LogModuleManager: Shutting down and abandoning module ViewportSnapping (428)
[2017.06.05-13.28.05:707][699]LogModuleManager: Shutting down and abandoning module ViewportInteraction (426)
[2017.06.05-13.28.05:707][699]LogModuleManager: Shutting down and abandoning module LogVisualizer (424)
[2017.06.05-13.28.05:707][699]LogModuleManager: Shutting down and abandoning module IntroTutorials (422)
[2017.06.05-13.28.05:707][699]LogModuleManager: Shutting down and abandoning module GameProjectGeneration (421)
[2017.06.05-13.28.05:707][699]LogModuleManager: Shutting down and abandoning module EditorLiveStreaming (418)
[2017.06.05-13.28.05:707][699]LogModuleManager: Shutting down and abandoning module IOSPlatformEditor (416)
[2017.06.05-13.28.05:707][699]LogModuleManager: Shutting down and abandoning module HTML5PlatformEditor (414)
[2017.06.05-13.28.05:707][699]LogModuleManager: Shutting down and abandoning module AndroidPlatformEditor (412)
[2017.06.05-13.28.05:707][699]LogModuleManager: Shutting down and abandoning module AndroidDeviceDetection (411)
[2017.06.05-13.28.06:127][699]LogModuleManager: Shutting down and abandoning module IOSRuntimeSettings (408)
[2017.06.05-13.28.06:127][699]LogModuleManager: Shutting down and abandoning module AndroidRuntimeSettings (406)
[2017.06.05-13.28.06:127][699]LogModuleManager: Shutting down and abandoning module InputBindingEditor (404)
[2017.06.05-13.28.06:127][699]LogModuleManager: Shutting down and abandoning module NiagaraEditor (402)
[2017.06.05-13.28.06:127][699]LogModuleManager: Shutting down and abandoning module MergeActors (400)
[2017.06.05-13.28.06:127][699]LogModuleManager: Shutting down and abandoning module SizeMap (398)
[2017.06.05-13.28.06:127][699]LogModuleManager: Shutting down and abandoning module TreeMap (396)
[2017.06.05-13.28.06:127][699]LogModuleManager: Shutting down and abandoning module ReferenceViewer (394)
[2017.06.05-13.28.06:127][699]LogModuleManager: Shutting down and abandoning module LocalizationDashboard (392)
[2017.06.05-13.28.06:127][699]LogModuleManager: Shutting down and abandoning module LocalizationService (391)
[2017.06.05-13.28.06:127][699]LogModuleManager: Shutting down and abandoning module HardwareTargeting (388)
[2017.06.05-13.28.06:127][699]LogModuleManager: Shutting down and abandoning module DeviceProfileEditor (386)
[2017.06.05-13.28.06:127][699]LogModuleManager: Shutting down and abandoning module UndoHistory (384)
[2017.06.05-13.28.06:127][699]LogModuleManager: Shutting down and abandoning module UserFeedback (382)
[2017.06.05-13.28.06:127][699]LogModuleManager: Shutting down and abandoning module XmlParser (380)
[2017.06.05-13.28.06:128][699]LogModuleManager: Shutting down and abandoning module Blutility (378)
[2017.06.05-13.28.06:128][699]LogModuleManager: Shutting down and abandoning module ProjectSettingsViewer (376)
[2017.06.05-13.28.06:128][699]LogModuleManager: Shutting down and abandoning module ProjectTargetPlatformEditor (375)
[2017.06.05-13.28.06:129][699]LogModuleManager: Shutting down and abandoning module EditorSettingsViewer (372)
[2017.06.05-13.28.06:129][699]LogModuleManager: Shutting down and abandoning module SettingsEditor (370)
[2017.06.05-13.28.06:129][699]LogModuleManager: Shutting down and abandoning module ProjectLauncher (368)
[2017.06.05-13.28.06:129][699]LogModuleManager: Shutting down and abandoning module SessionFrontend (366)
[2017.06.05-13.28.06:129][699]LogModuleManager: Shutting down and abandoning module ProfilerClient (364)
[2017.06.05-13.28.06:129][699]LogModuleManager: Shutting down and abandoning module DeviceManager (362)
[2017.06.05-13.28.06:129][699]LogModuleManager: Shutting down and abandoning module TargetDeviceServices (361)
[2017.06.05-13.28.06:184][699]LogModuleManager: Shutting down and abandoning module AutomationController (358)
[2017.06.05-13.28.06:184][699]LogModuleManager: Shutting down and abandoning module AutomationWindow (356)
[2017.06.05-13.28.06:184][699]LogModuleManager: Shutting down and abandoning module Layers (354)
[2017.06.05-13.28.06:184][699]LogModuleManager: Shutting down and abandoning module ComponentVisualizers (352)
[2017.06.05-13.28.06:184][699]LogModuleManager: Shutting down and abandoning module DetailCustomizations (350)
[2017.06.05-13.28.06:184][699]LogModuleManager: Shutting down and abandoning module PackagesDialog (348)
[2017.06.05-13.28.06:185][699]LogModuleManager: Shutting down and abandoning module Persona (346)
[2017.06.05-13.28.06:185][699]LogModuleManager: Shutting down and abandoning module AnimGraph (345)
[2017.06.05-13.28.06:185][699]LogModuleManager: Shutting down and abandoning module Kismet (342)
[2017.06.05-13.28.06:186][699]LogModuleManager: Shutting down and abandoning module GraphEditor (340)
[2017.06.05-13.28.06:186][699]LogModuleManager: Shutting down and abandoning module ClassViewer (338)
[2017.06.05-13.28.06:186][699]LogModuleManager: Shutting down and abandoning module Toolbox (336)
[2017.06.05-13.28.06:186][699]LogModuleManager: Shutting down and abandoning module ModuleUI (334)
[2017.06.05-13.28.06:186][699]LogModuleManager: Shutting down and abandoning module MovieSceneTools (332)
[2017.06.05-13.28.06:186][699]LogModuleManager: Shutting down and abandoning module OutputLog (330)
[2017.06.05-13.28.06:186][699]LogModuleManager: Shutting down and abandoning module GammaUI (328)
[2017.06.05-13.28.06:186][699]LogModuleManager: Shutting down and abandoning module Documentation (326)
[2017.06.05-13.28.06:186][699]LogModuleManager: Shutting down and abandoning module Niagara (324)
[2017.06.05-13.28.06:186][699]LogModuleManager: Shutting down and abandoning module StreamingPauseRendering (322)
[2017.06.05-13.28.06:186][699]LogModuleManager: Shutting down and abandoning module AnalyticsET (320)
[2017.06.05-13.28.06:186][699]LogModuleManager: Shutting down and abandoning module PortalServices (318)
[2017.06.05-13.28.06:187][699]LogModuleManager: Shutting down and abandoning module PortalRpc (316)
[2017.06.05-13.28.06:187][699]LogModuleManager: Shutting down and abandoning module MessagingRpc (314)
[2017.06.05-13.28.06:187][699]LogModuleManager: Shutting down and abandoning module AIModule (312)
[2017.06.05-13.28.06:187][699]LogModuleManager: Shutting down and abandoning module GameplayDebugger (311)
[2017.06.05-13.28.06:187][699]LogModuleManager: Shutting down and abandoning module AITestSuite (309)
[2017.06.05-13.28.06:187][699]LogModuleManager: Shutting down and abandoning module ProfilerService (306)
[2017.06.05-13.28.06:320][699]LogModuleManager: Shutting down and abandoning module TaskGraph (304)
[2017.06.05-13.28.06:320][699]LogModuleManager: Shutting down and abandoning module SteamVRController (302)
[2017.06.05-13.28.06:320][699]LogModuleManager: Shutting down and abandoning module SteamVR (300)
[2017.06.05-13.28.06:320][699]LogModuleManager: Shutting down and abandoning module ProceduralMeshComponentEditor (298)
[2017.06.05-13.28.06:320][699]LogModuleManager: Shutting down and abandoning module ProceduralMeshComponent (296)
[2017.06.05-13.28.06:320][699]LogModuleManager: Shutting down and abandoning module OculusLibrary (294)
[2017.06.05-13.28.06:320][699]LogModuleManager: Shutting down and abandoning module OculusInput (292)
[2017.06.05-13.28.06:320][699]LogModuleManager: Shutting down and abandoning module MobilePatchingUtils (290)
[2017.06.05-13.28.06:320][699]LogModuleManager: Shutting down and abandoning module CustomMeshComponent (288)
[2017.06.05-13.28.06:320][699]LogModuleManager: Shutting down and abandoning module CableComponent (286)
[2017.06.05-13.28.06:320][699]LogModuleManager: Shutting down and abandoning module ArchVisCharacter (284)
[2017.06.05-13.28.06:320][699]LogModuleManager: Shutting down and abandoning module MediaPlayerEditor (280)
[2017.06.05-13.28.06:320][699]LogModuleManager: Shutting down and abandoning module HTML5Networking (278)
[2017.06.05-13.28.06:320][699]LogModuleManager: Shutting down and abandoning module AlembicImporter (276)
[2017.06.05-13.28.06:320][699]LogModuleManager: Shutting down and abandoning module AlembicLibrary (275)
[2017.06.05-13.28.06:320][699]LogModuleManager: Shutting down and abandoning module GeometryCache (274)
[2017.06.05-13.28.06:321][699]LogModuleManager: Shutting down and abandoning module GeometryCacheEd (273)
[2017.06.05-13.28.06:321][699]LogModuleManager: Shutting down and abandoning module SuperSearchEditor (268)
[2017.06.05-13.28.06:321][699]LogModuleManager: Shutting down and abandoning module SuperSearch (267)
[2017.06.05-13.28.06:321][699]LogModuleManager: Shutting down and abandoning module SpeedTreeImporter (264)
[2017.06.05-13.28.06:321][699]LogModuleManager: Shutting down and abandoning module PluginBrowser (262)
[2017.06.05-13.28.06:321][699]LogModuleManager: Shutting down and abandoning module MobileLauncherProfileWizard (260)
[2017.06.05-13.28.06:321][699]LogModuleManager: Shutting down and abandoning module EpicSurvey (258)
[2017.06.05-13.28.06:321][699]LogModuleManager: Shutting down and abandoning module VisualStudioSourceCodeAccess (256)
[2017.06.05-13.28.06:321][699]LogModuleManager: Shutting down and abandoning module DesktopPlatform (255)
[2017.06.05-13.28.06:321][699]LogModuleManager: Shutting down and abandoning module UObjectPlugin (252)
[2017.06.05-13.28.06:321][699]LogModuleManager: Shutting down and abandoning module SubversionSourceControl (250)
[2017.06.05-13.28.06:321][699]LogModuleManager: Shutting down and abandoning module PerforceSourceControl (248)
[2017.06.05-13.28.06:321][699]LogModuleManager: Shutting down and abandoning module GitSourceControl (246)
[2017.06.05-13.28.06:321][699]LogModuleManager: Shutting down and abandoning module SourceControl (245)
[2017.06.05-13.28.06:321][699]LogModuleManager: Shutting down and abandoning module LightPropagationVolumeEditor (242)
[2017.06.05-13.28.06:321][699]LogModuleManager: Shutting down and abandoning module PaperTiledImporter (240)
[2017.06.05-13.28.06:321][699]LogModuleManager: Shutting down and abandoning module PaperSpriteSheetImporter (238)
[2017.06.05-13.28.06:321][699]LogModuleManager: Shutting down and abandoning module Paper2DEditor (236)
[2017.06.05-13.28.06:322][699]LogModuleManager: Shutting down and abandoning module MeshPaint (235)
[2017.06.05-13.28.06:322][699]LogModuleManager: Shutting down and abandoning module LevelEditor (233)
[2017.06.05-13.28.06:324][699]LogModuleManager: Shutting down and abandoning module PixelInspectorModule (232)
[2017.06.05-13.28.06:324][699]LogModuleManager: Shutting down and abandoning module MainFrame (230)
[2017.06.05-13.28.06:324][699]LogModuleManager: Shutting down and abandoning module HotReload (229)
[2017.06.05-13.28.06:325][699]LogModuleManager: Shutting down and abandoning module ContentBrowser (225)
[2017.06.05-13.28.06:330][699]LogModuleManager: Shutting down and abandoning module PhysXVehiclesEditor (222)
[2017.06.05-13.28.06:330][699]LogModuleManager: Shutting down and abandoning module PhysXVehicles (220)
[2017.06.05-13.28.06:330][699]LogModuleManager: Shutting down and abandoning module LocationServicesBPLibrary (218)
[2017.06.05-13.28.06:331][699]LogModuleManager: Shutting down and abandoning module UdpMessaging (216)
[2017.06.05-13.28.06:431][699]LogModuleManager: Shutting down and abandoning module TcpMessaging (214)
[2017.06.05-13.28.06:532][699]LogModuleManager: Shutting down and abandoning module GameplayTagsEditor (212)
[2017.06.05-13.28.06:532][699]LogModuleManager: Shutting down and abandoning module FacialAnimationEditor (210)
[2017.06.05-13.28.06:532][699]LogModuleManager: Shutting down and abandoning module FacialAnimation (208)
[2017.06.05-13.28.06:532][699]LogModuleManager: Shutting down and abandoning module LightPropagationVolumeRuntime (206)
[2017.06.05-13.28.06:532][699]LogModuleManager: Shutting down and abandoning module Paper2D (204)
[2017.06.05-13.28.06:532][699]LogModuleManager: Shutting down and abandoning module WindowsMoviePlayer (202)
[2017.06.05-13.28.06:532][699]LogModuleManager: Shutting down and abandoning module WmfMedia (200)
[2017.06.05-13.28.06:532][699]LogModuleManager: Shutting down and abandoning module MfMedia (198)
[2017.06.05-13.28.06:532][699]LogModuleManager: Shutting down and abandoning module MediaAssets (196)
[2017.06.05-13.28.06:532][699]LogModuleManager: Shutting down and abandoning module GameLiveStreaming (194)
[2017.06.05-13.28.06:532][699]LogModuleManager: Shutting down and abandoning module VREditor (192)
[2017.06.05-13.28.06:533][699]LogModuleManager: Shutting down and abandoning module GameplayTasksEditor (190)
[2017.06.05-13.28.06:533][699]LogModuleManager: Shutting down and abandoning module BehaviorTreeEditor (188)
[2017.06.05-13.28.06:533][699]LogModuleManager: Shutting down and abandoning module FunctionalTesting (186)
[2017.06.05-13.28.06:533][699]LogModuleManager: Shutting down and abandoning module CollisionAnalyzer (184)
[2017.06.05-13.28.06:533][699]LogModuleManager: Shutting down and abandoning module UMG (182)
[2017.06.05-13.28.06:533][699]LogModuleManager: Shutting down and abandoning module UMGEditor (181)
[2017.06.05-13.28.06:533][699]LogModuleManager: Shutting down and abandoning module Sequencer (180)
[2017.06.05-13.28.06:533][699]LogModuleManager: Shutting down and abandoning module AssetTools (178)
[2017.06.05-13.28.06:533][699]LogModuleManager: Shutting down and abandoning module MessageLog (177)
[2017.06.05-13.28.06:533][699]LogModuleManager: Shutting down and abandoning module WorkspaceMenuStructure (176)
[2017.06.05-13.28.06:533][699]LogModuleManager: Shutting down and abandoning module SlateReflector (170)
[2017.06.05-13.28.06:533][699]LogModuleManager: Shutting down and abandoning module Slate (168)
[2017.06.05-13.28.06:533][699]LogModuleManager: Shutting down and abandoning module EditorStyle (166)
[2017.06.05-13.28.06:541][699]LogModuleManager: Shutting down and abandoning module SourceCodeAccess (164)
[2017.06.05-13.28.06:542][699]LogModuleManager: Shutting down and abandoning module HeadMountedDisplay (162)
[2017.06.05-13.28.06:542][699]LogModuleManager: Shutting down and abandoning module XAudio2 (160)
[2017.06.05-13.28.06:542][699]LogModuleManager: Shutting down and abandoning module Networking (158)
[2017.06.05-13.28.06:542][699]LogModuleManager: Shutting down and abandoning module Core (154)
[2017.06.05-13.28.06:542][699]LogModuleManager: Shutting down and abandoning module AssetRegistry (152)
[2017.06.05-13.28.06:714][699]LogDirectoryWatcher: A directory notification for '../../../Engine/Content/' was aborted.
[2017.06.05-13.28.06:714][699]LogDirectoryWatcher: A directory notification for 'D:/Restless/Restless/Restless/Content/' was aborted.
[2017.06.05-13.28.06:714][699]LogDirectoryWatcher: A directory notification for '../../../Engine/Plugins/2D/Paper2D/Content/' was aborted.
[2017.06.05-13.28.06:715][699]LogModuleManager: Shutting down and abandoning module DirectoryWatcher (151)
[2017.06.05-13.28.06:715][699]LogModuleManager: Shutting down and abandoning module KismetCompiler (148)
[2017.06.05-13.28.06:715][699]LogModuleManager: Shutting down and abandoning module PhysXFormats (146)
[2017.06.05-13.28.06:715][699]LogModuleManager: Shutting down and abandoning module MeshUtilities (144)
[2017.06.05-13.28.06:716][699]LogModuleManager: Shutting down and abandoning module SimplygonSwarm (143)
[2017.06.05-13.28.06:716][699]LogModuleManager: Shutting down and abandoning module SimplygonMeshReduction (141)
[2017.06.05-13.28.06:716][699]LogModuleManager: Shutting down and abandoning module QuadricMeshReduction (139)
[2017.06.05-13.28.06:716][699]LogModuleManager: Shutting down and abandoning module PropertyEditor (137)
[2017.06.05-13.28.06:716][699]LogModuleManager: Shutting down and abandoning module DerivedDataCache (134)
[2017.06.05-13.28.06:742][699]LogDerivedDataCache: Shutdown
[2017.06.05-13.28.06:742][699]LogModuleManager: Shutting down and abandoning module TargetPlatform (132)
[2017.06.05-13.28.06:742][699]LogModuleManager: Shutting down and abandoning module VulkanShaderFormat (131)
[2017.06.05-13.28.06:742][699]LogModuleManager: Shutting down and abandoning module ShaderFormatOpenGL (129)
[2017.06.05-13.28.06:742][699]LogModuleManager: Shutting down and abandoning module ShaderFormatD3D (127)
[2017.06.05-13.28.06:742][699]LogModuleManager: Shutting down and abandoning module MetalShaderFormat (125)
[2017.06.05-13.28.06:742][699]LogModuleManager: Shutting down and abandoning module TextureFormatUncompressed (123)
[2017.06.05-13.28.06:742][699]LogModuleManager: Shutting down and abandoning module TextureFormatPVR (121)
[2017.06.05-13.28.06:742][699]LogModuleManager: Shutting down and abandoning module TextureFormatDXT (119)
[2017.06.05-13.28.06:742][699]LogModuleManager: Shutting down and abandoning module TextureFormatIntelISPCTexComp (117)
[2017.06.05-13.28.06:742][699]LogModuleManager: Shutting down and abandoning module TextureFormatASTC (115)
[2017.06.05-13.28.06:742][699]LogModuleManager: Shutting down and abandoning module ImageWrapper (114)
[2017.06.05-13.28.06:742][699]LogModuleManager: Shutting down and abandoning module TextureFormatAndroid (111)
[2017.06.05-13.28.06:742][699]LogModuleManager: Shutting down and abandoning module AudioFormatOpus (109)
[2017.06.05-13.28.06:742][699]LogModuleManager: Shutting down and abandoning module AudioFormatOgg (107)
[2017.06.05-13.28.06:742][699]LogModuleManager: Shutting down and abandoning module AudioFormatADPCM (105)
[2017.06.05-13.28.06:742][699]LogModuleManager: Shutting down and abandoning module LinuxTargetPlatform (103)
[2017.06.05-13.28.06:742][699]LogModuleManager: Shutting down and abandoning module LinuxServerTargetPlatform (101)
[2017.06.05-13.28.06:742][699]LogModuleManager: Shutting down and abandoning module LinuxNoEditorTargetPlatform (99)
[2017.06.05-13.28.06:742][699]LogModuleManager: Shutting down and abandoning module LinuxClientTargetPlatform (97)
[2017.06.05-13.28.06:742][699]LogModuleManager: Shutting down and abandoning module TVOSTargetPlatform (95)
[2017.06.05-13.28.06:742][699]LogModuleManager: Shutting down and abandoning module Messaging (93)
[2017.06.05-13.28.06:742][699]LogModuleManager: Shutting down and abandoning module IOSTargetPlatform (91)
[2017.06.05-13.28.06:742][699]LogModuleManager: Shutting down and abandoning module HTML5TargetPlatform (89)
[2017.06.05-13.28.06:742][699]LogModuleManager: Shutting down and abandoning module Android_PVRTCTargetPlatform (87)
[2017.06.05-13.28.06:742][699]LogModuleManager: Shutting down and abandoning module Android_MultiTargetPlatform (85)
[2017.06.05-13.28.06:742][699]LogModuleManager: Shutting down and abandoning module Android_ETC2TargetPlatform (83)
[2017.06.05-13.28.06:742][699]LogModuleManager: Shutting down and abandoning module Android_ETC1TargetPlatform (81)
[2017.06.05-13.28.06:742][699]LogModuleManager: Shutting down and abandoning module Android_DXTTargetPlatform (79)
[2017.06.05-13.28.06:742][699]LogModuleManager: Shutting down and abandoning module Android_ATCTargetPlatform (77)
[2017.06.05-13.28.06:742][699]LogModuleManager: Shutting down and abandoning module Android_ASTCTargetPlatform (75)
[2017.06.05-13.28.06:742][699]LogModuleManager: Shutting down and abandoning module AndroidTargetPlatform (73)
[2017.06.05-13.28.06:742][699]LogModuleManager: Shutting down and abandoning module WindowsTargetPlatform (71)
[2017.06.05-13.28.06:742][699]LogModuleManager: Shutting down and abandoning module WindowsServerTargetPlatform (69)
[2017.06.05-13.28.06:742][699]LogModuleManager: Shutting down and abandoning module WindowsNoEditorTargetPlatform (67)
[2017.06.05-13.28.06:742][699]LogModuleManager: Shutting down and abandoning module WindowsClientTargetPlatform (65)
[2017.06.05-13.28.06:742][699]LogModuleManager: Shutting down and abandoning module MacTargetPlatform (63)
[2017.06.05-13.28.06:742][699]LogModuleManager: Shutting down and abandoning module MacServerTargetPlatform (61)
[2017.06.05-13.28.06:742][699]LogModuleManager: Shutting down and abandoning module MacNoEditorTargetPlatform (59)
[2017.06.05-13.28.06:743][699]LogModuleManager: Shutting down and abandoning module MacClientTargetPlatform (57)
[2017.06.05-13.28.06:743][699]LogModuleManager: Shutting down and abandoning module AllDesktopTargetPlatform (55)
[2017.06.05-13.28.06:743][699]LogModuleManager: Shutting down and abandoning module InputCore (52)
[2017.06.05-13.28.06:743][699]LogModuleManager: Shutting down and abandoning module Settings (50)
[2017.06.05-13.28.06:743][699]LogModuleManager: Shutting down and abandoning module OculusRift (48)
[2017.06.05-13.28.06:743][699]LogModuleManager: Shutting down and abandoning module GearVR (46)
[2017.06.05-13.28.06:743][699]LogModuleManager: Shutting down and abandoning module ExampleDeviceProfileSelector (44)
[2017.06.05-13.28.06:743][699]LogModuleManager: Shutting down and abandoning module OnlineBlueprintSupport (42)
[2017.06.05-13.28.06:743][699]LogModuleManager: Shutting down and abandoning module OnlineSubsystem (38)
[2017.06.05-13.28.06:743][699]LogOnline:Display: Unloading online subsystem: NULL
[2017.06.05-13.28.06:743][699]LogModuleManager: Shutting down and abandoning module XMPP (37)
[2017.06.05-13.28.06:743][699]LogModuleManager: Shutting down and abandoning module HTTP (35)
[2017.06.05-13.28.06:743][699]LogHttp:Display: Http module shutting down, but needs to wait on 1 outstanding Http requests:
[2017.06.05-13.28.06:743][699]LogHttp:Display: 	verb=[POST] url=[https://datarouter.ol.epicgames.com/datarouter/api/v1/public/data?SessionID=%7BA5650B84-473B-3C70-86A8-E2A858E9A377%7D&AppID=UEEditor.Rocket.Release&AppVersion=4.15.2-3416026%2B%2B%2BUE4%2BRelease-4.15&UserID=051e73c649ef7f7ed3a281adc26f88e3%7Cb40de3f5dd644fddb0f4544d8f806ca2%7C827e0421-0152-46d9-82bc-c506fa749be3&AppEnvironment=datacollector-binary&UploadType=eteventstream] status=Processing
[2017.06.05-13.28.06:767][699]LogModuleManager: Shutting down and abandoning module SSL (34)
[2017.06.05-13.28.06:772][699]LogModuleManager: Shutting down and abandoning module AudioEditor (30)
[2017.06.05-13.28.06:772][699]LogModuleManager: Shutting down and abandoning module TextureCompressor (28)
[2017.06.05-13.28.06:772][699]LogModuleManager: Shutting down and abandoning module ShaderCore (26)
[2017.06.05-13.28.06:772][699]LogModuleManager: Shutting down and abandoning module Landscape (24)
[2017.06.05-13.28.06:772][699]LogModuleManager: Shutting down and abandoning module SlateRHIRenderer (22)
[2017.06.05-13.28.06:775][699]LogModuleManager: Shutting down and abandoning module OpenGLDrv (20)
[2017.06.05-13.28.06:775][699]LogModuleManager: Shutting down and abandoning module D3D11RHI (18)
[2017.06.05-13.28.06:775][699]LogModuleManager: Shutting down and abandoning module AnimGraphRuntime (16)
[2017.06.05-13.28.06:776][699]LogModuleManager: Shutting down and abandoning module Renderer (14)
[2017.06.05-13.28.06:776][699]LogModuleManager: Shutting down and abandoning module Engine (12)
[2017.06.05-13.28.06:776][699]LogModuleManager: Shutting down and abandoning module CoreUObject (10)
[2017.06.05-13.28.06:776][699]LogModuleManager: Shutting down and abandoning module NetworkFile (8)
[2017.06.05-13.28.06:776][699]LogModuleManager: Shutting down and abandoning module StreamingFile (6)
[2017.06.05-13.28.06:776][699]LogModuleManager: Shutting down and abandoning module SandboxFile (4)
[2017.06.05-13.28.06:776][699]LogModuleManager: Shutting down and abandoning module PakFile (2)
[2017.06.05-13.28.06:782][699]LogExit: Exiting.
[2017.06.05-13.28.06:786][699]Log file closed, 06/05/17 15:28:06
